  2019.282    -0.213     0.190     0.100     0.100
  2019.285     0.214    -0.199     0.100     0.100
  2019.288     0.075    -0.073     0.100     0.100
  2019.290     0.015    -0.018     0.100     0.100
  2019.293     0.055    -0.054     0.100     0.100
  2019.296    -0.222     0.197     0.100     0.100
  2019.298     0.383    -0.353     0.100     0.100
  2019.301     0.204    -0.190     0.100     0.100
  2019.304     0.308    -0.285     0.100     0.100
  2019.307    -0.029     0.022     0.100     0.100
  2019.309    -0.134     0.118     0.100     0.100
  2019.312     0.095    -0.091     0.100     0.100
  2019.315     0.014    -0.017     0.100     0.100
  2019.318     0.270    -0.250     0.100     0.100
  2019.320     0.457    -0.420     0.100     0.100
  2019.323    -0.000    -0.004     0.100     0.100
  2019.326    -0.176     0.156     0.100     0.100
  2019.329     0.031    -0.033     0.100     0.100
  2019.331     0.133    -0.125     0.100     0.100
  2019.334     0.267    -0.247     0.100     0.100
  2019.337     0.528    -0.485     0.100     0.100
  2019.340     0.006    -0.010     0.100     0.100
  2019.342     0.593    -0.544     0.100     0.100
  2019.345     0.488    -0.448     0.100     0.100
  2019.348     0.158    -0.148     0.100     0.100
  2019.350     0.213    -0.198     0.100     0.100
  2019.353     0.058    -0.057     0.100     0.100
  2019.356     0.055    -0.054     0.100     0.100
  2019.359     0.349    -0.322     0.100     0.100
  2019.361    -0.320     0.286     0.100     0.100
  2019.364    -0.173     0.153     0.100     0.100
  2019.367    -0.158     0.140     0.100     0.100
  2019.370     0.535    -0.491     0.100     0.100
  2019.372     0.431    -0.397     0.100     0.100
  2019.375    -0.108     0.094     0.100     0.100
  2019.378     0.174    -0.163     0.100     0.100
  2019.381    -0.029     0.022     0.100     0.100
  2019.383     0.024    -0.026     0.100     0.100
  2019.386     0.239    -0.222     0.100     0.100
  2019.389    -0.192     0.170     0.100     0.100
  2019.392    -0.015     0.009     0.100     0.100
  2019.394     0.223    -0.207     0.100     0.100
  2019.397     0.313    -0.289     0.100     0.100
  2019.400     0.081    -0.078     0.100     0.100
  2019.403     0.099    -0.094     0.100     0.100
  2019.405     0.044    -0.045     0.100     0.100
  2019.408     0.258    -0.239     0.100     0.100
  2019.411    -0.140     0.123     0.100     0.100
  2019.413     0.241    -0.223     0.100     0.100
  2019.416    -0.197     0.175     0.100     0.100
  2019.419    -0.188     0.166     0.100     0.100
  2019.422    -0.736     0.665     0.100     0.100
  2019.424     0.113    -0.107     0.100     0.100
  2019.427     0.339    -0.312     0.100     0.100
  2019.430     0.071    -0.069     0.100     0.100
  2019.433     0.761    -0.697     0.100     0.100
  2019.435     0.286    -0.265     0.100     0.100
  2019.438    -0.305     0.273     0.100     0.100
  2019.441     0.036    -0.037     0.100     0.100
  2019.444     0.153    -0.143     0.100     0.100
  2019.446    -0.059     0.049     0.100     0.100
  2019.449     0.948    -0.867     0.100     0.100
  2019.452     0.162    -0.152     0.100     0.100
  2019.455     0.031    -0.032     0.100     0.100
  2019.457     0.152    -0.142     0.100     0.100
  2019.460    -0.014     0.008     0.100     0.100
  2019.463     0.034    -0.035     0.100     0.100
  2019.465     0.216    -0.201     0.100     0.100
  2019.468     0.159    -0.149     0.100     0.100
  2019.471    -0.313     0.281     0.100     0.100
  2019.474    -0.068     0.058     0.100     0.100
  2019.476    -0.246     0.219     0.100     0.100
  2019.479     0.233    -0.216     0.100     0.100
  2019.482     0.159    -0.149     0.100     0.100
  2019.485     0.063    -0.061     0.100     0.100
  2019.487     0.153    -0.144     0.100     0.100
  2019.490     0.064    -0.062     0.100     0.100
  2019.493    -0.010     0.005     0.100     0.100
  2019.496     0.064    -0.063     0.100     0.100
  2019.498     0.038    -0.039     0.100     0.100
  2019.501    -0.214     0.190     0.100     0.100
  2019.504     0.309    -0.285     0.100     0.100
  2019.507    -0.014     0.008     0.100     0.100
  2019.509     0.146    -0.137     0.100     0.100
  2019.512     0.114    -0.108     0.100     0.100
  2019.515     0.026    -0.028     0.100     0.100
  2019.518     0.163    -0.153     0.100     0.100
  2019.520    -0.106     0.092     0.100     0.100
  2019.523     0.060    -0.059     0.100     0.100
  2019.526     0.106    -0.101     0.100     0.100
  2019.528     0.152    -0.143     0.100     0.100
  2019.531     0.185    -0.172     0.100     0.100
  2019.534     0.024    -0.026     0.100     0.100
  2019.537     0.285    -0.264     0.100     0.100
  2019.539    -0.004    -0.001     0.100     0.100
  2019.542    -0.128     0.112     0.100     0.100
  2019.545     0.147    -0.138     0.100     0.100
  2019.548    -0.117     0.102     0.100     0.100
  2019.550     0.335    -0.309     0.100     0.100
  2019.553     0.200    -0.186     0.100     0.100
  2019.556     0.093    -0.089     0.100     0.100
  2019.559     0.207    -0.192     0.100     0.100
  2019.561     0.082    -0.079     0.100     0.100
  2019.564     0.074    -0.072     0.100     0.100
  2019.567     0.091    -0.087     0.100     0.100
  2019.570     0.267    -0.247     0.100     0.100
  2019.572    -0.092     0.079     0.100     0.100
  2019.575     0.395    -0.364     0.100     0.100
  2019.578     0.353    -0.325     0.100     0.100
  2019.580     0.516    -0.474     0.100     0.100
  2019.583     0.113    -0.107     0.100     0.100
  2019.586    -0.077     0.065     0.100     0.100
  2019.589     0.307    -0.283     0.100     0.100
  2019.591     0.099    -0.094     0.100     0.100
  2019.594     0.113    -0.107     0.100     0.100
  2019.597    -0.283     0.253     0.100     0.100
  2019.600     0.189    -0.176     0.100     0.100
  2019.602    -0.289     0.259     0.100     0.100
  2019.605     0.135    -0.128     0.100     0.100
  2019.608     0.530    -0.486     0.100     0.100
  2019.611     0.417    -0.384     0.100     0.100
  2019.613    -0.154     0.136     0.100     0.100
  2019.616    -0.259     0.231     0.100     0.100
  2019.619    -0.072     0.062     0.100     0.100
  2019.622    -0.181     0.160     0.100     0.100
  2019.624     0.096    -0.091     0.100     0.100
  2019.627     0.121    -0.115     0.100     0.100
  2019.630     0.015    -0.018     0.100     0.100
  2019.632    -0.062     0.052     0.100     0.100
  2019.635    -0.212     0.188     0.100     0.100
  2019.638     0.367    -0.338     0.100     0.100
  2019.641     0.013    -0.017     0.100     0.100
  2019.643     0.265    -0.246     0.100     0.100
  2019.646     0.006    -0.010     0.100     0.100
  2019.649     0.141    -0.133     0.100     0.100
  2019.652     0.219    -0.203     0.100     0.100
  2019.654     0.004    -0.008     0.100     0.100
  2019.657     0.058    -0.058     0.100     0.100
  2019.660     0.088    -0.084     0.100     0.100
  2019.663     0.173    -0.162     0.100     0.100
  2019.665     0.351    -0.323     0.100     0.100
  2019.668    -0.065     0.054     0.100     0.100
  2019.671     0.479    -0.441     0.100     0.100
  2019.674     0.177    -0.165     0.100     0.100
  2019.676     0.587    -0.539     0.100     0.100
  2019.679     0.296    -0.274     0.100     0.100
  2019.682     0.331    -0.305     0.100     0.100
  2019.685     0.552    -0.507     0.100     0.100
  2019.687     0.235    -0.218     0.100     0.100
  2019.690     0.213    -0.198     0.100     0.100
  2019.693     0.238    -0.221     0.100     0.100
  2019.695     0.043    -0.044     0.100     0.100
  2019.698    -0.155     0.137     0.100     0.100
  2019.701     0.388    -0.358     0.100     0.100
  2019.704    -0.080     0.068     0.100     0.100
  2019.706     0.326    -0.301     0.100     0.100
  2019.709     0.338    -0.312     0.100     0.100
  2019.712     0.105    -0.100     0.100     0.100
  2019.715    -0.037     0.030     0.100     0.100
  2019.717     0.199    -0.185     0.100     0.100
  2019.720     0.391    -0.360     0.100     0.100
  2019.723     0.352    -0.325     0.100     0.100
  2019.726     0.317    -0.293     0.100     0.100
  2019.728     0.483    -0.444     0.100     0.100
  2019.731     0.519    -0.476     0.100     0.100
  2019.734     0.371    -0.342     0.100     0.100
  2019.737    -0.144     0.127     0.100     0.100
  2019.739     0.054    -0.054     0.100     0.100
  2019.742     0.118    -0.112     0.100     0.100
  2019.745     0.430    -0.395     0.100     0.100
  2019.747     0.235    -0.218     0.100     0.100
  2019.750     0.104    -0.099     0.100     0.100
  2019.753     0.228    -0.212     0.100     0.100
  2019.756     0.154    -0.145     0.100     0.100
  2019.758    -0.120     0.105     0.100     0.100
  2019.761    -0.252     0.225     0.100     0.100
  2019.764     0.222    -0.207     0.100     0.100
  2019.767     0.210    -0.195     0.100     0.100
  2019.769     0.307    -0.284     0.100     0.100
  2019.772     0.188    -0.175     0.100     0.100
  2019.775    -0.122     0.107     0.100     0.100
  2019.778     0.265    -0.245     0.100     0.100
  2019.780     0.018    -0.021     0.100     0.100
  2019.783    -0.051     0.042     0.100     0.100
  2019.786     0.000    -0.005     0.100     0.100
  2019.789     0.340    -0.314     0.100     0.100
  2019.791    -0.122     0.107     0.100     0.100
  2019.794    -0.466     0.420     0.100     0.100
  2019.797    -0.343     0.308     0.100     0.100
  2019.800    -0.211     0.188     0.100     0.100
  2019.802    -0.056     0.046     0.100     0.100
  2019.805    -0.052     0.043     0.100     0.100
  2019.808    -0.275     0.246     0.100     0.100
  2019.810    -0.108     0.094     0.100     0.100
  2019.813     0.027    -0.029     0.100     0.100
  2019.816    -0.682     0.616     0.100     0.100
  2019.819     0.488    -0.449     0.100     0.100
  2019.821     0.277    -0.257     0.100     0.100
  2019.824     0.138    -0.130     0.100     0.100
  2019.827     0.274    -0.254     0.100     0.100
  2019.830    -0.144     0.127     0.100     0.100
  2019.832     0.337    -0.311     0.100     0.100
  2019.835     0.276    -0.256     0.100     0.100
  2019.838     0.161    -0.150     0.100     0.100
  2019.841    -0.207     0.184     0.100     0.100
  2019.843     0.069    -0.067     0.100     0.100
  2019.846     0.117    -0.111     0.100     0.100
  2019.849    -0.129     0.113     0.100     0.100
  2019.852     0.118    -0.112     0.100     0.100
  2019.854    -0.048     0.039     0.100     0.100
  2019.857    -0.147     0.130     0.100     0.100
  2019.860     0.089    -0.085     0.100     0.100
  2019.862     0.328    -0.302     0.100     0.100
  2019.865     0.321    -0.296     0.100     0.100
  2019.868     0.024    -0.026     0.100     0.100
  2019.871     0.204    -0.190     0.100     0.100
  2019.873    -0.052     0.043     0.100     0.100
  2019.876     0.031    -0.032     0.100     0.100
  2019.879    -0.151     0.133     0.100     0.100
  2019.882     0.199    -0.185     0.100     0.100
  2019.884    -0.405     0.364     0.100     0.100
  2019.887     0.021    -0.024     0.100     0.100
  2019.890    -0.292     0.261     0.100     0.100
  2019.893    -0.073     0.062     0.100     0.100
  2019.895    -0.051     0.042     0.100     0.100
  2019.898    -0.058     0.048     0.100     0.100
  2019.901    -0.025     0.018     0.100     0.100
  2019.904    -0.449     0.404     0.100     0.100
  2019.906    -0.152     0.134     0.100     0.100
  2019.909    -0.044     0.035     0.100     0.100
  2019.912    -0.068     0.058     0.100     0.100
  2019.914     0.113    -0.107     0.100     0.100
  2019.917     0.154    -0.144     0.100     0.100
  2019.920    -0.368     0.331     0.100     0.100
  2019.923    -0.448     0.403     0.100     0.100
  2019.925     0.002    -0.006     0.100     0.100
  2019.928     0.142    -0.134     0.100     0.100
  2019.931     0.066    -0.064     0.100     0.100
  2019.934     0.163    -0.153     0.100     0.100
  2019.936     0.190    -0.177     0.100     0.100
  2019.939     0.085    -0.081     0.100     0.100
  2019.942     0.257    -0.238     0.100     0.100
  2019.945     0.256    -0.237     0.100     0.100
  2019.947     0.248    -0.230     0.100     0.100
  2019.950    -0.072     0.061     0.100     0.100
  2019.953     0.482    -0.443     0.100     0.100
  2019.956     0.439    -0.404     0.100     0.100
  2019.958     0.444    -0.408     0.100     0.100
  2019.961    -0.162     0.143     0.100     0.100
  2019.964    -0.217     0.193     0.100     0.100
  2019.967    -0.076     0.064     0.100     0.100
  2019.969     0.181    -0.169     0.100     0.100
  2019.972     0.073    -0.071     0.100     0.100
  2019.975     0.098    -0.093     0.100     0.100
  2019.977     0.109    -0.104     0.100     0.100
  2019.980     0.129    -0.122     0.100     0.100
  2019.983    -0.210     0.187     0.100     0.100
  2019.986    -0.297     0.266     0.100     0.100
  2019.988     0.219    -0.203     0.100     0.100
  2019.991     0.180    -0.169     0.100     0.100
  2019.994    -0.237     0.212     0.100     0.100
  2019.997    -0.342     0.307     0.100     0.100
  2019.999    -0.434     0.390     0.100     0.100
  2020.003     0.040    -0.041     0.100     0.100
  2020.006    -0.291     0.260     0.100     0.100
  2020.008     0.945    -0.864     0.100     0.100
  2020.011     0.512    -0.470     0.100     0.100
  2020.014     0.019    -0.022     0.100     0.100
  2020.016    -0.100     0.086     0.100     0.100
  2020.019     0.134    -0.127     0.100     0.100
  2020.022     0.288    -0.266     0.100     0.100
  2020.025     0.511    -0.469     0.100     0.100
  2020.027     0.064    -0.063     0.100     0.100
  2020.030    -0.340     0.305     0.100     0.100
  2020.033    -0.406     0.365     0.100     0.100
  2020.036     0.018    -0.021     0.100     0.100
  2020.038    -0.004    -0.001     0.100     0.100
  2020.041    -0.586     0.529     0.100     0.100
  2020.044    -0.089     0.077     0.100     0.100
  2020.047    -0.309     0.277     0.100     0.100
  2020.049    -0.557     0.502     0.100     0.100
  2020.052     0.314    -0.290     0.100     0.100
  2020.055     0.122    -0.115     0.100     0.100
  2020.058     0.220    -0.204     0.100     0.100
  2020.060     0.216    -0.201     0.100     0.100
  2020.063    -0.024     0.017     0.100     0.100
  2020.066    -0.158     0.139     0.100     0.100
  2020.068    -0.059     0.049     0.100     0.100
  2020.071    -0.141     0.124     0.100     0.100
  2020.074    -0.234     0.209     0.100     0.100
  2020.077    -0.148     0.130     0.100     0.100
  2020.079    -0.072     0.061     0.100     0.100
  2020.082    -0.016     0.010     0.100     0.100
  2020.085     0.072    -0.070     0.100     0.100
  2020.088     0.378    -0.348     0.100     0.100
  2020.090    -0.095     0.082     0.100     0.100
  2020.093    -0.154     0.136     0.100     0.100
  2020.096    -0.519     0.468     0.100     0.100
  2020.099    -0.051     0.042     0.100     0.100
  2020.101    -0.312     0.279     0.100     0.100
  2020.104    -0.557     0.503     0.100     0.100
  2020.107     0.182    -0.170     0.100     0.100
  2020.110    -0.175     0.155     0.100     0.100
  2020.112    -0.321     0.288     0.100     0.100
  2020.115    -0.120     0.105     0.100     0.100
  2020.118    -0.092     0.079     0.100     0.100
  2020.121    -0.203     0.180     0.100     0.100
  2020.123    -0.261     0.233     0.100     0.100
  2020.126    -0.148     0.130     0.100     0.100
  2020.129    -0.296     0.265     0.100     0.100
  2020.131     0.017    -0.020     0.100     0.100
  2020.134     0.571    -0.524     0.100     0.100
  2020.137     0.026    -0.028     0.100     0.100
  2020.140     0.273    -0.253     0.100     0.100
  2020.142    -0.242     0.216     0.100     0.100
  2020.145    -0.401     0.360     0.100     0.100
  2020.148     0.084    -0.081     0.100     0.100
  2020.151    -0.127     0.111     0.100     0.100
  2020.153    -0.026     0.019     0.100     0.100
  2020.156     0.639    -0.586     0.100     0.100
  2020.159    -0.126     0.110     0.100     0.100
  2020.162    -0.108     0.094     0.100     0.100
  2020.164    -0.051     0.042     0.100     0.100
  2020.167    -0.227     0.203     0.100     0.100
  2020.170     0.178    -0.166     0.100     0.100
  2020.173     0.064    -0.063     0.100     0.100
  2020.175    -0.079     0.068     0.100     0.100
  2020.178    -0.429     0.386     0.100     0.100
  2020.181    -0.042     0.034     0.100     0.100
  2020.183    -0.155     0.136     0.100     0.100
  2020.186     0.422    -0.388     0.100     0.100
  2020.189    -0.207     0.184     0.100     0.100
  2020.192    -0.506     0.456     0.100     0.100
  2020.194    -0.430     0.387     0.100     0.100
  2020.197    -0.114     0.099     0.100     0.100
  2020.200    -0.332     0.298     0.100     0.100
  2020.203    -0.342     0.307     0.100     0.100
  2020.205    -0.154     0.136     0.100     0.100
  2020.208     0.250    -0.232     0.100     0.100
  2020.211     0.382    -0.352     0.100     0.100
  2020.214     0.276    -0.256     0.100     0.100
  2020.216    -0.181     0.161     0.100     0.100
  2020.219     0.138    -0.130     0.100     0.100
  2020.222     0.119    -0.113     0.100     0.100
  2020.225    -0.437     0.393     0.100     0.100
  2020.227    -0.544     0.491     0.100     0.100
  2020.230    -0.350     0.314     0.100     0.100
  2020.233    -0.016     0.011     0.100     0.100
  2020.236    -0.423     0.381     0.100     0.100
  2020.238    -0.495     0.446     0.100     0.100
  2020.241    -0.081     0.070     0.100     0.100
  2020.244    -0.405     0.364     0.100     0.100
  2020.246    -0.097     0.084     0.100     0.100
  2020.249     0.053    -0.052     0.100     0.100
  2020.252    -0.568     0.513     0.100     0.100
  2020.255    -0.121     0.105     0.100     0.100
  2020.257    -0.463     0.416     0.100     0.100
  2020.260    -0.211     0.187     0.100     0.100
  2020.263     0.349    -0.322     0.100     0.100
  2020.266    -0.108     0.094     0.100     0.100
  2020.268     0.195    -0.182     0.100     0.100
  2020.271    -0.510     0.459     0.100     0.100
  2020.274     0.104    -0.099     0.100     0.100
  2020.277    -0.496     0.447     0.100     0.100
  2020.279    -0.564     0.509     0.100     0.100
  2020.282    -0.107     0.093     0.100     0.100
  2020.285    -0.138     0.121     0.100     0.100
  2020.288    -0.183     0.162     0.100     0.100
  2020.290     0.082    -0.079     0.100     0.100
  2020.293    -0.096     0.083     0.100     0.100
  2020.296    -0.648     0.585     0.100     0.100
  2020.298    -0.415     0.373     0.100     0.100
  2020.301    -0.267     0.239     0.100     0.100
  2020.304    -0.001    -0.004     0.100     0.100
  2020.307    -0.034     0.026     0.100     0.100
  2020.309     0.229    -0.212     0.100     0.100
  2020.312    -0.151     0.133     0.100     0.100
  2020.315    -0.094     0.081     0.100     0.100
  2020.318    -0.380     0.342     0.100     0.100
  2020.320    -0.395     0.355     0.100     0.100
  2020.323    -0.276     0.247     0.100     0.100
  2020.326    -0.332     0.298     0.100     0.100
  2020.329    -0.054     0.045     0.100     0.100
  2020.331    -0.748     0.676     0.100     0.100
  2020.334    -0.466     0.420     0.100     0.100
  2020.337    -0.106     0.092     0.100     0.100
  2020.340    -0.599     0.541     0.100     0.100
  2020.342    -0.379     0.340     0.100     0.100
  2020.345    -0.422     0.380     0.100     0.100
  2020.348    -0.146     0.128     0.100     0.100
  2020.350    -0.203     0.180     0.100     0.100
  2020.353    -0.191     0.170     0.100     0.100
  2020.356    -0.383     0.344     0.100     0.100
  2020.359    -0.108     0.094     0.100     0.100
  2020.361    -0.219     0.195     0.100     0.100
  2020.364    -0.356     0.319     0.100     0.100
  2020.367    -0.231     0.206     0.100     0.100
  2020.370    -0.279     0.249     0.100     0.100
  2020.372    -0.073     0.062     0.100     0.100
  2020.375    -0.228     0.203     0.100     0.100
  2020.378    -0.431     0.387     0.100     0.100
  2020.381    -0.851     0.770     0.100     0.100
  2020.383    -0.154     0.136     0.100     0.100
  2020.386    -0.018     0.012     0.100     0.100
  2020.389    -0.814     0.736     0.100     0.100
  2020.392    -0.132     0.115     0.100     0.100
  2020.394    -0.699     0.631     0.100     0.100
  2020.397    -0.750     0.678     0.100     0.100
  2020.400    -0.857     0.775     0.100     0.100
  2020.403    -0.899     0.814     0.100     0.100
  2020.405    -0.777     0.702     0.100     0.100
  2020.408    -0.805     0.728     0.100     0.100
  2020.411    -0.813     0.736     0.100     0.100
  2020.413    -0.782     0.707     0.100     0.100
  2020.416    -0.592     0.534     0.100     0.100
  2020.419    -0.561     0.506     0.100     0.100
  2020.422    -0.698     0.631     0.100     0.100
  2020.424    -0.318     0.285     0.100     0.100
  2020.427    -0.592     0.534     0.100     0.100
  2020.430    -0.096     0.083     0.100     0.100
  2020.433    -0.357     0.320     0.100     0.100
  2020.435    -0.282     0.252     0.100     0.100
  2020.438    -0.553     0.499     0.100     0.100
  2020.441    -0.652     0.589     0.100     0.100
  2020.444    -0.504     0.454     0.100     0.100
  2020.446    -0.546     0.493     0.100     0.100
  2020.449    -0.275     0.246     0.100     0.100
  2020.452    -0.872     0.789     0.100     0.100
  2020.455    -0.456     0.410     0.100     0.100
  2020.457    -0.513     0.462     0.100     0.100
  2020.460    -0.264     0.236     0.100     0.100
  2020.463    -0.365     0.328     0.100     0.100
  2020.465    -0.481     0.433     0.100     0.100
  2020.468    -0.852     0.770     0.100     0.100
  2020.471    -0.566     0.510     0.100     0.100
  2020.474    -0.273     0.244     0.100     0.100
  2020.476    -0.443     0.399     0.100     0.100
  2020.479    -0.390     0.351     0.100     0.100
  2020.482    -0.873     0.790     0.100     0.100
  2020.485    -0.473     0.426     0.100     0.100
  2020.487    -0.441     0.397     0.100     0.100
  2020.490    -0.211     0.188     0.100     0.100
  2020.493    -0.352     0.316     0.100     0.100
  2020.496    -0.415     0.374     0.100     0.100
  2020.498    -0.340     0.305     0.100     0.100
  2020.501    -0.410     0.368     0.100     0.100
  2020.504    -0.135     0.118     0.100     0.100
  2020.507    -0.300     0.269     0.100     0.100
  2020.509    -0.295     0.264     0.100     0.100
  2020.512    -0.449     0.404     0.100     0.100
  2020.515    -0.368     0.331     0.100     0.100
  2020.518    -0.485     0.437     0.100     0.100
  2020.520    -0.246     0.219     0.100     0.100
  2020.523    -0.166     0.147     0.100     0.100
  2020.526    -0.461     0.415     0.100     0.100
  2020.528     0.020    -0.023     0.100     0.100
  2020.531    -0.438     0.394     0.100     0.100
  2020.534    -0.167     0.147     0.100     0.100
  2020.537     0.038    -0.039     0.100     0.100
  2020.539    -0.070     0.059     0.100     0.100
  2020.542    -0.308     0.276     0.100     0.100
  2020.545    -0.185     0.164     0.100     0.100
  2020.548    -0.273     0.244     0.100     0.100
  2020.550     0.001    -0.006     0.100     0.100
  2020.553    -0.234     0.208     0.100     0.100
  2020.556    -0.302     0.271     0.100     0.100
  2020.559    -0.320     0.287     0.100     0.100
  2020.561    -0.040     0.032     0.100     0.100
  2020.564    -0.068     0.057     0.100     0.100
  2020.567    -0.145     0.127     0.100     0.100
  2020.570    -0.561     0.506     0.100     0.100
  2020.572     0.054    -0.053     0.100     0.100
  2020.575    -0.173     0.153     0.100     0.100
  2020.578    -0.229     0.204     0.100     0.100
  2020.580    -0.188     0.166     0.100     0.100
  2020.583    -0.275     0.246     0.100     0.100
  2020.586    -0.041     0.033     0.100     0.100
  2020.589     0.010    -0.014     0.100     0.100
  2020.591    -0.153     0.135     0.100     0.100
  2020.594    -0.092     0.080     0.100     0.100
  2020.597    -0.140     0.123     0.100     0.100
  2020.600    -0.179     0.159     0.100     0.100
  2020.602     0.297    -0.275     0.100     0.100
  2020.605    -0.128     0.112     0.100     0.100
  2020.608     0.100    -0.095     0.100     0.100
  2020.611     0.158    -0.148     0.100     0.100
  2020.613     0.020    -0.022     0.100     0.100
  2020.616     0.135    -0.127     0.100     0.100
  2020.619     0.191    -0.178     0.100     0.100
  2020.622     0.013    -0.017     0.100     0.100
  2020.624     0.280    -0.259     0.100     0.100
  2020.627    -0.030     0.023     0.100     0.100
  2020.630     0.282    -0.261     0.100     0.100
  2020.632     0.051    -0.051     0.100     0.100
  2020.635     0.028    -0.030     0.100     0.100
  2020.638    -0.293     0.262     0.100     0.100
  2020.641     0.165    -0.155     0.100     0.100
  2020.643    -0.106     0.092     0.100     0.100
  2020.646     0.110    -0.104     0.100     0.100
  2020.649     0.169    -0.158     0.100     0.100
  2020.652     0.087    -0.084     0.100     0.100
  2020.654     0.010    -0.014     0.100     0.100
  2020.657    -0.044     0.036     0.100     0.100
  2020.660    -0.291     0.260     0.100     0.100
  2020.663    -0.096     0.083     0.100     0.100
  2020.665     0.093    -0.089     0.100     0.100
  2020.668     0.054    -0.053     0.100     0.100
  2020.671    -0.157     0.138     0.100     0.100
  2020.674    -0.100     0.087     0.100     0.100
  2020.676     0.095    -0.091     0.100     0.100
  2020.679    -0.402     0.361     0.100     0.100
  2020.682    -0.062     0.052     0.100     0.100
  2020.685     0.084    -0.081     0.100     0.100
  2020.687     0.018    -0.021     0.100     0.100
  2020.690     0.191    -0.178     0.100     0.100
  2020.693    -0.214     0.190     0.100     0.100
  2020.695     0.056    -0.055     0.100     0.100
  2020.698     0.058    -0.057     0.100     0.100
  2020.701     0.107    -0.102     0.100     0.100
  2020.704     0.381    -0.351     0.100     0.100
  2020.706     0.458    -0.421     0.100     0.100
  2020.709     0.122    -0.116     0.100     0.100
  2020.712     0.241    -0.224     0.100     0.100
  2020.715     0.318    -0.293     0.100     0.100
  2020.717     0.280    -0.259     0.100     0.100
  2020.720    -0.016     0.010     0.100     0.100
  2020.723     0.636    -0.583     0.100     0.100
  2020.726     0.554    -0.509     0.100     0.100
  2020.728     0.230    -0.213     0.100     0.100
  2020.731     0.629    -0.577     0.100     0.100
  2020.734     0.499    -0.458     0.100     0.100
  2020.737     0.321    -0.297     0.100     0.100
  2020.739     0.185    -0.172     0.100     0.100
  2020.742     0.459    -0.422     0.100     0.100
  2020.745     0.186    -0.174     0.100     0.100
  2020.747    -0.061     0.051     0.100     0.100
  2020.750    -0.009     0.003     0.100     0.100
  2020.753     0.181    -0.169     0.100     0.100
  2020.756    -0.040     0.032     0.100     0.100
  2020.758     0.001    -0.006     0.100     0.100
  2020.761     0.365    -0.336     0.100     0.100
  2020.764     0.874    -0.800     0.100     0.100
  2020.767     0.560    -0.514     0.100     0.100
  2020.769     0.827    -0.757     0.100     0.100
  2020.772     0.435    -0.400     0.100     0.100
  2020.775     0.952    -0.870     0.100     0.100
  2020.778     0.805    -0.737     0.100     0.100
  2020.780     0.019    -0.021     0.100     0.100
  2020.783     0.147    -0.138     0.100     0.100
  2020.786     0.589    -0.540     0.100     0.100
  2020.789     0.052    -0.051     0.100     0.100
  2020.791     0.102    -0.097     0.100     0.100
  2020.794    -0.045     0.037     0.100     0.100
  2020.797    -0.019     0.013     0.100     0.100
  2020.800     0.057    -0.056     0.100     0.100
  2020.802     0.474    -0.436     0.100     0.100
  2020.805     0.019    -0.022     0.100     0.100
  2020.808     0.198    -0.185     0.100     0.100
  2020.810    -0.005     0.000     0.100     0.100
  2020.813    -0.230     0.205     0.100     0.100
  2020.816    -0.125     0.109     0.100     0.100
  2020.819    -0.170     0.150     0.100     0.100
  2020.821     0.035    -0.037     0.100     0.100
  2020.824    -0.028     0.021     0.100     0.100
  2020.827    -0.142     0.125     0.100     0.100
  2020.830     0.144    -0.135     0.100     0.100
  2020.832    -0.130     0.114     0.100     0.100
  2020.835     0.285    -0.264     0.100     0.100
  2020.838     0.073    -0.071     0.100     0.100
  2020.841    -0.083     0.071     0.100     0.100
  2020.843     0.136    -0.129     0.100     0.100
  2020.846     0.099    -0.094     0.100     0.100
  2020.849    -0.476     0.429     0.100     0.100
  2020.852    -0.195     0.173     0.100     0.100
  2020.854    -0.433     0.390     0.100     0.100
  2020.857    -0.045     0.036     0.100     0.100
  2020.860    -0.075     0.064     0.100     0.100
  2020.862    -0.052     0.043     0.100     0.100
  2020.865    -0.057     0.047     0.100     0.100
  2020.868    -0.110     0.096     0.100     0.100
  2020.871     0.128    -0.121     0.100     0.100
  2020.873     0.169    -0.158     0.100     0.100
  2020.876     0.186    -0.174     0.100     0.100
  2020.879    -0.010     0.004     0.100     0.100
  2020.882    -0.525     0.473     0.100     0.100
  2020.884    -0.540     0.487     0.100     0.100
  2020.887    -0.140     0.123     0.100     0.100
  2020.890     0.045    -0.045     0.100     0.100
  2020.893     0.463    -0.426     0.100     0.100
  2020.895     0.340    -0.314     0.100     0.100
  2020.898    -0.013     0.008     0.100     0.100
  2020.901     0.236    -0.219     0.100     0.100
  2020.904     0.232    -0.215     0.100     0.100
  2020.906     0.022    -0.025     0.100     0.100
  2020.909     0.307    -0.284     0.100     0.100
  2020.912     0.163    -0.152     0.100     0.100
  2020.914    -0.079     0.067     0.100     0.100
  2020.917    -0.339     0.304     0.100     0.100
  2020.920     0.150    -0.141     0.100     0.100
  2020.923     0.222    -0.206     0.100     0.100
  2020.925    -0.105     0.092     0.100     0.100
  2020.928     0.117    -0.110     0.100     0.100
  2020.931    -0.088     0.076     0.100     0.100
  2020.934     0.115    -0.109     0.100     0.100
  2020.936     0.275    -0.254     0.100     0.100
  2020.939     0.011    -0.014     0.100     0.100
  2020.942     0.139    -0.131     0.100     0.100
  2020.945     0.652    -0.597     0.100     0.100
  2020.947     0.058    -0.058     0.100     0.100
  2020.950     0.727    -0.666     0.100     0.100
  2020.953     0.499    -0.458     0.100     0.100
  2020.956    -0.043     0.035     0.100     0.100
  2020.958    -0.178     0.158     0.100     0.100
  2020.961    -0.006     0.001     0.100     0.100
  2020.964    -0.380     0.341     0.100     0.100
  2020.967     0.511    -0.469     0.100     0.100
  2020.969     0.113    -0.108     0.100     0.100
  2020.972     0.162    -0.152     0.100     0.100
  2020.975     0.080    -0.077     0.100     0.100
  2020.977    -0.041     0.033     0.100     0.100
  2020.980     0.050    -0.050     0.100     0.100
  2020.983    -0.180     0.159     0.100     0.100
  2020.986     0.685    -0.628     0.100     0.100
  2020.988    -0.067     0.057     0.100     0.100
  2020.991    -0.101     0.088     0.100     0.100
  2020.994    -0.265     0.236     0.100     0.100
  2020.997     0.088    -0.084     0.100     0.100
  2020.999    -0.451     0.406     0.100     0.100
  2021.002    -0.098     0.085     0.100     0.100
  2021.005    -0.093     0.081     0.100     0.100
  2021.008     0.138    -0.130     0.100     0.100
  2021.010    -0.169     0.150     0.100     0.100
  2021.013    -0.304     0.272     0.100     0.100
  2021.016     0.215    -0.200     0.100     0.100
  2021.019     0.340    -0.314     0.100     0.100
  2021.021    -0.028     0.021     0.100     0.100
  2021.024     0.002    -0.006     0.100     0.100
  2021.027     0.315    -0.291     0.100     0.100
  2021.030     0.421    -0.388     0.100     0.100
  2021.032     0.343    -0.317     0.100     0.100
  2021.035     0.309    -0.285     0.100     0.100
  2021.038     0.164    -0.154     0.100     0.100
  2021.040     0.118    -0.112     0.100     0.100
  2021.043     0.059    -0.058     0.100     0.100
  2021.046     0.089    -0.085     0.100     0.100
  2021.049     0.429    -0.394     0.100     0.100
  2021.051     0.502    -0.461     0.100     0.100
  2021.054     0.453    -0.416     0.100     0.100
  2021.057     0.181    -0.169     0.100     0.100
  2021.060     0.038    -0.039     0.100     0.100
  2021.062    -0.020     0.014     0.100     0.100
  2021.065     0.201    -0.187     0.100     0.100
  2021.068    -0.086     0.074     0.100     0.100
  2021.071     0.476    -0.437     0.100     0.100
  2021.073     0.165    -0.154     0.100     0.100
  2021.076     0.184    -0.172     0.100     0.100
  2021.079     0.239    -0.222     0.100     0.100
  2021.082     0.495    -0.455     0.100     0.100
  2021.084     0.527    -0.484     0.100     0.100
  2021.087     0.152    -0.143     0.100     0.100
  2021.090    -0.150     0.133     0.100     0.100
  2021.093    -0.231     0.206     0.100     0.100
  2021.095    -0.249     0.222     0.100     0.100
  2021.098     0.008    -0.012     0.100     0.100
  2021.101     0.120    -0.114     0.100     0.100
  2021.103    -0.196     0.174     0.100     0.100
  2021.106     0.181    -0.169     0.100     0.100
  2021.109     0.209    -0.195     0.100     0.100
  2021.112     0.102    -0.097     0.100     0.100
  2021.114     0.139    -0.131     0.100     0.100
  2021.117     0.152    -0.142     0.100     0.100
  2021.120     0.277    -0.256     0.100     0.100
  2021.123     0.302    -0.279     0.100     0.100
  2021.125     0.150    -0.141     0.100     0.100
  2021.128    -0.067     0.056     0.100     0.100
  2021.131     0.128    -0.121     0.100     0.100
  2021.134     0.305    -0.282     0.100     0.100
  2021.136     0.267    -0.247     0.100     0.100
  2021.139     0.376    -0.347     0.100     0.100
  2021.142     0.179    -0.167     0.100     0.100
  2021.145     0.195    -0.182     0.100     0.100
  2021.147     0.095    -0.090     0.100     0.100
  2021.150     0.330    -0.305     0.100     0.100
  2021.153     0.269    -0.249     0.100     0.100
  2021.156     0.311    -0.287     0.100     0.100
  2021.158     0.337    -0.311     0.100     0.100
  2021.161     0.275    -0.254     0.100     0.100
  2021.164     0.335    -0.309     0.100     0.100
  2021.166     0.673    -0.617     0.100     0.100
  2021.169     0.570    -0.523     0.100     0.100
  2021.172     0.572    -0.525     0.100     0.100
  2021.175     0.400    -0.368     0.100     0.100
  2021.177     0.144    -0.136     0.100     0.100
  2021.180     0.614    -0.563     0.100     0.100
  2021.183     0.556    -0.510     0.100     0.100
  2021.186     0.492    -0.452     0.100     0.100
  2021.188     0.476    -0.438     0.100     0.100
  2021.191     0.383    -0.353     0.100     0.100
  2021.194     0.244    -0.226     0.100     0.100
  2021.197     0.143    -0.134     0.100     0.100
  2021.199     0.292    -0.270     0.100     0.100
  2021.202     0.017    -0.020     0.100     0.100
  2021.205     0.067    -0.066     0.100     0.100
  2021.208     0.291    -0.269     0.100     0.100
  2021.210    -0.065     0.055     0.100     0.100
  2021.213     0.227    -0.211     0.100     0.100
  2021.216     0.196    -0.183     0.100     0.100
  2021.219    -0.051     0.042     0.100     0.100
  2021.221    -0.057     0.047     0.100     0.100
  2021.224     0.077    -0.074     0.100     0.100
  2021.227     0.161    -0.151     0.100     0.100
  2021.230     0.029    -0.031     0.100     0.100
  2021.232    -0.154     0.136     0.100     0.100
  2021.235    -0.007     0.002     0.100     0.100
  2021.238     0.157    -0.148     0.100     0.100
  2021.240    -0.009     0.004     0.100     0.100
  2021.243     0.248    -0.230     0.100     0.100
  2021.246     0.265    -0.245     0.100     0.100
  2021.249     0.153    -0.144     0.100     0.100
  2021.251    -0.034     0.026     0.100     0.100
  2021.254     0.034    -0.036     0.100     0.100
  2021.257    -0.200     0.177     0.100     0.100
  2021.260    -0.224     0.199     0.100     0.100
  2021.262    -0.188     0.167     0.100     0.100
  2021.265     0.109    -0.103     0.100     0.100
  2021.268     0.161    -0.151     0.100     0.100
  2021.271     0.323    -0.298     0.100     0.100
  2021.273     0.044    -0.044     0.100     0.100
  2021.276     0.024    -0.026     0.100     0.100
  2021.279    -0.056     0.047     0.100     0.100
  2021.282     0.398    -0.367     0.100     0.100
  2021.284     0.399    -0.367     0.100     0.100
  2021.287     0.256    -0.237     0.100     0.100
  2021.290    -0.133     0.117     0.100     0.100
  2021.293    -0.230     0.205     0.100     0.100
  2021.295    -0.385     0.346     0.100     0.100
  2021.298     0.016    -0.019     0.100     0.100
  2021.301     0.076    -0.073     0.100     0.100
  2021.303    -0.292     0.261     0.100     0.100
  2021.306    -0.188     0.167     0.100     0.100
  2021.309     0.742    -0.680     0.100     0.100
  2021.312     0.245    -0.228     0.100     0.100
  2021.314     0.024    -0.026     0.100     0.100
  2021.317    -0.055     0.046     0.100     0.100
  2021.320     0.141    -0.133     0.100     0.100
  2021.323    -0.289     0.258     0.100     0.100
  2021.325    -0.279     0.249     0.100     0.100
  2021.328    -0.364     0.327     0.100     0.100
  2021.331     0.074    -0.072     0.100     0.100
  2021.334    -0.080     0.068     0.100     0.100
  2021.336     0.058    -0.057     0.100     0.100
  2021.339    -0.031     0.024     0.100     0.100
  2021.342    -0.274     0.244     0.100     0.100
  2021.345    -0.228     0.203     0.100     0.100
  2021.347    -0.039     0.031     0.100     0.100
  2021.350    -0.206     0.183     0.100     0.100
  2021.353    -0.150     0.132     0.100     0.100
  2021.356    -0.163     0.144     0.100     0.100
  2021.358    -0.146     0.129     0.100     0.100
  2021.361    -0.298     0.267     0.100     0.100
  2021.364    -0.274     0.245     0.100     0.100
  2021.366    -0.241     0.215     0.100     0.100
  2021.369    -1.072     0.971     0.100     0.100
  2021.372     0.121    -0.115     0.100     0.100
  2021.375     0.221    -0.206     0.100     0.100
  2021.377     0.046    -0.046     0.100     0.100
  2021.380     0.047    -0.047     0.100     0.100
  2021.383    -0.040     0.032     0.100     0.100
