  2019.282     0.387     0.083     0.100     0.100
  2019.285    -0.389    -0.079     0.100     0.100
  2019.288    -0.137    -0.026     0.100     0.100
  2019.290    -0.027    -0.003     0.100     0.100
  2019.293    -0.099    -0.018     0.100     0.100
  2019.296     0.402     0.086     0.100     0.100
  2019.298    -0.696    -0.143     0.100     0.100
  2019.301    -0.371    -0.075     0.100     0.100
  2019.304    -0.560    -0.114     0.100     0.100
  2019.307     0.052     0.013     0.100     0.100
  2019.309     0.243     0.053     0.100     0.100
  2019.312    -0.173    -0.034     0.100     0.100
  2019.315    -0.026    -0.003     0.100     0.100
  2019.318    -0.490    -0.100     0.100     0.100
  2019.320    -0.830    -0.171     0.100     0.100
  2019.323    -0.000     0.003     0.100     0.100
  2019.326     0.319     0.069     0.100     0.100
  2019.329    -0.057    -0.009     0.100     0.100
  2019.331    -0.241    -0.048     0.100     0.100
  2019.334    -0.485    -0.099     0.100     0.100
  2019.337    -0.959    -0.198     0.100     0.100
  2019.340    -0.011     0.000     0.100     0.100
  2019.342    -1.078    -0.223     0.100     0.100
  2019.345    -0.886    -0.182     0.100     0.100
  2019.348    -0.288    -0.058     0.100     0.100
  2019.350    -0.387    -0.078     0.100     0.100
  2019.353    -0.105    -0.019     0.100     0.100
  2019.356    -0.099    -0.018     0.100     0.100
  2019.359    -0.635    -0.130     0.100     0.100
  2019.361     0.580     0.124     0.100     0.100
  2019.364     0.315     0.068     0.100     0.100
  2019.367     0.287     0.062     0.100     0.100
  2019.370    -0.972    -0.200     0.100     0.100
  2019.372    -0.784    -0.161     0.100     0.100
  2019.375     0.196     0.043     0.100     0.100
  2019.378    -0.316    -0.063     0.100     0.100
  2019.381     0.053     0.014     0.100     0.100
  2019.383    -0.044    -0.007     0.100     0.100
  2019.386    -0.435    -0.088     0.100     0.100
  2019.389     0.348     0.075     0.100     0.100
  2019.392     0.026     0.008     0.100     0.100
  2019.394    -0.405    -0.082     0.100     0.100
  2019.397    -0.568    -0.116     0.100     0.100
  2019.400    -0.148    -0.028     0.100     0.100
  2019.403    -0.180    -0.035     0.100     0.100
  2019.405    -0.081    -0.014     0.100     0.100
  2019.408    -0.469    -0.095     0.100     0.100
  2019.411     0.254     0.056     0.100     0.100
  2019.413    -0.437    -0.089     0.100     0.100
  2019.416     0.357     0.077     0.100     0.100
  2019.419     0.341     0.074     0.100     0.100
  2019.422     1.336     0.281     0.100     0.100
  2019.424    -0.205    -0.040     0.100     0.100
  2019.427    -0.615    -0.126     0.100     0.100
  2019.430    -0.129    -0.024     0.100     0.100
  2019.433    -1.382    -0.286     0.100     0.100
  2019.435    -0.520    -0.106     0.100     0.100
  2019.438     0.553     0.118     0.100     0.100
  2019.441    -0.065    -0.011     0.100     0.100
  2019.444    -0.277    -0.055     0.100     0.100
  2019.446     0.106     0.025     0.100     0.100
  2019.449    -1.721    -0.357     0.100     0.100
  2019.452    -0.295    -0.059     0.100     0.100
  2019.455    -0.056    -0.009     0.100     0.100
  2019.457    -0.275    -0.055     0.100     0.100
  2019.460     0.024     0.008     0.100     0.100
  2019.463    -0.062    -0.010     0.100     0.100
  2019.465    -0.393    -0.079     0.100     0.100
  2019.468    -0.288    -0.058     0.100     0.100
  2019.471     0.568     0.121     0.100     0.100
  2019.474     0.123     0.028     0.100     0.100
  2019.476     0.446     0.096     0.100     0.100
  2019.479    -0.424    -0.086     0.100     0.100
  2019.482    -0.290    -0.058     0.100     0.100
  2019.485    -0.114    -0.021     0.100     0.100
  2019.487    -0.279    -0.056     0.100     0.100
  2019.490    -0.116    -0.022     0.100     0.100
  2019.493     0.018     0.006     0.100     0.100
  2019.496    -0.117    -0.022     0.100     0.100
  2019.498    -0.069    -0.012     0.100     0.100
  2019.501     0.388     0.084     0.100     0.100
  2019.504    -0.561    -0.114     0.100     0.100
  2019.507     0.025     0.008     0.100     0.100
  2019.509    -0.265    -0.053     0.100     0.100
  2019.512    -0.207    -0.041     0.100     0.100
  2019.515    -0.047    -0.007     0.100     0.100
  2019.518    -0.297    -0.059     0.100     0.100
  2019.520     0.193     0.043     0.100     0.100
  2019.523    -0.109    -0.020     0.100     0.100
  2019.526    -0.193    -0.038     0.100     0.100
  2019.528    -0.277    -0.055     0.100     0.100
  2019.531    -0.336    -0.068     0.100     0.100
  2019.534    -0.043    -0.007     0.100     0.100
  2019.537    -0.518    -0.106     0.100     0.100
  2019.539     0.006     0.004     0.100     0.100
  2019.542     0.232     0.051     0.100     0.100
  2019.545    -0.268    -0.053     0.100     0.100
  2019.548     0.212     0.047     0.100     0.100
  2019.550    -0.609    -0.125     0.100     0.100
  2019.553    -0.363    -0.073     0.100     0.100
  2019.556    -0.170    -0.033     0.100     0.100
  2019.559    -0.376    -0.076     0.100     0.100
  2019.561    -0.149    -0.029     0.100     0.100
  2019.564    -0.135    -0.026     0.100     0.100
  2019.567    -0.166    -0.032     0.100     0.100
  2019.570    -0.485    -0.099     0.100     0.100
  2019.572     0.167     0.037     0.100     0.100
  2019.575    -0.717    -0.147     0.100     0.100
  2019.578    -0.641    -0.131     0.100     0.100
  2019.580    -0.938    -0.193     0.100     0.100
  2019.583    -0.205    -0.040     0.100     0.100
  2019.586     0.139     0.032     0.100     0.100
  2019.589    -0.557    -0.114     0.100     0.100
  2019.591    -0.179    -0.035     0.100     0.100
  2019.594    -0.205    -0.040     0.100     0.100
  2019.597     0.514     0.110     0.100     0.100
  2019.600    -0.344    -0.069     0.100     0.100
  2019.602     0.525     0.112     0.100     0.100
  2019.605    -0.246    -0.049     0.100     0.100
  2019.608    -0.962    -0.198     0.100     0.100
  2019.611    -0.758    -0.156     0.100     0.100
  2019.613     0.280     0.061     0.100     0.100
  2019.616     0.470     0.101     0.100     0.100
  2019.619     0.131     0.030     0.100     0.100
  2019.622     0.328     0.071     0.100     0.100
  2019.624    -0.174    -0.034     0.100     0.100
  2019.627    -0.221    -0.044     0.100     0.100
  2019.630    -0.027    -0.003     0.100     0.100
  2019.632     0.111     0.026     0.100     0.100
  2019.635     0.384     0.083     0.100     0.100
  2019.638    -0.666    -0.137     0.100     0.100
  2019.641    -0.025    -0.003     0.100     0.100
  2019.643    -0.482    -0.098     0.100     0.100
  2019.646    -0.012     0.000     0.100     0.100
  2019.649    -0.256    -0.051     0.100     0.100
  2019.652    -0.398    -0.080     0.100     0.100
  2019.654    -0.007     0.001     0.100     0.100
  2019.657    -0.106    -0.020     0.100     0.100
  2019.660    -0.160    -0.031     0.100     0.100
  2019.663    -0.314    -0.063     0.100     0.100
  2019.665    -0.637    -0.130     0.100     0.100
  2019.668     0.117     0.027     0.100     0.100
  2019.671    -0.871    -0.179     0.100     0.100
  2019.674    -0.322    -0.065     0.100     0.100
  2019.676    -1.067    -0.220     0.100     0.100
  2019.679    -0.538    -0.110     0.100     0.100
  2019.682    -0.601    -0.123     0.100     0.100
  2019.685    -1.003    -0.207     0.100     0.100
  2019.687    -0.426    -0.086     0.100     0.100
  2019.690    -0.386    -0.078     0.100     0.100
  2019.693    -0.433    -0.088     0.100     0.100
  2019.695    -0.079    -0.014     0.100     0.100
  2019.698     0.281     0.061     0.100     0.100
  2019.701    -0.705    -0.145     0.100     0.100
  2019.704     0.145     0.033     0.100     0.100
  2019.706    -0.592    -0.121     0.100     0.100
  2019.709    -0.613    -0.126     0.100     0.100
  2019.712    -0.191    -0.037     0.100     0.100
  2019.715     0.068     0.017     0.100     0.100
  2019.717    -0.361    -0.073     0.100     0.100
  2019.720    -0.710    -0.146     0.100     0.100
  2019.723    -0.640    -0.131     0.100     0.100
  2019.726    -0.576    -0.118     0.100     0.100
  2019.728    -0.878    -0.181     0.100     0.100
  2019.731    -0.942    -0.194     0.100     0.100
  2019.734    -0.675    -0.138     0.100     0.100
  2019.737     0.261     0.057     0.100     0.100
  2019.739    -0.099    -0.018     0.100     0.100
  2019.742    -0.214    -0.042     0.100     0.100
  2019.745    -0.781    -0.161     0.100     0.100
  2019.747    -0.427    -0.087     0.100     0.100
  2019.750    -0.189    -0.037     0.100     0.100
  2019.753    -0.414    -0.084     0.100     0.100
  2019.756    -0.280    -0.056     0.100     0.100
  2019.758     0.218     0.048     0.100     0.100
  2019.761     0.458     0.098     0.100     0.100
  2019.764    -0.404    -0.082     0.100     0.100
  2019.767    -0.382    -0.077     0.100     0.100
  2019.769    -0.558    -0.114     0.100     0.100
  2019.772    -0.342    -0.069     0.100     0.100
  2019.775     0.221     0.049     0.100     0.100
  2019.778    -0.481    -0.098     0.100     0.100
  2019.780    -0.033    -0.004     0.100     0.100
  2019.783     0.092     0.022     0.100     0.100
  2019.786    -0.001     0.002     0.100     0.100
  2019.789    -0.618    -0.127     0.100     0.100
  2019.791     0.221     0.049     0.100     0.100
  2019.794     0.847     0.179     0.100     0.100
  2019.797     0.623     0.133     0.100     0.100
  2019.800     0.383     0.083     0.100     0.100
  2019.802     0.100     0.024     0.100     0.100
  2019.805     0.094     0.022     0.100     0.100
  2019.808     0.499     0.107     0.100     0.100
  2019.810     0.195     0.043     0.100     0.100
  2019.813    -0.049    -0.008     0.100     0.100
  2019.816     1.238     0.261     0.100     0.100
  2019.819    -0.887    -0.183     0.100     0.100
  2019.821    -0.504    -0.103     0.100     0.100
  2019.824    -0.250    -0.050     0.100     0.100
  2019.827    -0.498    -0.101     0.100     0.100
  2019.830     0.261     0.057     0.100     0.100
  2019.832    -0.613    -0.125     0.100     0.100
  2019.835    -0.502    -0.102     0.100     0.100
  2019.838    -0.292    -0.058     0.100     0.100
  2019.841     0.375     0.081     0.100     0.100
  2019.843    -0.125    -0.024     0.100     0.100
  2019.846    -0.213    -0.042     0.100     0.100
  2019.849     0.234     0.052     0.100     0.100
  2019.852    -0.214    -0.042     0.100     0.100
  2019.854     0.087     0.021     0.100     0.100
  2019.857     0.267     0.058     0.100     0.100
  2019.860    -0.162    -0.031     0.100     0.100
  2019.862    -0.595    -0.122     0.100     0.100
  2019.865    -0.583    -0.119     0.100     0.100
  2019.868    -0.044    -0.007     0.100     0.100
  2019.871    -0.372    -0.075     0.100     0.100
  2019.873     0.095     0.022     0.100     0.100
  2019.876    -0.056    -0.009     0.100     0.100
  2019.879     0.275     0.060     0.100     0.100
  2019.882    -0.361    -0.073     0.100     0.100
  2019.884     0.735     0.156     0.100     0.100
  2019.887    -0.039    -0.005     0.100     0.100
  2019.890     0.529     0.113     0.100     0.100
  2019.893     0.132     0.030     0.100     0.100
  2019.895     0.093     0.022     0.100     0.100
  2019.898     0.104     0.024     0.100     0.100
  2019.901     0.044     0.012     0.100     0.100
  2019.904     0.815     0.173     0.100     0.100
  2019.906     0.275     0.060     0.100     0.100
  2019.909     0.079     0.019     0.100     0.100
  2019.912     0.123     0.028     0.100     0.100
  2019.914    -0.205    -0.040     0.100     0.100
  2019.917    -0.279    -0.056     0.100     0.100
  2019.920     0.668     0.142     0.100     0.100
  2019.923     0.813     0.172     0.100     0.100
  2019.925    -0.004     0.002     0.100     0.100
  2019.928    -0.259    -0.052     0.100     0.100
  2019.931    -0.120    -0.023     0.100     0.100
  2019.934    -0.296    -0.059     0.100     0.100
  2019.936    -0.345    -0.070     0.100     0.100
  2019.939    -0.154    -0.030     0.100     0.100
  2019.942    -0.467    -0.095     0.100     0.100
  2019.945    -0.465    -0.095     0.100     0.100
  2019.947    -0.451    -0.092     0.100     0.100
  2019.950     0.130     0.030     0.100     0.100
  2019.953    -0.876    -0.180     0.100     0.100
  2019.956    -0.797    -0.164     0.100     0.100
  2019.958    -0.806    -0.166     0.100     0.100
  2019.961     0.293     0.064     0.100     0.100
  2019.964     0.394     0.085     0.100     0.100
  2019.967     0.137     0.031     0.100     0.100
  2019.969    -0.329    -0.066     0.100     0.100
  2019.972    -0.133    -0.025     0.100     0.100
  2019.975    -0.177    -0.035     0.100     0.100
  2019.977    -0.199    -0.039     0.100     0.100
  2019.980    -0.235    -0.046     0.100     0.100
  2019.983     0.381     0.082     0.100     0.100
  2019.986     0.539     0.115     0.100     0.100
  2019.988    -0.398    -0.080     0.100     0.100
  2019.991    -0.328    -0.066     0.100     0.100
  2019.994     0.431     0.092     0.100     0.100
  2019.997     0.621     0.132     0.100     0.100
  2019.999     0.788     0.167     0.100     0.100
  2020.003    -0.073    -0.013     0.100     0.100
  2020.006     0.527     0.113     0.100     0.100
  2020.008    -1.716    -0.356     0.100     0.100
  2020.011    -0.930    -0.192     0.100     0.100
  2020.014    -0.035    -0.005     0.100     0.100
  2020.016     0.181     0.040     0.100     0.100
  2020.019    -0.244    -0.048     0.100     0.100
  2020.022    -0.523    -0.107     0.100     0.100
  2020.025    -0.928    -0.191     0.100     0.100
  2020.027    -0.117    -0.022     0.100     0.100
  2020.030     0.617     0.131     0.100     0.100
  2020.033     0.738     0.157     0.100     0.100
  2020.036    -0.033    -0.004     0.100     0.100
  2020.038     0.007     0.004     0.100     0.100
  2020.041     1.064     0.225     0.100     0.100
  2020.044     0.162     0.036     0.100     0.100
  2020.047     0.561     0.120     0.100     0.100
  2020.049     1.011     0.214     0.100     0.100
  2020.052    -0.571    -0.117     0.100     0.100
  2020.055    -0.222    -0.044     0.100     0.100
  2020.058    -0.399    -0.081     0.100     0.100
  2020.060    -0.392    -0.079     0.100     0.100
  2020.063     0.042     0.011     0.100     0.100
  2020.066     0.286     0.062     0.100     0.100
  2020.068     0.107     0.025     0.100     0.100
  2020.071     0.255     0.056     0.100     0.100
  2020.074     0.425     0.091     0.100     0.100
  2020.077     0.268     0.058     0.100     0.100
  2020.079     0.130     0.030     0.100     0.100
  2020.082     0.029     0.009     0.100     0.100
  2020.085    -0.132    -0.025     0.100     0.100
  2020.088    -0.686    -0.141     0.100     0.100
  2020.090     0.173     0.039     0.100     0.100
  2020.093     0.280     0.061     0.100     0.100
  2020.096     0.943     0.199     0.100     0.100
  2020.099     0.092     0.022     0.100     0.100
  2020.101     0.566     0.121     0.100     0.100
  2020.104     1.012     0.214     0.100     0.100
  2020.107    -0.330    -0.066     0.100     0.100
  2020.110     0.318     0.069     0.100     0.100
  2020.112     0.582     0.124     0.100     0.100
  2020.115     0.218     0.048     0.100     0.100
  2020.118     0.167     0.037     0.100     0.100
  2020.121     0.368     0.079     0.100     0.100
  2020.123     0.474     0.101     0.100     0.100
  2020.126     0.268     0.058     0.100     0.100
  2020.129     0.538     0.115     0.100     0.100
  2020.131    -0.031    -0.004     0.100     0.100
  2020.134    -1.037    -0.214     0.100     0.100
  2020.137    -0.047    -0.007     0.100     0.100
  2020.140    -0.497    -0.101     0.100     0.100
  2020.142     0.439     0.094     0.100     0.100
  2020.145     0.727     0.154     0.100     0.100
  2020.148    -0.154    -0.030     0.100     0.100
  2020.151     0.230     0.050     0.100     0.100
  2020.153     0.047     0.012     0.100     0.100
  2020.156    -1.160    -0.240     0.100     0.100
  2020.159     0.229     0.050     0.100     0.100
  2020.162     0.195     0.043     0.100     0.100
  2020.164     0.092     0.022     0.100     0.100
  2020.167     0.413     0.089     0.100     0.100
  2020.170    -0.323    -0.065     0.100     0.100
  2020.173    -0.117    -0.022     0.100     0.100
  2020.175     0.143     0.032     0.100     0.100
  2020.178     0.778     0.165     0.100     0.100
  2020.181     0.077     0.019     0.100     0.100
  2020.183     0.280     0.061     0.100     0.100
  2020.186    -0.767    -0.158     0.100     0.100
  2020.189     0.376     0.081     0.100     0.100
  2020.192     0.919     0.194     0.100     0.100
  2020.194     0.781     0.166     0.100     0.100
  2020.197     0.207     0.046     0.100     0.100
  2020.200     0.603     0.128     0.100     0.100
  2020.203     0.621     0.132     0.100     0.100
  2020.205     0.279     0.061     0.100     0.100
  2020.208    -0.454    -0.092     0.100     0.100
  2020.211    -0.695    -0.142     0.100     0.100
  2020.214    -0.502    -0.102     0.100     0.100
  2020.216     0.329     0.071     0.100     0.100
  2020.219    -0.251    -0.050     0.100     0.100
  2020.222    -0.217    -0.043     0.100     0.100
  2020.225     0.794     0.168     0.100     0.100
  2020.227     0.988     0.209     0.100     0.100
  2020.230     0.635     0.135     0.100     0.100
  2020.233     0.030     0.009     0.100     0.100
  2020.236     0.768     0.163     0.100     0.100
  2020.238     0.898     0.190     0.100     0.100
  2020.241     0.147     0.033     0.100     0.100
  2020.244     0.735     0.156     0.100     0.100
  2020.246     0.177     0.039     0.100     0.100
  2020.249    -0.096    -0.018     0.100     0.100
  2020.252     1.031     0.218     0.100     0.100
  2020.255     0.219     0.048     0.100     0.100
  2020.257     0.840     0.178     0.100     0.100
  2020.260     0.382     0.082     0.100     0.100
  2020.263    -0.633    -0.130     0.100     0.100
  2020.266     0.196     0.043     0.100     0.100
  2020.268    -0.355    -0.072     0.100     0.100
  2020.271     0.925     0.196     0.100     0.100
  2020.274    -0.189    -0.037     0.100     0.100
  2020.277     0.901     0.191     0.100     0.100
  2020.279     1.024     0.216     0.100     0.100
  2020.282     0.193     0.043     0.100     0.100
  2020.285     0.249     0.055     0.100     0.100
  2020.288     0.331     0.072     0.100     0.100
  2020.290    -0.150    -0.029     0.100     0.100
  2020.293     0.174     0.039     0.100     0.100
  2020.296     1.176     0.248     0.100     0.100
  2020.298     0.753     0.160     0.100     0.100
  2020.301     0.485     0.104     0.100     0.100
  2020.304     0.001     0.003     0.100     0.100
  2020.307     0.061     0.015     0.100     0.100
  2020.309    -0.415    -0.084     0.100     0.100
  2020.312     0.273     0.060     0.100     0.100
  2020.315     0.170     0.038     0.100     0.100
  2020.318     0.690     0.147     0.100     0.100
  2020.320     0.716     0.152     0.100     0.100
  2020.323     0.501     0.107     0.100     0.100
  2020.326     0.603     0.128     0.100     0.100
  2020.329     0.098     0.023     0.100     0.100
  2020.331     1.358     0.286     0.100     0.100
  2020.334     0.846     0.179     0.100     0.100
  2020.337     0.192     0.043     0.100     0.100
  2020.340     1.087     0.230     0.100     0.100
  2020.342     0.688     0.146     0.100     0.100
  2020.345     0.767     0.163     0.100     0.100
  2020.348     0.264     0.058     0.100     0.100
  2020.350     0.368     0.079     0.100     0.100
  2020.353     0.347     0.075     0.100     0.100
  2020.356     0.695     0.148     0.100     0.100
  2020.359     0.196     0.043     0.100     0.100
  2020.361     0.397     0.085     0.100     0.100
  2020.364     0.645     0.137     0.100     0.100
  2020.367     0.420     0.090     0.100     0.100
  2020.370     0.506     0.108     0.100     0.100
  2020.372     0.132     0.030     0.100     0.100
  2020.375     0.413     0.089     0.100     0.100
  2020.378     0.781     0.166     0.100     0.100
  2020.381     1.546     0.325     0.100     0.100
  2020.383     0.279     0.061     0.100     0.100
  2020.386     0.033     0.009     0.100     0.100
  2020.389     1.477     0.311     0.100     0.100
  2020.392     0.239     0.052     0.100     0.100
  2020.394     1.269     0.267     0.100     0.100
  2020.397     1.361     0.287     0.100     0.100
  2020.400     1.556     0.327     0.100     0.100
  2020.403     1.633     0.343     0.100     0.100
  2020.405     1.410     0.297     0.100     0.100
  2020.408     1.461     0.308     0.100     0.100
  2020.411     1.477     0.311     0.100     0.100
  2020.413     1.419     0.299     0.100     0.100
  2020.416     1.074     0.227     0.100     0.100
  2020.419     1.019     0.215     0.100     0.100
  2020.422     1.267     0.267     0.100     0.100
  2020.424     0.577     0.123     0.100     0.100
  2020.427     1.074     0.227     0.100     0.100
  2020.430     0.174     0.039     0.100     0.100
  2020.433     0.648     0.138     0.100     0.100
  2020.435     0.511     0.109     0.100     0.100
  2020.438     1.004     0.212     0.100     0.100
  2020.441     1.184     0.250     0.100     0.100
  2020.444     0.915     0.194     0.100     0.100
  2020.446     0.992     0.210     0.100     0.100
  2020.449     0.499     0.107     0.100     0.100
  2020.452     1.582     0.333     0.100     0.100
  2020.455     0.827     0.175     0.100     0.100
  2020.457     0.931     0.197     0.100     0.100
  2020.460     0.479     0.102     0.100     0.100
  2020.463     0.663     0.141     0.100     0.100
  2020.465     0.873     0.185     0.100     0.100
  2020.468     1.546     0.325     0.100     0.100
  2020.471     1.027     0.217     0.100     0.100
  2020.474     0.496     0.106     0.100     0.100
  2020.476     0.805     0.171     0.100     0.100
  2020.479     0.708     0.150     0.100     0.100
  2020.482     1.584     0.333     0.100     0.100
  2020.485     0.858     0.182     0.100     0.100
  2020.487     0.801     0.170     0.100     0.100
  2020.490     0.383     0.082     0.100     0.100
  2020.493     0.639     0.136     0.100     0.100
  2020.496     0.754     0.160     0.100     0.100
  2020.498     0.617     0.131     0.100     0.100
  2020.501     0.743     0.158     0.100     0.100
  2020.504     0.244     0.053     0.100     0.100
  2020.507     0.544     0.116     0.100     0.100
  2020.509     0.535     0.114     0.100     0.100
  2020.512     0.815     0.173     0.100     0.100
  2020.515     0.668     0.142     0.100     0.100
  2020.518     0.880     0.186     0.100     0.100
  2020.520     0.446     0.096     0.100     0.100
  2020.523     0.302     0.066     0.100     0.100
  2020.526     0.837     0.177     0.100     0.100
  2020.528    -0.037    -0.005     0.100     0.100
  2020.531     0.795     0.168     0.100     0.100
  2020.534     0.302     0.066     0.100     0.100
  2020.537    -0.068    -0.012     0.100     0.100
  2020.539     0.126     0.029     0.100     0.100
  2020.542     0.559     0.119     0.100     0.100
  2020.545     0.336     0.073     0.100     0.100
  2020.548     0.495     0.106     0.100     0.100
  2020.550    -0.003     0.002     0.100     0.100
  2020.553     0.424     0.091     0.100     0.100
  2020.556     0.549     0.117     0.100     0.100
  2020.559     0.581     0.124     0.100     0.100
  2020.561     0.073     0.018     0.100     0.100
  2020.564     0.123     0.028     0.100     0.100
  2020.567     0.263     0.057     0.100     0.100
  2020.570     1.018     0.215     0.100     0.100
  2020.572    -0.098    -0.018     0.100     0.100
  2020.575     0.315     0.068     0.100     0.100
  2020.578     0.416     0.089     0.100     0.100
  2020.580     0.341     0.074     0.100     0.100
  2020.583     0.499     0.107     0.100     0.100
  2020.586     0.074     0.018     0.100     0.100
  2020.589    -0.019    -0.001     0.100     0.100
  2020.591     0.278     0.061     0.100     0.100
  2020.594     0.167     0.037     0.100     0.100
  2020.597     0.253     0.055     0.100     0.100
  2020.600     0.325     0.070     0.100     0.100
  2020.602    -0.540    -0.110     0.100     0.100
  2020.605     0.232     0.051     0.100     0.100
  2020.608    -0.182    -0.035     0.100     0.100
  2020.611    -0.287    -0.057     0.100     0.100
  2020.613    -0.036    -0.005     0.100     0.100
  2020.616    -0.246    -0.049     0.100     0.100
  2020.619    -0.347    -0.070     0.100     0.100
  2020.622    -0.025    -0.003     0.100     0.100
  2020.624    -0.508    -0.104     0.100     0.100
  2020.627     0.054     0.014     0.100     0.100
  2020.630    -0.512    -0.104     0.100     0.100
  2020.632    -0.094    -0.017     0.100     0.100
  2020.635    -0.052    -0.008     0.100     0.100
  2020.638     0.531     0.113     0.100     0.100
  2020.641    -0.300    -0.060     0.100     0.100
  2020.643     0.191     0.043     0.100     0.100
  2020.646    -0.200    -0.039     0.100     0.100
  2020.649    -0.308    -0.062     0.100     0.100
  2020.652    -0.158    -0.031     0.100     0.100
  2020.654    -0.019    -0.001     0.100     0.100
  2020.657     0.079     0.019     0.100     0.100
  2020.660     0.528     0.113     0.100     0.100
  2020.663     0.173     0.039     0.100     0.100
  2020.665    -0.168    -0.033     0.100     0.100
  2020.668    -0.098    -0.018     0.100     0.100
  2020.671     0.285     0.062     0.100     0.100
  2020.674     0.182     0.040     0.100     0.100
  2020.676    -0.173    -0.034     0.100     0.100
  2020.679     0.730     0.155     0.100     0.100
  2020.682     0.112     0.026     0.100     0.100
  2020.685    -0.153    -0.029     0.100     0.100
  2020.687    -0.033    -0.004     0.100     0.100
  2020.690    -0.347    -0.070     0.100     0.100
  2020.693     0.388     0.084     0.100     0.100
  2020.695    -0.102    -0.019     0.100     0.100
  2020.698    -0.106    -0.020     0.100     0.100
  2020.701    -0.195    -0.038     0.100     0.100
  2020.704    -0.691    -0.142     0.100     0.100
  2020.706    -0.832    -0.171     0.100     0.100
  2020.709    -0.222    -0.044     0.100     0.100
  2020.712    -0.439    -0.089     0.100     0.100
  2020.715    -0.577    -0.118     0.100     0.100
  2020.717    -0.508    -0.104     0.100     0.100
  2020.720     0.028     0.008     0.100     0.100
  2020.723    -1.156    -0.239     0.100     0.100
  2020.726    -1.007    -0.208     0.100     0.100
  2020.728    -0.417    -0.085     0.100     0.100
  2020.731    -1.143    -0.236     0.100     0.100
  2020.734    -0.906    -0.187     0.100     0.100
  2020.737    -0.584    -0.119     0.100     0.100
  2020.739    -0.335    -0.067     0.100     0.100
  2020.742    -0.834    -0.171     0.100     0.100
  2020.745    -0.339    -0.068     0.100     0.100
  2020.747     0.111     0.026     0.100     0.100
  2020.750     0.015     0.006     0.100     0.100
  2020.753    -0.330    -0.066     0.100     0.100
  2020.756     0.072     0.018     0.100     0.100
  2020.758    -0.003     0.002     0.100     0.100
  2020.761    -0.663    -0.136     0.100     0.100
  2020.764    -1.588    -0.329     0.100     0.100
  2020.767    -1.018    -0.210     0.100     0.100
  2020.769    -1.503    -0.311     0.100     0.100
  2020.772    -0.791    -0.163     0.100     0.100
  2020.775    -1.728    -0.358     0.100     0.100
  2020.778    -1.462    -0.303     0.100     0.100
  2020.780    -0.034    -0.005     0.100     0.100
  2020.783    -0.267    -0.053     0.100     0.100
  2020.786    -1.069    -0.221     0.100     0.100
  2020.789    -0.094    -0.017     0.100     0.100
  2020.791    -0.185    -0.036     0.100     0.100
  2020.794     0.082     0.020     0.100     0.100
  2020.797     0.035     0.010     0.100     0.100
  2020.800    -0.103    -0.019     0.100     0.100
  2020.802    -0.861    -0.177     0.100     0.100
  2020.805    -0.035    -0.005     0.100     0.100
  2020.808    -0.360    -0.073     0.100     0.100
  2020.810     0.009     0.004     0.100     0.100
  2020.813     0.418     0.090     0.100     0.100
  2020.816     0.226     0.050     0.100     0.100
  2020.819     0.308     0.067     0.100     0.100
  2020.821    -0.065    -0.011     0.100     0.100
  2020.824     0.050     0.013     0.100     0.100
  2020.827     0.257     0.056     0.100     0.100
  2020.830    -0.261    -0.052     0.100     0.100
  2020.832     0.236     0.052     0.100     0.100
  2020.835    -0.518    -0.106     0.100     0.100
  2020.838    -0.133    -0.025     0.100     0.100
  2020.841     0.151     0.034     0.100     0.100
  2020.843    -0.248    -0.049     0.100     0.100
  2020.846    -0.180    -0.035     0.100     0.100
  2020.849     0.864     0.183     0.100     0.100
  2020.852     0.353     0.076     0.100     0.100
  2020.854     0.786     0.167     0.100     0.100
  2020.857     0.080     0.019     0.100     0.100
  2020.860     0.136     0.031     0.100     0.100
  2020.862     0.094     0.022     0.100     0.100
  2020.865     0.103     0.024     0.100     0.100
  2020.868     0.199     0.044     0.100     0.100
  2020.871    -0.233    -0.046     0.100     0.100
  2020.873    -0.307    -0.061     0.100     0.100
  2020.876    -0.339    -0.068     0.100     0.100
  2020.879     0.017     0.006     0.100     0.100
  2020.882     0.952     0.201     0.100     0.100
  2020.884     0.980     0.207     0.100     0.100
  2020.887     0.255     0.056     0.100     0.100
  2020.890    -0.081    -0.014     0.100     0.100
  2020.893    -0.841    -0.173     0.100     0.100
  2020.895    -0.618    -0.126     0.100     0.100
  2020.898     0.024     0.007     0.100     0.100
  2020.901    -0.428    -0.087     0.100     0.100
  2020.904    -0.421    -0.085     0.100     0.100
  2020.906    -0.041    -0.006     0.100     0.100
  2020.909    -0.559    -0.114     0.100     0.100
  2020.912    -0.296    -0.059     0.100     0.100
  2020.914     0.143     0.032     0.100     0.100
  2020.917     0.615     0.131     0.100     0.100
  2020.920    -0.273    -0.055     0.100     0.100
  2020.923    -0.403    -0.082     0.100     0.100
  2020.925     0.191     0.042     0.100     0.100
  2020.928    -0.212    -0.042     0.100     0.100
  2020.931     0.160     0.036     0.100     0.100
  2020.934    -0.209    -0.041     0.100     0.100
  2020.936    -0.499    -0.102     0.100     0.100
  2020.939    -0.019    -0.002     0.100     0.100
  2020.942    -0.253    -0.050     0.100     0.100
  2020.945    -1.184    -0.245     0.100     0.100
  2020.947    -0.107    -0.020     0.100     0.100
  2020.950    -1.321    -0.273     0.100     0.100
  2020.953    -0.907    -0.187     0.100     0.100
  2020.956     0.078     0.019     0.100     0.100
  2020.958     0.324     0.070     0.100     0.100
  2020.961     0.010     0.005     0.100     0.100
  2020.964     0.689     0.146     0.100     0.100
  2020.967    -0.927    -0.191     0.100     0.100
  2020.969    -0.206    -0.041     0.100     0.100
  2020.972    -0.294    -0.059     0.100     0.100
  2020.975    -0.145    -0.028     0.100     0.100
  2020.977     0.074     0.018     0.100     0.100
  2020.980    -0.091    -0.017     0.100     0.100
  2020.983     0.326     0.071     0.100     0.100
  2020.986    -1.245    -0.257     0.100     0.100
  2020.988     0.121     0.028     0.100     0.100
  2020.991     0.184     0.041     0.100     0.100
  2020.994     0.480     0.103     0.100     0.100
  2020.997    -0.160    -0.031     0.100     0.100
  2020.999     0.819     0.173     0.100     0.100
  2021.002     0.177     0.040     0.100     0.100
  2021.005     0.169     0.038     0.100     0.100
  2021.008    -0.251    -0.050     0.100     0.100
  2021.010     0.307     0.067     0.100     0.100
  2021.013     0.551     0.118     0.100     0.100
  2021.016    -0.390    -0.079     0.100     0.100
  2021.019    -0.618    -0.127     0.100     0.100
  2021.021     0.050     0.013     0.100     0.100
  2021.024    -0.004     0.002     0.100     0.100
  2021.027    -0.572    -0.117     0.100     0.100
  2021.030    -0.765    -0.157     0.100     0.100
  2021.032    -0.624    -0.128     0.100     0.100
  2021.035    -0.561    -0.115     0.100     0.100
  2021.038    -0.299    -0.060     0.100     0.100
  2021.040    -0.214    -0.042     0.100     0.100
  2021.043    -0.107    -0.020     0.100     0.100
  2021.046    -0.161    -0.031     0.100     0.100
  2021.049    -0.779    -0.160     0.100     0.100
  2021.051    -0.913    -0.188     0.100     0.100
  2021.054    -0.822    -0.169     0.100     0.100
  2021.057    -0.328    -0.066     0.100     0.100
  2021.060    -0.070    -0.012     0.100     0.100
  2021.062     0.036     0.010     0.100     0.100
  2021.065    -0.365    -0.074     0.100     0.100
  2021.068     0.156     0.035     0.100     0.100
  2021.071    -0.865    -0.178     0.100     0.100
  2021.073    -0.300    -0.060     0.100     0.100
  2021.076    -0.334    -0.067     0.100     0.100
  2021.079    -0.435    -0.088     0.100     0.100
  2021.082    -0.900    -0.185     0.100     0.100
  2021.084    -0.958    -0.197     0.100     0.100
  2021.087    -0.277    -0.055     0.100     0.100
  2021.090     0.273     0.060     0.100     0.100
  2021.093     0.420     0.090     0.100     0.100
  2021.095     0.452     0.097     0.100     0.100
  2021.098    -0.015    -0.001     0.100     0.100
  2021.101    -0.218    -0.043     0.100     0.100
  2021.103     0.356     0.077     0.100     0.100
  2021.106    -0.329    -0.066     0.100     0.100
  2021.109    -0.380    -0.077     0.100     0.100
  2021.112    -0.185    -0.036     0.100     0.100
  2021.114    -0.253    -0.050     0.100     0.100
  2021.117    -0.276    -0.055     0.100     0.100
  2021.120    -0.503    -0.103     0.100     0.100
  2021.123    -0.549    -0.112     0.100     0.100
  2021.125    -0.273    -0.054     0.100     0.100
  2021.128     0.121     0.028     0.100     0.100
  2021.131    -0.233    -0.046     0.100     0.100
  2021.134    -0.553    -0.113     0.100     0.100
  2021.136    -0.485    -0.099     0.100     0.100
  2021.139    -0.683    -0.140     0.100     0.100
  2021.142    -0.325    -0.065     0.100     0.100
  2021.145    -0.355    -0.071     0.100     0.100
  2021.147    -0.172    -0.033     0.100     0.100
  2021.150    -0.599    -0.123     0.100     0.100
  2021.153    -0.490    -0.100     0.100     0.100
  2021.156    -0.565    -0.115     0.100     0.100
  2021.158    -0.612    -0.125     0.100     0.100
  2021.161    -0.499    -0.102     0.100     0.100
  2021.164    -0.609    -0.125     0.100     0.100
  2021.166    -1.223    -0.253     0.100     0.100
  2021.169    -1.036    -0.214     0.100     0.100
  2021.172    -1.039    -0.214     0.100     0.100
  2021.175    -0.727    -0.149     0.100     0.100
  2021.177    -0.262    -0.052     0.100     0.100
  2021.180    -1.115    -0.230     0.100     0.100
  2021.183    -1.010    -0.208     0.100     0.100
  2021.186    -0.894    -0.184     0.100     0.100
  2021.188    -0.865    -0.178     0.100     0.100
  2021.191    -0.696    -0.143     0.100     0.100
  2021.194    -0.443    -0.090     0.100     0.100
  2021.197    -0.260    -0.052     0.100     0.100
  2021.199    -0.530    -0.108     0.100     0.100
  2021.202    -0.032    -0.004     0.100     0.100
  2021.205    -0.122    -0.023     0.100     0.100
  2021.208    -0.529    -0.108     0.100     0.100
  2021.210     0.118     0.027     0.100     0.100
  2021.213    -0.413    -0.084     0.100     0.100
  2021.216    -0.356    -0.072     0.100     0.100
  2021.219     0.093     0.022     0.100     0.100
  2021.221     0.103     0.024     0.100     0.100
  2021.224    -0.139    -0.027     0.100     0.100
  2021.227    -0.292    -0.058     0.100     0.100
  2021.230    -0.053    -0.008     0.100     0.100
  2021.232     0.280     0.061     0.100     0.100
  2021.235     0.013     0.005     0.100     0.100
  2021.238    -0.286    -0.057     0.100     0.100
  2021.240     0.016     0.006     0.100     0.100
  2021.243    -0.451    -0.092     0.100     0.100
  2021.246    -0.481    -0.098     0.100     0.100
  2021.249    -0.279    -0.056     0.100     0.100
  2021.251     0.061     0.015     0.100     0.100
  2021.254    -0.063    -0.011     0.100     0.100
  2021.257     0.362     0.078     0.100     0.100
  2021.260     0.406     0.087     0.100     0.100
  2021.262     0.342     0.074     0.100     0.100
  2021.265    -0.198    -0.039     0.100     0.100
  2021.268    -0.293    -0.059     0.100     0.100
  2021.271    -0.586    -0.120     0.100     0.100
  2021.273    -0.080    -0.014     0.100     0.100
  2021.276    -0.043    -0.007     0.100     0.100
  2021.279     0.102     0.024     0.100     0.100
  2021.282    -0.723    -0.148     0.100     0.100
  2021.284    -0.725    -0.149     0.100     0.100
  2021.287    -0.465    -0.095     0.100     0.100
  2021.290     0.242     0.053     0.100     0.100
  2021.293     0.418     0.090     0.100     0.100
  2021.295     0.698     0.148     0.100     0.100
  2021.298    -0.030    -0.004     0.100     0.100
  2021.301    -0.138    -0.026     0.100     0.100
  2021.303     0.529     0.113     0.100     0.100
  2021.306     0.341     0.074     0.100     0.100
  2021.309    -1.348    -0.279     0.100     0.100
  2021.312    -0.446    -0.091     0.100     0.100
  2021.314    -0.043    -0.006     0.100     0.100
  2021.317     0.100     0.023     0.100     0.100
  2021.320    -0.257    -0.051     0.100     0.100
  2021.323     0.524     0.112     0.100     0.100
  2021.325     0.506     0.108     0.100     0.100
  2021.328     0.661     0.141     0.100     0.100
  2021.331    -0.135    -0.026     0.100     0.100
  2021.334     0.145     0.033     0.100     0.100
  2021.336    -0.105    -0.019     0.100     0.100
  2021.339     0.055     0.014     0.100     0.100
  2021.342     0.496     0.106     0.100     0.100
  2021.345     0.414     0.089     0.100     0.100
  2021.347     0.070     0.017     0.100     0.100
  2021.350     0.373     0.080     0.100     0.100
  2021.353     0.271     0.059     0.100     0.100
  2021.356     0.296     0.064     0.100     0.100
  2021.358     0.266     0.058     0.100     0.100
  2021.361     0.540     0.115     0.100     0.100
  2021.364     0.497     0.106     0.100     0.100
  2021.366     0.438     0.094     0.100     0.100
  2021.369     1.947     0.409     0.100     0.100
  2021.372    -0.221    -0.044     0.100     0.100
  2021.375    -0.402    -0.081     0.100     0.100
  2021.377    -0.084    -0.015     0.100     0.100
  2021.380    -0.085    -0.015     0.100     0.100
  2021.383     0.073     0.018     0.100     0.100
