  2019.282    -0.118     0.192     0.100     0.100
  2019.285     0.124    -0.210     0.100     0.100
  2019.288     0.045    -0.080     0.100     0.100
  2019.290     0.011    -0.023     0.100     0.100
  2019.293     0.034    -0.060     0.100     0.100
  2019.296    -0.123     0.200     0.100     0.100
  2019.298     0.220    -0.370     0.100     0.100
  2019.301     0.118    -0.201     0.100     0.100
  2019.304     0.177    -0.300     0.100     0.100
  2019.307    -0.013     0.018     0.100     0.100
  2019.309    -0.073     0.118     0.100     0.100
  2019.312     0.057    -0.098     0.100     0.100
  2019.315     0.011    -0.022     0.100     0.100
  2019.318     0.156    -0.263     0.100     0.100
  2019.320     0.262    -0.440     0.100     0.100
  2019.323     0.003    -0.009     0.100     0.100
  2019.326    -0.097     0.157     0.100     0.100
  2019.329     0.021    -0.038     0.100     0.100
  2019.331     0.078    -0.134     0.100     0.100
  2019.334     0.154    -0.260     0.100     0.100
  2019.337     0.302    -0.506     0.100     0.100
  2019.340     0.006    -0.014     0.100     0.100
  2019.342     0.339    -0.568     0.100     0.100
  2019.345     0.279    -0.468     0.100     0.100
  2019.348     0.092    -0.158     0.100     0.100
  2019.350     0.123    -0.210     0.100     0.100
  2019.353     0.036    -0.063     0.100     0.100
  2019.356     0.034    -0.060     0.100     0.100
  2019.359     0.201    -0.338     0.100     0.100
  2019.361    -0.178     0.292     0.100     0.100
  2019.364    -0.095     0.155     0.100     0.100
  2019.367    -0.087     0.140     0.100     0.100
  2019.370     0.306    -0.513     0.100     0.100
  2019.372     0.247    -0.415     0.100     0.100
  2019.375    -0.058     0.093     0.100     0.100
  2019.378     0.101    -0.173     0.100     0.100
  2019.381    -0.014     0.019     0.100     0.100
  2019.383     0.016    -0.031     0.100     0.100
  2019.386     0.138    -0.234     0.100     0.100
  2019.389    -0.106     0.172     0.100     0.100
  2019.392    -0.005     0.005     0.100     0.100
  2019.394     0.129    -0.219     0.100     0.100
  2019.397     0.180    -0.304     0.100     0.100
  2019.400     0.049    -0.085     0.100     0.100
  2019.403     0.059    -0.102     0.100     0.100
  2019.405     0.028    -0.051     0.100     0.100
  2019.408     0.149    -0.252     0.100     0.100
  2019.411    -0.077     0.123     0.100     0.100
  2019.413     0.139    -0.236     0.100     0.100
  2019.416    -0.109     0.177     0.100     0.100
  2019.419    -0.104     0.168     0.100     0.100
  2019.422    -0.414     0.685     0.100     0.100
  2019.424     0.067    -0.115     0.100     0.100
  2019.427     0.195    -0.328     0.100     0.100
  2019.430     0.043    -0.075     0.100     0.100
  2019.433     0.434    -0.726     0.100     0.100
  2019.435     0.165    -0.278     0.100     0.100
  2019.438    -0.170     0.279     0.100     0.100
  2019.441     0.023    -0.043     0.100     0.100
  2019.444     0.089    -0.153     0.100     0.100
  2019.446    -0.030     0.047     0.100     0.100
  2019.449     0.540    -0.902     0.100     0.100
  2019.452     0.095    -0.162     0.100     0.100
  2019.455     0.020    -0.038     0.100     0.100
  2019.457     0.089    -0.152     0.100     0.100
  2019.460    -0.005     0.004     0.100     0.100
  2019.463     0.022    -0.041     0.100     0.100
  2019.465     0.125    -0.213     0.100     0.100
  2019.468     0.093    -0.158     0.100     0.100
  2019.471    -0.175     0.286     0.100     0.100
  2019.474    -0.036     0.055     0.100     0.100
  2019.476    -0.136     0.223     0.100     0.100
  2019.479     0.135    -0.228     0.100     0.100
  2019.482     0.093    -0.159     0.100     0.100
  2019.485     0.038    -0.068     0.100     0.100
  2019.487     0.090    -0.153     0.100     0.100
  2019.490     0.039    -0.069     0.100     0.100
  2019.493    -0.003     0.001     0.100     0.100
  2019.496     0.039    -0.069     0.100     0.100
  2019.498     0.024    -0.044     0.100     0.100
  2019.501    -0.118     0.193     0.100     0.100
  2019.504     0.178    -0.300     0.100     0.100
  2019.507    -0.005     0.005     0.100     0.100
  2019.509     0.085    -0.146     0.100     0.100
  2019.512     0.067    -0.116     0.100     0.100
  2019.515     0.017    -0.033     0.100     0.100
  2019.518     0.095    -0.163     0.100     0.100
  2019.520    -0.057     0.091     0.100     0.100
  2019.523     0.037    -0.065     0.100     0.100
  2019.526     0.063    -0.109     0.100     0.100
  2019.528     0.089    -0.152     0.100     0.100
  2019.531     0.107    -0.183     0.100     0.100
  2019.534     0.016    -0.031     0.100     0.100
  2019.537     0.164    -0.277     0.100     0.100
  2019.539     0.001    -0.005     0.100     0.100
  2019.542    -0.070     0.112     0.100     0.100
  2019.545     0.086    -0.148     0.100     0.100
  2019.548    -0.063     0.101     0.100     0.100
  2019.550     0.192    -0.324     0.100     0.100
  2019.553     0.116    -0.197     0.100     0.100
  2019.556     0.056    -0.097     0.100     0.100
  2019.559     0.120    -0.204     0.100     0.100
  2019.561     0.049    -0.086     0.100     0.100
  2019.564     0.045    -0.079     0.100     0.100
  2019.567     0.054    -0.095     0.100     0.100
  2019.570     0.154    -0.260     0.100     0.100
  2019.572    -0.049     0.078     0.100     0.100
  2019.575     0.226    -0.381     0.100     0.100
  2019.578     0.203    -0.341     0.100     0.100
  2019.580     0.295    -0.495     0.100     0.100
  2019.583     0.067    -0.115     0.100     0.100
  2019.586    -0.041     0.063     0.100     0.100
  2019.589     0.176    -0.298     0.100     0.100
  2019.591     0.059    -0.102     0.100     0.100
  2019.594     0.067    -0.115     0.100     0.100
  2019.597    -0.158     0.258     0.100     0.100
  2019.600     0.110    -0.187     0.100     0.100
  2019.602    -0.161     0.264     0.100     0.100
  2019.605     0.079    -0.136     0.100     0.100
  2019.608     0.303    -0.508     0.100     0.100
  2019.611     0.239    -0.402     0.100     0.100
  2019.613    -0.085     0.137     0.100     0.100
  2019.616    -0.144     0.235     0.100     0.100
  2019.619    -0.038     0.060     0.100     0.100
  2019.622    -0.100     0.162     0.100     0.100
  2019.624     0.057    -0.099     0.100     0.100
  2019.627     0.072    -0.123     0.100     0.100
  2019.630     0.011    -0.023     0.100     0.100
  2019.632    -0.032     0.049     0.100     0.100
  2019.635    -0.117     0.191     0.100     0.100
  2019.638     0.210    -0.354     0.100     0.100
  2019.641     0.010    -0.021     0.100     0.100
  2019.643     0.153    -0.259     0.100     0.100
  2019.646     0.006    -0.015     0.100     0.100
  2019.649     0.083    -0.142     0.100     0.100
  2019.652     0.127    -0.215     0.100     0.100
  2019.654     0.005    -0.012     0.100     0.100
  2019.657     0.036    -0.064     0.100     0.100
  2019.660     0.052    -0.091     0.100     0.100
  2019.663     0.101    -0.172     0.100     0.100
  2019.665     0.201    -0.339     0.100     0.100
  2019.668    -0.034     0.052     0.100     0.100
  2019.671     0.274    -0.461     0.100     0.100
  2019.674     0.103    -0.176     0.100     0.100
  2019.676     0.335    -0.562     0.100     0.100
  2019.679     0.170    -0.288     0.100     0.100
  2019.682     0.190    -0.320     0.100     0.100
  2019.685     0.316    -0.529     0.100     0.100
  2019.687     0.136    -0.230     0.100     0.100
  2019.690     0.123    -0.209     0.100     0.100
  2019.693     0.138    -0.233     0.100     0.100
  2019.695     0.027    -0.050     0.100     0.100
  2019.698    -0.085     0.137     0.100     0.100
  2019.701     0.223    -0.375     0.100     0.100
  2019.704    -0.042     0.066     0.100     0.100
  2019.706     0.187    -0.316     0.100     0.100
  2019.709     0.194    -0.327     0.100     0.100
  2019.712     0.062    -0.108     0.100     0.100
  2019.715    -0.018     0.026     0.100     0.100
  2019.717     0.115    -0.196     0.100     0.100
  2019.720     0.224    -0.377     0.100     0.100
  2019.723     0.202    -0.341     0.100     0.100
  2019.726     0.182    -0.308     0.100     0.100
  2019.728     0.276    -0.464     0.100     0.100
  2019.731     0.297    -0.498     0.100     0.100
  2019.734     0.213    -0.359     0.100     0.100
  2019.737    -0.079     0.127     0.100     0.100
  2019.739     0.034    -0.060     0.100     0.100
  2019.742     0.070    -0.120     0.100     0.100
  2019.745     0.246    -0.414     0.100     0.100
  2019.747     0.136    -0.230     0.100     0.100
  2019.750     0.062    -0.107     0.100     0.100
  2019.753     0.132    -0.224     0.100     0.100
  2019.756     0.090    -0.154     0.100     0.100
  2019.758    -0.065     0.104     0.100     0.100
  2019.761    -0.140     0.229     0.100     0.100
  2019.764     0.129    -0.218     0.100     0.100
  2019.767     0.122    -0.207     0.100     0.100
  2019.769     0.177    -0.298     0.100     0.100
  2019.772     0.109    -0.186     0.100     0.100
  2019.775    -0.066     0.106     0.100     0.100
  2019.778     0.153    -0.258     0.100     0.100
  2019.780     0.013    -0.026     0.100     0.100
  2019.783    -0.026     0.039     0.100     0.100
  2019.786     0.003    -0.009     0.100     0.100
  2019.789     0.196    -0.330     0.100     0.100
  2019.791    -0.066     0.106     0.100     0.100
  2019.794    -0.261     0.431     0.100     0.100
  2019.797    -0.192     0.315     0.100     0.100
  2019.800    -0.117     0.190     0.100     0.100
  2019.802    -0.029     0.044     0.100     0.100
  2019.805    -0.027     0.040     0.100     0.100
  2019.808    -0.153     0.251     0.100     0.100
  2019.810    -0.058     0.093     0.100     0.100
  2019.813     0.018    -0.034     0.100     0.100
  2019.816    -0.383     0.634     0.100     0.100
  2019.819     0.279    -0.469     0.100     0.100
  2019.821     0.160    -0.270     0.100     0.100
  2019.824     0.081    -0.139     0.100     0.100
  2019.827     0.158    -0.267     0.100     0.100
  2019.830    -0.079     0.127     0.100     0.100
  2019.832     0.194    -0.327     0.100     0.100
  2019.835     0.159    -0.269     0.100     0.100
  2019.838     0.094    -0.160     0.100     0.100
  2019.841    -0.114     0.186     0.100     0.100
  2019.843     0.042    -0.073     0.100     0.100
  2019.846     0.069    -0.119     0.100     0.100
  2019.849    -0.070     0.113     0.100     0.100
  2019.852     0.070    -0.120     0.100     0.100
  2019.854    -0.024     0.036     0.100     0.100
  2019.857    -0.081     0.130     0.100     0.100
  2019.860     0.053    -0.093     0.100     0.100
  2019.862     0.188    -0.317     0.100     0.100
  2019.865     0.185    -0.311     0.100     0.100
  2019.868     0.016    -0.031     0.100     0.100
  2019.871     0.119    -0.201     0.100     0.100
  2019.873    -0.027     0.041     0.100     0.100
  2019.876     0.020    -0.038     0.100     0.100
  2019.879    -0.083     0.134     0.100     0.100
  2019.882     0.115    -0.196     0.100     0.100
  2019.884    -0.227     0.373     0.100     0.100
  2019.887     0.015    -0.029     0.100     0.100
  2019.890    -0.162     0.266     0.100     0.100
  2019.893    -0.039     0.060     0.100     0.100
  2019.895    -0.026     0.040     0.100     0.100
  2019.898    -0.030     0.045     0.100     0.100
  2019.901    -0.011     0.014     0.100     0.100
  2019.904    -0.252     0.414     0.100     0.100
  2019.906    -0.083     0.134     0.100     0.100
  2019.909    -0.022     0.032     0.100     0.100
  2019.912    -0.036     0.055     0.100     0.100
  2019.914     0.067    -0.115     0.100     0.100
  2019.917     0.090    -0.154     0.100     0.100
  2019.920    -0.206     0.338     0.100     0.100
  2019.923    -0.251     0.413     0.100     0.100
  2019.925     0.004    -0.011     0.100     0.100
  2019.928     0.083    -0.143     0.100     0.100
  2019.931     0.040    -0.071     0.100     0.100
  2019.934     0.095    -0.162     0.100     0.100
  2019.936     0.110    -0.188     0.100     0.100
  2019.939     0.051    -0.089     0.100     0.100
  2019.942     0.148    -0.251     0.100     0.100
  2019.945     0.148    -0.250     0.100     0.100
  2019.947     0.143    -0.243     0.100     0.100
  2019.950    -0.038     0.059     0.100     0.100
  2019.953     0.276    -0.463     0.100     0.100
  2019.956     0.251    -0.422     0.100     0.100
  2019.958     0.254    -0.427     0.100     0.100
  2019.961    -0.089     0.144     0.100     0.100
  2019.964    -0.120     0.196     0.100     0.100
  2019.967    -0.040     0.062     0.100     0.100
  2019.969     0.105    -0.180     0.100     0.100
  2019.972     0.044    -0.078     0.100     0.100
  2019.975     0.058    -0.101     0.100     0.100
  2019.977     0.065    -0.112     0.100     0.100
  2019.980     0.076    -0.130     0.100     0.100
  2019.983    -0.116     0.189     0.100     0.100
  2019.986    -0.165     0.271     0.100     0.100
  2019.988     0.127    -0.215     0.100     0.100
  2019.991     0.105    -0.179     0.100     0.100
  2019.994    -0.132     0.215     0.100     0.100
  2019.997    -0.191     0.314     0.100     0.100
  2019.999    -0.243     0.400     0.100     0.100
  2020.003     0.026    -0.047     0.100     0.100
  2020.006    -0.162     0.265     0.100     0.100
  2020.008     0.538    -0.899     0.100     0.100
  2020.011     0.293    -0.491     0.100     0.100
  2020.014     0.014    -0.027     0.100     0.100
  2020.016    -0.054     0.085     0.100     0.100
  2020.019     0.079    -0.135     0.100     0.100
  2020.022     0.166    -0.280     0.100     0.100
  2020.025     0.292    -0.490     0.100     0.100
  2020.027     0.039    -0.070     0.100     0.100
  2020.030    -0.190     0.311     0.100     0.100
  2020.033    -0.227     0.374     0.100     0.100
  2020.036     0.013    -0.026     0.100     0.100
  2020.038     0.000    -0.005     0.100     0.100
  2020.041    -0.329     0.543     0.100     0.100
  2020.044    -0.048     0.075     0.100     0.100
  2020.047    -0.172     0.282     0.100     0.100
  2020.049    -0.313     0.516     0.100     0.100
  2020.052     0.181    -0.305     0.100     0.100
  2020.055     0.072    -0.124     0.100     0.100
  2020.058     0.127    -0.216     0.100     0.100
  2020.060     0.125    -0.212     0.100     0.100
  2020.063    -0.011     0.013     0.100     0.100
  2020.066    -0.086     0.140     0.100     0.100
  2020.068    -0.031     0.047     0.100     0.100
  2020.071    -0.077     0.124     0.100     0.100
  2020.074    -0.130     0.212     0.100     0.100
  2020.077    -0.081     0.130     0.100     0.100
  2020.079    -0.038     0.059     0.100     0.100
  2020.082    -0.006     0.007     0.100     0.100
  2020.085     0.044    -0.077     0.100     0.100
  2020.088     0.217    -0.365     0.100     0.100
  2020.090    -0.051     0.081     0.100     0.100
  2020.093    -0.085     0.137     0.100     0.100
  2020.096    -0.291     0.481     0.100     0.100
  2020.099    -0.026     0.039     0.100     0.100
  2020.101    -0.174     0.285     0.100     0.100
  2020.104    -0.313     0.517     0.100     0.100
  2020.107     0.106    -0.180     0.100     0.100
  2020.110    -0.097     0.157     0.100     0.100
  2020.112    -0.179     0.294     0.100     0.100
  2020.115    -0.065     0.104     0.100     0.100
  2020.118    -0.049     0.078     0.100     0.100
  2020.121    -0.112     0.182     0.100     0.100
  2020.123    -0.145     0.237     0.100     0.100
  2020.126    -0.081     0.130     0.100     0.100
  2020.129    -0.165     0.271     0.100     0.100
  2020.131     0.012    -0.025     0.100     0.100
  2020.134     0.326    -0.547     0.100     0.100
  2020.137     0.017    -0.033     0.100     0.100
  2020.140     0.158    -0.266     0.100     0.100
  2020.142    -0.134     0.219     0.100     0.100
  2020.145    -0.224     0.369     0.100     0.100
  2020.148     0.051    -0.088     0.100     0.100
  2020.151    -0.069     0.111     0.100     0.100
  2020.153    -0.012     0.016     0.100     0.100
  2020.156     0.365    -0.611     0.100     0.100
  2020.159    -0.069     0.110     0.100     0.100
  2020.162    -0.058     0.093     0.100     0.100
  2020.164    -0.026     0.039     0.100     0.100
  2020.167    -0.126     0.206     0.100     0.100
  2020.170     0.103    -0.176     0.100     0.100
  2020.173     0.039    -0.069     0.100     0.100
  2020.175    -0.042     0.066     0.100     0.100
  2020.178    -0.240     0.395     0.100     0.100
  2020.181    -0.021     0.031     0.100     0.100
  2020.183    -0.085     0.137     0.100     0.100
  2020.186     0.242    -0.407     0.100     0.100
  2020.189    -0.115     0.186     0.100     0.100
  2020.192    -0.284     0.468     0.100     0.100
  2020.194    -0.241     0.397     0.100     0.100
  2020.197    -0.062     0.099     0.100     0.100
  2020.200    -0.185     0.304     0.100     0.100
  2020.203    -0.191     0.314     0.100     0.100
  2020.205    -0.084     0.136     0.100     0.100
  2020.208     0.144    -0.244     0.100     0.100
  2020.211     0.219    -0.369     0.100     0.100
  2020.214     0.159    -0.269     0.100     0.100
  2020.216    -0.100     0.162     0.100     0.100
  2020.219     0.081    -0.139     0.100     0.100
  2020.222     0.070    -0.121     0.100     0.100
  2020.225    -0.245     0.403     0.100     0.100
  2020.227    -0.306     0.504     0.100     0.100
  2020.230    -0.195     0.321     0.100     0.100
  2020.233    -0.007     0.007     0.100     0.100
  2020.236    -0.237     0.390     0.100     0.100
  2020.238    -0.277     0.457     0.100     0.100
  2020.241    -0.043     0.068     0.100     0.100
  2020.244    -0.227     0.373     0.100     0.100
  2020.246    -0.052     0.083     0.100     0.100
  2020.249     0.033    -0.058     0.100     0.100
  2020.252    -0.319     0.527     0.100     0.100
  2020.255    -0.066     0.105     0.100     0.100
  2020.257    -0.259     0.427     0.100     0.100
  2020.260    -0.117     0.190     0.100     0.100
  2020.263     0.200    -0.337     0.100     0.100
  2020.266    -0.058     0.093     0.100     0.100
  2020.268     0.113    -0.193     0.100     0.100
  2020.271    -0.286     0.471     0.100     0.100
  2020.274     0.061    -0.106     0.100     0.100
  2020.277    -0.278     0.459     0.100     0.100
  2020.279    -0.317     0.523     0.100     0.100
  2020.282    -0.058     0.092     0.100     0.100
  2020.285    -0.075     0.121     0.100     0.100
  2020.288    -0.101     0.163     0.100     0.100
  2020.290     0.049    -0.086     0.100     0.100
  2020.293    -0.052     0.082     0.100     0.100
  2020.296    -0.364     0.602     0.100     0.100
  2020.298    -0.232     0.382     0.100     0.100
  2020.301    -0.148     0.243     0.100     0.100
  2020.304     0.002    -0.008     0.100     0.100
  2020.307    -0.016     0.023     0.100     0.100
  2020.309     0.132    -0.224     0.100     0.100
  2020.312    -0.083     0.133     0.100     0.100
  2020.315    -0.050     0.080     0.100     0.100
  2020.318    -0.213     0.350     0.100     0.100
  2020.320    -0.221     0.363     0.100     0.100
  2020.323    -0.153     0.251     0.100     0.100
  2020.326    -0.185     0.304     0.100     0.100
  2020.329    -0.028     0.042     0.100     0.100
  2020.331    -0.421     0.696     0.100     0.100
  2020.334    -0.261     0.431     0.100     0.100
  2020.337    -0.057     0.091     0.100     0.100
  2020.340    -0.336     0.556     0.100     0.100
  2020.342    -0.212     0.348     0.100     0.100
  2020.345    -0.237     0.389     0.100     0.100
  2020.348    -0.080     0.128     0.100     0.100
  2020.350    -0.112     0.183     0.100     0.100
  2020.353    -0.106     0.172     0.100     0.100
  2020.356    -0.214     0.352     0.100     0.100
  2020.359    -0.058     0.093     0.100     0.100
  2020.361    -0.121     0.197     0.100     0.100
  2020.364    -0.199     0.326     0.100     0.100
  2020.367    -0.128     0.209     0.100     0.100
  2020.370    -0.155     0.254     0.100     0.100
  2020.372    -0.038     0.060     0.100     0.100
  2020.375    -0.126     0.206     0.100     0.100
  2020.378    -0.241     0.397     0.100     0.100
  2020.381    -0.479     0.794     0.100     0.100
  2020.383    -0.084     0.136     0.100     0.100
  2020.386    -0.007     0.008     0.100     0.100
  2020.389    -0.458     0.758     0.100     0.100
  2020.392    -0.072     0.115     0.100     0.100
  2020.394    -0.393     0.650     0.100     0.100
  2020.397    -0.422     0.698     0.100     0.100
  2020.400    -0.483     0.799     0.100     0.100
  2020.403    -0.507     0.839     0.100     0.100
  2020.405    -0.437     0.723     0.100     0.100
  2020.408    -0.453     0.750     0.100     0.100
  2020.411    -0.458     0.758     0.100     0.100
  2020.413    -0.440     0.728     0.100     0.100
  2020.416    -0.332     0.549     0.100     0.100
  2020.419    -0.315     0.520     0.100     0.100
  2020.422    -0.393     0.649     0.100     0.100
  2020.424    -0.177     0.291     0.100     0.100
  2020.427    -0.332     0.549     0.100     0.100
  2020.430    -0.052     0.082     0.100     0.100
  2020.433    -0.199     0.328     0.100     0.100
  2020.435    -0.157     0.257     0.100     0.100
  2020.438    -0.310     0.512     0.100     0.100
  2020.441    -0.367     0.606     0.100     0.100
  2020.444    -0.283     0.466     0.100     0.100
  2020.446    -0.307     0.506     0.100     0.100
  2020.449    -0.153     0.250     0.100     0.100
  2020.452    -0.491     0.813     0.100     0.100
  2020.455    -0.255     0.421     0.100     0.100
  2020.457    -0.288     0.475     0.100     0.100
  2020.460    -0.147     0.240     0.100     0.100
  2020.463    -0.204     0.335     0.100     0.100
  2020.465    -0.270     0.444     0.100     0.100
  2020.468    -0.480     0.794     0.100     0.100
  2020.471    -0.318     0.525     0.100     0.100
  2020.474    -0.152     0.249     0.100     0.100
  2020.476    -0.248     0.409     0.100     0.100
  2020.479    -0.218     0.359     0.100     0.100
  2020.482    -0.491     0.814     0.100     0.100
  2020.485    -0.265     0.437     0.100     0.100
  2020.487    -0.247     0.407     0.100     0.100
  2020.490    -0.117     0.190     0.100     0.100
  2020.493    -0.197     0.323     0.100     0.100
  2020.496    -0.232     0.383     0.100     0.100
  2020.498    -0.190     0.312     0.100     0.100
  2020.501    -0.229     0.377     0.100     0.100
  2020.504    -0.073     0.118     0.100     0.100
  2020.507    -0.167     0.274     0.100     0.100
  2020.509    -0.164     0.269     0.100     0.100
  2020.512    -0.252     0.414     0.100     0.100
  2020.515    -0.206     0.338     0.100     0.100
  2020.518    -0.272     0.448     0.100     0.100
  2020.520    -0.136     0.223     0.100     0.100
  2020.523    -0.091     0.148     0.100     0.100
  2020.526    -0.258     0.426     0.100     0.100
  2020.528     0.014    -0.028     0.100     0.100
  2020.531    -0.245     0.404     0.100     0.100
  2020.534    -0.092     0.148     0.100     0.100
  2020.537     0.024    -0.044     0.100     0.100
  2020.539    -0.037     0.057     0.100     0.100
  2020.542    -0.172     0.282     0.100     0.100
  2020.545    -0.102     0.166     0.100     0.100
  2020.548    -0.152     0.248     0.100     0.100
  2020.550     0.004    -0.010     0.100     0.100
  2020.553    -0.129     0.211     0.100     0.100
  2020.556    -0.168     0.276     0.100     0.100
  2020.559    -0.178     0.293     0.100     0.100
  2020.561    -0.020     0.029     0.100     0.100
  2020.564    -0.036     0.055     0.100     0.100
  2020.567    -0.079     0.128     0.100     0.100
  2020.570    -0.315     0.520     0.100     0.100
  2020.572     0.033    -0.060     0.100     0.100
  2020.575    -0.095     0.155     0.100     0.100
  2020.578    -0.127     0.207     0.100     0.100
  2020.580    -0.104     0.168     0.100     0.100
  2020.583    -0.153     0.251     0.100     0.100
  2020.586    -0.020     0.030     0.100     0.100
  2020.589     0.009    -0.018     0.100     0.100
  2020.591    -0.084     0.136     0.100     0.100
  2020.594    -0.050     0.078     0.100     0.100
  2020.597    -0.076     0.123     0.100     0.100
  2020.600    -0.099     0.160     0.100     0.100
  2020.602     0.171    -0.289     0.100     0.100
  2020.605    -0.070     0.112     0.100     0.100
  2020.608     0.059    -0.103     0.100     0.100
  2020.611     0.092    -0.157     0.100     0.100
  2020.613     0.014    -0.027     0.100     0.100
  2020.616     0.079    -0.136     0.100     0.100
  2020.619     0.111    -0.189     0.100     0.100
  2020.622     0.010    -0.022     0.100     0.100
  2020.624     0.161    -0.272     0.100     0.100
  2020.627    -0.014     0.019     0.100     0.100
  2020.630     0.162    -0.275     0.100     0.100
  2020.632     0.032    -0.057     0.100     0.100
  2020.635     0.019    -0.035     0.100     0.100
  2020.638    -0.163     0.267     0.100     0.100
  2020.641     0.096    -0.165     0.100     0.100
  2020.643    -0.057     0.091     0.100     0.100
  2020.646     0.065    -0.112     0.100     0.100
  2020.649     0.099    -0.168     0.100     0.100
  2020.652     0.052    -0.091     0.100     0.100
  2020.654     0.009    -0.019     0.100     0.100
  2020.657    -0.022     0.033     0.100     0.100
  2020.660    -0.162     0.266     0.100     0.100
  2020.663    -0.051     0.081     0.100     0.100
  2020.665     0.055    -0.096     0.100     0.100
  2020.668     0.033    -0.059     0.100     0.100
  2020.671    -0.086     0.139     0.100     0.100
  2020.674    -0.054     0.086     0.100     0.100
  2020.676     0.057    -0.098     0.100     0.100
  2020.679    -0.225     0.370     0.100     0.100
  2020.682    -0.032     0.050     0.100     0.100
  2020.685     0.050    -0.088     0.100     0.100
  2020.687     0.013    -0.026     0.100     0.100
  2020.690     0.111    -0.189     0.100     0.100
  2020.693    -0.118     0.193     0.100     0.100
  2020.695     0.035    -0.062     0.100     0.100
  2020.698     0.036    -0.063     0.100     0.100
  2020.701     0.064    -0.110     0.100     0.100
  2020.704     0.218    -0.367     0.100     0.100
  2020.706     0.262    -0.441     0.100     0.100
  2020.709     0.072    -0.124     0.100     0.100
  2020.712     0.140    -0.236     0.100     0.100
  2020.715     0.183    -0.308     0.100     0.100
  2020.717     0.161    -0.272     0.100     0.100
  2020.720    -0.006     0.006     0.100     0.100
  2020.723     0.363    -0.608     0.100     0.100
  2020.726     0.317    -0.531     0.100     0.100
  2020.728     0.133    -0.225     0.100     0.100
  2020.731     0.359    -0.602     0.100     0.100
  2020.734     0.285    -0.479     0.100     0.100
  2020.737     0.185    -0.312     0.100     0.100
  2020.739     0.107    -0.183     0.100     0.100
  2020.742     0.263    -0.441     0.100     0.100
  2020.745     0.108    -0.184     0.100     0.100
  2020.747    -0.032     0.049     0.100     0.100
  2020.750    -0.002    -0.001     0.100     0.100
  2020.753     0.106    -0.180     0.100     0.100
  2020.756    -0.020     0.029     0.100     0.100
  2020.758     0.004    -0.010     0.100     0.100
  2020.761     0.210    -0.353     0.100     0.100
  2020.764     0.498    -0.833     0.100     0.100
  2020.767     0.320    -0.537     0.100     0.100
  2020.769     0.471    -0.789     0.100     0.100
  2020.772     0.249    -0.419     0.100     0.100
  2020.775     0.542    -0.906     0.100     0.100
  2020.778     0.459    -0.767     0.100     0.100
  2020.780     0.013    -0.027     0.100     0.100
  2020.783     0.086    -0.147     0.100     0.100
  2020.786     0.336    -0.564     0.100     0.100
  2020.789     0.032    -0.057     0.100     0.100
  2020.791     0.060    -0.105     0.100     0.100
  2020.794    -0.023     0.034     0.100     0.100
  2020.797    -0.008     0.010     0.100     0.100
  2020.800     0.035    -0.062     0.100     0.100
  2020.802     0.271    -0.456     0.100     0.100
  2020.805     0.014    -0.027     0.100     0.100
  2020.808     0.115    -0.196     0.100     0.100
  2020.810    -0.000    -0.004     0.100     0.100
  2020.813    -0.128     0.208     0.100     0.100
  2020.816    -0.068     0.109     0.100     0.100
  2020.819    -0.094     0.151     0.100     0.100
  2020.821     0.023    -0.042     0.100     0.100
  2020.824    -0.013     0.018     0.100     0.100
  2020.827    -0.077     0.125     0.100     0.100
  2020.830     0.084    -0.144     0.100     0.100
  2020.832    -0.071     0.114     0.100     0.100
  2020.835     0.164    -0.277     0.100     0.100
  2020.838     0.044    -0.078     0.100     0.100
  2020.841    -0.044     0.070     0.100     0.100
  2020.843     0.080    -0.137     0.100     0.100
  2020.846     0.059    -0.102     0.100     0.100
  2020.849    -0.267     0.440     0.100     0.100
  2020.852    -0.108     0.175     0.100     0.100
  2020.854    -0.242     0.399     0.100     0.100
  2020.857    -0.022     0.033     0.100     0.100
  2020.860    -0.040     0.062     0.100     0.100
  2020.862    -0.027     0.040     0.100     0.100
  2020.865    -0.029     0.045     0.100     0.100
  2020.868    -0.060     0.095     0.100     0.100
  2020.871     0.075    -0.130     0.100     0.100
  2020.873     0.098    -0.168     0.100     0.100
  2020.876     0.108    -0.184     0.100     0.100
  2020.879    -0.003     0.000     0.100     0.100
  2020.882    -0.294     0.486     0.100     0.100
  2020.884    -0.303     0.500     0.100     0.100
  2020.887    -0.077     0.124     0.100     0.100
  2020.890     0.028    -0.051     0.100     0.100
  2020.893     0.265    -0.445     0.100     0.100
  2020.895     0.195    -0.329     0.100     0.100
  2020.898    -0.005     0.004     0.100     0.100
  2020.901     0.136    -0.231     0.100     0.100
  2020.904     0.134    -0.227     0.100     0.100
  2020.906     0.015    -0.030     0.100     0.100
  2020.909     0.177    -0.299     0.100     0.100
  2020.912     0.095    -0.162     0.100     0.100
  2020.914    -0.042     0.066     0.100     0.100
  2020.917    -0.189     0.310     0.100     0.100
  2020.920     0.088    -0.151     0.100     0.100
  2020.923     0.128    -0.218     0.100     0.100
  2020.925    -0.057     0.091     0.100     0.100
  2020.928     0.069    -0.119     0.100     0.100
  2020.931    -0.047     0.074     0.100     0.100
  2020.934     0.068    -0.117     0.100     0.100
  2020.936     0.158    -0.268     0.100     0.100
  2020.939     0.009    -0.019     0.100     0.100
  2020.942     0.082    -0.140     0.100     0.100
  2020.945     0.372    -0.623     0.100     0.100
  2020.947     0.036    -0.064     0.100     0.100
  2020.950     0.415    -0.694     0.100     0.100
  2020.953     0.285    -0.479     0.100     0.100
  2020.956    -0.022     0.032     0.100     0.100
  2020.958    -0.098     0.159     0.100     0.100
  2020.961    -0.000    -0.004     0.100     0.100
  2020.964    -0.212     0.349     0.100     0.100
  2020.967     0.292    -0.490     0.100     0.100
  2020.969     0.067    -0.116     0.100     0.100
  2020.972     0.094    -0.161     0.100     0.100
  2020.975     0.048    -0.084     0.100     0.100
  2020.977    -0.020     0.030     0.100     0.100
  2020.980     0.031    -0.056     0.100     0.100
  2020.983    -0.099     0.161     0.100     0.100
  2020.986     0.391    -0.655     0.100     0.100
  2020.988    -0.035     0.054     0.100     0.100
  2020.991    -0.055     0.087     0.100     0.100
  2020.994    -0.147     0.241     0.100     0.100
  2020.997     0.053    -0.092     0.100     0.100
  2020.999    -0.253     0.416     0.100     0.100
  2021.002    -0.053     0.083     0.100     0.100
  2021.005    -0.050     0.079     0.100     0.100
  2021.008     0.081    -0.139     0.100     0.100
  2021.010    -0.093     0.151     0.100     0.100
  2021.013    -0.169     0.278     0.100     0.100
  2021.016     0.124    -0.211     0.100     0.100
  2021.019     0.196    -0.329     0.100     0.100
  2021.021    -0.013     0.017     0.100     0.100
  2021.024     0.004    -0.011     0.100     0.100
  2021.027     0.181    -0.305     0.100     0.100
  2021.030     0.241    -0.406     0.100     0.100
  2021.032     0.197    -0.332     0.100     0.100
  2021.035     0.178    -0.300     0.100     0.100
  2021.038     0.096    -0.164     0.100     0.100
  2021.040     0.070    -0.120     0.100     0.100
  2021.043     0.036    -0.064     0.100     0.100
  2021.046     0.053    -0.092     0.100     0.100
  2021.049     0.246    -0.413     0.100     0.100
  2021.051     0.287    -0.482     0.100     0.100
  2021.054     0.259    -0.435     0.100     0.100
  2021.057     0.105    -0.179     0.100     0.100
  2021.060     0.025    -0.045     0.100     0.100
  2021.062    -0.008     0.010     0.100     0.100
  2021.065     0.117    -0.198     0.100     0.100
  2021.068    -0.046     0.072     0.100     0.100
  2021.071     0.272    -0.457     0.100     0.100
  2021.073     0.096    -0.164     0.100     0.100
  2021.076     0.107    -0.182     0.100     0.100
  2021.079     0.138    -0.234     0.100     0.100
  2021.082     0.283    -0.476     0.100     0.100
  2021.084     0.301    -0.506     0.100     0.100
  2021.087     0.089    -0.152     0.100     0.100
  2021.090    -0.082     0.133     0.100     0.100
  2021.093    -0.128     0.209     0.100     0.100
  2021.095    -0.138     0.226     0.100     0.100
  2021.098     0.007    -0.017     0.100     0.100
  2021.101     0.071    -0.122     0.100     0.100
  2021.103    -0.108     0.176     0.100     0.100
  2021.106     0.105    -0.179     0.100     0.100
  2021.109     0.121    -0.206     0.100     0.100
  2021.112     0.060    -0.105     0.100     0.100
  2021.114     0.082    -0.140     0.100     0.100
  2021.117     0.089    -0.152     0.100     0.100
  2021.120     0.160    -0.270     0.100     0.100
  2021.123     0.174    -0.293     0.100     0.100
  2021.125     0.088    -0.150     0.100     0.100
  2021.128    -0.035     0.054     0.100     0.100
  2021.131     0.075    -0.129     0.100     0.100
  2021.134     0.175    -0.296     0.100     0.100
  2021.136     0.154    -0.260     0.100     0.100
  2021.139     0.216    -0.363     0.100     0.100
  2021.142     0.104    -0.177     0.100     0.100
  2021.145     0.113    -0.193     0.100     0.100
  2021.147     0.056    -0.098     0.100     0.100
  2021.150     0.190    -0.320     0.100     0.100
  2021.153     0.155    -0.263     0.100     0.100
  2021.156     0.179    -0.302     0.100     0.100
  2021.158     0.194    -0.326     0.100     0.100
  2021.161     0.158    -0.268     0.100     0.100
  2021.164     0.193    -0.325     0.100     0.100
  2021.166     0.384    -0.643     0.100     0.100
  2021.169     0.326    -0.546     0.100     0.100
  2021.172     0.327    -0.548     0.100     0.100
  2021.175     0.229    -0.386     0.100     0.100
  2021.177     0.084    -0.145     0.100     0.100
  2021.180     0.350    -0.587     0.100     0.100
  2021.183     0.318    -0.533     0.100     0.100
  2021.186     0.282    -0.473     0.100     0.100
  2021.188     0.272    -0.458     0.100     0.100
  2021.191     0.220    -0.370     0.100     0.100
  2021.194     0.141    -0.239     0.100     0.100
  2021.197     0.084    -0.143     0.100     0.100
  2021.199     0.168    -0.284     0.100     0.100
  2021.202     0.013    -0.025     0.100     0.100
  2021.205     0.041    -0.072     0.100     0.100
  2021.208     0.168    -0.283     0.100     0.100
  2021.210    -0.034     0.052     0.100     0.100
  2021.213     0.131    -0.223     0.100     0.100
  2021.216     0.114    -0.194     0.100     0.100
  2021.219    -0.026     0.039     0.100     0.100
  2021.221    -0.029     0.045     0.100     0.100
  2021.224     0.046    -0.081     0.100     0.100
  2021.227     0.094    -0.160     0.100     0.100
  2021.230     0.019    -0.036     0.100     0.100
  2021.232    -0.085     0.137     0.100     0.100
  2021.235    -0.001    -0.002     0.100     0.100
  2021.238     0.092    -0.157     0.100     0.100
  2021.240    -0.002    -0.001     0.100     0.100
  2021.243     0.143    -0.243     0.100     0.100
  2021.246     0.153    -0.258     0.100     0.100
  2021.249     0.090    -0.153     0.100     0.100
  2021.251    -0.016     0.023     0.100     0.100
  2021.254     0.022    -0.041     0.100     0.100
  2021.257    -0.110     0.179     0.100     0.100
  2021.260    -0.124     0.202     0.100     0.100
  2021.262    -0.104     0.169     0.100     0.100
  2021.265     0.064    -0.111     0.100     0.100
  2021.268     0.094    -0.161     0.100     0.100
  2021.271     0.186    -0.313     0.100     0.100
  2021.273     0.028    -0.050     0.100     0.100
  2021.276     0.016    -0.031     0.100     0.100
  2021.279    -0.029     0.044     0.100     0.100
  2021.282     0.228    -0.384     0.100     0.100
  2021.284     0.229    -0.385     0.100     0.100
  2021.287     0.148    -0.250     0.100     0.100
  2021.290    -0.073     0.117     0.100     0.100
  2021.293    -0.128     0.208     0.100     0.100
  2021.295    -0.215     0.354     0.100     0.100
  2021.298     0.012    -0.024     0.100     0.100
  2021.301     0.046    -0.080     0.100     0.100
  2021.303    -0.162     0.266     0.100     0.100
  2021.306    -0.104     0.168     0.100     0.100
  2021.309     0.423    -0.708     0.100     0.100
  2021.312     0.142    -0.240     0.100     0.100
  2021.314     0.016    -0.031     0.100     0.100
  2021.317    -0.028     0.043     0.100     0.100
  2021.320     0.083    -0.142     0.100     0.100
  2021.323    -0.161     0.263     0.100     0.100
  2021.325    -0.155     0.254     0.100     0.100
  2021.328    -0.204     0.335     0.100     0.100
  2021.331     0.045    -0.079     0.100     0.100
  2021.334    -0.042     0.066     0.100     0.100
  2021.336     0.036    -0.063     0.100     0.100
  2021.339    -0.015     0.020     0.100     0.100
  2021.342    -0.152     0.249     0.100     0.100
  2021.345    -0.126     0.206     0.100     0.100
  2021.347    -0.019     0.028     0.100     0.100
  2021.350    -0.114     0.185     0.100     0.100
  2021.353    -0.082     0.132     0.100     0.100
  2021.356    -0.090     0.145     0.100     0.100
  2021.358    -0.080     0.129     0.100     0.100
  2021.361    -0.166     0.272     0.100     0.100
  2021.364    -0.152     0.249     0.100     0.100
  2021.366    -0.134     0.219     0.100     0.100
  2021.369    -0.605     1.002     0.100     0.100
  2021.372     0.071    -0.123     0.100     0.100
  2021.375     0.128    -0.218     0.100     0.100
  2021.377     0.029    -0.052     0.100     0.100
  2021.380     0.029    -0.053     0.100     0.100
  2021.383    -0.020     0.029     0.100     0.100
