  2019.282     0.280     0.416     6.742     3.300     2.400    10.100
  2019.285    -6.075     4.147     4.123    14.400     9.100    49.300
  2019.288    -0.537     0.310   -11.684     3.000     2.400    10.000
  2019.290     7.735     3.408   -14.115     3.000     2.400    10.000
  2019.293     0.254     1.704    -3.687     3.300     2.400    10.100
  2019.296     2.906     0.431   -12.199     3.300     2.400    10.100
  2019.298     2.021     1.505     7.298     3.300     2.400    10.300
  2019.301     1.009     3.645     0.292     3.000     2.400     9.800
  2019.304    -6.521    -2.286    16.464     3.300     2.400    10.100
  2019.307    -1.242     0.264    -9.390     3.000     2.300     9.900
  2019.309    -5.220     0.871     5.891     3.300     2.400    10.100
  2019.312    -1.428     0.974     1.457     3.300     2.400    10.100
  2019.315     1.364     3.318     0.343     3.300     2.400    10.000
  2019.318     0.590     1.401     6.733     3.100     2.400    10.000
  2019.320    -0.373     0.463    -4.779     3.000     2.400    10.000
  2019.323    -0.791    -0.439     2.053     3.000     2.300     9.900
  2019.326     0.278     1.179    13.115     3.000     2.300     9.900
  2019.329     0.168     1.536     7.822     3.100     2.400    10.000
  2019.331     4.538     2.268     3.986     3.100     2.400    10.000
  2019.334     2.263     1.391     6.365     3.000     2.500    10.300
  2019.337     2.906     2.703     1.316     3.000     2.400    10.300
  2019.340    -0.177     3.504    -1.640     3.000     2.400    10.000
  2019.342     4.937     0.053     3.173     3.000     2.400    10.000
  2019.345     0.654    -1.271     2.071     3.000     2.400     9.800
  2019.348    -0.529    -1.037     3.683     3.400     2.400    10.100
  2019.350     3.743     2.140     7.559     3.100     2.400    10.000
  2019.353    -3.146    -0.075    -9.295     3.000     2.400    10.000
  2019.356     1.105     1.794     6.243     3.000     2.400     9.800
  2019.359     7.223     2.659    -1.471     3.000     2.400    10.000
  2019.361    -8.943     0.789   -15.172     3.000     2.400    10.000
  2019.364    -5.460    -2.447   -20.409     3.000     2.400    10.000
  2019.367     3.976     1.720     3.560     3.000     2.400     9.800
  2019.370    -1.565     1.353    16.074     3.000     2.400    10.000
  2019.372    -0.537     0.721     8.725     3.000     2.400    10.000
  2019.375    -1.917    -0.988    -2.019     3.000     2.400    10.000
  2019.378    -1.351     0.998     0.219     3.300     2.400    10.100
  2019.381    -2.748    -1.581     7.373     3.000     2.400    10.000
  2019.383    -2.284     0.726     3.051     3.000     2.400    10.000
  2019.386    -3.050    -0.794     7.195     3.000     2.300     9.600
  2019.389     1.389     2.385     4.136     3.000     2.400    10.000
  2019.392    -3.823    -0.845    13.683     3.300     2.400    10.100
  2019.394    -0.818     1.437     4.467     3.000     2.400    10.000
  2019.397    -1.128     0.400     0.280     3.000     2.400    10.000
  2019.400    -0.675     0.707     6.169     3.000     2.300     9.600
  2019.403    -0.475     1.725     7.493     3.000     2.400    10.000
  2019.405     0.395     2.652     5.004     3.000     2.300     9.600
  2019.408     1.067    -2.093     4.118     3.000     2.300     9.600
  2019.411    -0.278     0.610     2.989     3.000     2.400    10.000
  2019.413    -2.913     2.627    14.968     3.000     2.400    10.000
  2019.416    -1.422     0.672     0.511     3.000     2.300     9.600
  2019.419    -2.223     0.691     4.200     3.000     2.300     9.600
  2019.422     1.906     1.007     2.910     3.000     2.300     9.900
  2019.424     1.295     0.430     8.840     3.000     2.400     9.800
  2019.427    -0.759    -0.867     5.883     3.000     2.300     9.900
  2019.430    -0.387     1.689     0.904     3.000     2.400    10.000
  2019.433     3.392     0.925     6.277     3.100     2.400    10.000
  2019.435     4.916     1.132     2.239     3.000     2.400    10.000
  2019.438     5.407     0.525     4.605     3.000     2.400    10.000
  2019.441     2.470     0.135     9.467     3.100     2.400    10.000
  2019.444     0.851    -0.949    15.699     3.300     2.400    10.300
  2019.446    -0.258    -0.208     3.358     3.100     2.400    10.000
  2019.449    -0.649    -0.862     5.952     3.400     2.400    10.300
  2019.452    -0.553     0.301    14.260     3.100     2.400    10.300
  2019.455     1.320    -1.112     4.692     3.300     2.400    10.300
  2019.457     0.578     1.040     8.820     3.000     2.400    10.000
  2019.460    -2.026    -0.017     2.626     3.100     2.400    10.000
  2019.463    -0.538     0.225     4.491     3.400     2.400    10.100
  2019.465    -0.073     0.155    15.350     3.400     2.500    10.700
  2019.468     5.153     0.784    10.230     3.400     2.500    10.700
  2019.471     2.783    -0.109    10.284     3.300     2.400    10.300
  2019.474    -1.799     0.397     0.970     3.100     2.300     9.900
  2019.476    -0.020     1.718     2.644     3.100     2.400    10.000
  2019.479     0.253     0.596     3.094     3.100     2.400    10.000
  2019.482    -0.896     0.087    -3.891     3.000     2.400    10.000
  2019.485     3.555     0.485     7.994     3.100     2.400    10.000
  2019.487     1.784    -0.777     7.673     3.400     2.400    10.300
  2019.490    -0.019    -0.409     6.101     3.100     2.400    10.000
  2019.493     0.297     1.292    -0.108     3.000     2.400    10.000
  2019.496    -0.567     0.354    -2.730     3.000     2.400    10.000
  2019.498    -0.695     0.048     2.926     3.000     2.400    10.000
  2019.501    -0.288    -0.562     2.070     3.000     2.400     9.800
  2019.504    -0.588     0.652    -7.605     3.000     2.300     9.900
  2019.507    -4.238     3.646    11.892     3.000     2.400    10.000
  2019.509    -3.093     1.049    -4.755     3.000     2.400    10.000
  2019.512    -1.140     2.257     0.238     3.000     2.400    10.000
  2019.515     3.856     1.950    10.119     3.000     2.400    10.000
  2019.518     2.760     0.605     7.662     3.000     2.300     9.600
  2019.520    -2.102     0.714     0.910     3.000     2.400    10.000
  2019.523    -1.477     1.267    -0.051     3.000     2.400    10.000
  2019.526     0.824     2.781     4.050     3.000     2.400     9.800
  2019.528     0.516     1.443     5.753     3.000     2.300     9.900
  2019.531    -0.950     1.323     1.798     3.000     2.400    10.300
  2019.534    -0.506     0.901     0.110     3.400     2.400    10.300
  2019.537     0.295     1.017     1.629     3.400     2.400    10.300
  2019.539    -1.414     1.490     0.097     3.300     2.400    10.100
  2019.542     0.169     1.368     5.172     3.000     2.400    10.000
  2019.545    -0.290     1.639    -0.406     3.300     2.500    10.400
  2019.548    -1.023     1.375     6.342     3.300     2.400    10.300
  2019.550    -0.673     1.382    -2.925     3.000     2.300     9.900
  2019.553    -0.394     0.495    -1.733     3.000     2.300     9.600
  2019.556    -0.396     1.152    -0.541     3.000     2.400    10.000
  2019.559    -0.895     0.392    -0.448     3.300     2.400    10.100
  2019.561    -0.367    -0.035    -3.798     3.300     2.400    10.300
  2019.564    -0.913    -0.757     4.274     3.300     2.400    10.100
  2019.567    -0.603     0.213    -0.269     3.000     2.400    10.300
  2019.570    -0.065    -0.174    -1.399     3.000     2.300     9.600
  2019.572     1.443     0.324    -0.736     3.000     2.300     9.900
  2019.575     0.518    -0.159     1.495     3.300     2.400    10.100
  2019.578    -0.764    -0.747    -5.041     3.000     2.300     9.900
  2019.580    -0.712     1.511     6.432     3.300     2.400    10.000
  2019.583    -1.807    -0.687     0.730     3.000     2.300     9.600
  2019.586     0.755     0.820    -8.630     3.300     2.400    10.100
  2019.589    -1.760     0.600    -1.714     3.000     2.400     9.800
  2019.591    -0.512     0.321     1.941     3.000     2.300     9.600
  2019.594    -1.216     0.299     1.238     3.100     2.400    10.000
  2019.597     1.368     0.590    -4.080     3.000     2.400    10.000
  2019.600    -0.793     0.481   -10.219     3.300     2.400    10.300
  2019.602     1.125     0.155    -1.296     3.400     2.400    10.300
  2019.605    -1.593     0.809    -2.327     3.000     2.300     9.600
  2019.608    -0.300     1.150    -1.502     3.300     2.400    10.300
  2019.611    -3.557    -1.362    -4.545     3.300     2.400    10.300
  2019.613     1.454    -0.933   -11.897     3.000     2.300     9.900
  2019.616    -0.945     1.870     0.348     3.000     2.400    10.000
  2019.619    -0.787     1.217    -4.020     3.000     2.300     9.900
  2019.622    -0.220     0.696     3.900     3.000     2.300     9.600
  2019.624    -0.990    -0.818   -12.155     3.000     2.400    10.300
  2019.627    -0.192    -1.276    -7.488     3.300     2.400    10.100
  2019.630    -0.592     1.270     0.741     3.000     2.300     9.900
  2019.632    -0.548     1.521    -7.450     3.000     2.300     9.900
  2019.635    -0.763    -0.386    -4.460     3.000     2.400    10.000
  2019.638     0.551    -0.104    -9.340     3.000     2.300     9.600
  2019.641    -0.737     0.825    -0.617     3.000     2.300     9.900
  2019.643    -1.178     0.207    -2.446     3.400     2.400    10.100
  2019.646    -1.689     0.410    -1.312     3.000     2.300     9.600
  2019.649    -1.746     0.331    -2.079     3.000     2.400    10.000
  2019.652     0.319     0.374    -9.249     3.000     2.400    10.000
  2019.654     1.150     1.891     3.838     3.000     2.400    10.000
  2019.657    -2.110    -0.374    -3.653     3.300     2.400    10.100
  2019.660    -0.790    -0.935    -9.499     3.400     2.400    10.100
  2019.663    -1.682    -0.094    -2.924     3.400     2.400    10.100
  2019.665     0.151     0.279    -1.104     3.000     2.400    10.000
  2019.668    -1.769    -0.602    -4.490     3.300     2.400    10.100
  2019.671    -0.518    -0.020     1.010     3.000     2.400    10.000
  2019.674    -1.193     0.266    -5.247     3.000     2.300     9.900
  2019.676     0.371     0.044    -2.658     3.000     2.300     9.900
  2019.679     0.971     1.411     1.057     3.300     2.400    10.300
  2019.682     1.032     0.309    -6.820     3.300     2.400    10.300
  2019.685     3.089    -0.352     8.861     3.000     2.400    10.000
  2019.687    -0.911    -0.893    -2.984     3.000     2.300     9.900
  2019.690     1.075     0.838    -1.142     3.300     2.400    10.000
  2019.693     0.198     0.885    -2.836     3.300     2.400    10.300
  2019.695    -1.275    -0.222    -2.610     3.000     2.400    10.000
  2019.698     0.340     0.504   -12.452     3.000     2.400    10.000
  2019.701     1.643     1.696    -2.508     3.000     2.300     9.900
  2019.704     0.304     1.251    -2.977     3.000     2.400    10.000
  2019.706     0.179     0.538    -4.785     3.000     2.400    10.000
  2019.709     0.822     0.377    -0.730     3.000     2.300     9.600
  2019.712    -0.025     0.841    -6.346     3.000     2.400    10.000
  2019.715     2.202    -0.550    -0.864     3.000     2.300     9.600
  2019.717     0.974    -0.361    -7.200     3.000     2.300     9.900
  2019.720     0.445     2.100    -5.590     3.400     2.400    10.300
  2019.723    -0.373    -0.905    -2.005     3.400     2.400    10.300
  2019.726     0.272    -0.334    -4.472     3.000     2.400    10.000
  2019.728    -0.465    -1.114    -2.936     3.000     2.400    10.000
  2019.731    -0.298    -0.545    -5.614     3.000     2.300     9.600
  2019.734    -0.430    -0.571    -2.923     3.000     2.400    10.000
  2019.737    -2.048    -0.113    -6.477     3.000     2.400    10.000
  2019.739    -1.027    -0.655    -8.002     3.000     2.400     9.800
  2019.742    -0.245    -1.021    -9.295     3.300     2.400    10.300
  2019.745     1.583    -0.238     0.436     3.300     2.400    10.000
  2019.747     0.608    -0.354     0.057     3.300     2.400    10.100
  2019.750     0.536     0.315    -2.349     3.000     2.400    10.000
  2019.753     1.467     1.425     7.829     3.300     2.400    10.100
  2019.756    -0.486     1.497    -4.943     3.200     2.500    10.300
  2019.758     0.661     0.176    -3.983     3.300     2.400    10.000
  2019.761     0.243     1.163    -6.357     3.300     2.400    10.100
  2019.764     0.174     0.215    -3.225     3.300     2.400    10.100
  2019.767    -0.190     0.570    -3.229     3.300     2.400    10.100
  2019.769     0.819    -0.300     1.233     3.300     2.400     9.800
  2019.772     2.444     1.450     2.036     3.000     2.400    10.000
  2019.775     2.197    -0.523    -0.650     3.400     2.400    10.300
  2019.778    -0.639     0.647     2.841     3.300     2.400    10.300
  2019.780     1.076     1.236    -8.810     3.000     2.400     9.800
  2019.783     0.812    -0.194    -1.089     3.000     2.400     9.800
  2019.786    -1.028     1.727    -8.208     3.000     2.300     9.600
  2019.789     3.284     2.019    -5.474     3.300     2.400    10.100
  2019.791     2.515     0.153    -2.041     3.000     2.400    10.000
  2019.794     1.162    -0.568     0.085     3.000     2.400    10.000
  2019.797    -0.387     0.211    -9.247     3.000     2.400    10.000
  2019.800    -3.930    -0.865    -2.080     3.000     2.300     9.600
  2019.802    -0.323    -0.259     2.236     3.000     2.400     9.800
  2019.805    -2.120    -2.194   -26.352     3.248     2.400    10.100
  2019.808    -4.537    -2.739     1.541     3.000     2.400    10.000
  2019.810    -0.585    -1.172    -2.161     3.300     2.400    10.100
  2019.813    -4.682    -1.229   -14.684     3.000     2.300     9.600
  2019.816    -2.972    -3.295   -10.094     3.248     2.400    10.000
  2019.819     1.566    -1.202     3.190     3.248     2.495    10.000
  2019.821     3.736    -0.801    -3.092     3.000     2.400    10.000
  2019.824     0.889    -0.690     5.603     3.000     2.300     9.900
  2019.827     0.474     0.669    -6.310     3.000     2.300     9.600
  2019.830     0.890     2.256    -1.028     3.000     2.300     9.600
  2019.832     6.739     4.286    -0.714     3.000     2.400    10.300
  2019.835     5.921     1.969    -8.175     3.000     2.400    10.300
  2019.838     2.002    -1.448     1.314     3.000     2.400    10.000
  2019.841    -0.039     0.837     1.711     3.300     2.400    10.100
  2019.843     2.694     2.541   -10.592     3.000     2.400    10.000
  2019.846    -9.815    -2.973    -4.290     3.400     2.400    10.300
  2019.849     0.950    -0.432    -3.664     3.000     2.400    10.000
  2019.852     1.317    -1.144    -1.108     3.000     2.400    10.000
  2019.854    -1.647    -1.035     3.104     3.000     2.400    10.000
  2019.857     0.287     1.827     3.891     3.000     2.400     9.800
  2019.860    -1.356     1.402    -7.891     3.000     2.400    10.000
  2019.862     3.156    -0.011   -12.784     3.000     2.400    10.000
  2019.865     2.535     0.507     2.013     3.000     2.400    10.000
  2019.868     0.383    -0.784    -0.959     3.300     2.400    10.300
  2019.871     0.816     0.341     3.022     3.000     2.400    10.000
  2019.873     1.649    -0.467     2.859     3.000     2.400    10.000
  2019.876     1.051     1.468     5.741     3.000     2.400    10.000
  2019.879    -3.364     0.508     2.380     3.300     2.400    10.300
  2019.882    -4.114    -4.683     4.134     3.300     2.400    10.300
  2019.884     6.181     0.709     5.179     3.300     2.400    10.100
  2019.887     0.737     0.957     6.733     3.300     2.400    10.100
  2019.890     4.968     2.016    -7.882     3.300     2.400    10.000
  2019.893     1.778     0.573     0.768     3.000     2.400    10.000
  2019.895     1.950     0.266    -0.673     3.000     2.400    10.000
  2019.898    -1.108    -1.403    -0.570     3.000     2.400    10.000
  2019.901    -1.830    -1.427    11.674     3.000     2.400    10.000
  2019.904    -5.105     1.397    -3.053     3.300     2.400    10.100
  2019.906    -3.226    -1.559     2.332     3.100     2.400    10.300
  2019.909    -2.374    -0.661    -0.991     3.000     2.400    10.300
  2019.912     0.927    -0.218    -2.541     3.000     2.400    10.000
  2019.914     3.915    -1.834     1.399     3.000     2.400    10.000
  2019.917     0.832     0.108     1.532     3.000     2.300     9.700
  2019.920    -7.538    -3.791    -1.704     3.000     2.400    10.300
  2019.923    -1.998    -2.070     8.019     3.300     2.400    10.300
  2019.925    -1.480    -0.287     2.153     3.300     2.400    10.300
  2019.928     0.142    -1.011     1.137     3.000     2.400    10.300
  2019.931     0.266    -0.553    -2.218     3.000     2.400    10.000
  2019.934     0.519    -1.463    -4.120     3.000     2.400    10.000
  2019.936     0.730    -1.828    -4.491     3.000     2.400    10.000
  2019.939     0.004    -0.293    -0.661     3.000     2.400    10.300
  2019.942     0.983    -0.283    -2.766     3.000     2.400    10.300
  2019.945     0.812    -1.546    -7.171     3.100     2.400    10.300
  2019.947     3.897    -0.533    -5.745     3.300     2.400    10.100
  2019.950     1.693    -1.007    -5.671     3.000     2.400    10.300
  2019.953    -0.832    -1.345    -6.805     3.400     2.500    11.000
  2019.956    -0.960    -1.868    -6.443     3.000     2.400    10.000
  2019.958     2.287    -2.243    -0.545     3.000     2.400    10.300
  2019.961    -0.350    -3.320    -7.570     3.000     2.400    10.000
  2019.964    -2.338    -1.115     5.632     3.000     2.400    10.000
  2019.967     1.278    -1.574     0.705     3.000     2.400    10.000
  2019.969    -1.017    -0.659     6.272     3.000     2.400    10.300
  2019.972     2.879     1.607     6.775     3.000     2.400    10.300
  2019.975    -1.393    -2.794    -6.047     3.000     2.400    10.000
  2019.977    -0.189    -0.355    -8.935     3.000     2.300     9.600
  2019.980    -1.541    -0.830    -2.708     3.000     2.400    10.000
  2019.983    -1.037     0.045    -1.176     3.000     2.400    10.300
  2019.986     2.373    -0.570    -5.097     3.000     2.400    10.000
  2019.988     0.946    -4.003    -9.766     3.000     2.400    10.000
  2019.991     0.714    -3.006    -5.181     3.000     2.400    10.000
  2019.994     0.782    -0.515     0.627     3.000     2.400    10.000
  2019.997     1.980     0.908    -4.473     3.000     2.400    10.000
  2019.999   -10.831    -4.404     9.809     3.300     2.400    10.100
  2020.003    -3.063    -1.271    -0.728     3.300     2.400    10.300
  2020.006    -6.071    -2.262    -5.492     3.000     2.400    10.000
  2020.008    -6.818    -3.392    -1.833     3.300     2.500    10.400
  2020.011    -0.739    -1.905    -8.985     3.100     2.500    10.700
  2020.014    -0.390    -2.650    -8.895     3.400     2.400    10.300
  2020.016    -0.321    -1.086    -2.236     3.400     2.400    10.600
  2020.019    -4.392     0.222     4.714     3.400     2.400    10.300
  2020.022    -4.273    -2.623    -6.435     3.000     2.400    10.300
  2020.025    -2.324    -4.989    -5.656     3.300     2.400    10.300
  2020.027     1.953    -2.378     2.308     3.400     2.400    10.300
  2020.030     1.674    -0.507     1.817     3.300     2.400    10.300
  2020.033     2.192     0.758    10.018     3.000     2.400    10.300
  2020.036     7.076     3.558     5.650     3.300     2.400    10.300
  2020.038     2.743     1.637     3.566     3.000     2.400    10.000
  2020.041    -3.367     0.479    -1.551     3.300     2.400    10.300
  2020.044    -2.997     0.600     0.360     3.200     2.400    10.300
  2020.047     0.714     0.046     0.781     3.200     2.500    10.700
  2020.049    -0.666    -0.483     0.644     3.300     2.400    10.300
  2020.052    -0.475    -2.909    -9.734     3.000     2.400    10.300
  2020.055    -2.359    -2.710   -14.782     3.300     2.400    10.100
  2020.058    -2.895    -1.945    -6.444     3.000     2.400    10.000
  2020.060    -2.679    -1.354     4.842     3.300     2.400    10.300
  2020.063    -0.918    -3.285    -7.714     3.300     2.400    10.300
  2020.066    -3.641    -1.027    -2.320     3.000     2.400    10.000
  2020.068     0.757     0.248     3.146     3.000     2.400    10.000
  2020.071     0.464    -0.546    -3.236     3.000     2.400    10.000
  2020.074     1.251     1.276     0.697     3.000     2.400    10.000
  2020.077     1.341     0.159     1.912     3.000     2.400    10.000
  2020.079     2.316     0.893     0.697     3.000     2.400    10.000
  2020.082     0.308    -0.592    -6.093     3.300     2.400    10.300
  2020.085     1.914    -1.194     6.399     3.000     2.400    10.000
  2020.088    -2.517    -2.647    -2.763     3.300     2.400    10.300
  2020.090     0.411    -1.264     0.177     3.000     2.400    10.000
  2020.093     0.174     0.086    -4.599     3.300     2.400    10.100
  2020.096    -1.253    -0.142     0.861     3.000     2.400    10.000
  2020.099    -1.039    -1.544   -11.167     3.300     2.400    10.100
  2020.101     2.997     0.237    -3.210     3.000     2.400    10.000
  2020.104    -3.186    -1.786     2.118     3.300     2.400    10.300
  2020.107    -1.901    -2.871     7.037     3.300     2.400    10.300
  2020.110    -0.697    -6.559   -14.494     3.000     2.400    10.300
  2020.112    -1.482    -2.082     1.119     3.300     2.400    10.300
  2020.115     0.853    -0.246     3.620     3.300     2.400    10.300
  2020.118     1.454    -0.302    -0.292     3.000     2.400    10.300
  2020.121     1.886     1.678    -1.888     3.300     2.400    10.300
  2020.123     1.191     0.665     2.114     3.300     2.400    10.600
  2020.126     1.769     1.665    -5.484     3.300     2.400    10.300
  2020.129     1.877    -0.454    -0.417     3.300     2.400    10.300
  2020.131    -1.609    -0.931     1.146     3.300     2.400    10.300
  2020.134    -2.114    -3.129    -1.832     3.300     2.400    10.300
  2020.137    -1.627    -3.262    12.157     3.300     2.400    10.300
  2020.140    -1.661    -2.071    13.971     3.400     2.400    10.600
  2020.142     2.478     1.599    -0.083     3.300     2.400    10.300
  2020.145    -4.173    -2.924    12.750     3.000     2.400    10.000
  2020.148    -8.827    -3.802    -6.613     3.300     2.400    10.300
  2020.151    -8.178    -2.422    11.866     3.300     2.400    10.300
  2020.153     3.775     1.912   -13.457     3.300     2.400    10.300
  2020.156   -10.309    -4.898   -14.301     3.300     2.400    10.300
  2020.159    -1.050    -1.409   -15.364     3.000     2.495    10.300
  2020.162    -1.180     2.406    -2.836     3.300     2.400    10.300
  2020.164     1.101    -1.163     1.578     3.300     2.400    10.300
  2020.167    -2.579    -1.143    -2.401     3.000     2.400    10.300
  2020.170    -8.138    -4.373     1.124     3.300     2.400    10.600
  2020.173    -7.714    -3.867    -7.735     3.300     2.400    10.300
  2020.175    -5.786    -2.429    10.495     3.300     2.400    10.600
  2020.178   -10.080    -3.680     1.760     3.300     2.400    10.300
  2020.181    -2.797    -0.241     9.764     3.000     2.400    10.300
  2020.183     0.450    -2.708    -0.735     3.300     2.400    10.300
  2020.186     1.784    -2.754    -0.537     3.300     2.400    10.300
  2020.189    -0.796    -0.189    -3.108     3.300     2.400    10.300
  2020.192     2.440     0.377     1.749     3.300     2.400    10.300
  2020.194     3.672    -0.766     6.482     3.000     2.400    10.000
  2020.197     0.548    -1.130    -0.399     3.300     2.400    10.300
  2020.200    -0.628    -0.866     7.177     3.300     2.400    10.600
  2020.203    -4.218    -1.461    -0.311     3.300     2.400    10.300
  2020.205    -2.216    -4.821    -5.342     3.300     2.400    10.300
  2020.208    -0.128    -5.380    -9.814     3.300     2.500    10.700
  2020.211     1.006    -1.023    -6.740     3.300     2.400    10.300
  2020.214    -5.386    -0.088    -4.986     3.300     2.400    10.600
  2020.216    -3.874    -2.277     9.300     3.700     2.600    11.400
  2020.219   -11.751    -2.391    -1.068     3.300     2.500    10.700
  2020.222     2.451    -0.038    -4.813     3.300     2.500    10.700
  2020.225    -0.364    -0.522    -1.070     3.300     2.400    10.600
  2020.227     4.377     1.837    -0.412     3.300     2.400    10.300
  2020.230     1.142     1.896     6.218     3.300     2.400    10.300
  2020.233     0.295    -0.449    -1.860     3.300     2.400    10.300
  2020.236     2.497    -0.089    -3.724     3.300     2.400    10.300
  2020.238     1.232    -0.240     6.514     3.300     2.400    10.300
  2020.241     9.147    -1.106     6.577     3.300     2.400    10.600
  2020.244     4.326    -2.633    -4.000     3.300     2.400    10.300
  2020.246     0.781    -1.300    -4.935     3.300     2.400    10.300
  2020.249    -2.708    -1.089     0.887     3.300     2.400    10.600
  2020.252     2.175    -1.224     0.877     3.300     2.400    10.300
  2020.255     3.318     0.423    -2.185     3.300     2.400    10.300
  2020.257     2.439    -2.731    -2.854     3.300     2.400    10.600
  2020.260    -1.523    -1.719    10.324     3.300     2.500    10.700
  2020.263    -0.107    -5.307    -4.895     3.300     2.500    10.700
  2020.266     1.115     0.467     3.691     3.300     2.400    10.600
  2020.268     1.486     1.189    -5.862     3.300     2.400    10.600
  2020.271     1.100     0.077    -2.599     3.300     2.400    10.600
  2020.274     1.505     1.619     7.164     3.300     2.400    10.300
  2020.277     2.127    -1.535     5.395     3.300     2.500    10.700
  2020.279     2.348    -0.062     1.447     3.300     2.400    10.600
  2020.282    -4.905    -0.917     2.335     3.400     2.600    11.000
  2020.285     0.185     0.018    -1.062     3.300     2.500    10.700
  2020.288     0.149    -1.427     0.146     3.300     2.500    10.700
  2020.290     0.317    -1.572     2.816     3.300     2.400    10.600
  2020.293     0.116    -1.078     2.565     3.300     2.500    10.700
  2020.296     5.834     2.837    -3.369     3.300     2.500    10.700
  2020.298     0.380    -0.955    -0.463     3.300     2.400    10.300
  2020.301    -4.040    -8.037    -4.040     3.248     2.500    10.700
  2020.304    -3.728    -4.721    20.723     3.248     2.400    10.600
  2020.307    -5.977    -1.589     9.509     3.300     2.400    10.600
  2020.309    -8.432    -4.827    -2.406     3.300     2.400    10.300
  2020.312    -0.352    -1.371    -4.790     3.400     2.500    10.700
  2020.315     0.054    -0.391     1.481     3.400     2.400    10.600
  2020.318     0.213    -1.157     1.921     3.300     2.400    10.300
  2020.320    -0.135     0.142     3.154     3.300     2.400    10.300
  2020.323    -0.034    -1.024    -0.872     3.300     2.400    10.600
  2020.326     0.982    -0.301     2.881     3.300     2.400    10.300
  2020.329    -0.562     0.583     1.536     3.300     2.400    10.300
  2020.331     2.533     1.065     4.903     3.300     2.495    10.300
  2020.334     1.982     1.418    -4.647     3.300     2.500    10.700
  2020.337     1.346    -0.599    -1.935     3.300     2.400    10.600
  2020.340     6.335     2.229    -9.240     3.300     2.400    10.300
  2020.342     2.315     2.302   -10.122     3.300     2.400    10.300
  2020.345     5.287     1.396    -6.999     3.300     2.500    10.700
  2020.348    -4.111    -1.585   -31.446     3.300     2.400    10.600
  2020.350    -5.762    -1.620    17.337     3.200     2.500    10.700
  2020.353    -3.880    -4.635    11.851     3.248     2.500    10.700
  2020.356    -0.616     0.783    11.278     3.300     2.600    11.000
  2020.359    -1.861    -2.081    12.165     3.300     2.500    10.700
  2020.361    -4.445    -3.482     5.515     3.300     2.400    10.300
  2020.364    -2.372    -1.285    -4.738     3.300     2.400    10.300
  2020.367     4.196    -0.728   -26.920     3.300     2.400    10.600
  2020.370     2.100     0.839    -1.833     3.400     2.400    10.600
  2020.372    -0.370    -1.478    -5.310     3.300     2.400    10.300
  2020.375    -1.126     0.790     3.261     3.300     2.400    10.300
  2020.378     1.177    -0.642     0.792     3.300     2.400    10.300
  2020.381    -0.249     0.790    12.603     3.300     2.500    11.000
  2020.383    -2.756     1.074     1.117     3.300     2.500    10.700
  2020.386     8.862     2.136    -7.026     3.300     2.500    10.547
  2020.389    11.355     2.925    -7.101     3.300     2.500    10.700
  2020.392     0.684     0.789    -2.334     3.300     2.400    10.600
  2020.394     3.407     3.171     4.304     3.300     2.500    10.700
  2020.397     1.514     1.738    17.057     3.300     2.500    10.700
  2020.400     5.124     2.596    -0.085     3.300     2.500    10.700
  2020.403    -0.565    -1.640     7.167     3.300     2.400    10.300
  2020.405    -2.107     0.071     3.169     3.300     2.400    10.300
  2020.408    -1.292    -1.569    -2.948     3.400     2.400    10.600
  2020.411     0.709    -0.272    -3.941     3.300     2.400    10.300
  2020.413     1.163    -0.542     8.059     3.300     2.400    10.600
  2020.416     0.383    -1.940     3.474     3.300     2.400    10.600
  2020.419     1.056     0.445     0.506     3.300     2.400    10.600
  2020.422    -3.148    -2.264     5.494     3.300     2.400    10.300
  2020.424     4.731     2.024     5.766     3.300     2.400    10.600
  2020.427    -0.791     0.966    14.144     3.400     2.500    11.000
  2020.430     0.920    -1.064     4.057     3.400     2.600    11.200
  2020.433     5.695     2.117    13.395     3.300     2.400    10.600
  2020.435     1.867     0.049     0.606     3.300     2.500    10.700
  2020.438     1.979     0.123     3.813     3.300     2.400    10.600
  2020.441     0.216    -1.230    13.354     3.300     2.400    10.600
  2020.444     5.054     0.116     5.999     3.300     2.400    10.600
  2020.446     3.376     1.614     8.657     3.300     2.500    11.000
  2020.449     1.274    -1.356     2.966     3.300     2.400    10.600
  2020.452     0.879    -2.171    -1.604     3.300     2.400    10.300
  2020.455     0.001    -0.061     1.696     3.300     2.400    10.600
  2020.457     1.149     1.130     7.167     3.300     2.400    10.300
  2020.460     3.906     1.795    10.178     3.300     2.400    10.600
  2020.463     2.324     0.468     8.619     3.300     2.400    10.600
  2020.465     0.321     0.129     5.230     3.300     2.400    10.300
  2020.468     0.988     1.111     5.133     3.300     2.400    10.600
  2020.471     2.090     0.394     7.628     3.300     2.400    10.600
  2020.474     1.551     0.344     2.573     3.300     2.400    10.600
  2020.476     2.186     0.653     1.555     3.300     2.500    11.000
  2020.479     2.493    -0.636     1.865     3.300     2.400    10.600
  2020.482     0.822     1.125     3.358     3.300     2.400    10.600
  2020.485    -0.125     0.698     2.807     3.300     2.400    10.600
  2020.487     0.593    -0.363    -0.436     3.300     2.500    11.000
  2020.490     1.041     0.656     1.041     3.300     2.600    11.000
  2020.493     1.700    -0.058     0.033     3.400     2.500    10.700
  2020.496     2.448    -0.226     3.714     3.400     2.500    11.000
  2020.498     0.546     1.002     4.853     3.400     2.500    11.000
  2020.501     0.005    -1.868    -5.907     3.300     2.500    11.000
  2020.504    -0.746    -0.070     1.611     3.300     2.500    10.700
  2020.507    -2.616    -0.765    -3.510     3.300     2.400    10.600
  2020.509     1.108     1.720     0.725     3.300     2.400    10.600
  2020.512     1.256     0.861    13.462     3.300     2.400    10.600
  2020.515     2.259     0.561    12.265     3.300     2.400    10.600
  2020.518     1.737     0.123    -0.696     3.300     2.500    10.700
  2020.520     3.144     0.590     8.732     3.300     2.400    10.600
  2020.523     4.952     0.895     8.019     3.300     2.600    10.700
  2020.526     3.333     1.200     0.882     3.300     2.500    10.700
  2020.528     2.043    -0.086    -1.050     3.300     2.500    10.700
  2020.531    -0.676     0.136     0.286     3.300     2.400    10.600
  2020.534    -0.875    -0.399     5.396     3.300     2.500    10.600
  2020.537     1.154     1.528     2.288     3.300     2.400    10.300
  2020.539     1.498    -0.386     2.962     3.300     2.600    10.700
  2020.542     3.472    -0.778     6.477     3.300     2.500    10.600
  2020.545     1.318     0.242    -0.241     3.300     2.600    10.700
  2020.548     0.652     1.875     0.643     3.300     2.400    10.600
  2020.550     0.633    -0.604    -1.753     3.300     2.500    10.600
  2020.553     0.946    -0.430     1.721     3.300     2.500    10.600
  2020.556     0.182     0.418     2.948     3.300     2.500    10.600
  2020.559     1.133     0.023     0.427     3.300     2.500    10.700
  2020.561     2.199    -0.157     3.536     3.300     2.600    11.000
  2020.564     1.502     1.208     0.601     3.300     2.500    10.600
  2020.567     1.264     0.750     9.849     3.300     2.500    10.600
  2020.570    -0.731    -1.347    -0.577     3.300     2.500    10.600
  2020.572    -1.475    -0.615    -1.349     3.400     2.600    10.700
  2020.575     1.339    -0.737    -6.074     3.600     2.700    11.400
  2020.578     1.057     1.722    -4.435     3.300     2.600    10.700
  2020.580     0.132    -0.010     1.418     3.300     2.600    10.700
  2020.583     1.402     1.243     3.539     3.300     2.600    10.700
  2020.586    -0.271     1.130    -1.439     3.300     2.600    11.000
  2020.589    -0.092     1.646    14.544     3.400     2.495    11.000
  2020.591     0.038     0.098     0.665     3.300     2.600    10.700
  2020.594     0.194    -2.105     2.758     3.300     2.600    10.700
  2020.597    -0.837     1.158    -5.091     3.300     2.600    10.700
  2020.600     1.027     0.813    -4.643     3.300     2.700    11.300
  2020.602    -1.245     1.106    -7.482     3.300     2.600    11.000
  2020.605     0.363     1.759    -5.176     3.300     2.600    10.700
  2020.608    -0.582     1.577    -1.749     3.300     2.600    11.000
  2020.611    -0.837    -0.031    -2.574     3.300     2.600    10.700
  2020.613     0.969    -0.193     0.957     3.300     2.600    10.700
  2020.616    -0.072    -0.679     1.837     3.400     2.600    10.700
  2020.619    -0.394    -0.995    -4.286     3.400     2.600    10.700
  2020.622     0.032     0.936     0.843     3.400     2.600    10.700
  2020.624     0.811     2.316     2.440     3.400     2.600    10.700
  2020.627     1.640     0.854    -1.994     3.300     2.600    10.700
  2020.630    -0.259     0.055    -2.789     3.400     2.600    10.700
  2020.632    -0.304    -0.627    -3.666     3.400     2.600    10.700
  2020.635    -0.478    -0.040    -2.232     3.300     2.600    10.700
  2020.638    -0.379     0.266    -3.643     3.400     2.500    10.600
  2020.641    -0.162     0.430    -4.744     3.300     2.600    10.700
  2020.643     1.988    -0.332    -5.156     3.300     2.600    10.700
  2020.646     0.431     1.091     4.424     3.300     2.500    10.300
  2020.649    -1.990    -0.648    -2.541     3.400     2.500    10.600
  2020.652     1.125     0.323    -1.725     3.300     2.600    10.700
  2020.654    -0.802     0.277    -9.097     3.300     2.600    10.700
  2020.657     0.261     0.165    -2.080     3.300     2.600    10.700
  2020.660     2.063     0.904    -4.565     3.300     2.600    10.700
  2020.663    -0.917     0.433    -6.026     3.400     2.600    10.700
  2020.665    -0.571     1.790    -5.887     3.400     2.600    10.700
  2020.668     0.058    -0.180    -2.122     3.300     2.500    10.300
  2020.671    -0.799    -0.557    -5.132     3.300     2.600    10.700
  2020.674    -0.555     1.162    -6.762     3.300     2.600    10.700
  2020.676     0.198     0.596    -1.175     3.400     2.600    10.700
  2020.679     0.814     1.936     2.475     3.300     2.600    10.700
  2020.682     0.088    -0.030     3.988     3.400     2.500    10.600
  2020.685    -1.614     0.072    -5.953     3.400     2.600    10.700
  2020.687    -0.651    -0.800    -5.101     3.300     2.500    10.300
  2020.690    -0.062     0.401    -8.233     3.300     2.600    10.700
  2020.693    -0.195     0.077    -2.924     3.300     2.600    10.700
  2020.695    -0.508     0.468     1.012     3.300     2.600    10.700
  2020.698     1.041     0.796    -2.214     3.300     2.700    11.200
  2020.701     1.090     1.906    -6.398     3.300     2.600    10.700
  2020.704     0.944     0.122    -0.419     3.300     2.500    10.300
  2020.706     1.299     1.189    -1.271     3.300     2.500    10.300
  2020.709     2.085     1.295    -1.026     3.700     2.600    10.700
  2020.712     0.881     0.516    -2.189     3.700     2.700    11.000
  2020.715    -0.917    -0.110    -0.293     3.400     2.600    10.700
  2020.717     0.117     0.139    -3.322     3.400     2.600    10.900
  2020.720    -0.389     0.625    -5.287     3.400     2.600    10.700
  2020.723     0.901     0.313    -6.600     3.300     2.600    10.400
  2020.726     1.468     0.435    -6.056     3.300     2.500    10.300
  2020.728    -0.414     2.011     3.371     3.300     2.600    10.700
  2020.731     0.595     0.959    -3.971     3.400     2.600    10.700
  2020.734     0.800    -0.122     1.397     3.300     2.600    10.400
  2020.737     1.660     0.962     6.676     3.300     2.600    10.700
  2020.739     0.561     1.242    -1.733     3.300     2.600    10.700
  2020.742     1.069     1.822    -2.427     3.300     2.500    10.300
  2020.745     1.734     0.883     0.714     3.300     2.600    10.700
  2020.747     1.676     0.382    -1.463     3.300     2.500    10.300
  2020.750     2.484     1.043     3.500     3.300     2.600    10.400
  2020.753     3.304     2.065     6.831     3.400     2.500    10.600
  2020.756     0.155     0.482     5.489     3.300     2.600    10.700
  2020.758     1.960     1.714     1.560     3.300     2.600    10.700
  2020.761     3.511    -0.179     1.489     3.300     2.600    10.700
  2020.764     3.154     2.522    -0.612     3.300     2.600    10.400
  2020.767     1.951     0.716     0.143     3.300     2.600    10.400
  2020.769     0.322     0.995    -1.439     3.300     2.600    10.700
  2020.772     1.188     0.991    -1.439     3.300     2.600    10.700
  2020.775     0.303     1.391    -3.078     3.300     2.500    10.300
  2020.778     1.294     0.174    -1.693     3.400     2.500    10.300
  2020.780     0.361     0.815    -6.113     3.300     2.500    10.300
  2020.783     1.348     0.279     4.384     3.300     2.600    10.700
  2020.786     0.519    -0.275    -4.834     3.300     2.600    10.400
  2020.789    -1.595     1.687    -7.804     3.300     2.500    10.300
  2020.791     0.023     0.256    -5.482     3.300     2.600    10.400
  2020.794    -0.054    -0.881    -0.015     3.300     2.600    10.700
  2020.797     0.682     0.384     0.363     3.300     2.600    10.700
  2020.800     0.819     1.337    -7.270     3.300     2.600    10.700
  2020.802     0.212     0.242    -1.019     3.300     2.600    10.700
  2020.805     1.063    -0.368    -1.003     3.300     2.600    10.700
  2020.808    -0.113    -0.421    -1.851     3.300     2.500    10.300
  2020.810     0.352    -0.272     3.596     3.300     2.600    10.700
  2020.813    -0.265     0.353    -2.028     3.300     2.600    10.700
  2020.816     3.440     1.315    -1.801     3.300     2.600    10.400
  2020.819     0.983     0.642     3.589     3.300     2.600    10.400
  2020.821     0.760     3.212    -7.961     3.300     2.600    10.700
  2020.824    -1.139    -0.899     7.499     3.300     2.600    10.700
  2020.827    -0.519     0.890    -6.752     3.300     2.600    10.700
  2020.830    -0.452     2.149    -3.069     3.400     2.600    10.700
  2020.832     0.516     0.612     0.600     3.300     2.600    10.700
  2020.835    -0.015     2.532     0.788     3.300     2.600    10.700
  2020.838     2.681     2.225    -0.675     3.300     2.600    10.700
  2020.841    -0.092     2.175    -1.737     3.300     2.600    10.700
  2020.843     2.108     0.790    -0.264     3.300     2.600    10.700
  2020.846    -2.314    -1.762   -17.748     3.300     2.600    10.547
  2020.849    -2.680     2.020   -19.705     3.300     2.700    10.900
  2020.852     6.715     1.147     6.292     3.300     2.500    10.300
  2020.854     0.110     1.853    -1.089     3.300     2.600    10.700
  2020.857     1.036     0.961    -4.848     3.300     2.600    10.700
  2020.860     0.176    -0.114    -5.682     3.300     2.600    11.000
  2020.862    -0.244     0.363     0.516     3.300     2.600    10.700
  2020.865     0.624     0.150    -4.231     3.300     2.600    10.700
  2020.868     1.423     0.532    -3.783     3.300     2.700    10.900
  2020.871     0.815     0.430    -5.271     3.300     2.600    11.000
  2020.873     0.941     0.304    -3.112     3.300     2.600    10.700
  2020.876    -0.295     2.022    -1.004     3.300     2.600    10.700
  2020.879     2.007     6.633     7.615     3.300     2.600    11.000
  2020.882   -10.190    -4.032     2.840     3.200     2.600    11.000
  2020.884    -9.816    -4.864    -7.105     3.248     2.600    10.700
  2020.887    -3.648    -2.928    23.639     3.300     2.600    11.000
  2020.890    -2.292     1.498    -6.414     3.600     2.700    11.700
  2020.893    -0.001     2.841     5.279     3.300     2.600    10.700
  2020.895    -2.071    -2.680   -13.054     3.300     2.500    10.700
  2020.898    -1.674    -1.167    -6.716     3.200     2.700    11.100
  2020.901    -0.708     2.212    -4.295     3.200     2.600    11.000
  2020.904     3.545     2.560    -7.078     3.300     2.600    10.700
  2020.906     2.095     2.019     3.099     3.300     2.500    10.600
  2020.909     0.703     2.849     3.670     3.300     2.600    10.700
  2020.912     3.350     1.784     1.005     3.300     2.600    10.900
  2020.914     1.266     0.605    -1.188     3.300     2.600    10.900
  2020.917    -0.370     0.136    13.997     3.300     2.600    11.000
  2020.920     1.645     0.901     0.321     3.300     2.600    10.700
  2020.923    -4.147    -2.575    -2.183     3.300     2.600    10.700
  2020.925    -2.722     0.580    -4.562     3.300     2.600    10.400
  2020.928    -4.296    -2.881     7.158     3.300     2.600    10.700
  2020.931    -1.863     0.289    -6.676     3.300     2.600    10.700
  2020.934     3.844     3.180     7.000     3.300     2.600    10.700
  2020.936     1.686    -0.376    -4.451     3.300     2.600    10.400
  2020.939     2.507     1.893    -3.512     3.300     2.500    10.300
  2020.942     1.929     1.248     2.119     3.300     2.600    10.700
  2020.945    -4.394    -2.481    12.484     3.300     2.600    10.700
  2020.947    -3.058     0.377     5.305     3.200     2.600    10.700
  2020.950     2.224     1.518     7.868     3.300     2.500    10.600
  2020.953     0.371     1.126     3.039     3.300     2.600    10.700
  2020.956    -0.678     0.088    -8.201     3.300     2.600    10.700
  2020.958    -3.737     1.270   -12.395     3.300     2.500    10.600
  2020.961     1.405     0.282    -2.065     3.300     2.500    10.600
  2020.964     3.113    -0.051    -3.778     3.300     2.600    10.700
  2020.967     5.004    -0.017    -6.825     3.300     2.600    10.700
  2020.969    -0.097     0.917    -0.212     3.300     2.600    11.000
  2020.972     1.873     1.831     1.900     3.200     2.600    11.000
  2020.975     1.369     2.092    -0.578     3.300     2.600    10.700
  2020.977    -1.167    -1.780     6.449     3.600     2.700    11.700
  2020.980    -2.786    -0.604    -5.448     3.300     2.800    11.300
  2020.983     1.648     0.158    -7.211     3.600     2.800    11.900
  2020.986    -0.901    -1.789    -7.731     3.600     2.700    11.400
  2020.988     0.466     1.164     0.533     3.300     2.600    10.700
  2020.991     0.755     0.743     5.063     3.300     2.600    11.000
  2020.994     1.149     2.165    -3.323     3.300     2.600    11.000
  2020.997     0.499     0.628    -1.730     3.300     2.600    11.200
  2020.999     1.820     1.960    -3.381     3.300     2.600    11.000
  2021.002     0.775    -0.580     2.853     3.300     2.600    11.000
  2021.005    -0.323     0.094    -2.278     3.248     2.495    10.547
  2021.008    -2.275    -0.787    -6.129     3.248     2.495    10.547
  2021.010     0.013     1.022    -1.224     3.248     2.495    10.547
  2021.013     4.089     2.720    -3.838     3.248     2.495    10.547
  2021.016     5.357     3.369     8.083     3.248     2.495    10.547
  2021.019     0.718     2.570     4.037     3.248     2.495    10.547
  2021.021    -7.702     0.480    -1.958     3.248     2.495    10.547
  2021.024   -12.175    -3.018     0.827     3.248     2.495    10.547
  2021.027   -10.384    -3.112    -1.705     3.248     2.495    10.547
  2021.030    -1.342    -0.650     2.715     3.248     2.495    10.547
  2021.032     0.592     1.013    -3.207     3.248     2.495    10.547
  2021.035     0.746     1.369    -4.673     3.248     2.495    10.547
  2021.038     1.370     0.748    -0.690     3.248     2.495    10.547
  2021.040     4.228     1.044     1.932     3.248     2.495    10.547
  2021.043     2.157     2.116    -0.947     3.248     2.495    10.547
  2021.046     1.434     1.376    -2.396     3.248     2.495    10.547
  2021.049     0.970     0.896    -2.205     3.248     2.495    10.547
  2021.051     2.372     1.852    -5.035     3.248     2.495    10.547
  2021.054    -1.179     1.211    -0.945     3.248     2.495    10.547
  2021.057     0.992     1.812     0.293     3.248     2.495    10.547
  2021.060     2.873     1.516     0.344     3.248     2.495    10.547
  2021.062     0.040     0.324     6.414     3.248     2.495    10.547
  2021.065    -0.895     1.692    -5.423     3.248     2.495    10.547
  2021.068     1.281     1.028    -7.760     3.248     2.495    10.547
  2021.071     1.403    -0.769    -3.144     3.248     2.495    10.547
  2021.073     0.585    -0.374    -1.985     3.248     2.495    10.547
  2021.076    -2.988     0.570     2.340     3.248     2.495    10.547
  2021.079    -0.815    -0.031    -0.239     3.248     2.495    10.547
  2021.082    -0.280    -1.643    -7.171     3.248     2.495    10.547
  2021.084     1.411    -0.120    -5.416     3.248     2.495    10.547
  2021.087     0.061    -0.063    -4.596     3.248     2.495    10.547
  2021.090    -1.427     2.357     4.453     3.248     2.495    10.547
  2021.093    -5.593    -1.176     8.139     3.248     2.495    10.547
  2021.095    -1.418    -0.766     0.588     3.248     2.495    10.547
  2021.098    -2.380    -1.117    -1.208     3.248     2.495    10.547
  2021.101    -1.377    -3.149    -3.737     3.248     2.495    10.547
  2021.103    -0.027    -0.854    -2.271     3.248     2.495    10.547
  2021.106     1.232     0.658     0.057     3.248     2.495    10.547
  2021.109     2.142     0.170     2.229     3.248     2.495    10.547
  2021.112     3.405     0.314    -4.341     3.248     2.495    10.547
  2021.114     1.003     1.091     0.637     3.248     2.495    10.547
  2021.117    -1.934    -1.300     4.642     3.248     2.495    10.547
  2021.120     1.941     0.528     7.438     3.248     2.495    10.547
  2021.123    -1.881    -0.806    10.754     3.248     2.495    10.547
  2021.125    -1.845    -0.419     6.406     3.248     2.495    10.547
  2021.128    -2.965    -1.002     4.266     3.248     2.495    10.547
  2021.131    -2.436     0.005     8.553     3.248     2.495    10.547
  2021.134    -1.878    -0.164    -0.671     3.248     2.495    10.547
  2021.136    -0.143    -1.306     0.777     3.248     2.495    10.547
  2021.139    -2.306    -1.611     1.792     3.248     2.495    10.547
  2021.142     1.031    -0.666    -0.915     3.248     2.495    10.547
  2021.145     1.868    -0.166     2.947     3.248     2.495    10.547
  2021.147     1.731    -0.689     6.024     3.248     2.495    10.547
  2021.150     3.696    -0.046    -6.227     3.248     2.495    10.547
  2021.153     2.363     0.040     0.949     3.248     2.495    10.547
  2021.156     1.530     0.724     2.356     3.248     2.495    10.547
  2021.158     0.767     1.410     3.280     3.248     2.495    10.547
  2021.161    -0.015     1.111    12.907     3.248     2.495    10.547
  2021.164    -0.825    -1.208    -1.878     3.248     2.495    10.547
  2021.166    -1.816    -2.432    -7.838     3.248     2.495    10.547
  2021.169    -0.571    -2.108     0.556     3.248     2.495    10.547
  2021.172     0.071    -1.690     4.510     3.248     2.495    10.547
  2021.175    -0.381     0.750    -7.505     3.248     2.495    10.547
  2021.177    -4.157    -0.737     1.788     3.248     2.495    10.547
  2021.180    -6.880    -3.394    10.576     3.248     2.495    10.547
  2021.183     1.158    -0.358     9.203     3.248     2.495    10.547
  2021.186    -1.274    -0.178     1.285     3.248     2.495    10.547
  2021.188    -0.324     0.132     2.387     3.248     2.495    10.547
  2021.191    -0.020     1.030     2.975     3.248     2.495    10.547
  2021.194     1.737     0.771     3.508     3.248     2.495    10.547
  2021.197     1.992     0.983     5.299     3.248     2.495    10.547
  2021.199     0.975     0.100     2.561     3.248     2.495    10.547
  2021.202     0.736     1.211    -4.299     3.248     2.495    10.547
  2021.205    -1.622    -0.614     3.306     3.248     2.495    10.547
  2021.208    -2.366    -1.178    -2.303     3.248     2.495    10.547
  2021.210    -1.714    -1.918    -8.605     3.248     2.495    10.547
  2021.213    -4.844    -2.233     8.419     3.248     2.495    10.547
  2021.216    -2.073    -1.171    -2.394     3.248     2.495    10.547
  2021.219    -2.474    -1.577     1.232     3.248     2.495    10.547
  2021.221    -1.212     0.376     5.591     3.248     2.495    10.547
  2021.224    -0.658     0.247     6.031     3.248     2.495    10.547
  2021.227    -4.339     0.412    -3.515     3.248     2.495    10.547
  2021.230    -7.042    -3.718     0.331     3.248     2.495    10.547
  2021.232    -3.202    -2.738    -1.123     3.248     2.495    10.547
  2021.235    -0.110    -0.653    -0.739     3.248     2.495    10.547
  2021.238    -4.874    -0.005     3.115     3.248     2.495    10.547
  2021.240    -4.106    -0.865     2.773     3.248     2.495    10.547
  2021.243    -5.904    -0.563    -9.625     3.248     2.495    10.547
  2021.246   -10.214    -0.070    -0.956     3.248     2.495    10.547
  2021.249    -6.713    -1.125   -10.815     3.248     2.495    10.547
  2021.251    -3.363    -0.070    -5.267     3.248     2.495    10.547
  2021.254    -1.223     0.315     5.888     3.248     2.495    10.547
  2021.257     2.127    -1.647     2.475     3.248     2.495    10.547
  2021.260     0.858    -0.333     1.033     3.248     2.495    10.547
  2021.262     0.383     0.799     2.445     3.248     2.495    10.547
  2021.265     1.238     1.899     8.626     3.248     2.495    10.547
  2021.268     5.138    -1.079    -8.564     3.248     2.495    10.547
  2021.271     5.571    -0.203   -15.648     3.248     2.495    10.547
  2021.273     1.062    -1.799   -18.538     3.248     2.495    10.547
  2021.276    -2.050    -2.357     0.699     3.248     2.495    10.547
  2021.279    -5.033    -3.583    -7.329     3.248     2.495    10.547
  2021.282    -3.995    -2.900    -4.566     3.248     2.495    10.547
  2021.284     0.054    -1.180    -0.981     3.248     2.495    10.547
  2021.287     3.755     2.376    -0.795     3.248     2.495    10.547
  2021.290     1.993     0.974    -1.336     3.248     2.495    10.547
  2021.293     1.419     0.387    -4.185     3.248     2.495    10.547
  2021.295     0.340    -0.144    -1.816     3.248     2.495    10.547
  2021.298    -7.842    -0.633     2.332     3.248     2.495    10.547
  2021.301    -2.240    -0.826    -0.833     3.248     2.495    10.547
  2021.303    -1.701    -0.910     8.376     3.248     2.495    10.547
  2021.306    -2.054     0.564    -5.419     3.248     2.495    10.547
  2021.309    -4.490    -3.078    12.815     3.248     2.495    10.547
  2021.312     0.852     1.030     2.160     3.248     2.495    10.547
  2021.314     5.052    -0.310   -10.118     3.248     2.495    10.547
  2021.317     1.865    -2.270     2.065     3.248     2.495    10.547
  2021.320    -1.034    -0.160     6.661     3.248     2.495    10.547
  2021.323     0.410     0.870    -3.152     3.248     2.495    10.547
  2021.325     0.874     0.605    -1.892     3.248     2.495    10.547
  2021.328     2.119     0.830     3.800     3.248     2.495    10.547
  2021.331     1.645    -1.086    13.166     3.248     2.495    10.547
  2021.334     4.068     2.288    -0.283     3.248     2.495    10.547
  2021.336     2.441     0.331     2.052     3.248     2.495    10.547
  2021.339     4.384     1.427    -0.505     3.248     2.495    10.547
  2021.342     5.514     1.059   -14.514     3.248     2.495    10.547
  2021.345     2.329    -0.392    -1.180     3.248     2.495    10.547
  2021.347     2.549     0.982     6.995     3.248     2.495    10.547
  2021.350     1.055    -0.767    11.376     3.248     2.495    10.547
  2021.353     4.215     2.127    -6.461     3.248     2.495    10.547
  2021.356     4.415     1.848    -7.906     3.248     2.495    10.547
  2021.358     1.372     1.818     4.840     3.248     2.495    10.547
  2021.361     3.535     1.317    17.661     3.248     2.495    10.547
  2021.364     3.273    -4.246    14.327     3.248     2.495    10.547
  2021.366    -4.343    -4.942    -8.979     3.248     2.495    10.547
  2021.369    -0.856    -1.005    -1.679     3.248     2.495    10.547
  2021.372    -0.854    -1.865     8.869     3.248     2.495    10.547
  2021.375    -2.560     1.126     5.009     3.248     2.495    10.547
  2021.377     4.870     1.557    15.114     3.248     2.495    10.547
  2021.380     1.406     2.059    25.785     3.248     2.495    10.547
  2021.383    -0.137     3.795     7.589     3.248     2.495    10.547
