  2019.282     4.695     0.480    -5.294     4.500     3.300    14.200
  2019.285    10.344     1.610     1.487     3.300     2.400    10.500
  2019.288     4.886    -0.328     6.880     3.300     2.400    10.500
  2019.290    10.262     1.668    12.048     3.300     2.400    10.500
  2019.293     6.685    -0.937     8.677     3.300     2.400    10.500
  2019.296     6.342     0.289     9.365     3.300     2.400    10.500
  2019.298     4.061    -0.537     5.562     3.300     2.400    10.500
  2019.301    -0.447    -0.499     4.356     3.300     2.400    10.500
  2019.304     1.628     0.270     6.629     3.300     2.400    10.500
  2019.307     6.210     2.218    -0.125     3.300     2.500    10.500
  2019.309    -0.763     0.424     0.756     3.300     2.500    10.500
  2019.312    -0.867    -0.174     1.421     3.300     2.500    10.500
  2019.315    -0.070     2.269    -1.492     3.300     2.600    10.600
  2019.318    -0.340    -0.450     5.598     3.300     2.500    10.200
  2019.320     1.400     0.412     6.886     3.300     2.400    10.500
  2019.323    -0.113     0.509     2.218     3.300     2.500    10.500
  2019.326    -0.741     0.925     5.280     3.300     2.500    10.400
  2019.329    -1.846     0.582     2.687     3.300     2.500    10.500
  2019.331     2.014    -0.288    -2.349     3.384     2.500    10.500
  2019.334     6.757    -0.666    13.230     3.300     2.600    10.800
  2019.337     4.305    -0.856    22.781     3.300     2.500    10.400
  2019.340     5.226     1.044    22.925     3.300     2.400    10.500
  2019.342     0.244    -2.008     5.038     3.300     2.500    10.400
  2019.345    -4.034    -1.132    16.337     3.300     2.500    10.500
  2019.348    -0.113     1.301    -2.351     3.300     2.400    10.500
  2019.350     7.962     0.076     9.225     3.300     2.400    10.500
  2019.353     9.078     1.260    -7.429     3.400     2.500    10.200
  2019.356     6.732     0.028     6.610     3.300     2.500    10.500
  2019.359     5.008     0.792     0.696     3.384     2.400    10.500
  2019.361     3.296     3.321   -10.505     3.384     2.500    10.500
  2019.364     2.660     1.883    -8.442     3.384     2.400    10.500
  2019.367     2.621    -0.050    22.826     3.300     2.500    10.500
  2019.370     0.684    -0.518     9.941     3.300     2.500    10.200
  2019.372    -4.484     0.649     3.792     3.300     2.400    10.500
  2019.375    -2.659    -0.562    16.048     3.300     2.500    10.500
  2019.378     0.310     1.223     8.586     3.300     2.500    10.500
  2019.381     0.318     0.243     9.241     3.300     2.500    10.500
  2019.383    -3.414     0.049    15.318     3.300     2.400    10.500
  2019.386    -1.576     0.528     4.063     3.300     2.500    10.500
  2019.389     2.368    -0.394     4.004     3.300     2.400    10.500
  2019.392     1.960     1.475     6.551     3.300     2.500    10.500
  2019.394     0.269    -0.144     0.134     3.300     2.400    10.500
  2019.397     1.263     1.417     8.448     3.300     2.400    10.500
  2019.400    -0.280     0.023     6.237     3.300     2.400    10.200
  2019.403     0.125     0.441     3.261     3.300     2.500    10.400
  2019.405    -0.602     0.566     0.872     3.400     2.500    10.200
  2019.408    -0.125     1.420     0.286     3.300     2.500    10.200
  2019.411     1.334     1.222     5.357     3.300     2.500    10.500
  2019.413     0.303     2.338     5.737     3.300     2.400    10.500
  2019.416    -1.202    -0.619    -2.720     3.300     2.500    10.500
  2019.419    -0.599     1.299     2.069     3.300     2.500    10.500
  2019.422    -1.566    -0.085     0.679     3.300     2.500    10.500
  2019.424     0.128     0.937     1.708     3.300     2.400    10.200
  2019.427     0.578     0.138     1.252     3.300     2.400    10.500
  2019.430    -0.846     1.093     0.073     3.300     2.600    10.800
  2019.433     1.138    -0.072    -4.554     3.300     2.500    10.500
  2019.435    -1.834     1.134     2.408     3.300     2.400    10.500
  2019.438    -0.139     0.826     5.374     3.400     2.400    10.400
  2019.441     0.728    -0.765    14.637     3.400     2.400    10.500
  2019.444     1.313     0.650     1.469     3.300     2.600    10.800
  2019.446     0.508     0.089    -0.472     3.300     2.400    10.500
  2019.449    -0.878    -1.066     0.522     3.300     2.500    10.800
  2019.452     0.822     0.096     3.930     3.300     2.400    10.500
  2019.455    -0.201    -0.118     6.062     3.300     2.500    10.900
  2019.457    -1.139     0.333     0.790     3.300     2.400    10.700
  2019.460     0.761    -1.025    -6.204     3.300     2.600    10.800
  2019.463     0.253    -0.384    -3.039     3.300     2.500    10.800
  2019.465     3.323     0.445    13.620     3.400     2.600    11.100
  2019.468     1.653    -0.127     3.500     3.400     2.500    11.100
  2019.471     2.787     1.479     7.455     3.300     2.500    10.800
  2019.474    -0.990     1.883     1.840     3.300     2.500    10.700
  2019.476    -2.708    -0.497     5.415     3.300     2.600    10.800
  2019.479    -1.930     0.381    -5.935     3.300     2.400    10.500
  2019.482     0.125     0.170     1.780     3.300     2.400    10.500
  2019.485     0.280     1.367     3.165     3.300     2.400    10.500
  2019.487    -0.186     1.304    -0.356     3.300     2.400    10.500
  2019.490    -0.685    -1.029     1.372     3.300     2.400    10.500
  2019.493    -2.865    -0.929    -3.836     3.300     2.500    10.500
  2019.496     0.775    -1.169    -4.958     3.300     2.400    10.500
  2019.498    -0.149    -0.876     3.097     3.300     2.400    10.500
  2019.501    -1.738    -0.587    -2.558     3.300     2.400    10.200
  2019.504    -1.133    -0.174     4.166     3.300     2.500    10.500
  2019.507    -0.780    -0.681    -2.536     3.300     2.400    10.500
  2019.509    -1.030    -0.379     7.017     3.300     2.400    10.500
  2019.512     1.427     0.527     2.810     3.300     2.400    10.500
  2019.515    -1.772     0.720     2.691     3.300     2.500    10.500
  2019.518     3.735     1.873     5.435     3.300     2.500    10.500
  2019.520    -1.122    -0.318     1.482     3.300     2.400    10.500
  2019.523     0.206    -0.767     5.922     3.300     2.500    10.500
  2019.526     1.612     0.046     7.022     3.300     2.400    10.500
  2019.528    -0.892     0.207     2.726     3.300     2.400    10.500
  2019.531    -0.354    -0.314     5.671     3.300     2.600    10.800
  2019.534    -0.606    -0.337    -5.017     3.300     2.400    10.500
  2019.537    -0.201    -1.322    -2.498     3.300     2.400    10.500
  2019.539    -0.705    -0.750    -2.230     3.300     2.400    10.500
  2019.542    -2.018    -0.774     0.245     3.300     2.500    10.400
  2019.545    -0.973    -1.403     1.167     3.300     2.600    10.800
  2019.548     0.298    -0.069    -1.284     3.400     2.600    10.800
  2019.550    -1.347    -0.063    -1.552     3.300     2.500    10.500
  2019.553    -1.164    -0.951    -2.159     3.300     2.400    10.200
  2019.556    -0.361    -0.795     1.032     3.300     2.500    10.500
  2019.559    -0.556    -0.557    -4.274     3.300     2.400    10.500
  2019.561    -1.324    -2.784    -8.024     3.200     2.700    11.300
  2019.564    -0.266    -0.907    -6.052     3.300     2.400    10.500
  2019.567    -2.152    -0.538     2.305     3.300     2.600    10.800
  2019.570    -1.710    -0.127    -0.924     3.300     2.400    10.500
  2019.572    -0.098    -0.830    -9.961     3.300     2.400    10.500
  2019.575    -0.518    -1.014    -2.231     3.300     2.600    10.600
  2019.578    -0.596    -1.603    -3.766     3.300     2.400    10.500
  2019.580    -0.440    -1.946    -6.093     3.400     2.500    10.400
  2019.583    -1.031    -0.745    -1.195     3.300     2.400    10.500
  2019.586    -1.665     0.460     1.845     3.200     2.600    10.600
  2019.589    -1.175    -0.560    -1.639     3.300     2.400    10.500
  2019.591     2.477    -0.341    -4.384     3.300     2.400    10.500
  2019.594    -0.723    -3.364    -9.887     3.300     2.400    10.500
  2019.597    -3.235     0.226   -12.005     3.300     2.500    10.500
  2019.600    -2.892     1.316     4.556     3.300     2.600    11.100
  2019.602     0.031     0.489    -1.921     3.300     2.500    10.800
  2019.605    -1.983     0.842    -2.552     3.300     2.500    10.500
  2019.608    -0.486    -2.118     2.974     3.200     2.600    10.900
  2019.611    -1.639    -1.431     1.331     3.200     2.600    10.900
  2019.613    -0.624     0.196     2.679     3.300     2.500    10.400
  2019.616    -0.619     0.699     0.624     3.300     2.400    10.500
  2019.619    -1.357    -0.056    -0.344     3.300     2.400    10.500
  2019.622     0.015    -0.878    -4.124     3.300     2.500    10.500
  2019.624    -1.651    -2.193     1.521     3.300     2.500    10.900
  2019.627    -0.549    -0.152    -0.112     3.300     2.400    10.500
  2019.630    -0.144    -1.007    -3.383     3.300     2.500    10.500
  2019.632    -2.096     0.743    -4.674     3.300     2.400    10.500
  2019.635    -0.908    -1.065    -1.483     3.300     2.500    10.500
  2019.638     1.811    -1.784    -8.963     3.300     2.500    10.500
  2019.641     0.027    -1.857    -0.940     3.300     2.400    10.500
  2019.643    -1.810    -1.475    -2.869     3.300     2.400    10.500
  2019.646    -0.517    -1.174    -3.635     3.300     2.500    10.500
  2019.649     0.130    -1.154    -8.701     3.300     2.400    10.500
  2019.652    -0.001    -1.212     5.428     3.300     2.500    10.500
  2019.654    -0.065    -4.696    -7.985     3.300     2.600    10.600
  2019.657    -0.721    -2.263    -5.275     3.300     2.400    10.500
  2019.660     0.204    -0.225   -16.221     3.300     2.600    10.800
  2019.663     0.516    -2.085    -4.346     3.300     2.600    10.600
  2019.665     1.853    -3.413    -8.126     3.300     2.400    10.500
  2019.668    -0.163    -1.595    -6.412     3.300     2.500    10.400
  2019.671    -0.407    -0.213    -5.912     3.300     2.400    10.500
  2019.674    -1.479    -0.429    -4.769     3.300     2.400    10.500
  2019.676    -0.610    -1.052    -2.780     3.300     2.400    10.500
  2019.679    -0.706    -0.786    -3.765     3.300     2.600    10.800
  2019.682     0.859    -0.989     2.059     3.300     2.600    10.900
  2019.685     0.721     0.448    -4.160     3.300     2.500    10.500
  2019.687     0.824     0.907    -2.906     3.300     2.400    10.500
  2019.690    -1.085     0.036    -2.863     3.300     2.500    10.400
  2019.693     0.142     0.283    -3.457     3.300     2.600    10.800
  2019.695    -0.627     0.474    -2.931     3.300     2.600    10.600
  2019.698    -0.408    -0.601    -7.373     3.300     2.500    10.600
  2019.701    -1.501     0.490    -7.328     3.300     2.400    10.500
  2019.704    -0.336    -1.156    -2.998     3.300     2.400    10.200
  2019.706    -0.356    -0.370    -5.206     3.300     2.400    10.500
  2019.709    -0.409    -0.433    -3.351     3.300     2.400    10.500
  2019.712    -0.352    -0.169    -4.167     3.300     2.400    10.500
  2019.715    -2.221    -0.062    -6.485     3.300     2.500    10.500
  2019.717    -0.044    -2.474    -2.920     3.300     2.400    10.500
  2019.720     0.331    -1.214    -7.210     3.400     2.500    10.800
  2019.723     0.017    -1.619    -6.925     3.600     2.500    11.100
  2019.726    -0.234    -1.550    -1.892     3.300     2.400    10.500
  2019.728    -1.666    -1.131    -0.956     3.300     2.400    10.500
  2019.731    -1.395    -0.664    -1.634     3.300     2.400    10.500
  2019.734    -1.824    -0.390    -5.342     3.300     2.400    10.500
  2019.737    -2.337    -1.234   -11.597     3.300     2.500    10.600
  2019.739    -0.212    -0.376    -4.022     3.300     2.400    10.500
  2019.742    -0.426    -1.543    -7.115     3.700     2.600    10.900
  2019.745    -0.393    -1.662     0.717     3.300     2.600    10.800
  2019.747     0.736    -0.578     6.137     3.300     2.400    10.500
  2019.750     0.168    -1.211    -2.168     3.300     2.600    10.800
  2019.753    -0.797    -0.902    -4.190     3.200     2.500    10.900
  2019.756    -0.245    -1.431    -9.861     3.300     2.600    10.800
  2019.758    -0.894     0.047     2.398     3.300     2.500    10.700
  2019.761    -0.208    -1.967    -2.676     3.300     2.400    10.500
  2019.764    -1.273    -1.416    -2.443     3.300     2.400    10.500
  2019.767    -1.233    -0.663     0.052     3.300     2.400    10.500
  2019.769     0.681     0.167    -6.485     3.300     2.400    10.500
  2019.772     0.810     0.115    -0.283     3.300     2.400    10.500
  2019.775     1.967     0.341    -5.268     3.400     2.600    10.800
  2019.778    -1.965    -0.690    -4.077     3.300     2.400    10.700
  2019.780     2.154    -0.803     3.672     3.300     2.400    10.500
  2019.783     2.094     0.467    -2.407     3.300     2.400    10.500
  2019.786    -2.142    -0.213    -3.025     3.300     2.500    10.500
  2019.789     3.774    -1.422    19.708     3.300     2.500    10.600
  2019.791     1.710    -0.890    17.941     3.300     2.400    10.500
  2019.794    -0.439    -1.012    -1.433     3.300     2.400    10.500
  2019.797    -1.584    -1.434    -5.364     3.300     2.500    10.500
  2019.800     1.378    -1.011    13.503     3.300     2.400    10.500
  2019.802     4.289     0.094     6.219     3.300     2.400    10.500
  2019.805     6.864     1.658   -11.369     3.300     2.400    10.500
  2019.808     3.683     0.111   -11.376     3.300     2.400    10.500
  2019.810     0.039    -1.022    -2.578     3.300     2.400    10.500
  2019.813     3.746    -1.080   -11.101     3.300     2.500    10.500
  2019.816     5.066     2.052   -12.410     3.300     2.400    10.500
  2019.819     2.693    -0.473   -12.026     3.300     2.400    10.500
  2019.821     4.077     1.244   -12.409     3.300     2.400    10.500
  2019.824    -0.766    -1.646    -4.413     3.300     2.500    10.500
  2019.827    -0.976     0.312    -4.126     3.200     2.500    10.500
  2019.830     0.143    -0.302    -0.944     3.300     2.500    10.500
  2019.832     6.197     1.227    -5.030     3.300     2.500    10.800
  2019.835     8.583     1.708    -1.291     3.300     2.500    10.800
  2019.838    -0.331    -0.410    -2.201     3.300     2.400    10.500
  2019.841     0.732     0.174     0.395     3.300     2.400    10.500
  2019.843     9.569     1.277    -7.408     3.300     2.400    10.500
  2019.846     6.264     2.162    -4.606     3.300     2.500    10.500
  2019.849    -0.667     0.002    -1.579     3.300     2.400    10.500
  2019.852    -0.696    -0.411     0.276     3.300     2.500    10.500
  2019.854    -0.756     0.796     5.689     3.300     2.400    10.500
  2019.857     2.982     0.157    19.076     3.200     2.500    10.500
  2019.860     7.744     2.631    -6.606     3.300     2.400    10.500
  2019.862    11.860     0.817    -4.099     3.300     2.400    10.500
  2019.865     0.943     0.934    -1.801     3.300     2.400    10.500
  2019.868    -0.804    -0.157    -5.774     3.300     2.500    10.500
  2019.871    -0.668    -0.734    -0.993     3.300     2.500    10.200
  2019.873     1.369    -0.043    -5.755     3.300     2.400    10.500
  2019.876     3.476     1.491     6.527     3.300     2.400    10.500
  2019.879     2.465    -0.170     4.565     3.300     2.600    10.800
  2019.882     8.520     3.738     6.419     3.300     2.400    10.500
  2019.884     8.418     4.028     9.265     3.300     2.400    10.500
  2019.887     2.379     0.175    -6.081     3.300     2.400    10.700
  2019.890    -8.187    -0.667   -11.896     3.300     2.600    10.900
  2019.893    -0.772     0.289     0.355     3.300     2.400    10.500
  2019.895    -1.196    -0.219    -0.087     3.300     2.400    10.500
  2019.898     2.851    -0.189     4.717     3.300     2.400    10.500
  2019.901     5.332     1.986    -2.340     3.300     2.400    10.500
  2019.904    -4.338    -0.491     7.734     3.300     2.400    10.500
  2019.906     5.345     1.652    -0.982     3.300     2.500    10.800
  2019.909    -0.399    -0.451     9.096     3.300     2.400    10.700
  2019.912    -6.793    -0.410     4.646     3.300     2.400    10.500
  2019.914   -10.701    -0.426    -0.414     3.300     2.400    10.500
  2019.917    -0.080     1.014    -0.881     3.300     2.400    10.500
  2019.920     1.854     0.614    15.783     3.300     2.500    10.800
  2019.923     0.798     0.534     8.706     3.300     2.500    10.900
  2019.925     0.921     2.216    -1.660     3.400     2.400    10.700
  2019.928    -1.354     1.091    -2.876     3.300     2.400    10.700
  2019.931     0.675     0.047     3.370     3.300     2.400    10.700
  2019.934    -0.268    -0.064    -1.732     3.300     2.400    10.500
  2019.936    -0.153    -0.530    -1.303     3.300     2.400    10.700
  2019.939     0.825    -0.996    -3.373     3.300     2.400    10.700
  2019.942    -1.592     0.113    -1.478     3.300     2.400    10.700
  2019.945     1.042     1.749     4.017     3.300     2.400    10.700
  2019.947     3.131    -0.139     2.943     3.300     2.400    10.700
  2019.950    -3.469    -2.214    10.817     3.300     2.400    10.500
  2019.953    -6.889    -1.053     8.883     3.400     2.500    11.100
  2019.956    -5.214     0.323     1.646     3.300     2.400    10.500
  2019.958    -7.562    -2.453     5.144     3.300     2.400    10.500
  2019.961    -4.795     0.469    -2.181     3.300     2.400    10.500
  2019.964     1.021     0.972    -1.179     3.300     2.400    10.500
  2019.967    -3.759     0.212     3.594     3.300     2.500    10.700
  2019.969    -8.450     1.926    -0.039     3.300     2.500    10.700
  2019.972    -6.649     1.091    -3.736     3.300     2.400    10.500
  2019.975    -6.317     0.388    -2.557     3.300     2.400    10.500
  2019.977    -4.909     0.026     0.554     3.300     2.400    10.500
  2019.980    -3.157     0.850    -2.418     3.300     2.400    10.700
  2019.983    -6.148    -0.175     3.814     3.300     2.500    10.700
  2019.986    -5.834     0.208     9.893     3.300     2.500    10.400
  2019.988    -2.557    -1.825    -2.176     3.300     2.400    10.200
  2019.991    -1.985     0.470    -3.491     3.300     2.400    10.500
  2019.994    -0.413     1.260     0.517     3.300     2.500    10.500
  2019.997    -1.511     1.782     0.717     3.300     2.500    10.700
  2019.999     5.883     2.569     3.100     3.300     2.400    10.500
  2020.003    10.856     3.001     6.363     3.300     2.500    10.500
  2020.006    -1.848    -2.091     9.198     3.300     2.400    10.500
  2020.008    -3.491    -3.722    -2.443     3.300     2.600    10.800
  2020.011    -3.407    -0.737    -8.294     3.300     2.600    10.800
  2020.014    -2.355    -0.183    -2.605     3.400     2.500    10.700
  2020.016    -2.481     0.280    -4.346     3.300     2.500    10.800
  2020.019    -4.048    -0.113    -1.395     3.300     2.500    10.800
  2020.022    -5.125     2.540   -10.844     3.300     2.400    10.500
  2020.025    -7.171    -0.327   -13.165     3.300     2.500    11.100
  2020.027    -4.891     0.084    -2.201     3.600     2.500    11.100
  2020.030     0.035     0.753     3.908     3.300     2.400    10.500
  2020.033     1.457     0.918    -7.291     3.300     2.400    10.500
  2020.036     9.545     2.716     0.741     3.300     2.400    10.700
  2020.038    -5.584     0.095    12.358     3.300     2.400    10.500
  2020.041    -5.589     2.235     5.540     3.300     2.600    10.900
  2020.044    -5.316     1.255     9.552     3.200     2.600    11.100
  2020.047    -6.400    -0.401     3.673     3.200     2.600    10.900
  2020.049    -7.275     0.170     6.136     3.300     2.400    10.500
  2020.052    -1.981     0.943    -1.242     3.300     2.400    10.700
  2020.055    -1.060     2.640   -10.790     3.300     2.500    10.900
  2020.058    -2.592     2.004   -14.652     3.300     2.400    10.700
  2020.060    -4.372     0.094    -6.265     3.300     2.400    10.700
  2020.063    -2.707     0.762   -11.721     3.300     2.400    10.500
  2020.066     0.374     1.019     0.573     3.300     2.400    10.500
  2020.068    -0.423     0.693     2.239     3.300     2.400    10.500
  2020.071    -0.212     1.098    -4.643     3.300     2.400    10.500
  2020.074     0.279     2.219     3.290     3.300     2.600    10.900
  2020.077    -0.227     1.400     1.405     3.300     2.400    10.500
  2020.079     1.252     1.733    -0.710     3.300     2.400    10.500
  2020.082    -7.051     2.147    -4.400     3.300     2.500    10.600
  2020.085    -8.741     0.845    -5.208     3.300     2.400    10.500
  2020.088    -5.068     0.390    -7.269     3.300     2.400    10.500
  2020.090    -4.036    -0.028    -4.530     3.300     2.400    10.500
  2020.093     1.732     1.421    -1.706     3.300     2.500    10.500
  2020.096    -4.892     0.292     9.155     3.300     2.500    10.500
  2020.099    -1.773     2.989    -0.173     3.300     2.400    10.500
  2020.101    -2.533    -1.332    10.884     3.300     2.400    10.500
  2020.104    -3.012    -0.456    -1.888     3.300     2.400    10.500
  2020.107    -3.923    -0.942   -11.968     3.300     2.400    10.500
  2020.110    -1.114     0.069    -3.400     3.300     2.400    10.500
  2020.112    -0.896     1.345   -14.887     3.300     2.400    10.500
  2020.115     4.244     1.279     4.814     3.300     2.400    10.700
  2020.118     0.149     0.323    -3.097     3.300     2.400    10.500
  2020.121     1.285     0.302    -0.293     3.300     2.600    10.800
  2020.123    -0.305     0.888    -2.791     3.400     2.600    11.100
  2020.126     1.176     2.186    -7.689     3.300     2.600    10.800
  2020.129    -0.711     1.766    -3.322     3.300     2.400    10.500
  2020.131    -6.093     0.088     4.341     3.300     2.500    10.700
  2020.134    -3.194     0.489    -6.536     3.300     2.400    10.500
  2020.137     0.698     0.655     3.653     3.300     2.500    10.500
  2020.140     0.767     1.145    -0.734     3.300     2.600    10.800
  2020.142     4.211     1.714    -8.588     3.300     2.500    10.800
  2020.145    -1.136     0.290     2.046     3.300     2.400    10.500
  2020.148    -1.686     1.911    -4.818     3.300     2.600    10.900
  2020.151     2.767     1.789   -10.138     3.300     2.400    10.700
  2020.153     0.924    -0.378     5.739     3.300     2.500    10.700
  2020.156     1.344    -0.589    -2.205     3.300     2.500    10.900
  2020.159    -2.192     0.712    -5.968     3.300     2.400    10.700
  2020.162     7.282     4.113    -8.140     3.300     2.400    10.700
  2020.164     3.768     2.343   -10.926     3.300     2.400    10.500
  2020.167    -1.809     1.161    -2.804     3.300     2.400    10.700
  2020.170     0.537     0.231    -6.080     3.300     2.600    10.800
  2020.173     6.165     2.035    -2.038     3.400     2.500    10.700
  2020.175     3.597     1.773    -5.708     3.300     2.500    10.900
  2020.178    -4.093    -1.479     1.057     3.400     2.400    10.700
  2020.181    -9.406    -2.241    -1.739     3.300     2.600    10.900
  2020.183   -12.554    -2.610    -7.638     3.300     2.600    10.800
  2020.186   -10.216     3.942     1.760     3.300     2.500    10.700
  2020.189    -1.392     0.407     0.289     3.300     2.400    10.700
  2020.192    -5.151     1.071    -4.654     3.300     2.500    10.900
  2020.194    -9.115     0.727    -8.621     3.300     2.500    10.700
  2020.197    -8.335     0.862     0.499     3.300     2.500    10.700
  2020.200    -1.007     0.226    -4.625     3.300     2.600    10.800
  2020.203    -6.593    -0.771     4.187     3.300     2.600    10.900
  2020.205    -5.986     0.768   -10.545     3.300     2.500    10.700
  2020.208    -6.594     1.808   -10.916     3.300     2.500    10.700
  2020.211    -8.956    -2.936    -1.542     3.300     2.600    10.800
  2020.214    -3.144     0.298     7.412     3.300     2.600    10.800
  2020.216    -0.528     1.008     0.198     3.700     2.800    11.900
  2020.219     2.500    -0.907     5.730     3.300     2.600    11.100
  2020.222    -1.894     0.645     6.185     3.300     2.600    10.800
  2020.225    -0.205     0.760    -3.672     3.300     2.600    10.800
  2020.227    -1.760     0.018    -1.913     3.300     2.500    10.700
  2020.230     0.310     0.775     4.017     3.300     2.600    10.800
  2020.233    -0.634     0.629    -3.362     3.300     2.600    10.800
  2020.236     5.872     0.088     1.875     3.300     2.600    10.900
  2020.238     0.612     1.536     0.613     3.300     2.600    10.800
  2020.241    -7.378     0.469     8.877     3.384     2.600    10.800
  2020.244    -9.386     0.541    -3.300     3.300     2.600    10.800
  2020.246    -5.126    -1.128     5.864     3.300     2.500    10.700
  2020.249    -4.311    -0.918    -3.214     3.300     2.600    11.100
  2020.252    -7.325    -0.554    -7.624     3.300     2.600    10.800
  2020.255   -11.078    -1.707   -10.586     3.300     2.600    10.900
  2020.257    -9.952    -1.263   -13.754     3.300     2.600    10.800
  2020.260    -3.310     1.948    -3.476     3.300     2.600    10.800
  2020.263    -1.390     0.558    -1.495     3.300     2.600    11.100
  2020.266     1.237    -0.068     4.491     3.300     2.600    10.800
  2020.268    -2.389     0.453     7.538     3.300     2.500    10.700
  2020.271     2.530     3.039     7.901     3.200     2.600    10.900
  2020.274   -10.861    -3.620    -2.636     3.300     2.600    10.800
  2020.277    -3.134    -0.375     5.696     3.300     2.500    10.900
  2020.279     2.691     1.297    -0.153     3.300     2.500    11.100
  2020.282    -1.359     0.741    -4.164     3.400     2.600    11.400
  2020.285     1.235     1.775    -2.361     3.400     2.600    11.100
  2020.288    -2.896     0.129     1.547     3.300     2.500    11.100
  2020.290     1.176     0.283     3.317     3.300     2.600    10.800
  2020.293    -0.921    -0.025     4.666     3.300     2.600    10.800
  2020.296     1.602     0.390     7.132     3.300     2.600    10.800
  2020.298     1.152     1.196     2.538     3.300     2.600    10.800
  2020.301     6.412     1.514    -6.338     3.300     2.600    10.800
  2020.304     0.679     1.328     8.425     3.300     2.500    11.100
  2020.307    -8.392    -3.340     2.610     3.300     2.600    11.100
  2020.309    -9.343    -3.981    -3.304     3.300     2.600    10.800
  2020.312    -1.859     1.275    -4.989     3.400     2.600    11.100
  2020.315    -0.549    -0.046    -3.617     3.400     2.600    11.100
  2020.318    -0.586     1.687     1.523     3.300     2.600    10.900
  2020.320    -0.930    -0.416    -1.444     3.300     2.600    10.800
  2020.323    -0.024    -0.283     3.931     3.300     2.500    10.700
  2020.326    -0.904     0.239     2.484     3.300     2.600    10.800
  2020.329     3.256     1.223    -2.562     3.300     2.600    10.800
  2020.331     0.356     1.250     5.806     3.300     2.600    10.800
  2020.334     0.108     1.355     9.556     3.300     2.600    10.800
  2020.337    -0.023    -0.263     1.168     3.300     2.600    10.800
  2020.340     3.669     0.164     6.263     3.300     2.600    10.800
  2020.342     3.254    -1.065    16.098     3.300     2.600    10.991
  2020.345     6.630     0.029    14.204     3.300     2.600    11.100
  2020.348     9.837     3.046     4.557     3.300     2.600    10.800
  2020.350     0.690     2.310    -0.160     3.300     2.600    10.900
  2020.353    -7.803    -2.906     0.254     3.300     2.600    11.100
  2020.356     6.744     1.411    -4.218     3.300     2.600    11.100
  2020.359     1.403     2.046     8.268     3.600     2.600    11.100
  2020.361     0.624     0.344     9.119     3.300     2.600    10.800
  2020.364     8.400     1.140    -3.035     3.384     2.500    11.100
  2020.367    11.973     3.996    15.083     3.200     2.500    11.100
  2020.370     4.081    -0.339    11.871     3.300     2.600    11.100
  2020.372     0.415     1.443     5.294     3.300     2.600    10.800
  2020.375     0.364     1.610    -0.635     3.600     2.500    11.200
  2020.378    -0.130     0.877     3.496     3.300     2.500    10.900
  2020.381    -4.151    -1.092     6.407     3.600     2.700    11.300
  2020.383     1.146     0.491     6.122     3.300     2.600    11.200
  2020.386     4.468     0.552     5.489     3.300     2.500    10.991
  2020.389     3.965     0.340     4.193     3.200     2.500    10.991
  2020.392    -0.002     2.602     0.971     3.600     2.600    11.100
  2020.394     2.226     0.783    -8.591     3.300     2.500    11.100
  2020.397     1.737     2.349    -2.465     3.600     2.500    10.991
  2020.400     4.451     0.306     7.520     3.300     2.600    11.100
  2020.403     6.266     0.269    -2.328     3.300     2.600    10.800
  2020.405    -0.472     0.679    -1.225     3.300     2.500    11.100
  2020.408    -0.053     0.338     0.057     3.300     2.600    11.100
  2020.411    -0.047     0.034    -4.036     3.300     2.600    10.900
  2020.413     0.811    -0.538     9.565     3.300     2.600    11.100
  2020.416    -1.164    -0.437     2.380     3.300     2.600    10.800
  2020.419     1.112     1.748     2.912     3.300     2.600    10.800
  2020.422    -0.287     0.537    12.800     3.300     2.600    10.800
  2020.424     2.596     0.524    14.872     3.300     2.600    10.900
  2020.427     1.478    -0.435    14.950     3.700     2.700    11.500
  2020.430     1.393     0.234    -1.536     3.400     2.700    11.500
  2020.433     0.073     0.614    14.101     3.300     2.600    10.900
  2020.435     0.149     0.745    10.512     3.300     2.600    10.800
  2020.438     1.565    -1.482    -1.680     3.300     2.600    11.100
  2020.441     1.006    -1.136     7.460     3.300     2.600    11.100
  2020.444     1.348     1.709     1.906     3.300     2.600    10.800
  2020.446     2.374     0.606     5.164     3.600     2.600    11.400
  2020.449     1.676    -1.265     5.273     3.300     2.600    11.100
  2020.452     0.286    -0.282    -1.097     3.300     2.600    10.800
  2020.455     0.712    -0.273    -4.397     3.300     2.600    11.100
  2020.457    -0.036    -1.483     0.274     3.300     2.600    10.800
  2020.460     2.125     0.881     6.085     3.300     2.600    10.800
  2020.463     0.048    -0.047     2.626     3.300     2.600    11.100
  2020.465     1.148    -0.287     0.437     3.300     2.600    10.800
  2020.468     1.120     0.994     0.641     3.300     2.600    11.100
  2020.471     0.426     0.176    -1.864     3.300     2.600    10.800
  2020.474     2.391     1.125    -2.419     3.300     2.600    11.100
  2020.476     0.830    -0.368    -1.837     3.300     2.600    11.100
  2020.479    -0.058    -0.358    -1.927     3.300     2.600    10.800
  2020.482     0.275    -0.198    -0.333     3.300     2.600    11.100
  2020.485     0.732    -0.526    -2.985     3.300     2.600    11.100
  2020.487     1.354     0.412     0.073     3.600     2.700    11.500
  2020.490     1.606     0.530     7.049     3.300     2.700    11.500
  2020.493     0.270    -0.086     1.342     3.600     2.600    11.800
  2020.496    -0.878     0.346     1.223     3.300     2.600    11.400
  2020.498     0.524     0.672    -3.238     3.300     2.600    11.400
  2020.501    -1.313     0.101    -3.798     3.300     2.600    11.100
  2020.504     1.141     0.098     2.520     3.300     2.600    11.100
  2020.507    -1.225    -0.798     3.899     3.300     2.600    11.100
  2020.509     0.303    -2.214    -1.965     3.300     2.600    11.100
  2020.512     3.055     1.126     5.672     3.300     2.600    11.100
  2020.515     0.862     1.425    -3.026     3.300     2.600    11.100
  2020.518    -1.055    -0.615    -1.187     3.300     2.600    11.100
  2020.520     1.956    -0.048     3.741     3.300     2.600    11.100
  2020.523    -0.232     0.855     1.529     3.300     2.600    11.400
  2020.526     2.853    -0.640    10.491     3.300     2.600    11.100
  2020.528     2.967    -0.728     1.960     3.300     2.600    11.100
  2020.531     0.352    -0.307    -1.304     3.300     2.600    11.100
  2020.534    -0.042    -1.444    -6.794     3.200     2.500    11.100
  2020.537     1.590    -0.717     2.298     3.300     2.600    11.100
  2020.539    -0.261    -0.532    -1.028     3.300     2.600    11.100
  2020.542     1.117     0.475     8.888     3.300     2.600    11.100
  2020.545     0.667    -1.107    -0.831     3.300     2.600    10.900
  2020.548     0.706     0.225    -4.347     3.200     2.600    11.100
  2020.550     0.091    -0.654    -2.543     3.300     2.600    11.100
  2020.553     1.808    -0.682    -1.768     3.300     2.600    11.100
  2020.556     2.648     0.565     5.759     3.300     2.600    11.100
  2020.559     1.903    -0.032     3.338     3.300     2.600    11.100
  2020.561     0.773    -1.612     1.947     3.300     2.600    10.800
  2020.564    -0.419    -0.949    -3.288     3.300     2.600    11.100
  2020.567    -0.353    -0.808    -2.539     3.300     2.600    11.100
  2020.570    -1.144    -1.706    -0.766     3.300     2.600    11.100
  2020.572     0.116    -0.575     4.763     3.300     2.600    11.400
  2020.575     2.335    -1.598    -5.062     3.600     2.700    11.800
  2020.578     1.057    -0.740    -6.424     3.300     2.600    11.100
  2020.580    -0.464    -1.674    -3.670     3.600     2.600    11.100
  2020.583     0.811    -2.021     3.651     3.700     2.600    11.400
  2020.586     1.341    -0.836    -1.627     3.600     2.700    11.500
  2020.589     1.725    -1.605    -5.044     3.600     2.700    11.500
  2020.591    -0.141    -1.069     2.978     3.300     2.600    11.100
  2020.594     0.619    -1.374    -2.429     3.300     2.700    11.500
  2020.597     1.392    -0.511    -1.479     3.600     2.700    11.300
  2020.600     1.060    -0.058    -8.830     3.600     2.700    11.800
  2020.602    -0.908    -1.966    -5.570     3.300     2.700    11.500
  2020.605     0.605    -0.814     3.737     3.300     2.600    11.400
  2020.608    -0.036    -1.497    -3.736     3.300     2.600    11.100
  2020.611    -0.287    -1.206     1.239     3.300     2.600    11.100
  2020.613    -0.877    -0.769    -6.630     3.300     2.600    11.100
  2020.616    -0.013    -1.456   -10.350     3.600     2.700    11.500
  2020.619    -0.731    -1.874     3.527     3.300     2.600    11.100
  2020.622    -0.301    -0.444    -4.144     3.400     2.600    11.100
  2020.624     0.582    -0.665     2.753     3.400     2.600    11.100
  2020.627     1.515    -1.228     2.219     3.300     2.700    11.200
  2020.630    -0.379    -1.128    -5.875     3.600     2.700    11.500
  2020.632    -1.121    -1.711    -2.552     3.300     2.700    11.500
  2020.635    -0.990    -1.225     0.081     3.300     2.600    11.100
  2020.638    -0.588    -0.621     0.771     3.300     2.600    11.100
  2020.641    -1.065    -1.058    -4.630     3.400     2.800    11.200
  2020.643     0.288    -1.021    -7.042     3.300     2.600    11.100
  2020.646     0.135    -1.999    -7.162     3.300     2.600    11.100
  2020.649    -0.481    -1.739    -3.527     3.300     2.700    11.200
  2020.652     0.137     0.131     3.989     3.300     2.700    11.200
  2020.654    -0.285    -1.816    -3.083     3.300     2.600    11.100
  2020.657     0.382    -1.229    -3.065     3.300     2.600    11.100
  2020.660    -0.111    -0.791    -3.750     3.300     2.700    11.200
  2020.663    -1.388    -1.763     0.488     3.400     2.600    11.100
  2020.665    -1.137    -1.807    -1.572     3.400     2.600    11.100
  2020.668     0.596    -1.579    -1.707     3.700     2.600    11.100
  2020.671    -1.257    -0.557    -2.017     3.400     2.600    11.100
  2020.674    -1.909    -0.839    -2.946     3.300     2.600    11.100
  2020.676    -0.852    -2.506    -4.059     3.600     2.700    11.300
  2020.679    -0.431    -0.367    -5.209     3.300     2.600    11.100
  2020.682    -0.453    -0.135    -1.396     3.300     2.700    11.200
  2020.685    -0.551    -0.633    -0.938     3.300     2.600    11.100
  2020.687    -0.283    -0.806    -1.285     3.300     2.700    11.200
  2020.690    -0.790    -1.906    -4.017     3.400     2.600    11.100
  2020.693    -0.219    -0.232    -1.108     3.300     2.600    11.100
  2020.695    -0.028    -2.141     0.628     3.600     2.800    11.500
  2020.698    -0.075    -1.514    -6.498     3.600     2.800    11.800
  2020.701     0.679    -1.006   -12.582     3.600     2.800    11.200
  2020.704     0.937    -1.691     0.697     3.300     2.600    10.800
  2020.706     0.796    -0.525    -3.355     3.300     2.700    11.200
  2020.709     1.186    -0.421    -4.309     3.700     2.800    11.500
  2020.712    -1.014     0.800    -7.772     4.000     2.900    11.600
  2020.715     0.492    -2.027   -14.277     3.400     2.800    11.500
  2020.717     0.531    -1.779    -2.505     3.400     2.800    11.500
  2020.720     0.329    -0.695    -3.270     3.400     2.800    11.200
  2020.723    -1.277    -0.708    -4.883     3.600     2.700    11.300
  2020.726     2.294    -0.187    -0.939     3.300     2.600    11.100
  2020.728     2.516    -1.112     0.588     3.600     2.700    11.200
  2020.731     1.230    -2.266    -6.654     3.600     2.800    11.200
  2020.734     1.438    -0.947     0.614     3.600     2.700    11.300
  2020.737     0.403     0.335    -0.407     3.400     2.600    11.100
  2020.739     0.708    -0.285    -0.616     3.300     2.700    11.200
  2020.742     1.720    -0.907     1.091     3.600     2.700    11.300
  2020.745     0.590     0.554     1.532     3.300     2.600    10.800
  2020.747     1.836    -1.949    -5.645     3.300     2.600    11.100
  2020.750     1.048    -0.389     2.418     3.300     2.600    10.800
  2020.753     1.672    -0.068    -4.251     3.600     2.700    11.300
  2020.756     1.227    -0.453    -2.593     3.600     2.700    11.100
  2020.758     2.136    -2.121     7.778     3.300     2.700    10.800
  2020.761     0.091     0.185    -3.092     3.300     2.600    11.100
  2020.764     1.039    -0.515    -4.493     3.400     2.600    10.800
  2020.767     1.140    -1.422   -11.939     3.300     2.600    10.800
  2020.769    -0.285    -0.044    -5.720     3.400     2.700    11.100
  2020.772    -0.014    -1.850    -0.721     3.600     2.800    11.200
  2020.775    -0.895    -2.051    -7.459     3.600     2.700    11.100
  2020.778     0.100    -1.369    -2.974     3.300     2.600    10.800
  2020.780     1.171    -2.029    -5.694     3.300     2.600    10.800
  2020.783     0.462    -1.467    -4.697     3.300     2.600    11.100
  2020.786     1.338    -2.321    -3.515     3.300     2.700    11.100
  2020.789     0.827    -1.061    -5.185     3.300     2.600    10.800
  2020.791    -0.350    -1.193    -0.063     3.300     2.600    11.100
  2020.794    -0.123    -2.031    -4.695     3.300     2.600    10.800
  2020.797     0.117    -0.967    -3.118     3.300     2.600    10.800
  2020.800     0.458    -1.515    -5.750     3.300     2.700    11.100
  2020.802     1.156    -1.811    -2.499     3.300     2.600    11.100
  2020.805    -0.689    -2.822     4.718     3.600     2.700    11.100
  2020.808    -0.061     0.323    -4.931     3.300     2.600    11.100
  2020.810     0.208    -1.328    -7.384     3.700     2.700    11.500
  2020.813     1.695    -1.905    -4.607     3.600     2.800    11.200
  2020.816     3.605    -2.344     2.820     3.300     2.600    11.100
  2020.819    -0.749    -0.017     0.309     3.600     2.600    11.100
  2020.821     1.233     0.851     0.859     3.300     2.600    11.100
  2020.824     1.138     0.839    -1.880     3.600     2.600    11.100
  2020.827    -0.837     0.327    -7.731     3.300     2.600    11.100
  2020.830     0.033    -1.116    -7.448     3.700     2.800    11.200
  2020.832     0.605    -0.454    -0.579     3.600     2.700    11.200
  2020.835     1.579    -0.935     3.309     3.600     2.600    11.100
  2020.838     1.180     0.058     0.946     3.600     2.800    11.500
  2020.841     1.110     0.006    -5.516     3.300     2.600    11.100
  2020.843     2.814     0.420    20.758     3.300     2.600    11.100
  2020.846     5.430     3.367    -7.674     3.384     2.800    11.200
  2020.849     7.235     2.548    -7.883     3.600     2.800    11.500
  2020.852     3.334    -0.526    -9.286     3.600     2.600    11.100
  2020.854    -1.866     0.078    -8.767     3.600     2.600    11.100
  2020.857     0.163    -0.015    -6.826     3.600     2.800    11.200
  2020.860    -0.492    -0.791    -6.160     3.600     2.700    11.500
  2020.862     0.492    -1.115    -8.562     3.600     2.700    11.500
  2020.865     0.764    -0.129    -1.409     3.600     2.600    11.100
  2020.868     0.567    -0.348    -1.660     3.500     2.900    11.900
  2020.871     0.663     0.349    -0.949     3.500     2.800    11.800
  2020.873     0.294    -0.078    -4.189     3.600     2.600    11.100
  2020.876    -1.138    -1.361   -10.581     3.600     2.600    11.100
  2020.879    -0.232    -0.752    -5.162     3.500     2.700    11.800
  2020.882    -1.225    -0.117    -5.037     3.500     2.800    11.500
  2020.884    -0.366     0.850     3.318     3.600     2.800    11.500
  2020.887     3.025     1.384    -0.938     3.600     2.800    11.500
  2020.890    -7.814    -1.391    10.609     3.500     2.800    11.900
  2020.893    -5.819    -2.549    -0.498     3.600     2.700    11.500
  2020.895    -2.585     0.129    -6.730     3.500     2.600    11.100
  2020.898    -0.784    -0.059     4.007     3.500     2.700    11.800
  2020.901    -3.714    -0.082    -0.271     3.500     2.800    11.800
  2020.904     6.144     1.366    -8.054     3.600     2.600    11.100
  2020.906     2.698     1.324    -5.277     3.600     2.600    11.100
  2020.909     3.610    -1.047   -13.606     3.600     2.600    11.100
  2020.912     3.961     0.087    -9.071     3.600     2.800    11.500
  2020.914    -0.419     1.206    -2.363     3.700     2.800    11.500
  2020.917     1.350     0.836    -4.879     3.600     2.800    11.500
  2020.920     1.569    -0.200    -6.155     3.600     2.700    11.500
  2020.923     4.081     0.823     6.242     3.600     2.700    11.500
  2020.925    -4.190    -0.323    -0.038     3.600     2.700    11.300
  2020.928     5.940     2.614    -1.117     3.600     2.700    11.500
  2020.931    -4.523    -0.817    -0.051     3.200     2.700    11.200
  2020.934     3.189     0.973    -6.575     3.600     2.600    11.100
  2020.936     0.635     1.017    -2.626     3.500     2.700    11.300
  2020.939     1.160     0.484    -6.487     3.600     2.600    11.100
  2020.942    -2.414    -0.162    -7.056     3.600     2.700    11.300
  2020.945     2.468    -1.692    18.609     3.600     2.700    11.200
  2020.947     4.508     2.665     8.530     3.600     2.600    11.100
  2020.950    -3.066    -1.596     7.994     3.384     2.600    11.100
  2020.953    -9.754    -1.288    -3.435     3.600     2.800    11.300
  2020.956    -7.599    -2.927     9.225     3.600     2.600    11.100
  2020.958    -7.854    -1.247    18.130     3.600     2.600    11.100
  2020.961    -7.208    -2.135     4.761     3.300     2.600    10.800
  2020.964   -10.096    -2.070     5.448     3.300     2.600    11.100
  2020.967    -7.801    -0.637     4.901     3.600     2.700    11.100
  2020.969    -1.598    -0.704     4.914     3.500     2.800    11.500
  2020.972     1.977     1.109    -1.874     3.600     2.800    11.500
  2020.975     0.776    -0.431     3.449     3.600     2.700    11.500
  2020.977    -1.355    -1.304     5.476     3.600     2.700    11.800
  2020.980    -3.070     0.470     4.478     3.600     2.900    11.900
  2020.983    -5.932     0.132     4.816     3.500     2.900    12.400
  2020.986    -3.476     0.383    -7.804     3.500     2.800    11.800
  2020.988    -1.605     1.435    -0.140     3.600     2.800    11.500
  2020.991    -3.512     2.413     3.490     3.600     2.800    11.500
  2020.994    -5.814     1.234    -2.296     3.600     2.800    11.500
  2020.997    -3.659     0.896    -0.803     3.600     2.800    11.500
  2020.999    -6.335     0.027     1.947     3.600     2.800    11.500
  2021.002    -6.175     0.586    -0.820     3.600     2.800    11.500
  2021.005    -2.968    -0.276    11.300     3.384     2.589    10.991
  2021.008    -4.393    -0.169    10.162     3.384     2.589    10.991
  2021.010    -6.744    -0.437     2.637     3.384     2.589    10.991
  2021.013   -10.574    -0.510    -1.136     3.384     2.589    10.991
  2021.016   -13.103    -0.949    -0.570     3.384     2.589    10.991
  2021.019    -5.102     0.397    -1.032     3.384     2.589    10.991
  2021.021    -0.295     1.193     3.944     3.384     2.589    10.991
  2021.024    -0.536     1.163    -1.939     3.384     2.589    10.991
  2021.027     1.912     2.383    -3.030     3.384     2.589    10.991
  2021.030     2.194     1.276     1.190     3.384     2.589    10.991
  2021.032     1.588     0.264     0.774     3.384     2.589    10.991
  2021.035     0.823     0.121    -1.921     3.384     2.589    10.991
  2021.038     0.155     0.048    -1.134     3.384     2.589    10.991
  2021.040     2.891     1.957    -2.604     3.384     2.589    10.991
  2021.043     0.947     0.516    -0.385     3.384     2.589    10.991
  2021.046     0.330     0.823    -2.282     3.384     2.589    10.991
  2021.049    -2.207     0.221    -0.889     3.384     2.589    10.991
  2021.051    -3.126     0.292    -6.809     3.384     2.589    10.991
  2021.054    -2.917     0.456    -0.946     3.384     2.589    10.991
  2021.057     0.215     0.734     1.511     3.384     2.589    10.991
  2021.060     0.114     0.496    -1.804     3.384     2.589    10.991
  2021.062     0.897    -0.557    -9.467     3.384     2.589    10.991
  2021.065    -5.033    -0.655    -2.134     3.384     2.589    10.991
  2021.068    -6.483    -0.696     6.496     3.384     2.589    10.991
  2021.071    -3.552     0.667    -4.162     3.384     2.589    10.991
  2021.073    -4.562     0.915    -0.919     3.384     2.589    10.991
  2021.076    -4.313    -0.567     7.498     3.384     2.589    10.991
  2021.079    -4.625    -1.483     0.428     3.384     2.589    10.991
  2021.082    -3.913     0.976    -9.376     3.384     2.589    10.991
  2021.084    -5.435     0.225   -10.255     3.384     2.589    10.991
  2021.087    -3.180    -1.105     2.566     3.384     2.589    10.991
  2021.090     1.061     0.062     3.243     3.384     2.589    10.991
  2021.093     0.285     0.517    13.072     3.384     2.589    10.991
  2021.095    -3.369     0.787     6.167     3.384     2.589    10.991
  2021.098    -3.667    -0.124     5.957     3.384     2.589    10.991
  2021.101    -2.507    -0.566     0.917     3.384     2.589    10.991
  2021.103     0.205     0.000     1.158     3.384     2.589    10.991
  2021.106     0.895    -0.202     1.731     3.384     2.589    10.991
  2021.109     0.919     0.425    -0.441     3.384     2.589    10.991
  2021.112     3.117     1.717    -1.677     3.384     2.589    10.991
  2021.114     0.867     0.977    -2.421     3.384     2.589    10.991
  2021.117     3.193     1.412     6.481     3.384     2.589    10.991
  2021.120     1.589    -0.212     2.216     3.384     2.589    10.991
  2021.123    -2.057    -0.541     6.049     3.384     2.589    10.991
  2021.125    -2.640     0.721    -0.884     3.384     2.589    10.991
  2021.128    -3.068     0.770     0.891     3.384     2.589    10.991
  2021.131    -2.690    -1.132    -5.333     3.384     2.589    10.991
  2021.134    -4.040    -0.791     1.635     3.384     2.589    10.991
  2021.136    -4.299     0.233     1.531     3.384     2.589    10.991
  2021.139    -2.069     0.076    -8.892     3.384     2.589    10.991
  2021.142    -0.070     0.068    -4.263     3.384     2.589    10.991
  2021.145     0.778    -0.219    -2.814     3.384     2.589    10.991
  2021.147     3.418     1.568    -1.351     3.384     2.589    10.991
  2021.150     4.930     0.354    10.682     3.384     2.589    10.991
  2021.153     2.292     1.301     0.819     3.384     2.589    10.991
  2021.156     1.612     0.898     2.271     3.384     2.589    10.991
  2021.158     3.040     1.533    -2.842     3.384     2.589    10.991
  2021.161     0.084     1.965    10.001     3.384     2.589    10.991
  2021.164     6.125     0.834    -0.439     3.384     2.589    10.991
  2021.166     7.077    -2.559    -5.471     3.384     2.589    10.991
  2021.169     2.193    -1.411   -12.759     3.384     2.589    10.991
  2021.172    -6.149    -2.876    -8.066     3.384     2.589    10.991
  2021.175    -7.669    -3.157    -5.339     3.384     2.589    10.991
  2021.177    -1.387    -0.978    -4.010     3.384     2.589    10.991
  2021.180     2.141     2.491    -4.698     3.384     2.589    10.991
  2021.183     2.197     0.480    -4.124     3.384     2.589    10.991
  2021.186     6.661     0.686   -10.796     3.384     2.589    10.991
  2021.188     2.292     0.425    -3.464     3.384     2.589    10.991
  2021.191     1.335    -0.210     1.913     3.384     2.589    10.991
  2021.194     0.574    -0.333     2.735     3.384     2.589    10.991
  2021.197    -1.734    -0.770     0.732     3.384     2.589    10.991
  2021.199     3.447    -0.039    -4.822     3.384     2.589    10.991
  2021.202    -2.134    -1.926     9.102     3.384     2.589    10.991
  2021.205    -1.831    -0.631     9.512     3.384     2.589    10.991
  2021.208    -1.213     0.582     3.712     3.384     2.589    10.991
  2021.210    -4.391     0.228    10.177     3.384     2.589    10.991
  2021.213     0.099    -0.456     6.942     3.384     2.589    10.991
  2021.216    -3.483    -1.121     6.521     3.384     2.589    10.991
  2021.219    -2.311    -0.656    -4.223     3.384     2.589    10.991
  2021.221    -0.327     0.820    -5.689     3.384     2.589    10.991
  2021.224     4.913     1.590    -4.748     3.384     2.589    10.991
  2021.227     6.603     0.314    -2.791     3.384     2.589    10.991
  2021.230    -0.580     0.860     7.533     3.384     2.589    10.991
  2021.232    -5.452    -1.788     2.788     3.384     2.589    10.991
  2021.235    -2.690    -1.251    -0.061     3.384     2.589    10.991
  2021.238    -3.651    -0.406     2.595     3.384     2.589    10.991
  2021.240    -0.336     0.559     2.193     3.384     2.589    10.991
  2021.243     8.547     1.778    -3.055     3.384     2.589    10.991
  2021.246     1.707     0.161   -17.742     3.384     2.589    10.991
  2021.249     0.441    -0.348   -13.059     3.384     2.589    10.991
  2021.251    -7.520    -1.173    -4.988     3.384     2.589    10.991
  2021.254    -5.499    -1.222     1.916     3.384     2.589    10.991
  2021.257    -0.094     0.993    -4.419     3.384     2.589    10.991
  2021.260     0.823     0.407    -1.117     3.384     2.589    10.991
  2021.262    -0.194    -1.147     2.898     3.384     2.589    10.991
  2021.265     3.713     0.963     7.794     3.384     2.589    10.991
  2021.268    10.799     1.784     3.043     3.384     2.589    10.991
  2021.271    14.972     3.099     1.802     3.384     2.589    10.991
  2021.273     9.119     0.290    -9.415     3.384     2.589    10.991
  2021.276     0.392    -0.840     2.565     3.384     2.589    10.991
  2021.279     7.762     0.431   -11.034     3.384     2.589    10.991
  2021.282    -5.097    -1.600    -4.724     3.384     2.589    10.991
  2021.284    -4.897    -1.802     4.679     3.384     2.589    10.991
  2021.287     4.970     0.194     3.578     3.384     2.589    10.991
  2021.290     2.380     0.122     8.574     3.384     2.589    10.991
  2021.293     1.001    -0.165     3.717     3.384     2.589    10.991
  2021.295     1.006     0.303     6.339     3.384     2.589    10.991
  2021.298     6.549     0.691    -0.358     3.384     2.589    10.991
  2021.301     9.658     1.118     3.660     3.384     2.589    10.991
  2021.303     1.140     0.208    13.453     3.384     2.589    10.991
  2021.306    10.126     1.164     1.730     3.384     2.589    10.991
  2021.309     1.643    -1.111     2.817     3.384     2.589    10.991
  2021.312     3.272     0.134    -6.030     3.384     2.589    10.991
  2021.314     6.831     1.639   -10.143     3.384     2.589    10.991
  2021.317     0.909     0.704     0.479     3.384     2.589    10.991
  2021.320     4.513     1.082     5.783     3.384     2.589    10.991
  2021.323     2.874     0.044     6.082     3.384     2.589    10.991
  2021.325     1.333     0.202     1.876     3.384     2.589    10.991
  2021.328    -0.218    -1.505     2.188     3.384     2.589    10.991
  2021.331     0.589     1.488     0.761     3.384     2.589    10.991
  2021.334     1.959     1.803    17.581     3.384     2.589    10.991
  2021.336     1.192     1.089     8.463     3.384     2.589    10.991
  2021.339     1.825     0.947     6.954     3.384     2.589    10.991
  2021.342     3.459     0.976    14.574     3.384     2.589    10.991
  2021.345    -0.188    -0.027    10.222     3.384     2.589    10.991
  2021.347     0.270     1.834     5.485     3.384     2.589    10.991
  2021.350     1.530     1.808     2.496     3.384     2.589    10.991
  2021.353     3.314     2.139     9.928     3.384     2.589    10.991
  2021.356     9.406     1.198    15.876     3.384     2.589    10.991
  2021.358     4.159     0.041    15.739     3.384     2.589    10.991
  2021.361     1.211     0.959    14.240     3.384     2.589    10.991
  2021.364     1.653     1.655    12.774     3.384     2.589    10.991
  2021.366     8.093     3.233   -11.556     3.384     2.589    10.991
  2021.369    10.199     1.789   -10.992     3.384     2.589    10.991
  2021.372     2.174     0.826     7.875     3.384     2.589    10.991
  2021.375     1.077     0.508     6.980     3.384     2.589    10.991
  2021.377    12.439     2.601    -6.886     3.384     2.589    10.991
  2021.380     9.961     1.575    -9.817     3.384     2.589    10.991
  2021.383     3.853     0.842    17.744     3.384     2.589    10.991
