  2019.282    -0.690     0.835    -8.822     4.100     3.300    14.900
  2019.285    -2.045    -1.047    -7.837     4.100     3.400    14.900
  2019.288    -0.507     0.303     0.660     4.100     3.400    14.900
  2019.290     0.364    -1.113     2.832     4.100     3.500    15.000
  2019.293     1.683     4.269     0.764     4.300     3.500    15.200
  2019.296     2.036     0.183    -8.443     4.100     3.400    15.200
  2019.298     2.851     2.445    -6.942     4.200     3.500    15.500
  2019.301    -0.761    -1.829   -10.544     4.100     3.400    14.900
  2019.304    -0.591     1.427   -12.868     4.100     3.500    15.300
  2019.307    -2.312     1.063    -0.918     4.100     3.500    15.300
  2019.309    -0.589    -1.542    -5.333     4.200     3.400    14.900
  2019.312    -1.197    -0.153    -5.864     4.200     3.500    15.500
  2019.315    -0.605    -2.364    -5.074     4.200     3.447    15.300
  2019.318    -2.879    -1.653     0.821     4.200     3.600    15.200
  2019.320     0.157    -0.503    -7.387     4.200     3.500    15.300
  2019.323     1.440     1.281    -7.751     4.200     3.500    15.300
  2019.326     0.408     2.785     6.115     4.200     3.500    15.300
  2019.329    -0.602     1.630    -3.575     4.200     3.500    15.300
  2019.331     2.269    -0.152     0.393     4.200     3.500    15.300
  2019.334     4.993     0.458    -7.024     4.200     3.500    15.500
  2019.337     3.937    -0.544     4.531     4.100     3.500    15.500
  2019.340     4.854    -0.056    -3.521     4.200     3.500    15.300
  2019.342     4.168    -0.320     2.796     4.200     3.400    15.300
  2019.345     0.185     0.643   -10.702     4.200     3.500    15.300
  2019.348    -0.297    -2.436    -5.586     4.200     3.500    15.300
  2019.350     3.674     3.027    -6.706     4.200     3.500    15.300
  2019.353     2.285    -0.002     6.344     4.200     3.500    15.300
  2019.356     4.136     2.355     1.786     4.100     3.400    14.900
  2019.359     2.054     0.906    -2.024     4.100     3.500    15.300
  2019.361    -2.811    -0.177     4.079     4.200     3.500    15.000
  2019.364    -1.029     0.273    -3.054     4.100     3.500    15.000
  2019.367     3.308     0.027     5.919     4.200     3.500    15.300
  2019.370     0.867     2.347     1.237     4.300     3.500    15.500
  2019.372     1.994     1.902    12.892     4.200     3.500    15.300
  2019.375     1.315     2.179    16.452     4.200     3.500    15.300
  2019.378     1.680     2.153    19.294     4.200     3.500    15.300
  2019.381     0.884     1.160     1.552     4.100     3.600    15.300
  2019.383     2.148     0.954    13.734     4.100     3.500    15.300
  2019.386     2.582     0.220     5.882     4.200     3.400    15.300
  2019.389    -1.779     1.186     4.327     4.300     3.500    15.500
  2019.392     0.809     2.543     8.378     4.300     3.500    15.200
  2019.394     3.014     1.511    -3.534     4.300     3.400    15.500
  2019.397     1.305     2.061     6.383     4.300     3.400    15.500
  2019.400     0.758     0.355     1.776     4.100     3.500    15.300
  2019.403     3.058     3.060     8.704     4.300     3.500    15.200
  2019.405    -0.073     0.873    -1.381     4.300     3.500    15.200
  2019.408    -0.101     0.115     7.237     4.200     3.500    15.500
  2019.411     1.555    -0.295     1.212     4.300     3.400    15.500
  2019.413     3.219     1.209    17.995     4.400     3.400    15.800
  2019.416     1.411     0.240     4.142     4.200     3.500    15.500
  2019.419    -0.490     2.346     2.035     4.200     3.600    15.900
  2019.422     0.738    -0.551     8.449     4.300     3.500    15.500
  2019.424     0.128    -0.541    -4.018     4.200     3.500    15.500
  2019.427     1.874     1.848     1.130     4.300     3.500    15.900
  2019.430     1.946     0.691     2.955     4.200     3.700    15.900
  2019.433     4.825     1.913     8.832     4.200     3.500    16.200
  2019.435     3.649     1.408     6.697     4.200     3.500    15.500
  2019.438     0.941     1.087     2.267     4.200     3.400    15.500
  2019.441     3.003     1.784     4.534     4.300     3.600    15.900
  2019.444     4.584    -0.313    -0.330     4.200     3.600    15.900
  2019.446     4.675    -0.386     1.832     4.300     3.500    15.900
  2019.449     0.685     1.447    11.630     4.300     3.600    15.900
  2019.452     3.081     1.597    -5.258     4.300     3.600    15.900
  2019.455     0.953     0.470     2.178     4.200     3.600    15.700
  2019.457     2.511     0.909     1.310     4.300     3.600    15.900
  2019.460     4.008    -0.361     9.220     4.400     3.600    15.900
  2019.463     3.695    -1.232   -10.811     4.300     3.400    15.500
  2019.465     2.961     2.285    -3.748     4.900     3.700    16.500
  2019.468     2.687     1.600     1.636     4.300     3.700    16.300
  2019.471     2.417     1.194     5.894     4.400     3.500    16.200
  2019.474     2.735     0.486     6.784     4.300     3.700    16.300
  2019.476     2.414    -1.106    -3.138     4.300     3.600    15.600
  2019.479     1.487     0.059     0.316     4.300     3.600    15.700
  2019.482     1.838     0.136     1.736     4.200     3.600    15.900
  2019.485     4.889    -0.079     6.324     4.300     3.500    15.500
  2019.487     3.519     0.647    -0.993     4.200     3.600    15.900
  2019.490     3.116     1.001     7.039     4.300     3.500    15.500
  2019.493     0.631    -2.711     1.134     4.300     3.500    15.800
  2019.496     1.568    -0.963     7.216     4.100     3.400    15.500
  2019.498     1.540    -0.882    -2.924     4.200     3.500    15.300
  2019.501     3.046     1.095     8.024     4.200     3.500    15.300
  2019.504     3.147     1.595     2.853     4.300     3.500    15.500
  2019.507     5.597     0.676   -11.046     4.300     3.600    15.900
  2019.509     0.342     0.466    -3.289     4.200     3.400    15.500
  2019.512     2.695     1.860     2.908     4.300     3.600    15.600
  2019.515     5.491     0.941    -3.007     4.200     3.500    15.300
  2019.518     3.695     0.281     5.940     4.300     3.600    15.600
  2019.520     5.433    -0.122     0.691     4.300     3.600    15.900
  2019.523     3.958    -1.382     3.135     4.200     3.600    15.900
  2019.526     5.559    -0.682     2.940     4.300     3.500    15.900
  2019.528     3.951    -1.334    -1.953     4.300     3.600    15.900
  2019.531     1.885    -2.166    -6.905     4.500     3.700    16.600
  2019.534     2.329     0.099    -5.988     4.400     3.700    16.400
  2019.537     2.930     0.801     0.334     4.500     3.500    16.200
  2019.539     0.421    -0.839    -6.894     4.500     3.600    16.000
  2019.542     3.705    -1.975   -13.415     4.700     3.600    16.200
  2019.545     1.245    -2.216    -2.289     4.700     3.600    16.800
  2019.548     3.612    -1.494    -5.636     4.800     3.600    16.400
  2019.550     4.963     1.099    -7.700     4.400     3.600    16.400
  2019.553     3.342     0.199    -0.103     4.300     3.600    16.200
  2019.556     1.040    -1.157     1.992     4.300     3.700    16.300
  2019.559    -0.159    -1.931    -1.911     4.500     3.700    16.300
  2019.561     2.169    -2.871    -6.656     4.500     3.800    17.000
  2019.564    -1.777    -2.205     7.220     4.300     3.700    16.300
  2019.567    -0.567    -0.249    -1.020     4.300     3.800    16.700
  2019.570     1.471     1.150    -2.145     4.300     3.600    16.300
  2019.572     3.479     1.036     3.522     4.400     3.700    16.300
  2019.575     1.555    -1.461   -10.044     4.200     3.700    16.300
  2019.578     0.073    -1.462     1.724     4.300     3.600    16.200
  2019.580    -2.675    -0.117     8.102     4.300     3.800    16.000
  2019.583     2.130     1.071     5.804     4.200     3.600    15.900
  2019.586     1.492     1.865     7.847     4.500     3.700    16.600
  2019.589     0.477     1.732   -10.733     4.300     3.600    15.900
  2019.591     0.025     1.139    -8.874     4.300     3.600    16.600
  2019.594    -0.479     1.804    -2.773     4.500     3.600    16.600
  2019.597     0.705    -0.018    -6.887     4.200     3.700    16.300
  2019.600     2.744     0.760     1.578     4.500     3.800    17.000
  2019.602     2.362     2.121     3.205     4.500     3.800    16.300
  2019.605     0.944     1.161    -1.822     4.200     3.600    15.900
  2019.608    -0.163     1.189     1.507     4.500     3.800    17.000
  2019.611     0.281     1.164     3.068     4.400     3.800    17.000
  2019.613     0.691     1.279     7.020     4.100     3.700    16.100
  2019.616     0.792     0.869    -7.831     4.200     3.700    16.300
  2019.619    -1.050     0.002     0.805     4.200     3.600    15.900
  2019.622     0.017     1.168     6.029     4.100     3.600    15.900
  2019.624    -1.153     1.941     3.877     4.400     3.700    16.800
  2019.627     2.346    -0.130    12.048     4.100     3.500    15.700
  2019.630     0.046    -0.397     1.082     4.100     3.400    15.700
  2019.632    -2.410     0.541    11.294     4.000     3.500    15.500
  2019.635    -1.226     0.520    -3.711     4.100     3.600    16.100
  2019.638     2.189    -0.311    -1.487     4.100     3.600    15.800
  2019.641    -1.199    -0.696    -3.760     4.000     3.500    16.100
  2019.643     1.059    -0.427     3.815     4.000     3.500    15.900
  2019.646    -0.951     0.062     5.553     3.900     3.400    15.500
  2019.649    -0.808     0.570    -4.310     3.900     3.400    15.500
  2019.652    -0.243     1.100    -2.277     3.900     3.400    15.500
  2019.654    -1.412    -0.996    -2.686     3.900     3.400    15.500
  2019.657     0.828    -0.375    -2.672     4.000     3.400    15.700
  2019.660    -2.651    -0.049    -2.514     4.000     3.600    15.900
  2019.663    -1.443    -0.921     1.065     4.000     3.500    15.900
  2019.665    -1.910    -0.061     2.689     4.000     3.400    15.500
  2019.668    -1.131    -1.856    -8.293     3.800     3.400    15.500
  2019.671    -1.379    -0.287     5.811     4.000     3.500    16.100
  2019.674    -1.055    -0.714     2.257     3.900     3.500    15.900
  2019.676    -1.590    -0.049    13.950     3.900     3.400    15.500
  2019.679    -0.590     0.004    -1.431     3.800     3.500    15.900
  2019.682    -0.429    -0.211    -3.403     3.800     3.500    16.200
  2019.685     0.128     0.014    -3.318     3.900     3.400    15.500
  2019.687    -1.072     0.161    -1.060     3.900     3.500    15.900
  2019.690    -0.086    -0.422    -1.213     3.900     3.400    15.500
  2019.693    -0.062     0.212    -7.404     4.000     3.400    15.500
  2019.695    -1.636     0.391    -2.674     3.900     3.500    15.900
  2019.698    -2.021     0.904    13.888     3.900     3.400    15.500
  2019.701     0.582    -2.617    -2.663     4.000     3.400    15.500
  2019.704    -0.957    -0.375     0.271     4.000     3.300    15.500
  2019.706    -1.782     0.198     0.967     3.900     3.400    15.500
  2019.709    -0.738     0.424    -1.574     3.900     3.400    15.500
  2019.712    -1.486     1.475     8.314     3.900     3.400    15.500
  2019.715    -1.459    -0.829     8.500     3.900     3.400    15.200
  2019.717    -1.686     0.747     5.268     4.000     3.500    15.900
  2019.720    -1.015    -1.506     6.782     4.300     3.600    16.800
  2019.723    -0.233    -0.124     4.071     4.200     3.500    15.900
  2019.726    -1.188     0.034     2.708     3.900     3.400    15.500
  2019.728    -1.825    -0.260     3.148     3.900     3.300    15.100
  2019.731    -1.958    -0.604     4.074     3.900     3.400    15.500
  2019.734    -0.890    -0.843    -3.631     4.000     3.300    15.700
  2019.737    -0.008    -1.199    -0.081     4.200     3.300    15.800
  2019.739    -1.587     1.647    11.697     4.000     3.300    15.700
  2019.742    -0.105    -0.133     2.209     4.200     3.400    16.200
  2019.745    -0.777    -0.764     5.544     3.900     3.500    15.900
  2019.747     0.349    -1.892    -4.232     4.000     3.500    15.900
  2019.750    -1.923    -0.437     1.167     4.100     3.500    15.900
  2019.753    -0.693    -0.040    -4.051     3.900     3.500    16.100
  2019.756     0.155     0.119     5.781     4.200     3.500    16.200
  2019.758    -2.098     0.384    -1.355     4.000     3.500    15.400
  2019.761    -2.316     0.158     0.174     3.800     3.400    15.500
  2019.764     0.114    -1.403     0.611     3.900     3.400    15.500
  2019.767    -1.750    -2.662    -9.490     4.000     3.500    15.500
  2019.769    -2.640    -2.444    -5.023     4.000     3.400    15.500
  2019.772    -1.415     1.392     0.383     3.800     3.500    15.200
  2019.775    -2.962     0.506    -5.098     4.000     3.600    15.900
  2019.778    -2.398    -0.637    -7.304     3.900     3.400    15.500
  2019.780    -0.383    -0.162    -0.551     3.900     3.300    15.100
  2019.783    -3.247    -0.005    -2.726     3.900     3.300    15.100
  2019.786    -0.887     1.102    -1.340     3.900     3.300    15.100
  2019.789     0.425     0.581     5.098     3.900     3.300    15.100
  2019.791    -0.343     0.602     3.234     3.900     3.300    15.100
  2019.794    -0.996    -1.432    -2.636     3.900     3.400    15.500
  2019.797     0.055     1.233    12.336     3.900     3.400    15.500
  2019.800     0.712    -1.256     6.208     3.900     3.200    15.100
  2019.802     3.219     0.037    11.527     3.900     3.300    15.100
  2019.805    -2.110    -1.911    -2.757     3.800     3.300    15.100
  2019.808     0.504    -1.170    -5.260     3.900     3.400    15.500
  2019.810     0.157     0.384     5.643     3.900     3.400    15.200
  2019.813    -1.940    -0.886    -1.177     3.900     3.400    15.500
  2019.816    -4.625    -2.766     7.018     3.900     3.300    15.100
  2019.819    -3.101    -3.303    -3.894     3.900     3.300    15.100
  2019.821    -0.422     0.701     2.227     3.900     3.200    15.100
  2019.824    -1.969    -1.201    -2.774     4.000     3.400    15.500
  2019.827    -0.983     1.445     0.417     3.900     3.300    15.300
  2019.830    -1.968    -0.781    -4.096     3.900     3.300    15.100
  2019.832     0.281     1.036     2.321     4.000     3.400    15.700
  2019.835     1.563     0.605     4.564     3.900     3.400    15.800
  2019.838     0.045     2.375     2.558     4.000     3.300    15.700
  2019.841    -1.196    -0.953    -2.142     3.900     3.400    15.500
  2019.843     0.137     0.337    -1.641     3.900     3.300    15.500
  2019.846     3.328     1.510    10.865     3.900     3.500    15.500
  2019.849    -1.108    -0.062     0.895     3.900     3.300    15.100
  2019.852    -0.341    -0.187     4.955     3.800     3.300    15.100
  2019.854    -1.004     0.008    -0.129     3.900     3.300    15.100
  2019.857     0.930     1.357    -1.838     3.900     3.400    15.500
  2019.860    -1.213    -2.481    -9.416     3.900     3.300    15.100
  2019.862     0.599     0.393    -1.005     3.900     3.200    15.100
  2019.865    -1.422     1.297    -1.604     3.900     3.300    15.100
  2019.868    -0.473    -0.407    -6.372     4.000     3.300    15.100
  2019.871    -2.041    -0.395    -4.187     3.800     3.200    15.100
  2019.873    -0.808     0.883    -1.946     4.100     3.400    15.500
  2019.876    -0.106     0.605    -1.860     4.000     3.200    15.100
  2019.879    -2.620    -2.168    -3.218     3.900     3.300    15.300
  2019.882     0.330    -0.773    -0.160     3.900     3.200    14.700
  2019.884    -2.176     0.706     1.490     3.900     3.300    15.100
  2019.887    -0.519     0.341    -3.352     3.900     3.400    15.700
  2019.890     1.211     1.887    -5.464     3.900     3.400    15.500
  2019.893    -2.178    -0.870    -6.409     3.900     3.300    15.100
  2019.895     0.394     0.410     6.054     3.900     3.200    15.100
  2019.898     0.236     0.728     0.161     4.000     3.300    15.100
  2019.901    -0.486     2.090    -6.092     4.000     3.300    15.100
  2019.904    -2.861    -1.399    -4.414     4.000     3.400    15.500
  2019.906    -2.382    -0.568    -4.326     3.900     3.400    15.500
  2019.909    -2.030    -0.783     0.856     4.100     3.400    15.700
  2019.912    -1.329    -0.654     6.210     4.000     3.300    15.500
  2019.914    -1.941     0.918     3.453     4.000     3.400    15.500
  2019.917    -0.024    -1.254    -4.210     3.900     3.400    15.100
  2019.920    -2.694    -1.166    -4.142     3.900     3.300    15.500
  2019.923    -1.854    -0.859    -3.215     4.000     3.400    15.500
  2019.925    -1.735    -0.989    -2.477     4.000     3.400    15.500
  2019.928    -1.914     0.474    -2.189     4.000     3.300    15.100
  2019.931    -2.589    -0.182     0.861     4.000     3.400    15.500
  2019.934    -1.137    -0.305     0.662     4.000     3.400    15.500
  2019.936    -0.025    -0.983    -1.305     4.000     3.300    15.700
  2019.939    -0.651    -0.461     1.130     4.000     3.400    15.500
  2019.942    -0.872     1.035     6.228     4.000     3.400    15.500
  2019.945    -2.743     0.559     1.227     4.000     3.300    15.100
  2019.947    -0.958     0.259    -4.843     3.900     3.300    15.100
  2019.950    -1.662    -2.128    -5.665     3.900     3.300    15.100
  2019.953    -1.687    -0.680    -2.395     4.100     3.400    15.500
  2019.956    -0.515     0.884     1.371     4.000     3.200    15.400
  2019.958    -0.867     1.796     4.873     3.900     3.300    15.100
  2019.961    -3.204    -0.394    -0.448     3.900     3.300    15.100
  2019.964    -0.293    -0.703    -0.642     4.000     3.300    15.100
  2019.967     0.123    -0.475    -4.165     3.900     3.400    14.800
  2019.969    -1.772     0.426     2.705     3.900     3.300    15.100
  2019.972    -1.375     0.579     5.313     3.900     3.300    15.100
  2019.975    -0.347     1.064    -1.805     4.000     3.200    15.400
  2019.977    -1.344     0.490     2.811     4.000     3.300    15.100
  2019.980    -0.096     0.602    -1.358     3.900     3.300    15.100
  2019.983    -2.491     0.164   -12.022     4.000     3.200    15.400
  2019.986    -1.981     0.736    -5.739     4.000     3.300    15.300
  2019.988    -1.408     1.390     2.396     3.900     3.400    14.800
  2019.991    -0.940    -0.226     4.585     3.900     3.300    15.100
  2019.994    -2.172     0.251     0.697     4.000     3.300    15.100
  2019.997    -1.174     2.261    -1.499     3.900     3.300    14.800
  2019.999    -3.384    -0.365    -1.913     4.000     3.400    15.500
  2020.003    -1.917     0.353    -7.245     4.000     3.300    15.100
  2020.006    -1.225     0.748     5.295     3.900     3.300    15.100
  2020.008    -2.072     0.405    -1.642     4.000     3.400    15.500
  2020.011    -1.792    -0.122     4.610     4.000     3.400    15.500
  2020.014    -1.644     0.819    -0.097     4.000     3.300    15.800
  2020.016    -0.674     0.870     0.766     4.000     3.400    15.500
  2020.019    -1.846     1.265     2.720     4.100     3.300    15.300
  2020.022    -0.526     2.007    -3.024     4.100     3.300    15.100
  2020.025    -2.077     0.027    -9.041     4.000     3.200    14.700
  2020.027    -1.500     0.326    -3.474     4.000     3.300    15.300
  2020.030    -1.979    -0.317    -2.261     4.000     3.300    14.800
  2020.033    -2.161     1.735     1.144     4.000     3.300    15.100
  2020.036    -0.877     1.321    -8.820     4.000     3.300    15.100
  2020.038    -2.610     0.588     2.600     4.000     3.400    14.800
  2020.041    -2.620    -0.884    -2.413     4.000     3.300    15.100
  2020.044    -1.750    -0.176    -3.898     4.000     3.300    15.100
  2020.047    -1.739     0.756    -0.473     3.800     3.300    15.400
  2020.049    -2.318     0.315    -8.806     4.000     3.300    15.100
  2020.052    -1.828     1.775    -4.380     3.900     3.200    14.700
  2020.055    -2.211     2.060     1.076     3.700     3.300    14.800
  2020.058    -2.247     0.212    -4.382     4.000     3.200    14.700
  2020.060    -1.231    -0.310    -2.292     4.000     3.100    15.000
  2020.063    -2.170     0.046    -0.744     4.000     3.300    15.100
  2020.066    -2.594    -0.110    -7.746     3.600     3.200    14.700
  2020.068    -2.895     0.853    -5.376     3.600     3.200    14.400
  2020.071    -2.588     1.545     0.246     3.600     3.200    15.100
  2020.074    -1.601     0.354    -1.617     3.900     3.300    14.800
  2020.077    -1.811    -0.077    -5.298     3.900     3.200    14.700
  2020.079    -1.936     0.044    -0.209     4.000     3.200    14.700
  2020.082    -2.344     2.546     0.505     4.000     3.200    14.700
  2020.085    -3.738     0.731    -5.399     3.500     3.200    14.700
  2020.088    -2.069     0.464    -6.357     3.800     3.200    15.100
  2020.090    -1.841     1.534    -3.813     3.600     3.300    14.800
  2020.093    -1.277     2.271     1.015     3.900     3.300    15.100
  2020.096    -4.205     0.230    -3.821     3.900     3.200    14.700
  2020.099    -2.390     3.214     2.555     3.800     3.200    14.400
  2020.101    -3.855    -1.318    -8.684     3.900     3.200    14.700
  2020.104    -3.537    -0.955   -14.552     3.900     3.200    14.700
  2020.107    -3.153    -0.453     6.271     3.900     3.200    14.700
  2020.110    -1.048     1.946     2.944     3.900     3.200    14.400
  2020.112    -1.534     0.010    -5.340     3.900     3.200    14.700
  2020.115    -3.198     1.032    -3.134     3.900     3.200    14.700
  2020.118    -3.697     0.264    -3.742     3.900     3.300    14.800
  2020.121    -3.665     1.530     2.866     3.900     3.300    15.100
  2020.123    -2.559     0.504   -10.028     3.900     3.300    15.300
  2020.126    -1.882     1.490     4.778     4.100     3.300    15.100
  2020.129    -1.774     1.058    -4.751     3.700     3.400    14.800
  2020.131    -4.160    -1.832   -14.384     4.000     3.300    15.100
  2020.134    -3.365     0.256    -3.258     3.900     3.300    15.100
  2020.137    -3.477    -0.490   -11.865     3.900     3.300    15.100
  2020.140    -5.012    -0.712    -7.048     4.000     3.300    15.100
  2020.142    -3.072     1.444    -2.698     4.000     3.300    15.300
  2020.145    -5.323    -0.591    -4.560     4.000     3.300    15.700
  2020.148    -3.277    -0.383    -0.920     4.000     3.300    15.100
  2020.151    -7.328    -1.517    -3.836     4.000     3.400    15.500
  2020.153    -3.675    -1.196    -7.555     4.000     3.400    15.500
  2020.156    -3.060    -0.119    -7.395     4.000     3.300    15.100
  2020.159    -5.100     1.869    -2.255     4.000     3.300    15.100
  2020.162    -2.730    -0.541     0.177     4.000     3.300    15.100
  2020.164    -2.549    -0.524    -8.404     4.000     3.200    15.300
  2020.167    -3.829    -1.317    -8.680     4.000     3.300    15.100
  2020.170    -7.087    -1.360     1.749     4.000     3.200    14.700
  2020.173    -2.963    -0.068    -5.105     3.700     3.200    14.600
  2020.175    -4.536    -1.343    -5.672     4.000     3.300    15.100
  2020.178    -5.530    -2.607    -2.203     4.000     3.200    15.300
  2020.181    -5.847    -2.681    -6.995     4.000     3.200    15.300
  2020.183    -2.399    -1.761    -6.190     4.000     3.300    15.100
  2020.186    -2.865    -0.222    -2.188     4.000     3.300    15.100
  2020.189    -1.846    -1.669    -9.055     4.000     3.300    15.100
  2020.192    -3.709    -0.217    -6.294     4.000     3.300    15.100
  2020.194    -2.077    -0.173    -7.357     4.000     3.400    15.500
  2020.197    -3.001    -0.950    -2.534     4.100     3.400    15.500
  2020.200    -3.977    -0.899    -8.053     4.000     3.300    15.100
  2020.203    -4.868    -2.208    -7.138     3.900     3.300    15.100
  2020.205     0.235     0.819    -4.065     4.000     3.200    15.300
  2020.208    -3.377     2.346    -9.033     4.000     3.200    15.400
  2020.211    -1.043     0.590    -5.955     3.900     3.300    15.100
  2020.214    -2.535    -1.588     5.803     4.000     3.300    15.100
  2020.216    -2.223     1.110    -2.007     4.300     3.500    16.800
  2020.219    -1.799    -1.917    -8.271     3.900     3.500    15.700
  2020.222    -2.197    -0.577    -9.612     3.900     3.500    15.500
  2020.225    -2.012    -0.475    -9.265     3.900     3.400    15.500
  2020.227    -1.071    -1.029    -5.903     4.000     3.500    15.500
  2020.230    -1.906     0.717    -2.469     3.900     3.300    15.100
  2020.233     1.246     1.358     6.156     3.900     3.200    15.000
  2020.236     1.249     0.305    -6.303     4.000     3.300    15.100
  2020.238    -2.216    -0.659    -4.462     3.900     3.400    15.700
  2020.241    -1.902    -0.439    -1.794     4.000     3.400    15.500
  2020.244    -0.822     0.321    -5.267     3.900     3.400    15.500
  2020.246    -2.267    -1.160     1.601     3.900     3.300    15.300
  2020.249     0.344     0.839     6.228     4.000     3.300    15.300
  2020.252    -1.773    -0.710    -0.279     4.000     3.300    15.100
  2020.255     0.370     1.024     0.563     4.100     3.400    15.700
  2020.257    -0.709    -0.144    -5.102     4.100     3.400    15.700
  2020.260     0.529    -0.044     0.680     4.000     3.400    15.500
  2020.263    -1.055     0.654    -6.035     4.000     3.300    15.300
  2020.266    -1.233    -0.385     2.955     4.000     3.300    15.300
  2020.268    -0.162    -0.076     1.407     4.000     3.500    15.500
  2020.271    -1.147    -0.202    -1.226     4.300     3.400    16.000
  2020.274    -1.642    -3.273     3.140     3.900     3.400    15.700
  2020.277    -1.320    -0.440    -0.724     4.100     3.400    15.700
  2020.279     0.201     0.619     3.631     4.000     3.300    15.300
  2020.282    -1.652    -0.249     0.024     4.100     3.400    15.700
  2020.285    -0.662     0.673    11.330     4.000     3.500    16.100
  2020.288     0.901    -2.385    -0.858     4.000     3.200    15.400
  2020.290     0.470     0.856     6.116     4.000     3.400    15.700
  2020.293     2.369    -0.763     2.069     4.100     3.400    15.700
  2020.296     2.387     0.739     3.139     4.000     3.300    15.300
  2020.298     3.633     2.534     4.149     3.900     3.300    15.400
  2020.301    -4.611    -2.962     1.377     4.000     3.400    15.700
  2020.304    -6.048    -2.459     8.243     4.000     3.500    15.900
  2020.307    -1.723     0.660     1.733     4.000     3.400    15.700
  2020.309    -0.579    -0.392     6.122     4.100     3.300    15.700
  2020.312    -0.298     1.051    11.242     4.100     3.400    16.400
  2020.315     0.207     0.218     7.517     4.000     3.400    15.700
  2020.318     0.566    -0.961     2.661     3.900     3.400    15.700
  2020.320    -0.782    -2.176    -4.702     4.000     3.500    15.500
  2020.323    -0.680    -0.155     0.576     4.000     3.400    15.500
  2020.326    -0.664    -1.745    -2.667     3.900     3.400    15.500
  2020.329    -0.208    -1.374    -1.609     3.900     3.400    16.200
  2020.331     3.687     0.041     3.963     3.900     3.300    15.800
  2020.334     0.036    -1.566     3.617     4.000     3.500    16.100
  2020.337    -0.400    -1.896     4.133     4.000     3.300    15.700
  2020.340    -0.011    -0.781     2.832     4.000     3.300    15.700
  2020.342     5.669    -1.422    -7.246     4.000     3.400    15.700
  2020.345     5.441     1.159     7.981     4.100     3.500    15.900
  2020.348     2.544    -2.535    -0.662     4.000     3.500    15.900
  2020.350    -1.007    -0.384     4.769     4.000     3.500    15.618
  2020.353    -4.104    -1.013    14.243     3.900     3.500    16.100
  2020.356    -2.561    -3.107    -4.126     4.300     3.500    16.200
  2020.359     1.594     0.116    -0.436     4.000     3.600    16.500
  2020.361     3.210    -0.699     9.919     4.400     3.400    16.400
  2020.364     0.883    -2.815    -4.031     4.200     3.600    16.600
  2020.367    -0.449    -1.771     0.691     4.000     3.600    16.500
  2020.370     1.055    -0.818     2.082     4.300     3.500    16.200
  2020.372     1.185    -1.848     1.610     4.300     3.500    16.200
  2020.375     2.129    -2.394    -0.416     4.400     3.400    16.400
  2020.378     0.732    -1.938     6.619     4.000     3.500    16.400
  2020.381    -3.194     1.080    12.127     4.300     3.400    15.618
  2020.383     4.999     1.151    13.853     4.200     3.500    16.800
  2020.386     3.217    -1.200     7.610     3.900     3.400    16.200
  2020.389     5.010    -0.625     1.942     4.200     3.500    16.400
  2020.392     1.639     0.626     0.114     4.300     3.600    17.200
  2020.394    -1.538     0.094     6.955     4.200     3.600    16.600
  2020.397     0.070    -1.652     3.513     4.000     3.400    16.400
  2020.400     0.779    -3.307   -11.026     3.900     3.300    16.000
  2020.403    -1.409    -3.256    -5.070     4.000     3.400    15.700
  2020.405    -0.152    -1.758    -3.563     4.100     3.600    16.500
  2020.408    -0.137    -1.311     0.023     4.300     3.500    16.800
  2020.411     0.465    -0.728     2.334     4.300     3.600    16.600
  2020.413     0.919     1.288    12.539     4.000     3.500    16.500
  2020.416     1.339    -1.123     2.658     4.000     3.400    16.100
  2020.419     0.912    -0.951    -8.406     4.000     3.400    16.100
  2020.422     0.308    -2.173     2.885     4.100     3.700    17.200
  2020.424     3.187     1.102    15.762     4.100     3.600    16.500
  2020.427     2.065    -0.170    12.344     4.100     3.700    17.200
  2020.430     1.476     0.487    13.260     4.100     3.600    17.200
  2020.433     3.952    -0.745     1.702     3.900     3.500    16.500
  2020.435    -0.077    -1.426     3.317     4.100     3.600    17.200
  2020.438     1.935    -0.566    13.928     4.100     3.600    16.900
  2020.441     2.172    -1.432    -0.527     3.900     3.600    16.500
  2020.444     1.111     0.601    -0.878     4.000     3.500    16.400
  2020.446     1.432     0.285     5.184     4.000     3.500    16.800
  2020.449     1.131    -1.598     0.097     3.900     3.400    16.400
  2020.452    -0.964     0.374     9.131     4.000     3.700    16.900
  2020.455     0.657     0.171    11.635     3.900     3.700    16.900
  2020.457     2.906    -2.751     7.510     4.000     3.700    16.900
  2020.460     0.763     0.300     6.225     4.000     3.600    16.500
  2020.463     1.081    -2.240    -7.530     4.000     3.500    16.800
  2020.465     1.278    -1.092     5.385     4.000     3.600    16.500
  2020.468     2.846    -1.624    -1.008     4.000     3.500    16.500
  2020.471     2.147    -1.554     3.291     4.000     3.400    16.400
  2020.474     3.708    -0.917     6.240     4.000     3.500    16.100
  2020.476     0.943    -0.822     6.226     3.900     3.500    16.800
  2020.479     0.950    -1.924     2.340     4.100     3.600    17.200
  2020.482    -1.621    -1.776    -4.563     3.900     3.500    16.500
  2020.485     3.333    -0.516     0.489     4.000     3.600    16.500
  2020.487     2.750     0.709    11.551     4.200     3.700    17.000
  2020.490     2.398    -1.985     3.632     3.900     3.600    17.100
  2020.493     1.058    -3.612    -6.472     4.000     3.700    17.200
  2020.496     1.606    -2.294    -3.587     4.300     3.700    17.200
  2020.498     1.403    -2.179     2.056     4.400     3.600    17.500
  2020.501     3.463    -0.263     6.600     4.000     3.500    16.800
  2020.504     0.912     1.522     9.921     4.200     3.500    16.800
  2020.507     1.042    -2.086    -3.296     4.000     3.500    16.800
  2020.509    -0.134    -3.414     1.644     4.000     3.600    16.800
  2020.512     2.014    -0.686    -0.415     4.000     3.600    16.800
  2020.515     2.617     0.601     3.791     4.000     3.600    16.800
  2020.518     2.895     0.249     1.734     4.100     3.600    16.800
  2020.520     2.902    -0.597     4.366     4.000     3.500    16.800
  2020.523     1.910    -0.505    -7.643     4.400     3.800    17.200
  2020.526     6.192    -0.014     0.324     4.200     3.700    17.400
  2020.528     3.901    -0.613     4.796     4.100     3.600    16.800
  2020.531     1.782    -0.304    20.036     4.000     3.700    17.200
  2020.534    -0.016    -1.753     1.650     4.100     3.700    17.600
  2020.537     1.812    -1.438    -4.054     4.000     3.600    16.500
  2020.539     1.257    -1.366    -0.176     4.000     3.700    17.200
  2020.542     1.931    -1.471     6.444     4.000     3.700    17.200
  2020.545     2.077     0.735    11.229     4.000     3.700    17.200
  2020.548     1.511     0.355     6.917     4.000     3.600    16.800
  2020.550    -0.108     0.963    16.325     4.000     3.700    17.200
  2020.553     0.705    -2.776     1.803     4.000     3.700    17.200
  2020.556     1.741    -3.842    -3.266     4.000     3.700    16.900
  2020.559    -0.108    -1.250     6.817     4.100     3.600    16.800
  2020.561     0.758    -2.944    -9.870     4.000     3.600    16.500
  2020.564    -0.638    -0.492     2.399     4.000     3.700    16.900
  2020.567     0.324    -1.663     2.951     3.900     3.500    16.400
  2020.570     0.228    -1.073    10.829     4.000     3.800    16.900
  2020.572     1.284    -0.855     5.861     4.300     3.800    16.900
  2020.575     0.499     0.810    15.240     4.200     3.900    18.000
  2020.578    -1.583    -0.744     9.383     3.900     3.600    16.500
  2020.580     0.992    -0.590     8.940     3.900     3.800    16.700
  2020.583    -0.438    -1.050     6.865     3.900     3.800    16.900
  2020.586    -1.011    -0.976     6.591     4.000     3.600    16.500
  2020.589    -1.132    -2.757     4.877     4.000     3.600    16.800
  2020.591     0.898    -1.034     4.303     4.000     3.800    16.900
  2020.594     1.554    -0.351     6.400     3.900     3.600    16.500
  2020.597     0.423    -0.201     9.955     4.300     3.800    17.200
  2020.600    -3.613     0.141     6.407     4.400     3.800    17.600
  2020.602    -2.885     1.621    17.971     4.000     3.700    17.200
  2020.605     1.923    -3.340    -8.018     4.300     3.900    17.300
  2020.608    -0.522    -1.635    14.613     4.200     3.600    16.800
  2020.611    -2.076    -1.256     6.591     3.900     3.800    16.900
  2020.613    -0.871     0.568     5.927     3.900     3.600    16.500
  2020.616    -0.511    -0.731     3.810     3.900     3.600    16.500
  2020.619    -0.333    -2.361     9.591     4.200     3.700    17.000
  2020.622     0.493    -2.843     0.024     4.300     3.600    16.800
  2020.624     1.572    -1.075    -0.575     4.300     3.700    16.900
  2020.627    -0.700     1.848     3.895     4.200     3.800    17.000
  2020.630    -1.098     1.636    11.105     4.200     3.600    16.800
  2020.632    -0.643     1.141     5.932     4.300     3.700    17.200
  2020.635    -0.017    -2.885    -0.931     3.900     3.600    16.800
  2020.638     0.782    -0.392     4.462     4.000     3.600    16.500
  2020.641    -2.000    -1.042     1.265     4.300     3.800    16.900
  2020.643    -2.851     0.083    -3.043     4.000     3.600    16.100
  2020.646     0.092    -0.607    -1.459     3.900     3.600    15.900
  2020.649    -1.529    -1.359     8.980     4.000     3.700    16.500
  2020.652    -2.714     0.198    -5.100     3.900     3.700    16.500
  2020.654    -2.140    -0.361    -8.468     4.100     3.600    16.800
  2020.657    -1.378    -0.186     0.553     3.900     3.800    16.900
  2020.660    -1.075     0.240    -0.628     4.100     3.700    16.500
  2020.663    -0.556     0.655     2.215     4.000     3.700    16.300
  2020.665     0.291    -0.701    -2.642     4.500     3.800    17.600
  2020.668    -1.780    -0.885    -3.273     4.100     3.800    16.900
  2020.671     1.263    -0.275     4.821     3.900     3.400    15.300
  2020.674     0.907     1.031    -1.105     3.800     3.400    15.300
  2020.676    -0.340     0.652     5.186     3.800     3.500    15.500
  2020.679     1.276     0.478    -0.860     3.900     3.400    15.100
  2020.682    -2.349    -1.001    -9.443     3.800     3.400    15.300
  2020.685    -1.052     0.188    -2.180     3.900     3.400    15.100
  2020.687    -0.689     2.503    13.776     3.800     3.500    15.500
  2020.690     0.601    -0.209    10.148     3.800     3.400    15.300
  2020.693    -0.332    -0.447    -1.339     3.900     3.400    15.300
  2020.695    -0.546    -2.069    -1.199     4.200     3.600    15.900
  2020.698    -1.697     1.546     5.078     4.100     3.700    16.100
  2020.701     1.953     1.342    -0.101     4.200     3.500    15.500
  2020.704     0.707     0.346    -1.219     3.800     3.400    15.100
  2020.706    -0.139    -0.101     1.034     3.800     3.400    15.100
  2020.709    -0.152    -1.009    -6.017     4.500     3.500    15.800
  2020.712     0.744    -0.400     6.324     4.400     3.600    16.200
  2020.715    -1.154    -0.040     7.123     3.900     3.500    15.500
  2020.717    -0.620     0.596    -1.001     3.900     3.400    15.300
  2020.720    -0.126    -0.332     3.337     3.800     3.400    15.300
  2020.723     1.764     0.043     4.329     3.800     3.500    15.500
  2020.726     1.231    -0.848    -1.123     3.900     3.400    15.100
  2020.728    -0.351    -0.986    -5.992     4.100     3.400    15.400
  2020.731    -0.742    -1.451    -5.131     4.100     3.400    15.400
  2020.734     1.363    -0.245    -2.059     3.900     3.300    14.700
  2020.737     1.624    -0.675    -2.576     3.800     3.400    15.100
  2020.739     0.724    -0.008    -2.081     3.800     3.400    15.100
  2020.742    -0.167    -0.041    -2.771     4.100     3.400    15.400
  2020.745    -0.902     0.307    -4.925     3.800     3.400    15.100
  2020.747     0.740    -1.808    -8.598     3.900     3.400    15.100
  2020.750     0.548     0.240    -1.532     3.900     3.400    15.100
  2020.753    -0.233     2.049    -3.297     3.900     3.400    15.100
  2020.756     0.618     0.353   -10.635     3.900     3.400    15.100
  2020.758    -0.377    -0.428    -5.460     3.900     3.400    15.100
  2020.761    -1.325     0.566   -11.227     3.900     3.400    15.100
  2020.764     2.218     0.453    -3.724     3.900     3.300    15.100
  2020.767     0.115    -0.366    -7.865     3.800     3.400    15.100
  2020.769     1.086    -1.500    -1.243     3.900     3.500    15.500
  2020.772    -0.848     2.982     3.261     4.000     3.500    15.500
  2020.775     0.567     0.169    -3.574     3.900     3.400    15.100
  2020.778     0.259    -1.862   -14.785     3.900     3.400    15.100
  2020.780     1.125     0.666    -7.801     4.000     3.500    15.500
  2020.783     0.412    -0.683   -10.300     4.000     3.400    15.100
  2020.786     0.784    -0.951    -6.414     3.900     3.400    15.100
  2020.789     0.469    -0.502    -5.580     4.000     3.400    15.100
  2020.791     0.788    -0.646    -9.154     4.000     3.400    15.100
  2020.794     1.511    -0.996     2.117     4.100     3.400    15.400
  2020.797    -0.053     0.955     1.299     3.800     3.400    15.100
  2020.800    -0.816    -2.505   -11.530     3.800     3.500    15.500
  2020.802     2.477    -0.213    -0.875     3.900     3.400    15.300
  2020.805     2.528    -1.936     1.445     4.200     3.400    15.400
  2020.808     0.952    -1.703    -9.399     3.800     3.400    15.100
  2020.810    -0.683    -0.567    -3.848     4.200     3.500    15.500
  2020.813    -0.600    -1.755    -3.068     4.200     3.500    15.500
  2020.816     3.206    -2.107    -5.637     3.800     3.400    15.100
  2020.819     2.948     1.608    10.457     3.900     3.400    15.300
  2020.821     0.726    -0.336   -11.790     3.800     3.400    15.100
  2020.824     1.526    -0.460   -13.525     3.800     3.400    15.100
  2020.827    -0.153     1.715    -4.572     3.900     3.400    15.300
  2020.830    -0.587     0.561    -4.485     3.900     3.400    15.300
  2020.832     1.981     0.510    -3.212     4.200     3.500    15.500
  2020.835     3.151     0.217     2.380     3.900     3.500    15.100
  2020.838     3.347     0.997    -5.980     3.800     3.300    14.900
  2020.841     2.674     1.234    -0.238     4.400     3.300    15.600
  2020.843     3.673     1.936    -2.860     4.200     3.400    15.100
  2020.846     0.652    -2.629    -8.188     4.200     3.500    15.800
  2020.849     0.386    -0.861   -15.294     4.100     3.600    15.500
  2020.852     1.881     1.153    -6.492     4.100     3.500    15.800
  2020.854     1.276     0.345    -5.870     3.900     3.400    15.300
  2020.857    -1.098     1.140    -3.024     3.900     3.400    15.100
  2020.860    -0.257     0.452    -6.955     4.100     3.500    16.000
  2020.862     0.923     0.416    -8.553     3.900     3.500    15.100
  2020.865    -0.710    -1.211    -9.196     3.900     3.400    15.300
  2020.868    -0.211    -0.542    -8.743     4.200     3.600    16.000
  2020.871     1.581     0.743    -4.828     4.200     3.400    16.000
  2020.873     0.708     0.303    -1.364     3.900     3.300    15.300
  2020.876     1.372     0.608    -0.653     4.100     3.400    15.400
  2020.879     1.774    -0.095   -14.329     4.100     3.500    16.000
  2020.882    -2.324    -1.572    -2.700     4.100     3.500    15.800
  2020.884    -0.768    -0.517    -4.442     4.200     3.500    15.800
  2020.887     1.218    -0.895     0.706     4.100     3.400    15.400
  2020.890    -0.225     0.018    -0.743     4.000     3.600    16.400
  2020.893     0.766     0.548     0.254     4.000     3.500    15.800
  2020.895     2.296     2.313    -3.874     3.800     3.400    15.100
  2020.898    -1.607    -2.687    -9.933     4.000     3.400    15.800
  2020.901     0.759    -0.822    -9.408     4.100     3.600    16.200
  2020.904     1.212     1.314    -6.787     3.800     3.400    15.300
  2020.906     2.562     1.959    -6.705     3.800     3.400    15.100
  2020.909    -0.630    -0.324    -2.731     3.800     3.400    15.100
  2020.912     1.617     0.398   -10.792     3.800     3.500    15.700
  2020.914    -0.167     0.005   -14.981     3.900     3.500    15.700
  2020.917     1.898     0.723    -8.792     3.800     3.400    15.300
  2020.920     1.613    -0.125    -2.164     3.800     3.400    15.100
  2020.923    -1.579    -1.315    -2.764     3.900     3.400    15.100
  2020.925    -0.855     0.827     0.561     3.800     3.400    15.100
  2020.928    -1.528    -3.847    -7.815     3.800     3.500    15.100
  2020.931    -2.695    -1.691   -10.845     3.800     3.500    15.100
  2020.934     1.412     0.387    -5.365     3.700     3.300    15.000
  2020.936     0.654     0.819    -0.812     3.800     3.400    15.100
  2020.939     0.675    -0.626    -2.370     3.800     3.300    14.700
  2020.942     0.497     0.816    -4.834     3.800     3.400    15.100
  2020.945    -0.825    -1.827    -3.465     3.800     3.300    15.000
  2020.947    -2.390    -0.683    -6.941     3.800     3.400    15.100
  2020.950    -0.608    -2.155     2.327     4.100     3.400    15.100
  2020.953     2.140     0.941   -10.098     3.800     3.400    15.100
  2020.956    -0.609    -0.711    -8.434     3.800     3.400    15.100
  2020.958    -0.368     0.258     3.075     3.800     3.300    14.700
  2020.961     0.073    -0.843    -9.990     3.800     3.300    14.900
  2020.964     1.481     1.311    -1.699     3.800     3.400    15.100
  2020.967     0.473    -0.369    -4.742     3.800     3.300    14.900
  2020.969    -0.028     0.652    -3.326     4.100     3.400    15.600
  2020.972     0.342     0.353    -4.810     4.100     3.400    15.600
  2020.975     0.837     0.800    -2.183     3.800     3.200    15.000
  2020.977    -1.398    -1.885    -2.052     4.300     3.400    15.600
  2020.980    -0.717    -1.023    -4.946     4.100     3.500    15.400
  2020.983     0.817     0.026    -9.204     4.100     3.600    16.400
  2020.986     0.368    -0.034    -0.421     4.100     3.500    16.000
  2020.988     0.335    -0.395    -0.952     3.900     3.500    15.000
  2020.991     0.124     0.072    -4.818     3.800     3.300    14.700
  2020.994     0.218     2.180    -3.901     3.900     3.400    15.100
  2020.997    -0.831     0.330    -7.704     3.800     3.400    15.300
  2020.999    -0.311     0.648    -6.850     3.800     3.500    15.100
  2021.002     0.645    -1.305    -5.813     3.900     3.500    15.100
  2021.005    -0.612     0.026    -0.098     4.022     3.447    15.618
  2021.008    -0.303    -0.539    -5.704     4.022     3.447    15.618
  2021.010    -1.353    -0.483    -9.300     4.022     3.447    15.618
  2021.013    -1.134    -0.578    -6.329     4.022     3.447    15.618
  2021.016     0.294    -1.877    -2.123     4.022     3.447    15.618
  2021.019    -2.057    -1.607    -1.773     4.022     3.447    15.618
  2021.021    -1.397    -0.621    -0.647     4.022     3.447    15.618
  2021.024    -1.850    -1.859    -3.074     4.022     3.447    15.618
  2021.027    -3.952    -3.098     0.348     4.022     3.447    15.618
  2021.030    -1.920    -0.720    -2.698     4.022     3.447    15.618
  2021.032    -0.341    -0.179     2.232     4.022     3.447    15.618
  2021.035     0.447     0.246     2.932     4.022     3.447    15.618
  2021.038    -0.192     1.005    -2.718     4.022     3.447    15.618
  2021.040     0.759     1.402    -8.122     4.022     3.447    15.618
  2021.043    -0.764     2.004   -10.790     4.022     3.447    15.618
  2021.046    -0.325     0.822    -3.710     4.022     3.447    15.618
  2021.049    -1.337    -0.920    -3.967     4.022     3.447    15.618
  2021.051    -0.706     0.471    -0.792     4.022     3.447    15.618
  2021.054    -1.561     0.572    -4.301     4.022     3.447    15.618
  2021.057    -1.020     0.390    -5.194     4.022     3.447    15.618
  2021.060     0.381     1.156    -2.962     4.022     3.447    15.618
  2021.062    -1.225    -0.236     0.142     4.022     3.447    15.618
  2021.065    -0.023     0.492     0.611     4.022     3.447    15.618
  2021.068    -0.379     1.598    -2.098     4.022     3.447    15.618
  2021.071     0.776     2.075    -3.444     4.022     3.447    15.618
  2021.073    -1.519     1.297    -4.595     4.022     3.447    15.618
  2021.076    -2.436     0.312    -4.941     4.022     3.447    15.618
  2021.079    -0.752     0.759     1.534     4.022     3.447    15.618
  2021.082     0.427     2.416    -1.007     4.022     3.447    15.618
  2021.084    -0.827     1.526    -6.376     4.022     3.447    15.618
  2021.087    -2.199     1.095    -4.638     4.022     3.447    15.618
  2021.090    -0.560     1.114    -4.837     4.022     3.447    15.618
  2021.093    -1.731     0.435     0.669     4.022     3.447    15.618
  2021.095    -1.806     0.244     0.630     4.022     3.447    15.618
  2021.098    -1.583    -0.350    -6.888     4.022     3.447    15.618
  2021.101    -1.246     1.593    -4.122     4.022     3.447    15.618
  2021.103    -1.541     1.554    -5.592     4.022     3.447    15.618
  2021.106    -1.069     0.492    -4.773     4.022     3.447    15.618
  2021.109    -0.684     1.039    -5.388     4.022     3.447    15.618
  2021.112     0.789     1.323    -5.612     4.022     3.447    15.618
  2021.114    -0.185     1.706     0.625     4.022     3.447    15.618
  2021.117    -0.995    -0.220    -2.865     4.022     3.447    15.618
  2021.120    -0.708     0.549    -6.036     4.022     3.447    15.618
  2021.123    -1.870    -0.081    -7.337     4.022     3.447    15.618
  2021.125    -0.386     0.720    -0.102     4.022     3.447    15.618
  2021.128    -2.666     0.878     2.592     4.022     3.447    15.618
  2021.131    -2.784    -0.594    -5.468     4.022     3.447    15.618
  2021.134    -1.281    -0.245    -8.309     4.022     3.447    15.618
  2021.136    -1.258     0.349    -2.545     4.022     3.447    15.618
  2021.139    -0.370     0.481     3.055     4.022     3.447    15.618
  2021.142    -0.489     0.239    -0.347     4.022     3.447    15.618
  2021.145    -0.438     2.023     2.206     4.022     3.447    15.618
  2021.147    -1.476     1.391     3.436     4.022     3.447    15.618
  2021.150     1.471     0.709     1.327     4.022     3.447    15.618
  2021.153    -0.049     1.131     0.825     4.022     3.447    15.618
  2021.156     0.116     1.081    -2.888     4.022     3.447    15.618
  2021.158     1.324    -0.637    -0.735     4.022     3.447    15.618
  2021.161     5.366     0.801     5.372     4.022     3.447    15.618
  2021.164     0.580     0.906     1.471     4.022     3.447    15.618
  2021.166    -3.357    -0.112     6.252     4.022     3.447    15.618
  2021.169    -2.428    -0.450     3.502     4.022     3.447    15.618
  2021.172    -0.768     0.812     2.477     4.022     3.447    15.618
  2021.175    -1.805     0.469     2.815     4.022     3.447    15.618
  2021.177    -2.740    -0.752     3.625     4.022     3.447    15.618
  2021.180    -0.585     0.293    -5.626     4.022     3.447    15.618
  2021.183    -0.209     1.589     3.472     4.022     3.447    15.618
  2021.186     0.831     0.480     2.544     4.022     3.447    15.618
  2021.188     0.115     0.277     8.179     4.022     3.447    15.618
  2021.191     0.086     0.175     1.367     4.022     3.447    15.618
  2021.194    -0.207    -0.610    -6.866     4.022     3.447    15.618
  2021.197     0.224     0.419    -3.395     4.022     3.447    15.618
  2021.199     1.045     0.687     2.009     4.022     3.447    15.618
  2021.202    -0.501    -0.021     1.162     4.022     3.447    15.618
  2021.205    -1.008     0.499    -4.533     4.022     3.447    15.618
  2021.208    -0.885     2.454     1.665     4.022     3.447    15.618
  2021.210    -4.167     1.572     7.362     4.022     3.447    15.618
  2021.213    -3.249     0.474     2.783     4.022     3.447    15.618
  2021.216    -1.009     1.286     9.966     4.022     3.447    15.618
  2021.219    -1.551     0.267     5.716     4.022     3.447    15.618
  2021.221    -0.482     1.193     1.730     4.022     3.447    15.618
  2021.224     1.002     1.831     3.516     4.022     3.447    15.618
  2021.227     3.054    -0.144    -1.775     4.022     3.447    15.618
  2021.230     0.170    -1.054     9.687     4.022     3.447    15.618
  2021.232    -0.497     1.384     4.775     4.022     3.447    15.618
  2021.235     0.032     1.479     5.028     4.022     3.447    15.618
  2021.238    -1.176     1.792     4.248     4.022     3.447    15.618
  2021.240    -1.536     2.542     5.945     4.022     3.447    15.618
  2021.243     0.371    -0.220     5.967     4.022     3.447    15.618
  2021.246    -0.058    -0.064     5.806     4.022     3.447    15.618
  2021.249    -0.048     0.383    15.404     4.022     3.447    15.618
  2021.251    -3.943     0.214    13.289     4.022     3.447    15.618
  2021.254    -2.062     0.367     4.534     4.022     3.447    15.618
  2021.257    -1.202     2.160     5.546     4.022     3.447    15.618
  2021.260    -1.080     1.140     3.690     4.022     3.447    15.618
  2021.262    -0.551    -0.242    -0.227     4.022     3.447    15.618
  2021.265     2.644     1.077     6.448     4.022     3.447    15.618
  2021.268     6.346     1.629    -0.262     4.022     3.447    15.618
  2021.271     5.158     1.387     3.594     4.022     3.447    15.618
  2021.273    -0.191     0.627     3.207     4.022     3.447    15.618
  2021.276    -3.963    -0.385    -0.095     4.022     3.447    15.618
  2021.279     0.170     1.306     6.601     4.022     3.447    15.618
  2021.282     0.414     0.451     1.947     4.022     3.447    15.618
  2021.284     0.510    -1.075     4.281     4.022     3.447    15.618
  2021.287     3.781     1.136     3.404     4.022     3.447    15.618
  2021.290     2.069    -0.530     4.382     4.022     3.447    15.618
  2021.293     1.660     0.917     9.217     4.022     3.447    15.618
  2021.295     3.284     3.060    12.977     4.022     3.447    15.618
  2021.298     2.336     0.801     3.862     4.022     3.447    15.618
  2021.301     1.314    -0.132     5.576     4.022     3.447    15.618
  2021.303     1.284     1.552     7.421     4.022     3.447    15.618
  2021.306     2.150     1.311     6.841     4.022     3.447    15.618
  2021.309    -3.386    -1.685     6.954     4.022     3.447    15.618
  2021.312    -0.112    -0.279    10.232     4.022     3.447    15.618
  2021.314     2.332     0.262    -1.492     4.022     3.447    15.618
  2021.317    -0.738     0.457     3.352     4.022     3.447    15.618
  2021.320     1.316     1.164     5.033     4.022     3.447    15.618
  2021.323     2.832    -0.458     1.573     4.022     3.447    15.618
  2021.325     1.033     1.693    11.483     4.022     3.447    15.618
  2021.328     1.724     1.648     6.009     4.022     3.447    15.618
  2021.331    -1.230     0.356     8.475     4.022     3.447    15.618
  2021.334     3.308     1.548     7.461     4.022     3.447    15.618
  2021.336     2.537     0.693     0.674     4.022     3.447    15.618
  2021.339     3.121     2.322    -0.185     4.022     3.447    15.618
  2021.342     2.010     0.866     4.261     4.022     3.447    15.618
  2021.345     1.041     2.432    -0.755     4.022     3.447    15.618
  2021.347     0.446     1.309     0.543     4.022     3.447    15.618
  2021.350     1.686     1.626     9.366     4.022     3.447    15.618
  2021.353     4.527     1.408    -1.585     4.022     3.447    15.618
  2021.356     6.057     0.164     1.399     4.022     3.447    15.618
  2021.358     5.699     2.852    14.861     4.022     3.447    15.618
  2021.361     3.022     1.657     0.324     4.022     3.447    15.618
  2021.364     5.757     1.510     4.353     4.022     3.447    15.618
  2021.366    -0.329    -2.000    -1.367     4.022     3.447    15.618
  2021.369     3.494     2.034    13.335     4.022     3.447    15.618
  2021.372     2.649     0.603    17.814     4.022     3.447    15.618
  2021.375     4.251     1.091     8.093     4.022     3.447    15.618
  2021.377     5.742     0.826    -0.565     4.022     3.447    15.618
  2021.380     4.858    -0.086    -3.314     4.022     3.447    15.618
  2021.383     6.436     0.377     4.258     4.022     3.447    15.618
