  2019.282     0.491     1.110     1.820     3.000     2.400    10.000
  2019.285     1.836     0.940    -4.400     3.000     2.400     9.800
  2019.288     1.076     0.803    -2.408     3.000     2.500    10.200
  2019.290     1.448     0.400    -5.841     3.000     2.500    10.100
  2019.293    -0.231     0.195    -1.614     3.000     2.400     9.800
  2019.296     2.322     0.822     0.174     3.000     2.500    10.200
  2019.298    -1.662    -1.104     2.069     3.300     2.500    10.200
  2019.301     1.328    -3.664    -3.838     3.000     2.400     9.800
  2019.304     2.599     3.305   -10.767     3.000     2.400    10.000
  2019.307    -0.121     0.953     5.378     3.000     2.400     9.800
  2019.309    -0.398     1.261     4.859     3.000     2.400     9.800
  2019.312    -0.704     0.663     2.423     3.000     2.400     9.800
  2019.315    -0.811     1.907    -5.292     3.300     2.500    10.200
  2019.318     0.916    -0.212    -1.403     3.000     2.400    10.000
  2019.320     1.254     0.951     4.584     3.100     2.500    10.100
  2019.323     2.138     0.648     2.415     3.100     2.400    10.000
  2019.326    -0.293    -1.335    -0.624     3.100     2.400     9.700
  2019.329     0.698     1.022    -0.718     3.000     2.400    10.000
  2019.331     0.969    -0.647    -0.056     3.000     2.400     9.800
  2019.334     0.395    -0.324    -4.878     3.000     2.500    10.100
  2019.337    -0.560    -1.313    -0.528     3.000     2.500    10.100
  2019.340    -1.142     0.388    -2.285     3.100     2.400     9.800
  2019.342    -1.327     0.736    -6.173     3.100     2.400     9.800
  2019.345     2.892    -1.687    -2.376     3.100     2.400     9.700
  2019.348    -1.590    -0.054     7.335     3.100     2.400    10.000
  2019.350    -0.317    -1.078    -5.490     3.100     2.400    10.000
  2019.353    -1.805    -1.194     3.054     3.100     2.400     9.800
  2019.356     1.247     0.075     1.292     3.100     2.400     9.700
  2019.359     0.966     0.240     0.977     3.000     2.400     9.700
  2019.361     3.202    -0.031     2.975     3.100     2.400    10.000
  2019.364     1.086     1.032     4.937     3.000     2.400     9.800
  2019.367    -1.277    -0.401     0.104     3.000     2.400     9.800
  2019.370    -0.817    -0.768     5.018     3.100     2.400     9.800
  2019.372     0.712     0.200    -4.133     3.000     2.400     9.800
  2019.375     0.834     0.690     2.523     3.000     2.400    10.000
  2019.378     2.000     0.776     1.559     3.000     2.400    10.000
  2019.381     1.805    -0.104     4.012     3.000     2.400     9.800
  2019.383     1.870    -0.097     3.889     3.000     2.400     9.800
  2019.386     1.006     0.982    -3.668     3.000     2.400     9.800
  2019.389    -0.854     0.761    -3.828     3.000     2.400     9.800
  2019.392     0.535    -0.769     1.018     3.000     2.400     9.800
  2019.394     1.141    -0.288     5.700     3.100     2.400     9.800
  2019.397     2.033     1.074    -2.187     3.000     2.400     9.800
  2019.400    -1.013     1.181    -2.200     3.000     2.400     9.800
  2019.403    -2.512     0.399     3.723     3.000     2.400     9.800
  2019.405    -0.741     0.324    -2.066     3.000     2.400     9.800
  2019.408    -0.168     1.779    -4.454     3.100     2.400     9.700
  2019.411    -0.712     1.982     7.616     3.100     2.400     9.700
  2019.413    -1.646     1.599     1.794     3.000     2.400    10.000
  2019.416    -1.153     0.743     1.136     3.100     2.400     9.700
  2019.419    -0.453     2.861     3.724     3.000     2.400    10.000
  2019.422    -2.023     2.377     3.133     3.100     2.400    10.000
  2019.424    -1.132     1.100    -5.539     3.000     2.400     9.800
  2019.427     0.014     1.702     4.704     3.000     2.400     9.800
  2019.430     1.088     1.557     1.124     3.000     2.400    10.000
  2019.433     0.168    -0.807    -0.504     3.000     2.400    10.000
  2019.435     1.593    -1.000    -2.144     3.100     2.400    10.000
  2019.438     2.985     1.792     1.121     3.000     2.500    10.100
  2019.441     0.149     0.302     3.983     3.100     2.500    10.100
  2019.444     0.532    -0.182     7.813     3.100     2.500    10.100
  2019.446    -2.177     1.357     2.471     3.100     2.500    10.100
  2019.449    -0.066     0.103    -0.036     3.100     2.500    10.100
  2019.452     0.431     0.566     4.371     3.000     2.500    10.100
  2019.455    -0.195     0.152     8.102     3.000     2.500    10.100
  2019.457    -0.036     1.504     6.729     3.100     2.500    10.100
  2019.460    -0.539     1.947     2.433     3.100     2.400    10.000
  2019.463     0.050     0.688     2.497     3.000     2.400    10.000
  2019.465     0.017     0.918     9.255     3.400     2.600    10.600
  2019.468     1.344    -1.654    -2.766     3.400     2.500    10.700
  2019.471     3.976     0.253     0.088     3.400     2.500    10.400
  2019.474     1.195     1.158     2.972     3.100     2.400    10.000
  2019.476    -1.626    -0.621    -3.454     3.100     2.400    10.000
  2019.479     0.349     0.857    -1.605     3.100     2.400    10.000
  2019.482     0.201    -0.153     1.109     3.100     2.400    10.000
  2019.485     1.254     0.144     1.292     3.100     2.500    10.100
  2019.487     1.284     0.182     1.270     3.100     2.400    10.000
  2019.490     0.582     0.249     4.097     3.100     2.400    10.000
  2019.493     0.199     1.150     2.887     3.000     2.400     9.800
  2019.496    -0.364     0.311     1.364     3.000     2.400     9.800
  2019.498    -1.491     0.005     1.318     3.000     2.400    10.000
  2019.501    -1.083     0.495     1.462     3.000     2.400     9.800
  2019.504    -1.281     1.908     2.185     3.000     2.400     9.700
  2019.507    -2.530     2.102     0.181     3.000     2.400    10.000
  2019.509    -0.284    -0.696    -0.766     3.100     2.400     9.800
  2019.512    -0.529     0.111    -3.575     3.000     2.400     9.800
  2019.515    -0.432     0.204     0.205     3.000     2.400     9.800
  2019.518     1.473    -0.442    -3.152     3.000     2.400     9.800
  2019.520    -1.188     0.467    -0.206     3.100     2.400     9.800
  2019.523    -1.262    -0.580    -1.568     3.000     2.400     9.800
  2019.526    -1.660    -0.967    -4.968     3.000     2.400    10.000
  2019.528    -0.167    -0.706    -2.066     3.000     2.400     9.800
  2019.531     0.469    -0.226     0.878     3.100     2.500    10.400
  2019.534     0.714     0.452     1.689     3.100     2.500    10.100
  2019.537    -0.684    -0.233     4.206     3.100     2.400    10.000
  2019.539    -1.192     0.340    -0.927     3.100     2.400    10.000
  2019.542    -0.708     0.117    -1.353     3.000     2.400    10.000
  2019.545    -0.966     1.388    -5.732     3.000     2.500    10.100
  2019.548    -1.198     0.524    -5.685     3.100     2.500    10.100
  2019.550    -1.846    -0.470    -1.753     3.000     2.400     9.800
  2019.553     0.435    -0.558     1.438     3.000     2.400     9.800
  2019.556    -0.466    -0.801    -3.071     3.100     2.400    10.000
  2019.559    -1.264    -0.662    -2.079     3.000     2.500    10.200
  2019.561    -1.635    -0.989    -5.730     3.300     2.500    10.400
  2019.564    -0.880    -0.411    -2.159     3.000     2.400     9.800
  2019.567    -0.469    -0.741    -0.103     3.000     2.500    10.100
  2019.570    -1.230    -0.230    -2.834     3.000     2.400     9.800
  2019.572    -1.821     1.268    -2.172     3.000     2.400    10.000
  2019.575    -0.144    -0.416    -3.343     3.000     2.500    10.100
  2019.578    -1.225    -0.403    -0.680     3.000     2.400     9.800
  2019.580    -0.872    -0.946    -1.007     3.000     2.500    10.100
  2019.583    -1.266    -0.745    -3.910     3.000     2.400     9.800
  2019.586    -1.903    -0.538    -2.372     3.000     2.500    10.200
  2019.589    -2.316    -0.558     0.443     3.000     2.400     9.800
  2019.591    -3.167    -1.138    -8.703     3.100     2.400     9.800
  2019.594    -0.870    -0.560    -3.307     3.000     2.400    10.000
  2019.597    -1.685    -0.870    -5.527     3.000     2.400     9.800
  2019.600    -2.045    -0.679    -1.867     3.300     2.500    10.400
  2019.602    -1.325    -0.706    -9.544     3.100     2.500    10.400
  2019.605    -0.842    -0.852    -1.477     3.000     2.400     9.800
  2019.608    -3.848    -1.012    -7.452     3.300     2.500    10.500
  2019.611     0.497     1.476    -1.696     3.300     2.500    10.400
  2019.613    -1.492     1.404     0.450     3.000     2.400     9.800
  2019.616    -2.089     0.407    -5.105     3.100     2.400    10.000
  2019.619    -1.231    -0.447    -4.074     3.000     2.400     9.800
  2019.622     0.738     0.332    -4.556     3.000     2.400     9.800
  2019.624    -1.631    -1.183     3.488     3.000     2.500    10.400
  2019.627     0.069     1.659     3.654     3.000     2.400    10.000
  2019.630     0.270     0.405    -0.618     3.000     2.400     9.800
  2019.632    -2.685     0.255   -11.110     3.000     2.400     9.800
  2019.635    -2.800     2.648     6.379     3.000     2.400     9.800
  2019.638     0.116     1.329    -3.002     3.000     2.500    10.100
  2019.641    -1.571    -0.843    -1.380     3.000     2.400     9.800
  2019.643    -1.311    -1.261    -2.010     3.100     2.400    10.000
  2019.646    -1.720     0.041    -8.778     3.000     2.400     9.800
  2019.649    -0.177    -0.438    -1.045     3.000     2.400     9.800
  2019.652    -2.210     0.504     1.883     3.000     2.400     9.800
  2019.654    -3.178    -0.879    -2.231     3.000     2.500    10.100
  2019.657    -1.137    -1.245    -4.523     3.000     2.500    10.200
  2019.660    -0.615     1.494    -5.270     3.100     2.500    10.100
  2019.663    -1.606    -0.065     0.604     3.400     2.500    10.200
  2019.665    -1.672     0.307    -8.777     3.000     2.400     9.800
  2019.668     0.009     0.226     1.936     3.000     2.400    10.000
  2019.671    -1.238    -0.592    -3.565     3.000     2.400     9.800
  2019.674    -1.513    -0.207    -1.624     3.000     2.400     9.800
  2019.676    -1.047    -0.430    -7.436     3.000     2.400     9.800
  2019.679    -0.346     0.237     0.278     3.000     2.500    10.100
  2019.682     0.116     0.434     7.801     3.000     2.500    10.400
  2019.685     1.875    -0.027     3.081     3.000     2.400    10.000
  2019.687     1.475     1.132     2.334     3.000     2.400     9.800
  2019.690     0.363    -0.538    -2.825     3.100     2.400    10.000
  2019.693    -1.213    -1.291    -3.320     3.000     2.400    10.000
  2019.695    -0.585     0.001    -6.595     3.000     2.400    10.000
  2019.698    -0.869     0.827    -4.638     3.000     2.400    10.000
  2019.701     0.335    -1.182    -0.695     3.000     2.400     9.800
  2019.704    -0.503    -0.127    -3.565     3.000     2.400    10.000
  2019.706    -0.326     0.259    -2.074     3.000     2.400     9.800
  2019.709     0.518     1.298    -0.121     3.000     2.400     9.800
  2019.712    -1.328    -0.338    -6.438     3.000     2.400     9.800
  2019.715    -1.500     0.270     1.243     3.000     2.400     9.800
  2019.717    -0.126    -0.641    -2.193     3.000     2.400     9.800
  2019.720    -1.354    -0.681     1.315     3.400     2.500    10.400
  2019.723    -0.471    -0.586    -1.701     3.400     2.500    10.400
  2019.726    -0.725    -0.016    -2.969     3.000     2.400    10.000
  2019.728    -0.860    -1.296    -2.434     3.000     2.400     9.800
  2019.731    -0.292    -0.128    -2.113     3.000     2.400     9.800
  2019.734    -0.824    -1.054    -4.023     3.000     2.400     9.800
  2019.737    -1.040    -0.597    -1.478     3.000     2.400     9.800
  2019.739    -2.018    -0.339    -4.805     3.000     2.400    10.000
  2019.742    -0.335    -0.505    -0.699     3.400     2.500    10.200
  2019.745    -0.005    -0.923    -4.169     3.300     2.500    10.200
  2019.747     1.521    -0.739     2.251     3.000     2.400     9.800
  2019.750     0.250    -0.671    -1.155     3.000     2.500    10.100
  2019.753     0.082    -0.561    -1.579     3.000     2.500    10.400
  2019.756    -0.769    -0.890    -0.851     3.300     2.600    10.400
  2019.758    -0.822    -0.411    -1.493     3.300     2.500    10.200
  2019.761    -2.538     0.075    -0.068     3.000     2.400     9.800
  2019.764    -1.706    -1.173    -1.837     3.000     2.400    10.000
  2019.767    -1.569     0.081     0.058     3.000     2.400     9.800
  2019.769    -0.358    -1.189    -4.981     3.000     2.500    10.200
  2019.772     0.768    -0.740    -1.280     3.000     2.400    10.000
  2019.775     0.822    -1.413     0.334     3.400     2.500    10.400
  2019.778    -0.813    -0.744    -1.677     3.000     2.400    10.000
  2019.780    -0.397     0.644     3.071     3.000     2.400     9.800
  2019.783     0.640     0.914    -4.009     3.000     2.400     9.800
  2019.786    -0.699    -0.865    -3.628     3.000     2.400     9.800
  2019.789     0.614    -1.274    -3.996     3.000     2.400    10.000
  2019.791     0.247    -2.340    -3.664     3.000     2.400    10.000
  2019.794     0.295    -0.061     0.161     3.000     2.400     9.800
  2019.797     0.847     0.417    -0.772     3.000     2.400     9.800
  2019.800     1.406     0.041    -1.106     3.000     2.500    10.200
  2019.802    -0.686    -1.854    -4.091     3.000     2.400     9.800
  2019.805    -2.414     0.611     2.220     3.000     2.400    10.000
  2019.808     1.102     1.165    10.812     3.000     2.400     9.800
  2019.810     0.455    -0.068     4.809     3.000     2.400     9.800
  2019.813     0.359    -0.926    -3.016     3.000     2.400     9.800
  2019.816     0.176    -1.393     2.774     3.000     2.500    10.200
  2019.819     2.600    -0.717    -5.843     3.000     2.500    10.100
  2019.821    -0.119     0.700     3.873     3.000     2.400    10.000
  2019.824    -1.365     0.511     3.368     3.000     2.400     9.800
  2019.827    -1.078     1.870    -0.447     3.000     2.500    10.100
  2019.830     0.438     1.756    -1.465     3.000     2.400     9.800
  2019.832     0.489     0.286    -0.753     3.100     2.500    10.400
  2019.835     1.472     1.968    -5.516     3.100     2.500    10.400
  2019.838    -0.546     0.351    -4.027     3.000     2.400    10.000
  2019.841     0.115     1.436     4.769     3.000     2.400     9.800
  2019.843    -0.951     0.039     5.865     3.000     2.400    10.000
  2019.846     0.341     0.524     6.666     3.000     2.500    10.100
  2019.849    -0.594     0.365    -1.809     3.000     2.500    10.100
  2019.852    -1.125    -0.147    -0.555     3.000     2.400    10.000
  2019.854    -0.488     1.261     2.457     3.000     2.400     9.800
  2019.857    -1.053    -0.978    -1.357     3.000     2.400    10.000
  2019.860    -1.194     0.097    -2.241     3.000     2.400    10.000
  2019.862    -0.881     0.384    -7.635     3.000     2.400    10.000
  2019.865     2.599     0.201    -6.538     3.000     2.500    10.100
  2019.868    -0.051     0.610    -1.312     3.100     2.500    10.100
  2019.871     0.882    -0.066    -1.332     3.000     2.400    10.000
  2019.873     2.016     0.726     3.804     3.000     2.500    10.100
  2019.876    -0.280     0.261     2.485     3.000     2.400     9.800
  2019.879    -0.694     1.400    -3.278     3.000     2.500    10.100
  2019.882    -1.342     4.108    -1.125     3.000     2.400    10.000
  2019.884    -0.947    -0.266     2.020     3.000     2.550     9.800
  2019.887    -0.090    -0.053    -6.128     3.000     2.500    10.100
  2019.890     0.242    -0.294     3.456     3.400     2.500    10.400
  2019.893     0.654     0.862    -4.294     3.000     2.400    10.000
  2019.895     1.327     0.255    -2.637     3.000     2.400    10.000
  2019.898    -1.629    -0.214    -2.035     3.000     2.500    10.100
  2019.901     1.049     3.461    -2.992     3.000     2.400    10.000
  2019.904     1.275     2.085     4.480     3.000     2.400    10.000
  2019.906    -2.045     1.028     2.263     3.000     2.500    10.400
  2019.909     0.709     1.326    -1.260     3.000     2.500    10.100
  2019.912     0.111     1.868     4.789     3.000     2.400    10.000
  2019.914     4.600     0.252     7.027     3.000     2.400    10.000
  2019.917     1.119     1.694     1.959     3.000     2.400    10.000
  2019.920     0.150     0.594    -2.378     3.100     2.500    10.100
  2019.923    -0.209     0.915    -5.256     3.100     2.500    10.400
  2019.925    -0.689     0.597    -0.523     3.000     2.500    10.100
  2019.928    -0.867    -0.128     0.260     3.000     2.500    10.100
  2019.931     0.259     1.030     1.505     3.000     2.500    10.100
  2019.934    -0.788    -0.280    -0.399     3.000     2.500    10.200
  2019.936    -0.175    -0.246     1.429     3.000     2.500    10.100
  2019.939    -0.900    -0.711    -3.342     3.000     2.500    10.100
  2019.942    -1.220    -0.202     1.852     3.000     2.500    10.400
  2019.945     0.510     0.734     1.646     3.000     2.500    10.100
  2019.947    -0.003    -0.653     4.271     3.000     2.500    10.100
  2019.950    -0.006    -0.927     1.343     3.000     2.500    10.100
  2019.953     0.370    -0.566    -0.392     3.400     2.500    10.700
  2019.956     0.143     1.411     4.770     3.000     2.400    10.000
  2019.958     0.092    -0.264     6.067     3.100     2.500    10.100
  2019.961     0.056     0.958     4.840     3.000     2.400    10.000
  2019.964     0.069     2.162    -1.658     3.000     2.400    10.000
  2019.967     0.186     1.003    -1.887     3.000     2.400    10.000
  2019.969     1.192     1.017     1.879     3.000     2.500    10.100
  2019.972     2.590     0.583     4.381     3.000     2.500    10.100
  2019.975     0.119    -0.719     4.558     3.000     2.400    10.000
  2019.977     0.924     1.220     3.569     3.000     2.400     9.800
  2019.980     0.273    -0.256     6.595     3.000     2.500    10.100
  2019.983    -0.522    -0.181     4.526     3.000     2.500    10.100
  2019.986    -1.310     1.004     1.504     3.000     2.400    10.000
  2019.988    -0.437    -0.629     3.734     3.000     2.400    10.000
  2019.991     0.133    -0.233     3.718     3.000     2.400     9.800
  2019.994    -0.698     0.357    -0.775     3.000     2.400     9.800
  2019.997    -0.499     0.880     1.723     3.000     2.400    10.000
  2019.999    -0.008     0.367    -1.195     3.000     2.400    10.000
  2020.003     1.061     0.800    -6.034     3.000     2.400    10.000
  2020.006     0.854     1.209    -0.099     3.000     2.400     9.800
  2020.008     2.008    -0.522    -9.341     3.000     2.500    10.200
  2020.011    -0.811     0.564    -0.094     3.100     2.500    10.400
  2020.014    -1.362    -1.181     4.694     3.100     2.500    10.400
  2020.016     0.709    -1.518     5.952     3.400     2.500    10.400
  2020.019    -0.461     0.190     0.101     3.000     2.500    10.100
  2020.022    -0.341    -0.756    10.551     3.000     2.500    10.100
  2020.025     1.810    -1.022     8.629     3.100     2.500    10.400
  2020.027     0.487     1.389     2.392     3.400     2.500    10.400
  2020.030    -0.290     0.859     0.500     3.000     2.400    10.000
  2020.033    -0.471     0.424    11.300     3.000     2.400    10.000
  2020.036     0.114    -0.177     2.431     3.100     2.500    10.100
  2020.038     0.982    -1.098     6.346     3.000     2.500    10.100
  2020.041     1.174    -0.456     5.627     3.000     2.500    10.200
  2020.044     0.444     0.564     3.538     3.300     2.500    10.500
  2020.047     0.757    -1.391     5.358     3.300     2.500    10.500
  2020.049     0.679    -1.220     7.620     3.000     2.500    10.100
  2020.052     0.270    -0.446     2.140     3.000     2.500    10.100
  2020.055     0.188    -2.148     4.591     3.000     2.500    10.200
  2020.058    -0.547    -1.084     1.928     3.000     2.500    10.400
  2020.060     0.670    -1.793     5.714     3.000     2.500    10.200
  2020.063    -0.568    -1.524     7.356     3.000     2.500    10.100
  2020.066     0.310    -1.667     0.549     3.000     2.500    10.100
  2020.068    -0.190    -0.992     0.814     3.000     2.400    10.000
  2020.071    -0.582    -2.087     0.831     3.000     2.500    10.100
  2020.074     0.706    -0.865     1.363     3.000     2.400    10.000
  2020.077     0.097    -0.783     1.176     3.000     2.400    10.000
  2020.079    -0.527    -0.849     2.261     3.000     2.400    10.000
  2020.082     1.566     0.065     1.469     3.000     2.400    10.000
  2020.085     1.774    -1.737     2.561     3.000     2.400    10.000
  2020.088     1.244    -3.491     7.298     3.300     2.500    10.200
  2020.090    -0.427    -1.708     3.036     3.000     2.400    10.000
  2020.093     0.837    -0.458     0.259     3.000     2.500    10.100
  2020.096    -0.289    -0.987     0.918     3.000     2.400    10.000
  2020.099     1.027    -1.589     1.889     3.000     2.500    10.100
  2020.101     0.063    -0.909     5.445     3.000     2.400    10.000
  2020.104     0.282    -2.233     2.172     3.000     2.500    10.400
  2020.107     0.668    -2.318    12.890     3.000     2.500    10.200
  2020.110     0.574    -0.106    -2.942     3.000     2.500    10.400
  2020.112    -0.111    -0.930     9.869     3.000     2.500    10.100
  2020.115     0.726    -0.195    -3.731     3.000     2.500    10.100
  2020.118     1.528    -0.750     0.357     3.000     2.500    10.200
  2020.121     0.061    -0.971    -3.040     3.000     2.500    10.400
  2020.123     0.468    -0.485     3.360     3.300     2.500    10.700
  2020.126     0.846     0.514     1.361     3.300     2.500    10.400
  2020.129     1.656    -0.605    -1.172     3.000     2.500    10.200
  2020.131     1.070     0.618    -2.011     3.000     2.500    10.200
  2020.134     1.167    -1.480     3.210     3.000     2.500    10.100
  2020.137     2.456     0.185    -2.202     3.000     2.500    10.200
  2020.140    -0.178     0.176    -0.690     3.400     2.500    10.400
  2020.142     0.663     1.346    -0.344     3.400     2.500    10.400
  2020.145    -0.087     0.823    -2.812     3.000     2.500    10.400
  2020.148     0.660    -1.456     0.523     3.300     2.500    10.500
  2020.151     0.610     0.823    -1.398     3.000     2.500    10.100
  2020.153     1.564    -0.943    -8.622     3.000     2.500    10.400
  2020.156     1.281     0.446    -0.367     3.000     2.500    10.400
  2020.159    -0.658     0.348     6.568     3.000     2.500    10.400
  2020.162     1.513     1.250    -6.805     3.300     2.500    10.200
  2020.164     0.996     1.180     1.008     3.000     2.400    10.000
  2020.167     0.516     0.899     5.928     3.000     2.500    10.400
  2020.170     1.759    -0.030    -4.948     3.000     2.500    10.400
  2020.173     1.684     0.174    -0.308     3.000     2.500    10.400
  2020.175     0.313     0.413    -3.079     3.000     2.500    10.400
  2020.178     2.420     0.161    -0.715     3.000     2.500    10.400
  2020.181     2.704     1.000     1.088     3.000     2.500    10.100
  2020.183     3.753    -0.468     3.988     3.000     2.500    10.400
  2020.186     2.188     0.485     7.984     3.000     2.500    10.400
  2020.189     1.209     1.050    -2.187     3.300     2.500    10.400
  2020.192     0.646     0.215     4.268     3.000     2.500    10.100
  2020.194     2.580    -0.328     3.400     3.000     2.500    10.400
  2020.197     1.157     1.407     5.619     3.000     2.500    10.100
  2020.200     1.482     0.172     6.094     3.000     2.500    10.100
  2020.203     0.992     2.076     4.305     3.300     2.500    10.400
  2020.205     1.196     1.315     8.872     3.300     2.500    10.400
  2020.208     0.886    -0.044     9.999     3.000     2.500    10.100
  2020.211     0.720    -0.688    -5.728     3.300     2.500    10.400
  2020.214     2.229     0.747     3.025     3.000     2.500    10.400
  2020.216     0.842     1.258    -0.491     3.400     2.600    11.300
  2020.219     1.667     1.343    -2.959     3.300     2.700    10.800
  2020.222     1.371    -0.904    -3.506     3.300     2.500    10.400
  2020.225     0.757    -0.789    -2.064     3.300     2.500    10.400
  2020.227    -0.501    -0.430     2.493     3.300     2.500    10.400
  2020.230    -0.635     0.528    -2.478     3.000     2.500    10.400
  2020.233     2.818     0.383    -3.157     3.300     2.500    10.400
  2020.236     1.222    -0.158     1.878     3.300     2.500    10.500
  2020.238     0.658     1.191    -2.185     3.300     2.500    10.400
  2020.241     2.174     2.124    -3.222     3.000     2.500    10.400
  2020.244     2.355     0.297    16.699     3.000     2.500    10.400
  2020.246     2.411    -1.271     8.563     3.000     2.500    10.400
  2020.249     1.423     0.940     5.884     3.300     2.500    10.400
  2020.252     2.007    -0.196    10.873     3.000     2.500    10.100
  2020.255     3.151     0.351    -2.891     3.300     2.500    10.200
  2020.257     1.673     1.396     0.539     3.000     2.500    10.400
  2020.260     0.713     1.008    10.116     3.300     2.500    10.400
  2020.263     1.030    -0.481     3.696     3.300     2.500    10.400
  2020.266     3.653     0.393     1.481     3.300     2.500    10.400
  2020.268     2.325     0.414    -3.373     3.300     2.500    10.400
  2020.271    -0.459     1.102    -4.511     3.300     2.500    10.400
  2020.274     1.847     1.143    -5.149     3.300     2.500    10.400
  2020.277     1.170    -0.111    -0.519     3.300     2.500    10.400
  2020.279     1.193     1.661    -0.568     3.300     2.500    10.400
  2020.282     1.440     0.406     0.019     3.400     2.600    10.800
  2020.285    -1.169    -1.159    -5.279     3.300     2.500    10.400
  2020.288    -0.504     0.695     0.128     3.300     2.500    10.700
  2020.290     1.266    -0.450     2.796     3.300     2.500    10.400
  2020.293     0.566    -1.057    -0.156     3.300     2.500    10.400
  2020.296    -3.915    -0.942     3.810     3.300     2.500    10.400
  2020.298     1.732    -0.135     1.214     3.300     2.500    10.400
  2020.301     2.590    -0.017    -0.863     3.300     2.500    10.400
  2020.304     1.053     2.699    -6.901     3.000     2.500    10.100
  2020.307     2.579    -0.070    -8.717     3.000     2.500    10.400
  2020.309     1.825     1.091     3.467     3.000     2.500    10.400
  2020.312    -0.893    -0.053     5.082     3.400     2.500    10.400
  2020.315    -2.287     0.027    -2.148     3.400     2.500    10.400
  2020.318    -0.426    -0.339    -1.510     3.300     2.500    10.400
  2020.320    -0.473    -1.242     0.123     3.000     2.500    10.100
  2020.323    -1.071    -0.108    -0.104     3.000     2.500    10.100
  2020.326    -1.453    -0.485     1.548     3.000     2.500    10.100
  2020.329     0.103    -0.701    -0.899     3.300     2.500    10.400
  2020.331    -0.100    -0.773    -1.532     3.000     2.500    10.400
  2020.334    -1.050     0.332     3.117     3.000     2.500    10.100
  2020.337     0.415    -0.585    -0.072     3.000     2.500    10.400
  2020.340    -0.995    -1.857     1.521     3.000     2.500    10.100
  2020.342     1.386    -1.885    -2.062     3.000     2.500    10.400
  2020.345     1.360    -1.891     2.260     3.300     2.500    10.400
  2020.348    -0.137     0.527     6.812     3.000     2.500    10.400
  2020.350    -1.587     1.391     6.294     3.000     2.500    10.400
  2020.353    -2.077     1.276     4.507     3.179     2.500    10.700
  2020.356     0.362     0.293    -1.567     3.300     2.500    10.700
  2020.359     1.218     0.329     2.218     3.300     2.500    10.400
  2020.361     0.935     0.528     3.968     3.000     2.500    10.400
  2020.364     2.209    -1.076     0.913     3.000     2.500    10.400
  2020.367    -0.521    -2.019     3.330     3.300     2.500    10.400
  2020.370     1.484    -2.153    -7.184     3.000     2.500    10.400
  2020.372    -0.086    -1.471     0.539     3.000     2.500    10.400
  2020.375    -1.240    -0.303     2.408     3.300     2.500    10.400
  2020.378     0.364    -0.335     5.038     3.300     2.500    10.400
  2020.381     1.740     0.296    -1.852     3.300     2.500    10.700
  2020.383    -0.966     0.080    -0.239     3.300     2.500    10.700
  2020.386     0.752    -0.259     3.513     3.300     2.500    10.400
  2020.389    -0.453     0.030     0.140     3.000     2.500    10.400
  2020.392     1.377    -1.007     4.807     3.300     2.500    10.400
  2020.394    -1.399    -0.225     3.143     3.300     2.500    10.400
  2020.397     0.310    -1.059     1.096     3.300     2.500    10.400
  2020.400    -2.779    -1.101    -3.147     3.300     2.500    10.700
  2020.403    -2.767    -2.537     4.303     3.300     2.500    10.400
  2020.405    -1.508    -2.426    -1.095     3.300     2.500    10.400
  2020.408    -1.692    -2.667     0.386     3.400     2.500    10.700
  2020.411     0.711     0.729     3.192     3.300     2.500    10.400
  2020.413    -0.234    -0.442    -2.909     3.300     2.500    10.400
  2020.416    -0.013    -0.940     2.505     3.300     2.500    10.400
  2020.419     0.261    -1.055     3.436     3.300     2.500    10.400
  2020.422    -0.942    -1.865    -3.577     3.300     2.500    10.700
  2020.424     1.138    -2.077    -3.206     3.300     2.500    10.400
  2020.427    -0.182    -2.136    -3.929     3.400     2.600    11.100
  2020.430    -0.170    -1.566     8.683     3.300     2.600    11.100
  2020.433     0.906    -2.185     1.219     3.300     2.500    10.700
  2020.435     1.279    -0.854     1.529     3.300     2.500    10.700
  2020.438    -0.008     0.419     7.935     3.300     2.500    10.700
  2020.441     2.330     1.867    -2.225     3.300     2.500    10.400
  2020.444    -0.530    -0.988     0.319     3.000     2.500    10.400
  2020.446     1.193    -0.691     2.177     3.300     2.500    10.700
  2020.449     0.692    -1.161    -0.316     3.000     2.500    10.400
  2020.452    -0.502    -1.077    -2.587     3.000     2.500    10.400
  2020.455     0.221     0.133     2.512     3.300     2.500    10.400
  2020.457    -1.829    -0.376     1.882     3.000     2.500    10.400
  2020.460     0.229    -2.812    -2.809     3.000     2.500    10.400
  2020.463     0.848    -0.540     5.531     3.300     2.500    10.700
  2020.465     0.446    -0.879     3.042     3.000     2.500    10.400
  2020.468     1.015    -0.097     1.444     3.300     2.500    10.500
  2020.471     1.218    -0.615    -1.262     3.300     2.500    10.400
  2020.474     2.480    -1.365    -0.318     3.000     2.500    10.400
  2020.476     1.516    -0.458     1.862     3.300     2.500    10.400
  2020.479     1.524    -0.147     2.972     3.000     2.500    10.400
  2020.482    -2.346    -1.886    -1.236     3.000     2.500    10.400
  2020.485    -0.591    -0.713    -2.589     3.000     2.500    10.400
  2020.487     1.527     0.225     0.267     3.300     2.600    11.100
  2020.490     1.877    -1.756    -1.657     3.300     2.700    11.100
  2020.493     1.037     0.129    -0.966     3.300     2.600    11.100
  2020.496     0.087    -0.739     1.414     3.400     2.500    10.700
  2020.498    -0.215    -0.612    -1.048     3.400     2.500    10.700
  2020.501     0.446    -0.983     3.491     3.300     2.500    10.700
  2020.504    -1.004    -0.185    -1.393     3.300     2.500    10.700
  2020.507    -1.573    -0.980    -7.315     3.300     2.500    10.700
  2020.509    -1.148    -0.895     4.920     3.300     2.500    10.700
  2020.512     0.601    -0.855     0.056     3.300     2.500    10.700
  2020.515     1.306    -0.455     0.257     3.000     2.600    10.800
  2020.518     1.285    -0.294    -1.105     3.300     2.500    10.700
  2020.520     1.293    -0.827    -3.378     3.000     2.500    10.400
  2020.523     0.402    -1.123     0.608     3.300     2.700    10.800
  2020.526    -0.415    -1.118    -6.331     3.000     2.500    10.700
  2020.528     2.895    -1.905    -4.063     3.300     2.600    10.800
  2020.531     0.277    -0.583    -0.129     3.300     2.500    10.400
  2020.534    -1.120    -0.419     0.181     3.300     2.600    10.800
  2020.537     0.910    -0.392     1.771     3.300     2.500    10.700
  2020.539     0.856    -0.107    -0.956     3.300     2.500    10.700
  2020.542     1.931    -1.899     3.159     3.300     2.500    10.700
  2020.545     0.478    -0.480    -0.161     3.300     2.500    10.400
  2020.548     0.813    -0.947     3.022     3.300     2.500    10.400
  2020.550    -0.705    -2.226    -4.375     3.300     2.500    10.700
  2020.553    -0.791    -1.553     1.598     3.300     2.600    10.700
  2020.556     0.647    -1.605     1.824     3.300     2.500    10.700
  2020.559     0.498    -0.101     4.202     3.300     2.600    10.800
  2020.561    -0.135    -0.782     0.910     3.300     2.500    10.700
  2020.564     0.271    -1.417    -6.526     3.300     2.500    10.700
  2020.567    -1.367    -1.176    -7.179     3.300     2.500    10.700
  2020.570    -1.561    -2.273     1.193     3.300     2.600    10.700
  2020.572     0.897    -1.142    -5.179     3.300     2.700    10.800
  2020.575    -3.288     2.336    -0.306     3.300     2.800    11.500
  2020.578    -0.269    -2.005    -1.268     3.300     2.700    10.800
  2020.580    -0.493    -2.038    -1.616     3.300     2.700    10.800
  2020.583    -2.321    -2.085    -5.895     3.300     2.700    11.100
  2020.586    -1.294    -0.199     0.325     3.300     2.700    10.800
  2020.589     1.087    -2.067    -7.493     3.300     2.700    11.100
  2020.591    -1.482    -1.531     2.627     3.400     2.700    10.800
  2020.594    -2.224    -2.735     3.519     3.300     2.700    10.800
  2020.597     0.346    -1.472    -7.431     3.400     2.700    10.800
  2020.600    -3.790     0.882     8.916     3.300     2.700    11.100
  2020.602    -0.060    -0.625    -2.524     3.400     2.800    11.500
  2020.605    -2.651    -0.473     4.880     3.400     2.700    10.800
  2020.608     0.005    -0.355    -0.093     3.300     2.700    10.800
  2020.611    -0.549    -1.964    -2.520     3.300     2.700    10.800
  2020.613     1.358    -1.126    -5.689     3.300     2.600    10.400
  2020.616     0.519    -0.813    -1.711     3.400     2.700    10.800
  2020.619    -1.002     0.070     2.165     3.400     2.700    10.800
  2020.622     0.025     0.101     1.293     3.300     2.700    10.800
  2020.624     1.605    -1.319    -2.411     3.400     2.600    10.800
  2020.627     0.535    -0.982    -0.747     3.300     2.700    10.800
  2020.630    -0.262    -1.981    -2.742     3.300     2.700    10.800
  2020.632    -2.106    -2.564    -2.020     3.400     2.700    10.800
  2020.635    -0.679    -1.277    -0.488     3.400     2.700    10.800
  2020.638    -1.779    -2.272    -3.400     3.300     2.700    10.800
  2020.641    -0.160    -1.208    -5.202     3.300     2.700    10.800
  2020.643    -2.809     0.429     4.285     3.300     2.700    10.800
  2020.646    -0.065    -0.448    -0.936     3.400     2.600    10.400
  2020.649    -1.485    -2.287     0.898     3.400     2.600    10.700
  2020.652    -0.769    -2.317    -7.887     3.300     2.700    10.800
  2020.654    -1.094     0.037     0.240     3.400     2.700    10.800
  2020.657    -0.131    -0.875    -2.044     3.400     2.700    10.500
  2020.660     0.373    -1.237    -4.330     3.400     2.700    10.800
  2020.663    -1.406    -0.309     0.608     3.300     2.600    10.700
  2020.665    -2.359    -1.752    -4.954     3.400     2.600    10.700
  2020.668    -0.829    -1.523    -3.290     3.400     2.600    10.700
  2020.671    -1.685    -0.500    -2.701     3.400     2.700    10.800
  2020.674    -1.939    -1.082    -3.032     3.300     2.700    10.500
  2020.676     0.815    -0.248    -0.546     3.300     2.700    10.800
  2020.679     0.332    -0.809    -6.797     3.300     2.700    10.800
  2020.682    -0.492    -1.175    -2.185     3.300     2.600    10.400
  2020.685    -1.893    -0.473    -7.928     3.300     2.600    10.400
  2020.687    -1.029    -1.046    -2.077     3.300     2.700    10.500
  2020.690    -1.639    -0.545    -2.210     3.400     2.600    10.400
  2020.693    -0.371    -0.970    -5.102     3.300     2.700    10.800
  2020.695    -0.983     0.321    -3.667     3.400     2.700    10.800
  2020.698    -0.433    -1.351    -2.795     3.300     2.700    11.100
  2020.701     1.318    -0.043    -1.279     3.300     2.700    10.800
  2020.704    -0.927    -0.526    -6.302     3.300     2.600    10.400
  2020.706    -0.271    -0.860    -4.155     3.300     2.700    10.500
  2020.709     1.016    -0.655     1.790     3.400     2.700    10.800
  2020.712    -0.387    -1.034    -6.775     3.400     2.700    11.100
  2020.715    -3.283    -0.361     1.520     3.400     2.700    10.800
  2020.717    -1.548    -0.912    -7.209     3.400     2.700    10.800
  2020.720    -0.953     0.273    -2.176     3.400     2.700    10.800
  2020.723    -1.262    -0.239    -2.790     3.300     2.600    10.400
  2020.726     1.006    -1.018    -2.347     3.400     2.600    10.400
  2020.728     0.125    -0.742    -2.621     3.400     2.700    10.800
  2020.731     0.836    -0.895    -4.264     3.400     2.700    10.500
  2020.734    -0.958    -1.076     1.403     3.400     2.700    10.500
  2020.737    -1.397    -0.993    -2.219     3.300     2.700    10.500
  2020.739     0.905    -1.613    -3.630     3.300     2.700    10.800
  2020.742     0.515    -0.633     2.076     3.300     2.700    10.500
  2020.745     1.481    -0.972    -1.784     3.300     2.600    10.400
  2020.747    -0.176    -0.075     2.338     3.400     2.700    10.500
  2020.750     1.033     0.086    -5.201     3.400     2.600    10.400
  2020.753     1.754    -0.592    -4.671     3.300     2.700    10.500
  2020.756     0.006     0.424     5.086     3.300     2.700    10.800
  2020.758     0.812    -0.444     6.656     3.400     2.700    10.800
  2020.761     0.564     0.363     0.084     3.400     2.700    10.800
  2020.764     2.009    -0.137    -0.018     3.400     2.700    10.800
  2020.767     0.107    -0.443    -1.764     3.400     2.700    10.500
  2020.769     1.180     0.435    -4.747     3.300     2.700    10.800
  2020.772    -1.353    -0.070    -0.649     3.300     2.700    10.800
  2020.775    -1.037    -0.569    -1.488     3.400     2.700    10.800
  2020.778    -0.845     0.812    -3.105     3.400     2.600    10.400
  2020.780     0.823     0.953    -0.526     3.300     2.700    10.800
  2020.783     1.411     0.816     0.771     3.400     2.600    10.400
  2020.786    -0.916    -0.538    -0.749     3.300     2.600    10.800
  2020.789    -1.330     0.324    -1.320     3.300     2.500    10.400
  2020.791    -1.110    -1.808     0.001     3.300     2.500    10.400
  2020.794    -1.286    -0.245    -1.033     3.300     2.600    10.400
  2020.797    -0.149    -1.081     0.144     3.300     2.700    10.800
  2020.800    -0.111    -0.729    -5.590     3.400     2.700    10.800
  2020.802    -1.316    -1.224    -1.740     3.300     2.600    10.700
  2020.805    -1.264     0.084    -5.625     3.300     2.550    10.800
  2020.808     0.461    -0.688    -5.174     3.300     2.600    10.400
  2020.810    -0.572    -1.239    -3.928     3.400     2.700    10.800
  2020.813    -0.788    -0.615    -6.153     3.400     2.700    10.800
  2020.816    -0.082    -0.553    -2.427     3.400     2.700    10.500
  2020.819     2.861    -0.726    -6.439     3.300     2.700    10.800
  2020.821     1.040     1.343    -1.090     3.300     2.700    10.800
  2020.824    -0.458    -0.168     2.070     3.400     2.600    10.400
  2020.827     0.264     0.320    -1.883     3.400     2.700    10.800
  2020.830    -2.869     0.978     0.100     3.400     2.700    10.500
  2020.832    -1.099     0.141    -0.433     3.400     2.700    10.500
  2020.835    -0.529    -1.640    -2.246     3.300     2.700    10.800
  2020.838    -0.131     0.954    -1.210     3.300     2.700    10.800
  2020.841    -0.204    -0.498     0.126     3.300     2.700    10.800
  2020.843    -1.003     0.818    -8.501     3.300     2.500    10.400
  2020.846     1.277     0.965     2.566     3.300     2.700    10.800
  2020.849     1.612     1.746    -2.445     3.300     2.700    10.800
  2020.852     0.308     2.273    -2.448     3.300     2.600    10.400
  2020.854    -0.895     1.978    -1.831     3.300     2.600    10.700
  2020.857     0.131     1.186     1.610     3.300     2.600    10.400
  2020.860    -0.727     0.210    -3.326     3.300     2.700    10.800
  2020.862    -1.046    -0.113    -3.629     3.300     2.600    10.400
  2020.865    -0.877     1.773    -4.177     3.400     2.600    10.400
  2020.868     0.023     0.455    -4.430     3.300     2.800    11.100
  2020.871    -2.184     0.453    -1.619     3.300     2.700    11.100
  2020.873    -1.456    -0.374    -5.461     3.300     2.700    10.800
  2020.876    -0.291     0.044    -4.454     3.300     2.600    10.700
  2020.879     1.112     2.954    -2.136     3.300     2.700    11.100
  2020.882    -0.784     1.789     1.588     3.300     2.700    11.100
  2020.884    -1.428     1.656     3.642     3.400     2.700    10.800
  2020.887     0.160     2.192     1.084     3.300     2.700    10.800
  2020.890    -0.982     1.318    -2.670     3.300     2.800    11.500
  2020.893     1.610     1.660    -4.178     3.300     2.700    10.800
  2020.895     1.541     0.338     1.189     3.300     2.600    10.700
  2020.898     0.139     1.651    -4.975     3.200     2.700    11.100
  2020.901     0.506     0.829     0.845     3.300     2.700    11.100
  2020.904    -0.339     0.877     0.861     3.300     2.700    10.800
  2020.906    -0.288     0.836     0.837     3.300     2.600    10.700
  2020.909    -0.179     0.065    -0.794     3.300     2.600    10.400
  2020.912    -0.231     0.300    -0.459     3.400     2.700    10.800
  2020.914    -0.014    -0.180    -3.353     3.400     2.700    11.100
  2020.917     0.252     2.650     1.730     3.300     2.700    10.800
  2020.920     0.768     0.116    -0.446     3.300     2.700    10.800
  2020.923    -0.823     3.339    -1.851     3.300     2.600    10.700
  2020.925     1.403     2.594    -0.532     3.300     2.600    10.400
  2020.928    -0.570    -0.868    -4.712     3.300     2.700    10.800
  2020.931     1.364     2.501     0.352     3.300     2.600    10.400
  2020.934     1.573     0.892    -1.973     3.300     2.600    10.400
  2020.936     0.016     0.936     0.775     3.300     2.700    10.800
  2020.939    -0.062     0.504     0.013     3.300     2.600    10.400
  2020.942    -0.739     0.459    -1.957     3.300     2.600    10.700
  2020.945     0.240     3.230    -4.093     3.300     2.600    10.700
  2020.947    -0.823     1.986     0.326     3.300     2.600    10.400
  2020.950     2.160     1.827    -3.011     3.300     2.600    10.700
  2020.953     1.908     0.835     1.159     3.300     2.600    10.700
  2020.956     0.361     1.196     3.418     3.300     2.600    10.400
  2020.958    -0.397     2.378     1.222     3.300     2.600    10.700
  2020.961     1.746    -0.210    -1.448     3.300     2.600    10.400
  2020.964     0.255     0.056     4.937     3.300     2.600    10.400
  2020.967    -0.853     1.889     0.089     3.300     2.600    10.400
  2020.969     0.547     1.523    -0.099     3.200     2.700    11.100
  2020.972    -1.281     1.537    -0.288     3.200     2.700    11.100
  2020.975    -0.285     0.897    -3.867     3.300     2.700    10.800
  2020.977     0.581     2.425    -7.441     3.300     2.800    11.500
  2020.980    -0.137     1.600     2.860     3.300     2.800    11.500
  2020.983     0.698     1.162     0.897     3.300     2.800    11.700
  2020.986    -0.149    -0.186     0.275     3.600     2.800    11.800
  2020.988     0.218     1.566    -0.761     3.300     2.700    10.800
  2020.991     0.809     1.045     0.268     3.300     2.700    10.800
  2020.994     0.404    -0.734     6.380     3.300     2.700    11.100
  2020.997    -0.444     1.429     3.772     3.300     2.700    11.100
  2020.999     0.477     0.860    -1.479     3.300     2.700    10.800
  2021.002     0.634    -0.480     5.153     3.300     2.700    11.100
  2021.005     0.166     1.382    -1.245     3.179     2.550    10.442
  2021.008     0.303     1.405    -1.450     3.179     2.550    10.442
  2021.010     0.729     1.832    -2.136     3.179     2.550    10.442
  2021.013     1.764     1.799    -0.056     3.179     2.550    10.442
  2021.016     2.677     1.911    -3.433     3.179     2.550    10.442
  2021.019     1.643     2.519     2.423     3.179     2.550    10.442
  2021.021    -0.232     2.186     1.265     3.179     2.550    10.442
  2021.024    -1.102     1.197    -5.686     3.179     2.550    10.442
  2021.027    -1.049     1.530    -1.745     3.179     2.550    10.442
  2021.030    -1.216    -0.405    -0.344     3.179     2.550    10.442
  2021.032    -0.057     0.008     0.629     3.179     2.550    10.442
  2021.035    -0.073     0.287     1.045     3.179     2.550    10.442
  2021.038    -0.910     0.269     2.601     3.179     2.550    10.442
  2021.040    -1.246     0.814     0.690     3.179     2.550    10.442
  2021.043    -0.208     1.366     0.130     3.179     2.550    10.442
  2021.046    -0.104    -0.005    -1.975     3.179     2.550    10.442
  2021.049     0.825     2.030     2.516     3.179     2.550    10.442
  2021.051     1.007     1.863     2.534     3.179     2.550    10.442
  2021.054     0.234     0.933     2.109     3.179     2.550    10.442
  2021.057     0.349     1.525    -1.541     3.179     2.550    10.442
  2021.060     0.330     0.574     0.367     3.179     2.550    10.442
  2021.062     1.417     1.932    -1.117     3.179     2.550    10.442
  2021.065     0.909     1.420     2.814     3.179     2.550    10.442
  2021.068    -0.242     1.452     3.919     3.179     2.550    10.442
  2021.071    -0.438    -0.215     3.273     3.179     2.550    10.442
  2021.073     0.138     0.667     6.168     3.179     2.550    10.442
  2021.076    -0.692     0.749    -0.173     3.179     2.550    10.442
  2021.079     0.221     0.169    -0.045     3.179     2.550    10.442
  2021.082    -0.265    -0.161     4.422     3.179     2.550    10.442
  2021.084    -0.103     1.119     3.642     3.179     2.550    10.442
  2021.087     0.368     0.707    -0.560     3.179     2.550    10.442
  2021.090    -0.610     1.434     0.603     3.179     2.550    10.442
  2021.093    -1.873     0.825    -1.108     3.179     2.550    10.442
  2021.095    -1.460    -0.670    -0.727     3.179     2.550    10.442
  2021.098    -1.155    -0.012     2.492     3.179     2.550    10.442
  2021.101    -1.132    -0.224     4.432     3.179     2.550    10.442
  2021.103    -0.867    -0.947     1.505     3.179     2.550    10.442
  2021.106    -1.184    -0.102    -2.613     3.179     2.550    10.442
  2021.109    -0.732    -0.070     0.495     3.179     2.550    10.442
  2021.112    -0.505     1.212    -1.263     3.179     2.550    10.442
  2021.114     1.147     0.538    -0.468     3.179     2.550    10.442
  2021.117    -0.385     1.376     1.615     3.179     2.550    10.442
  2021.120     0.081     1.270     0.585     3.179     2.550    10.442
  2021.123    -0.374     1.322     0.281     3.179     2.550    10.442
  2021.125     0.849     0.397     2.307     3.179     2.550    10.442
  2021.128     0.146     1.127    -1.445     3.179     2.550    10.442
  2021.131     1.261     0.496    -0.807     3.179     2.550    10.442
  2021.134     0.362     0.838     2.755     3.179     2.550    10.442
  2021.136     0.561     0.210     3.451     3.179     2.550    10.442
  2021.139    -0.187     0.533     5.201     3.179     2.550    10.442
  2021.142    -0.027     0.497    -0.330     3.179     2.550    10.442
  2021.145     0.691     0.309    -1.320     3.179     2.550    10.442
  2021.147    -0.472     0.176     2.401     3.179     2.550    10.442
  2021.150     0.256    -0.675     3.345     3.179     2.550    10.442
  2021.153     0.387    -0.176     1.228     3.179     2.550    10.442
  2021.156    -0.362     0.063    -0.940     3.179     2.550    10.442
  2021.158     0.638    -0.940    -0.422     3.179     2.550    10.442
  2021.161     1.032    -2.759    -3.591     3.179     2.550    10.442
  2021.164    -1.333    -1.248     1.357     3.179     2.550    10.442
  2021.166    -3.252     1.613     2.667     3.179     2.550    10.442
  2021.169     0.227    -0.466    -2.364     3.179     2.550    10.442
  2021.172     1.075    -0.234    -1.712     3.179     2.550    10.442
  2021.175     2.348     0.526    -6.160     3.179     2.550    10.442
  2021.177     0.340     0.155     4.759     3.179     2.550    10.442
  2021.180     0.138    -0.103     4.292     3.179     2.550    10.442
  2021.183    -0.192    -0.292     0.073     3.179     2.550    10.442
  2021.186    -0.335    -0.748     0.252     3.179     2.550    10.442
  2021.188    -0.014    -0.726     1.112     3.179     2.550    10.442
  2021.191     1.664    -0.732    -3.530     3.179     2.550    10.442
  2021.194    -0.538    -0.183    -4.293     3.179     2.550    10.442
  2021.197    -1.018     0.250     0.547     3.179     2.550    10.442
  2021.199     0.764    -0.068    -1.032     3.179     2.550    10.442
  2021.202     1.426     1.259     1.022     3.179     2.550    10.442
  2021.205     0.286     0.531     3.658     3.179     2.550    10.442
  2021.208    -0.137     0.839     3.048     3.179     2.550    10.442
  2021.210     0.371     1.562     0.925     3.179     2.550    10.442
  2021.213    -0.132     0.402     0.303     3.179     2.550    10.442
  2021.216    -0.549    -0.029     3.770     3.179     2.550    10.442
  2021.219    -1.573     1.358     2.776     3.179     2.550    10.442
  2021.221    -1.072     0.972     0.179     3.179     2.550    10.442
  2021.224    -0.867    -0.776    -1.953     3.179     2.550    10.442
  2021.227    -1.154    -2.081     4.334     3.179     2.550    10.442
  2021.230    -1.957     0.189     0.839     3.179     2.550    10.442
  2021.232    -1.833     0.883     4.709     3.179     2.550    10.442
  2021.235    -1.020     0.494     1.709     3.179     2.550    10.442
  2021.238    -0.302     1.394     8.609     3.179     2.550    10.442
  2021.240    -0.082     0.277     6.087     3.179     2.550    10.442
  2021.243    -1.667     0.086     1.443     3.179     2.550    10.442
  2021.246     0.113     1.399     2.923     3.179     2.550    10.442
  2021.249     1.248     1.207     4.587     3.179     2.550    10.442
  2021.251     1.749    -0.010     3.540     3.179     2.550    10.442
  2021.254    -0.145    -0.128     3.769     3.179     2.550    10.442
  2021.257    -2.666     1.432     6.196     3.179     2.550    10.442
  2021.260    -0.933     0.454     1.798     3.179     2.550    10.442
  2021.262     0.466    -0.056    -0.284     3.179     2.550    10.442
  2021.265     2.833    -1.376    -7.385     3.179     2.550    10.442
  2021.268    -0.499    -1.485    -0.311     3.179     2.550    10.442
  2021.271    -1.174    -0.628     3.637     3.179     2.550    10.442
  2021.273     1.641    -0.928    -0.161     3.179     2.550    10.442
  2021.276     0.029     1.237    -2.352     3.179     2.550    10.442
  2021.279     0.226    -0.768    -1.455     3.179     2.550    10.442
  2021.282     2.121     0.654     5.525     3.179     2.550    10.442
  2021.284     1.952     0.195     2.787     3.179     2.550    10.442
  2021.287     0.425    -1.335    -2.037     3.179     2.550    10.442
  2021.290    -1.803    -0.057     3.380     3.179     2.550    10.442
  2021.293    -0.975     0.533     3.039     3.179     2.550    10.442
  2021.295     1.811    -0.477     0.584     3.179     2.550    10.442
  2021.298    -0.056     0.952    -7.397     3.179     2.550    10.442
  2021.301    -0.608    -0.707    -2.065     3.179     2.550    10.442
  2021.303     0.170    -0.069    -4.194     3.179     2.550    10.442
  2021.306    -0.632    -0.697    -0.693     3.179     2.550    10.442
  2021.309    -2.023    -0.787     4.281     3.179     2.550    10.442
  2021.312    -0.693     0.348     1.629     3.179     2.550    10.442
  2021.314    -0.331     0.583     5.664     3.179     2.550    10.442
  2021.317    -0.274     0.337     3.349     3.179     2.550    10.442
  2021.320     0.470    -2.101    -0.664     3.179     2.550    10.442
  2021.323     0.815     0.212    -5.508     3.179     2.550    10.442
  2021.325    -1.145     0.435    -0.408     3.179     2.550    10.442
  2021.328    -2.091     0.675     6.720     3.179     2.550    10.442
  2021.331    -1.078     1.379     1.696     3.179     2.550    10.442
  2021.334     2.013    -1.006     0.794     3.179     2.550    10.442
  2021.336     0.278    -0.087     1.949     3.179     2.550    10.442
  2021.339     0.411    -1.448    -3.623     3.179     2.550    10.442
  2021.342    -0.847    -0.676     1.594     3.179     2.550    10.442
  2021.345    -0.561    -0.245    -0.418     3.179     2.550    10.442
  2021.347    -0.154    -0.370     4.701     3.179     2.550    10.442
  2021.350    -0.693     0.353     1.234     3.179     2.550    10.442
  2021.353     0.668     0.260     1.025     3.179     2.550    10.442
  2021.356     1.045    -0.612    -6.702     3.179     2.550    10.442
  2021.358     0.282     0.033     3.571     3.179     2.550    10.442
  2021.361    -0.564    -0.344     2.566     3.179     2.550    10.442
  2021.364     1.888    -1.835    -2.421     3.179     2.550    10.442
  2021.366    -0.289    -0.206    -0.510     3.179     2.550    10.442
  2021.369    -2.650    -0.213     2.400     3.179     2.550    10.442
  2021.372     0.467     0.360    -5.368     3.179     2.550    10.442
  2021.375     0.048    -0.456    -5.631     3.179     2.550    10.442
  2021.377    -0.389     0.309    -0.607     3.179     2.550    10.442
  2021.380    -2.008    -0.051    -0.100     3.179     2.550    10.442
  2021.383    -2.152    -0.289    -2.857     3.179     2.550    10.442
