  2019.282    -0.685     1.041     3.059     3.300     2.800    11.600
  2019.285    -0.844     0.608     3.018     3.429     2.803    11.880
  2019.288    -0.806     1.906     4.988     3.429     2.803    11.880
  2019.290    -1.438     0.139     5.234     3.429     2.803    11.880
  2019.293    -1.319     0.169     7.640     3.429     2.803    11.880
  2019.296    -1.771     0.532    12.907     3.429     2.800    11.600
  2019.298    -2.348    -0.198     5.202     3.300     2.700    11.600
  2019.301    -1.443     1.737     8.294     3.300     2.700    11.400
  2019.304    -2.025    -2.198     6.964     3.429     2.800    11.400
  2019.307    -0.763     0.947    -0.593     3.300     2.800    11.400
  2019.309    -1.124     1.850    -3.013     3.300     2.800    11.400
  2019.312    -2.516     0.548    -0.850     3.300     2.800    11.400
  2019.315    -2.607     2.187    -5.366     3.300     2.800    11.600
  2019.318    -4.866    -0.035     3.722     3.400     2.700    11.400
  2019.320    -2.913    -0.177     4.308     3.400     2.800    11.400
  2019.323    -0.514     1.016    10.838     3.300     2.800    11.400
  2019.326    -1.430     2.029     2.998     3.300     2.800    11.400
  2019.329    -1.824     0.682    -0.298     3.300     2.700    11.400
  2019.331    -1.238    -0.191     6.164     3.300     2.700    11.400
  2019.334    -4.397     1.228     7.941     3.400     2.800    11.600
  2019.337    -3.337     1.134     6.790     3.300     2.800    11.600
  2019.340    -2.304    -0.069     2.931     3.400     2.600    11.200
  2019.342    -5.174    -1.725    14.942     3.300     2.800    11.400
  2019.345    -2.140    -0.953     5.139     3.400     2.800    11.400
  2019.348    -1.508     0.576     3.049     3.400     2.800    11.600
  2019.350    -4.320     1.949     5.222     3.400     2.800    11.400
  2019.353    -1.893     1.529    15.365     3.400     2.700    11.200
  2019.356    -2.326     1.293     6.102     3.300     2.800    11.400
  2019.359    -3.292    -0.346     2.686     3.400     2.600    11.200
  2019.361     0.659     1.779    13.683     3.400     2.700    11.400
  2019.364     0.657     1.338     5.044     3.400     2.800    11.400
  2019.367     0.410     1.701     1.210     3.400     2.800    11.400
  2019.370    -2.315    -2.771    -1.978     3.300     2.800    11.400
  2019.372    -3.572    -0.907    -0.329     3.300     2.800    11.400
  2019.375    -2.635     1.679    -3.175     3.300     2.800    11.400
  2019.378    -1.753    -0.639    -2.140     3.400     2.700    11.600
  2019.381    -1.834     0.877     2.313     3.400     2.800    11.400
  2019.383    -0.254    -0.021     1.889     3.400     2.700    11.400
  2019.386    -3.003    -0.346    -0.069     3.400     2.800    11.400
  2019.389    -1.948     1.329     5.369     3.300     2.700    11.600
  2019.392    -1.644     0.194    -4.486     3.400     2.800    11.400
  2019.394    -3.323     0.271     8.496     3.400     2.800    11.400
  2019.397    -1.517    -0.670     8.707     3.400     2.700    11.400
  2019.400    -1.148    -0.068     2.893     3.400     2.800    11.600
  2019.403    -1.532     0.846     1.815     3.300     2.600    11.200
  2019.405    -0.846    -0.033     2.225     3.400     2.700    11.600
  2019.408    -1.058    -1.282     6.536     3.400     2.800    11.400
  2019.411    -1.486    -0.083     4.005     3.400     2.600    11.200
  2019.413    -2.206    -0.271     6.482     3.400     2.700    11.600
  2019.416    -2.098     0.669    -0.177     3.400     2.800    11.400
  2019.419    -0.483     1.683    -1.790     3.300     2.700    11.400
  2019.422     0.761     1.895     0.218     3.400     2.800    11.600
  2019.424    -0.932    -0.986     3.245     3.400     2.800    11.400
  2019.427    -1.971    -0.088     7.686     3.300     2.700    11.600
  2019.430    -2.283     0.063     1.205     3.400     2.800    11.600
  2019.433    -2.287    -1.906    14.276     3.300     2.700    11.600
  2019.435    -2.848     1.197     6.436     3.400     2.700    11.600
  2019.438     0.960     1.085     6.599     3.400     2.800    11.400
  2019.441     1.038     0.991     2.760     3.400     2.700    11.600
  2019.444    -0.564     0.202     1.090     3.400     2.700    11.600
  2019.446    -1.058     1.438     5.846     3.400     2.700    11.900
  2019.449    -2.232    -2.021     1.538     3.400     2.700    11.600
  2019.452    -2.120     0.438     5.844     3.400     2.700    11.600
  2019.455    -1.831     0.920     8.874     3.300     2.700    11.600
  2019.457    -2.857     0.368    -2.401     3.400     2.800    11.600
  2019.460    -0.045     0.406     3.903     3.300     2.700    11.600
  2019.463    -3.241     0.944    -1.934     3.400     2.700    11.600
  2019.465    -1.059    -0.431    -1.877     3.700     3.000    12.400
  2019.468     0.082    -0.207    10.301     3.700     2.800    12.300
  2019.471    -1.671     2.096     4.053     3.400     2.800    11.600
  2019.474    -0.337     0.697     6.837     3.400     2.800    11.600
  2019.476    -1.642     2.513     1.409     3.400     2.800    11.600
  2019.479    -1.653    -1.513    -0.543     3.400     2.800    11.600
  2019.482    -1.586    -0.527     1.370     3.400     2.800    11.600
  2019.485    -1.219     0.266     3.352     3.400     2.700    11.600
  2019.487    -1.674     0.700    10.129     3.400     2.800    11.600
  2019.490    -1.160     0.763     4.055     3.400     2.800    11.400
  2019.493    -2.429    -0.241     0.744     3.400     2.800    11.600
  2019.496    -1.776     0.716    -2.980     3.400     2.800    11.400
  2019.498    -2.288     0.906    -1.727     3.400     2.800    11.400
  2019.501    -0.866     1.292     4.316     3.300     2.700    11.600
  2019.504    -1.448    -1.299     6.738     3.400     2.700    11.600
  2019.507    -0.683    -1.610    10.733     3.300     2.700    11.600
  2019.509    -1.222    -1.611     4.484     3.400     2.700    11.600
  2019.512    -1.352    -1.309     4.975     3.300     2.700    11.600
  2019.515    -1.740     0.380     7.954     3.300     2.700    11.400
  2019.518    -2.120     0.430    10.395     3.400     2.800    11.400
  2019.520    -0.366    -0.765    -0.360     3.400     2.700    11.600
  2019.523    -1.426     0.583    -0.422     3.400     2.700    11.600
  2019.526    -1.308    -0.408     2.676     3.400     2.800    11.400
  2019.528    -0.700    -0.550     3.077     3.300     2.700    11.600
  2019.531    -0.250    -1.175    -1.280     3.400     2.900    12.000
  2019.534    -1.690    -0.001     3.130     3.400     2.800    12.000
  2019.537    -0.673    -0.490    -1.454     3.400     2.800    11.400
  2019.539    -0.866    -0.421    -1.088     3.400     2.700    11.600
  2019.542    -0.767     0.851    -1.715     3.300     2.800    11.600
  2019.545    -3.310    -1.182    10.005     3.300     2.900    12.000
  2019.548    -0.427    -0.450     1.751     3.400     2.800    12.000
  2019.550    -1.860    -0.849     2.582     3.300     2.700    11.600
  2019.553    -1.465    -0.940    -4.428     3.300     2.700    11.400
  2019.556    -0.451    -0.888    -0.039     3.400     2.800    11.600
  2019.559    -1.334    -0.753    -1.447     3.300     2.700    11.600
  2019.561    -0.889    -0.384     4.701     3.300     2.800    12.000
  2019.564    -1.020    -1.710    -5.929     3.300     2.700    11.600
  2019.567    -1.394    -1.145    -0.675     3.300     2.800    11.900
  2019.570    -1.740    -2.137    -3.207     3.400     2.800    11.400
  2019.572    -1.716     1.157     2.954     3.300     2.800    11.400
  2019.575    -3.024    -2.031     0.382     3.300     2.800    11.400
  2019.578    -0.690    -1.623     2.445     3.300     2.700    11.400
  2019.580    -2.022    -3.070    -1.084     3.400     2.800    11.400
  2019.583    -1.601    -0.973     3.312     3.400     2.700    11.600
  2019.586     0.677     0.129    -2.951     3.600     2.800    12.100
  2019.589    -2.722    -0.995    -0.637     3.300     2.700    11.400
  2019.591    -1.058     0.021     0.316     3.300     2.700    11.600
  2019.594    -0.145    -0.205     1.011     3.300     2.700    11.600
  2019.597    -1.945     3.581    11.790     3.300     2.700    11.400
  2019.600    -1.590    -0.633    -9.351     3.400     2.900    12.000
  2019.602     0.944     0.937     5.170     3.400     2.900    12.000
  2019.605    -1.058     0.286     3.337     3.300     2.800    11.400
  2019.608    -1.549    -0.978     9.760     3.300     2.900    12.000
  2019.611    -2.790    -2.194     1.515     3.300     2.800    12.000
  2019.613     3.637    -0.070    -8.439     3.300     2.700    11.600
  2019.616     0.854     2.128    -3.496     3.400     2.700    11.600
  2019.619     1.128    -0.730    -3.766     3.300     2.800    11.400
  2019.622    -0.289    -0.155     1.951     3.300     2.800    11.400
  2019.624     0.557    -2.073    -0.706     3.300     2.900    12.000
  2019.627    -0.328     0.064    -5.641     3.300     2.700    11.400
  2019.630    -0.312     0.106    -1.814     3.300     2.800    11.400
  2019.632    -0.353     0.752    -8.507     3.300     2.800    11.400
  2019.635     0.248     0.540    -3.019     3.300     2.700    11.400
  2019.638    -1.621    -3.583     5.199     3.300     2.700    11.400
  2019.641    -3.093    -0.859     4.520     3.400     2.700    11.600
  2019.643    -1.218    -0.581     3.189     3.400     2.700    11.600
  2019.646    -0.113    -0.183    -4.980     3.300     2.600    11.200
  2019.649    -1.254    -2.067    -2.249     3.300     2.800    11.600
  2019.652     0.227    -1.528    -3.522     3.300     2.600    11.200
  2019.654    -2.626    -1.216    -8.937     3.300     2.700    11.600
  2019.657    -1.269     0.014    -2.429     3.300     2.700    11.600
  2019.660    -0.833    -0.151    -2.377     3.400     2.800    11.600
  2019.663    -0.809    -1.215     5.195     3.400     2.700    11.600
  2019.665    -0.760    -0.946    -1.286     3.300     2.800    11.400
  2019.668    -0.164    -0.332     0.125     3.300     2.600    11.200
  2019.671    -0.796    -1.154    -9.077     3.400     2.600    11.200
  2019.674    -0.856    -0.273    -3.136     3.400     2.600    11.200
  2019.676    -0.476    -2.400     1.550     3.300     2.700    11.400
  2019.679    -0.559    -1.237    -3.837     3.300     2.900    11.800
  2019.682    -1.082    -1.444    -1.515     3.300     2.700    11.600
  2019.685    -1.509    -1.010    -2.236     3.400     2.800    11.400
  2019.687    -1.293    -0.055     1.716     3.400     2.600    11.200
  2019.690     0.309    -1.329    -3.044     3.300     2.800    11.400
  2019.693    -0.051    -1.386     1.460     3.300     2.800    11.400
  2019.695    -1.109    -0.999    -2.116     3.300     2.700    11.400
  2019.698    -0.778    -0.477    -4.660     3.300     2.600    11.200
  2019.701    -1.859    -1.690    -0.318     3.400     2.800    11.400
  2019.704     0.518     0.061    -1.790     3.300     2.600    11.200
  2019.706    -0.690    -1.857     0.600     3.300     2.600    11.200
  2019.709    -1.831    -1.223     1.753     3.300     2.600    11.200
  2019.712    -0.163    -0.763    -2.265     3.400     2.600    11.200
  2019.715     1.481    -0.159    -8.886     3.300     2.800    11.400
  2019.717     1.669    -2.674     3.077     3.300     2.700    11.600
  2019.720     0.057    -3.018   -14.516     3.400     2.700    11.900
  2019.723    -0.846    -1.427     3.067     3.400     2.700    11.600
  2019.726    -0.685    -1.461    -2.802     3.300     2.700    11.400
  2019.728    -1.505    -2.046    -5.068     3.300     2.600    11.200
  2019.731    -1.023    -2.282    -0.848     3.400     2.800    11.400
  2019.734     0.261    -1.812     3.641     3.300     2.600    11.200
  2019.737     0.060    -0.359     4.984     3.300     2.800    11.400
  2019.739     1.396    -1.405   -12.443     3.300     2.700    11.400
  2019.742     0.095    -1.376    -9.938     3.700     2.700    11.700
  2019.745     0.539    -3.198    -3.909     3.300     2.800    11.400
  2019.747     0.580    -1.418     0.310     3.300     2.800    11.400
  2019.750     1.625    -0.954     2.102     3.300     2.700    11.600
  2019.753     0.471    -1.048    -2.822     3.300     2.700    11.600
  2019.756     0.734    -1.681    -9.696     3.300     2.900    12.000
  2019.758     1.097     1.193    -7.539     3.300     2.700    11.600
  2019.761     3.096     0.175    -8.515     3.300     2.700    11.400
  2019.764     0.643    -1.077     0.416     3.300     2.800    11.400
  2019.767     2.494    -1.327    -0.391     3.300     2.700    11.600
  2019.769     1.420    -0.801     2.269     3.300     2.700    11.600
  2019.772     0.061     0.244     5.269     3.300     2.800    11.400
  2019.775     0.530     0.367     2.782     3.400     2.800    12.000
  2019.778     2.110    -1.468    -4.730     3.300     2.900    11.800
  2019.780     2.841    -1.285    -8.083     3.300     2.700    11.600
  2019.783     2.393     0.081    -0.764     3.300     2.800    11.400
  2019.786     4.169    -0.602    -2.885     3.300     2.700    11.400
  2019.789     1.497    -0.715     4.347     3.400     2.700    11.600
  2019.791     1.745     0.214     4.678     3.300     2.700    11.400
  2019.794     4.308     1.389    -1.299     3.300     2.700    11.600
  2019.797     2.775     1.063    -4.633     3.400     2.700    11.600
  2019.800     2.449     1.682     3.233     3.300     2.700    11.400
  2019.802     1.972     0.884    -0.954     3.300     2.700    11.400
  2019.805     2.058     0.344     7.456     3.400     2.700    11.400
  2019.808     1.589     1.994    -4.653     3.300     2.700    11.600
  2019.810     3.858    -0.043    -3.657     3.300     2.700    11.400
  2019.813     1.276     0.795     6.317     3.300     2.600    11.200
  2019.816     4.108     3.424    -3.194     3.300     2.600    11.200
  2019.819    -1.153    -1.204     2.088     3.400     2.800    11.400
  2019.821     0.043    -0.291     4.203     3.300     2.700    11.600
  2019.824     1.212     0.416    -3.604     3.300     2.700    11.400
  2019.827     1.413    -1.130    -2.919     3.300     2.800    11.400
  2019.830     2.545     1.252    -1.239     3.400     2.700    11.400
  2019.832    -1.190     0.278     9.573     3.400     2.700    11.900
  2019.835     0.008    -0.644    14.209     3.400     2.800    12.300
  2019.838     1.706    -0.566     1.997     3.400     2.700    11.600
  2019.841     3.181     1.015     6.691     3.400     2.700    11.600
  2019.843     0.730     0.814     7.286     3.300     2.700    11.600
  2019.846     1.837    -0.405     3.286     3.400     2.800    11.600
  2019.849     1.617     1.031    -0.990     3.400     2.700    11.600
  2019.852     1.601    -0.484    -1.737     3.400     2.800    11.600
  2019.854     3.153    -0.481     3.474     3.400     2.700    11.600
  2019.857     3.803    -0.123    -7.241     3.300     2.700    11.600
  2019.860     0.976     0.647     6.274     3.400     2.700    11.600
  2019.862    -2.195     0.130    14.279     3.400     2.700    11.600
  2019.865     0.400    -0.157     1.074     3.400     2.700    11.900
  2019.868     0.964     0.648     2.600     3.400     2.900    12.000
  2019.871    -0.288    -0.132     6.279     3.300     2.700    11.600
  2019.873     1.661     0.055     5.314     3.400     2.800    11.600
  2019.876     1.880    -0.314     0.894     3.400     2.700    11.600
  2019.879     2.081     1.321     3.230     3.300     2.900    12.000
  2019.882    -1.752     0.225     5.282     3.400     2.700    11.600
  2019.884    -0.042     2.612    -1.675     3.300     2.700    11.600
  2019.887     2.630    -0.145     2.877     3.400     2.700    11.600
  2019.890     2.977     0.710    -0.440     3.300     2.700    11.900
  2019.893     0.603     1.162     0.208     3.300     2.800    12.000
  2019.895     0.492     1.250     0.164     3.300     2.700    11.600
  2019.898     1.250     0.277    -1.534     3.400     2.700    11.600
  2019.901     0.344     0.048    -1.993     3.300     2.700    11.600
  2019.904     3.785     1.668    -0.822     3.300     2.700    11.600
  2019.906     1.879     2.807     4.460     3.400     2.700    11.600
  2019.909     1.648     1.501     2.136     3.400     2.800    12.000
  2019.912     0.165     1.039     0.184     3.400     2.700    11.900
  2019.914     1.469    -0.681     4.721     3.400     2.700    11.600
  2019.917     0.002     0.456    -2.848     3.400     2.700    11.900
  2019.920     2.148     3.652     0.714     3.400     2.700    11.900
  2019.923     1.505     3.168    -3.165     3.400     2.900    12.000
  2019.925    -0.461     2.247    -1.533     3.400     2.700    11.900
  2019.928    -0.524     0.718    -6.151     3.400     2.700    11.600
  2019.931    -0.383    -0.029    -8.308     3.400     2.800    12.000
  2019.934    -0.414     0.257    -4.912     3.400     2.800    12.000
  2019.936     0.213    -0.213    -8.486     3.400     2.700    11.600
  2019.939     0.203     0.617    -5.457     3.300     2.700    11.600
  2019.942    -0.702     0.823    -4.365     3.400     2.700    11.600
  2019.945     1.743     0.055    -2.072     3.400     2.700    11.600
  2019.947     0.145    -0.936    -1.248     3.400     2.800    11.900
  2019.950     0.456    -0.015     0.923     3.300     2.700    11.600
  2019.953    -3.352    -0.258     2.187     3.400     2.900    12.000
  2019.956    -1.265     0.315     0.648     3.300     2.800    12.000
  2019.958    -2.901    -0.565     2.443     3.400     2.800    11.600
  2019.961    -0.621    -0.446    -4.084     3.300     2.900    12.000
  2019.964     0.006     2.554    -3.384     3.400     2.700    11.600
  2019.967    -0.262     1.490    -6.213     3.400     2.800    11.900
  2019.969    -2.241     1.100    -3.549     3.400     2.800    11.900
  2019.972    -0.729     0.662    -2.647     3.400     2.800    11.600
  2019.975    -3.884     1.256     4.629     3.400     2.700    11.900
  2019.977     1.535    -0.310    -1.362     3.300     2.700    11.600
  2019.980    -2.200    -0.289     5.764     3.400     2.700    11.600
  2019.983     1.120     1.181     3.693     3.300     2.800    11.600
  2019.986    -1.654     2.062    -8.530     3.400     2.800    11.600
  2019.988    -0.465     0.724    -1.701     3.400     2.800    11.600
  2019.991     0.019    -0.983    -7.118     3.400     2.700    11.600
  2019.994     1.503     0.702    -7.512     3.300     2.700    11.600
  2019.997     1.017     0.821   -10.415     3.400     2.700    11.600
  2019.999     2.023     3.604    -2.234     3.400     2.800    11.600
  2020.003    -0.889     1.632     2.926     3.300     2.700    11.600
  2020.006     0.119     2.736     6.859     3.400     2.700    11.600
  2020.008    -4.413    -3.198     1.616     3.300     2.900    12.000
  2020.011    -1.717    -1.816    -0.938     3.400     2.900    12.000
  2020.014     0.148     0.334     0.350     3.500     2.700    11.900
  2020.016     1.333    -1.107   -11.394     3.400     2.700    11.600
  2020.019    -1.122    -0.504     0.654     3.400     2.700    11.900
  2020.022    -3.487    -1.853    -0.596     3.300     2.700    11.600
  2020.025    -4.021    -2.024     0.381     3.500     2.900    12.000
  2020.027    -2.029     0.683    -4.458     3.400     2.800    12.000
  2020.030    -0.491     1.449    -5.951     3.300     2.700    11.600
  2020.033     2.243     0.810   -15.452     3.400     2.700    11.900
  2020.036    -0.658     1.105    -0.722     3.300     2.700    11.600
  2020.038    -1.074    -0.620    -1.908     3.300     2.700    11.600
  2020.041     2.632     2.817    -8.028     3.300     2.700    11.600
  2020.044     1.318     0.533    -3.619     3.300     2.900    12.000
  2020.047     0.045     0.374   -12.100     3.300     2.900    12.300
  2020.049     1.082     1.441    -0.139     3.300     2.700    11.900
  2020.052    -2.012    -1.889   -11.219     3.300     2.700    11.600
  2020.055    -0.279    -2.096   -12.769     3.300     2.700    11.600
  2020.058    -0.899    -2.535   -16.533     3.400     2.800    11.600
  2020.060    -1.267    -1.349   -12.149     3.300     2.800    11.600
  2020.063     1.810    -1.584   -14.707     3.300     2.700    11.600
  2020.066    -1.197     1.068    -5.415     3.300     2.900    11.800
  2020.068     0.617     0.240    -5.952     3.400     2.700    11.600
  2020.071     1.041     0.241    -4.436     3.300     2.700    11.600
  2020.074     0.343     0.758    -5.605     3.400     2.800    12.000
  2020.077     0.350     0.336    -8.093     3.300     2.700    11.600
  2020.079     0.440     0.466    -5.409     3.300     2.800    11.600
  2020.082    -0.552    -1.424   -10.502     3.400     2.700    11.900
  2020.085     1.071    -0.730   -11.912     3.300     2.700    11.600
  2020.088    -1.844    -1.888    -1.076     3.300     2.700    11.600
  2020.090     0.699    -1.410   -17.338     3.400     2.700    11.600
  2020.093     0.379     1.136    -0.916     3.300     2.800    11.400
  2020.096     2.668     1.403    -6.158     3.300     2.700    11.600
  2020.099    -0.801    -1.104   -13.289     3.400     2.700    11.600
  2020.101     0.550     1.073    -2.133     3.300     2.700    11.600
  2020.104     3.184     1.144    -7.307     3.400     2.700    11.600
  2020.107    -2.016    -3.245     8.510     3.400     2.700    11.600
  2020.110     1.205    -0.637    -5.124     3.300     2.800    12.000
  2020.112     0.736    -0.065    -5.513     3.300     2.700    11.600
  2020.115     1.587    -1.034    -7.214     3.400     2.700    11.600
  2020.118     2.304    -0.394    -7.728     3.400     2.800    12.000
  2020.121     1.652    -0.319    -6.626     3.300     2.700    11.900
  2020.123     2.274    -0.037    -5.227     3.300     2.700    11.900
  2020.126    -0.033    -0.442    -2.427     3.400     2.800    11.600
  2020.129     1.791    -0.765    -4.162     3.400     2.800    11.600
  2020.131     1.721    -1.046    -8.401     3.300     2.700    11.600
  2020.134    -0.368    -4.849   -15.481     3.300     2.700    11.600
  2020.137     0.336    -0.487    -4.794     3.300     2.800    11.600
  2020.140     0.717    -1.001    -5.083     3.300     2.800    11.600
  2020.142     1.673    -0.335    -9.039     3.400     2.700    11.900
  2020.145     4.638     1.137    -9.907     3.400     2.800    11.600
  2020.148    -0.400    -1.645   -12.273     3.300     2.700    11.600
  2020.151     0.265     0.929    -0.696     3.300     2.700    11.600
  2020.153    -0.166     0.459     7.079     3.300     2.700    11.600
  2020.156    -3.234    -2.556    -8.267     3.300     2.800    11.600
  2020.159     1.541    -0.658   -19.933     3.300     2.600    11.500
  2020.162     0.827     1.339     0.293     3.300     2.700    11.600
  2020.164     1.725    -0.234    -4.695     3.300     2.700    11.600
  2020.167     1.260    -0.619    -7.076     3.300     2.700    11.600
  2020.170     1.018    -0.853     0.647     3.300     2.700    11.900
  2020.173    -0.542    -0.553     0.386     3.400     2.700    11.600
  2020.175     2.002    -1.119    -3.786     3.400     2.700    11.900
  2020.178     0.924     1.626    -4.523     3.300     2.700    11.600
  2020.181    -0.577    -1.540     1.278     3.400     2.700    11.600
  2020.183     0.486    -2.011     9.477     3.400     2.800    11.600
  2020.186    -1.963    -2.063     7.673     3.300     2.800    11.600
  2020.189     0.772     0.298     0.700     3.300     2.700    11.900
  2020.192     0.925     1.259    -0.445     3.300     2.800    11.600
  2020.194     2.173     0.711    -4.114     3.300     2.700    11.900
  2020.197     3.665    -0.457    -0.597     3.300     2.700    11.600
  2020.200     1.306     0.503    -2.723     3.300     2.800    11.600
  2020.203     1.931     0.803     4.087     3.300     2.800    11.900
  2020.205     2.249    -3.162    -2.047     3.400     2.700    11.900
  2020.208    -2.146    -1.926     3.079     3.400     2.800    11.600
  2020.211    -0.797    -3.374    -6.749     3.300     2.800    11.600
  2020.214     0.227    -1.642   -11.997     3.300     2.800    11.600
  2020.216    -1.345     0.164    -2.214     3.800     3.000    13.200
  2020.219    -0.805    -1.355     2.016     3.600     2.800    12.200
  2020.222    -0.587    -2.307    -3.531     3.400     2.800    11.900
  2020.225     0.314     0.405     0.210     3.400     2.800    11.600
  2020.227     2.671     0.259    -0.634     3.300     2.700    11.900
  2020.230     1.753    -0.186    -2.106     3.400     2.800    11.900
  2020.233     0.221    -0.236    -1.587     3.300     2.800    11.600
  2020.236     3.639    -0.181    -1.552     3.300     2.600    11.500
  2020.238     1.590     1.264     1.883     3.400     2.800    11.900
  2020.241    -0.379    -1.907    -4.455     3.400     2.900    12.000
  2020.244     3.017    -1.039     3.666     3.300     2.700    11.900
  2020.246     1.588    -2.911   -11.572     3.400     2.800    11.900
  2020.249    -0.385    -1.804    -9.352     3.400     2.900    12.000
  2020.252     2.514     0.856    -5.564     3.300     2.800    11.600
  2020.255     1.873    -0.401    -3.928     3.300     2.800    11.900
  2020.257     1.110    -0.160     8.500     3.300     2.700    11.900
  2020.260    -0.736     1.647    11.676     3.400     2.700    11.900
  2020.263    -0.704    -3.046     3.055     3.400     2.700    11.900
  2020.266    -0.265    -0.476     4.639     3.400     2.800    11.900
  2020.268    -2.279    -2.059     2.384     3.400     2.700    11.900
  2020.271     0.152     1.924     5.245     3.400     2.800    11.900
  2020.274    -4.527    -0.038     3.606     3.400     2.800    11.900
  2020.277     0.511     0.803    -5.265     3.400     2.800    11.900
  2020.279     0.349     1.271    -2.816     3.400     2.700    11.900
  2020.282    -1.089    -0.388     2.271     3.500     2.700    12.100
  2020.285     1.417    -0.557     1.071     3.500     2.800    12.100
  2020.288    -0.903    -0.307    -0.323     3.300     2.800    11.900
  2020.290    -1.019    -0.457    -1.855     3.400     2.700    11.700
  2020.293    -0.703     0.232     4.292     3.400     2.800    11.900
  2020.296     0.931     3.143     8.956     3.400     2.700    11.900
  2020.298     0.692     1.546     0.159     3.400     2.800    11.600
  2020.301    -1.735     0.560     2.381     3.400     2.700    11.500
  2020.304    -1.457    -0.229     0.742     3.400     2.800    11.600
  2020.307    -2.216    -0.801     9.925     3.400     2.800    11.900
  2020.309    -1.655    -1.445     2.408     3.400     2.700    11.500
  2020.312    -1.259    -0.393    -0.779     3.500     2.800    11.900
  2020.315     1.363    -0.817    -2.510     3.500     2.800    11.900
  2020.318     0.938     0.412    -3.872     3.400     2.700    11.200
  2020.320     1.406     0.506    -0.541     3.400     2.700    11.500
  2020.323     0.624    -0.065     0.732     3.400     2.800    11.900
  2020.326     0.856     0.354    -2.018     3.400     2.800    11.600
  2020.329     0.027     0.834     7.335     3.400     2.700    11.500
  2020.331     3.140     1.258     0.200     3.300     2.800    11.600
  2020.334     1.104     1.658    -3.252     3.400     2.800    11.600
  2020.337     1.084     0.138     4.158     3.400     2.800    11.900
  2020.340     2.289     2.461    -1.550     3.400     2.800    11.600
  2020.342     0.285     1.029    14.466     3.400     2.600    11.800
  2020.345     0.674     0.518     5.087     3.400     2.800    11.900
  2020.348    -0.408     0.133     9.838     3.400     2.800    11.600
  2020.350     0.957     0.793    -2.581     3.700     2.900    12.300
  2020.353     0.576     0.873    -8.269     3.300     2.900    12.300
  2020.356     1.535     0.187     6.156     3.600     2.800    11.900
  2020.359    -0.794     0.818     3.740     3.400     2.800    11.900
  2020.361     2.738    -1.187     0.588     3.400     2.800    11.600
  2020.364     2.327    -0.195    -2.767     3.400     2.700    11.200
  2020.367     3.312     0.657    12.849     3.300     2.700    11.500
  2020.370     0.631    -0.281    13.034     3.400     2.600    11.500
  2020.372     1.377    -0.702     8.155     3.600     2.700    11.900
  2020.375     0.538     1.461     5.823     3.400     2.800    11.900
  2020.378     3.356     1.925     1.352     3.300     2.700    11.900
  2020.381     4.247     3.552     1.861     3.700     2.700    12.200
  2020.383     3.756    -0.268    11.374     3.400     2.700    11.500
  2020.386     2.090     1.889    10.824     3.400     2.800    11.600
  2020.389     1.399     3.273    11.051     3.400     2.800    11.900
  2020.392     0.144     1.232    12.816     3.600     2.800    11.900
  2020.394     2.984     2.409     3.151     3.300     2.700    11.900
  2020.397     2.107     2.872     9.503     3.600     2.800    12.600
  2020.400     1.151     2.226    12.759     3.429     2.803    11.880
  2020.403     1.800     3.785     8.009     3.429     2.803    11.880
  2020.405     2.993     2.192     6.809     3.429     2.803    11.880
  2020.408     1.942     2.648     2.790     3.429     2.803    11.880
  2020.411     3.982     2.339     3.494     3.600     2.900    12.300
  2020.413     3.152     2.964     2.892     3.400     2.800    11.600
  2020.416     1.189     1.061     5.605     3.600     2.700    11.700
  2020.419     1.277     1.842     7.535     3.400     2.800    11.600
  2020.422     1.489     2.328     8.220     3.400     2.800    11.600
  2020.424     1.785     0.712     5.291     3.400     2.800    11.600
  2020.427     2.479     1.849     2.466     3.400     2.900    12.300
  2020.430     0.705    -0.186     4.877     3.500     2.800    12.300
  2020.433     2.997     0.491     5.712     3.300     2.700    11.900
  2020.435     1.585     2.318     5.921     3.400     2.800    11.600
  2020.438     1.913     2.587     3.126     3.400     2.600    11.500
  2020.441     1.466     2.830     7.365     3.400     2.700    11.900
  2020.444     1.120     1.071     7.408     3.400     2.800    11.900
  2020.446     2.358     1.865    12.464     3.400     2.700    12.200
  2020.449     1.572     0.090     8.771     3.300     2.800    11.900
  2020.452     1.993     3.670     8.999     3.300     2.700    11.900
  2020.455     2.931     0.276     6.797     3.300     2.700    11.900
  2020.457     2.396     0.762     1.665     3.300     2.600    11.500
  2020.460    -0.231     0.623     6.774     3.400     2.800    11.600
  2020.463     1.103     1.191     5.413     3.400     2.700    11.900
  2020.465     1.515     1.748     1.922     3.300     2.700    11.900
  2020.468     2.800     2.325     4.123     3.300     2.700    11.900
  2020.471     1.917     2.403    11.916     3.300     2.700    11.900
  2020.474     0.494     1.149    12.159     3.300     2.700    11.600
  2020.476     2.445     1.452     7.239     3.400     2.800    11.900
  2020.479     1.568     1.259     3.347     3.300     2.700    11.900
  2020.482     2.513     2.815     7.038     3.300     2.700    11.500
  2020.485     3.183     1.984     0.384     3.300     2.800    11.600
  2020.487     1.616     1.418    -0.561     3.700     2.900    12.300
  2020.490     1.381     1.132     7.514     3.300     2.900    12.300
  2020.493     1.956     0.414    12.604     3.700     2.900    12.600
  2020.496     1.521     0.941    -0.117     3.400     2.800    11.900
  2020.498     1.334     0.864     3.320     3.700     2.800    12.600
  2020.501     1.009     1.289     7.858     3.800     2.900    12.500
  2020.504     1.575    -0.217    -1.827     3.400     2.800    11.900
  2020.507     1.821    -0.816     3.650     3.400     2.800    11.900
  2020.509     2.661    -1.236     5.583     3.400     2.800    11.900
  2020.512     2.625     0.400     4.318     3.300     2.700    12.200
  2020.515     2.844     0.496     6.718     3.300     2.700    11.900
  2020.518     2.438     0.452     1.555     3.400     2.800    11.900
  2020.520     2.661    -0.184     3.281     3.400     2.800    11.900
  2020.523     1.685    -0.284    11.466     3.400     2.800    11.900
  2020.526     1.283     1.316    13.827     3.300     2.900    12.300
  2020.528     0.408    -0.575     4.793     3.400     2.800    11.900
  2020.531     2.405    -0.157    -2.674     3.400     2.700    11.900
  2020.534     1.923    -0.997    -1.666     3.300     2.800    11.900
  2020.537     2.467    -1.774     0.924     3.300     2.900    12.300
  2020.539     2.828    -1.393     3.996     3.300     2.800    11.900
  2020.542     2.218    -0.290     2.110     3.300     2.800    11.600
  2020.545     3.280    -1.875    -3.911     3.400     2.800    11.900
  2020.548     1.330    -0.746    -2.829     3.300     2.800    11.600
  2020.550     2.427    -0.829    -1.228     3.300     2.800    11.900
  2020.553     1.856     0.240     2.044     3.300     2.800    11.900
  2020.556     1.409     0.683    -0.530     3.300     2.800    11.900
  2020.559     1.175     0.883     0.846     3.400     2.800    11.900
  2020.561     1.957    -0.402    -6.047     3.400     2.700    11.500
  2020.564     2.877    -0.541    -5.584     3.400     2.800    11.600
  2020.567     1.255    -0.004    -4.038     3.400     2.900    12.300
  2020.570     3.576     0.295    -8.067     3.400     2.800    11.900
  2020.572     1.048    -0.678    -9.140     3.400     2.900    12.300
  2020.575     2.178    -0.805    -9.668     3.600     2.900    12.600
  2020.578     2.212     0.450   -13.931     3.400     2.900    12.300
  2020.580     2.303     0.513    -9.780     3.400     2.900    12.300
  2020.583     1.990    -0.339    -6.561     3.300     2.900    12.300
  2020.586     2.432    -1.057    -7.241     3.700     2.900    12.300
  2020.589    -1.272    -1.829   -10.961     3.700     2.900    12.600
  2020.591     1.074    -1.397    -1.241     3.400     2.800    12.100
  2020.594     1.846    -0.505    -7.350     3.400     2.800    11.900
  2020.597    -0.069    -0.947     6.598     3.700     2.900    12.300
  2020.600     1.211    -2.396     6.144     3.700     3.000    13.000
  2020.602     1.455    -1.608    -4.797     3.500     3.000    12.900
  2020.605     2.979    -0.660    -3.493     3.400     3.000    12.200
  2020.608     1.150    -0.146    -3.268     3.400     2.800    12.100
  2020.611     2.411    -1.959    -1.295     3.400     2.800    11.900
  2020.613     3.134    -1.325    -2.466     3.400     2.800    11.900
  2020.616     3.309    -1.116    -1.089     3.400     2.900    12.300
  2020.619     2.303    -1.237   -17.514     3.400     2.800    11.900
  2020.622     2.745    -1.310    -2.187     3.500     2.800    12.100
  2020.624     2.640    -1.235     1.208     3.400     2.800    11.900
  2020.627     2.385    -0.202    -5.629     3.400     2.800    11.900
  2020.630     1.803    -2.706    -3.725     3.400     2.800    11.900
  2020.632     3.073    -1.792    -5.304     3.400     2.800    11.900
  2020.635     1.815    -1.009    -4.373     3.500     2.800    11.900
  2020.638     3.530    -0.309    -7.986     3.400     2.800    11.900
  2020.641     3.064    -2.549   -11.889     3.500     2.900    11.800
  2020.643     3.230    -2.516    -1.503     3.400     2.800    11.900
  2020.646     4.188    -1.797   -18.525     3.400     2.800    12.100
  2020.649     2.684    -1.641   -13.292     3.400     2.900    12.300
  2020.652     2.714    -1.975   -13.879     3.500     2.800    11.900
  2020.654     3.304    -1.625    -0.953     3.500     2.800    12.100
  2020.657     2.383    -0.642    -7.238     3.400     3.000    12.200
  2020.660     3.801    -0.007    -8.925     3.400     2.800    11.900
  2020.663     3.137     0.117   -12.288     3.500     2.800    12.100
  2020.665     1.400    -1.030    -1.951     3.500     2.800    11.900
  2020.668     2.145    -1.506   -12.388     3.500     2.800    11.900
  2020.671     3.604     0.413   -10.500     3.500     2.800    11.900
  2020.674     4.064    -1.573   -20.932     3.400     2.800    12.100
  2020.676     4.332    -0.143    -5.947     3.400     2.800    11.900
  2020.679     3.165    -0.008   -12.800     3.500     2.800    12.100
  2020.682     2.155    -1.079    -6.189     3.400     2.800    11.900
  2020.685     3.170    -0.781   -10.232     3.500     2.800    12.100
  2020.687     3.548    -1.458   -16.682     3.700     2.800    11.900
  2020.690     3.053    -1.061   -14.616     3.400     2.900    12.300
  2020.693     2.837     0.109    -8.809     3.800     2.900    12.300
  2020.695     3.339    -1.704    -8.376     3.700     2.900    12.300
  2020.698     4.905     0.120   -15.704     3.700     3.200    13.300
  2020.701     0.570    -0.275    -5.590     3.800     2.900    12.500
  2020.704     2.340    -1.763    -6.913     3.400     2.900    12.300
  2020.706     2.511    -1.901    -6.167     3.400     2.900    12.000
  2020.709     0.713    -1.000    -5.424     3.800     3.100    12.700
  2020.712     1.225    -1.083    -6.590     3.800     3.200    12.800
  2020.715    -0.257    -0.814   -10.696     3.700     3.100    13.100
  2020.717     0.994    -1.470    -3.627     3.700     3.100    12.700
  2020.720     2.204    -1.389    -6.094     3.400     3.000    12.600
  2020.723     0.510    -2.505    -7.009     3.700     3.100    12.400
  2020.726     1.293    -1.788    -0.267     3.400     3.000    12.400
  2020.728     3.027    -1.417    -6.142     3.700     3.000    12.400
  2020.731    -1.348    -2.374    -7.287     3.800     3.000    12.400
  2020.734     2.373    -1.759    -1.221     3.400     2.900    12.300
  2020.737     1.950    -1.480    -3.244     3.400     2.900    12.300
  2020.739     2.766    -1.204    -2.955     3.400     2.900    12.300
  2020.742     1.391    -1.629    -5.651     3.400     2.900    12.300
  2020.745     2.171    -0.472    -0.012     3.400     2.900    12.300
  2020.747     3.130    -0.078    -6.891     3.700     2.900    12.300
  2020.750     0.254     0.778     4.069     3.700     2.900    12.300
  2020.753     1.389     0.796     1.498     3.500     2.900    12.200
  2020.756     2.456    -0.092    -1.246     3.500     2.900    12.500
  2020.758     3.378     0.136    -5.277     3.500     2.900    12.300
  2020.761     0.345    -2.262     9.550     3.500     2.900    12.500
  2020.764    -3.596    -3.066     5.047     3.600     2.900    12.500
  2020.767    -1.083    -2.076    -0.501     3.500     2.900    12.500
  2020.769    -1.596    -3.102     4.516     3.500     2.800    12.100
  2020.772    -0.513    -3.211    -4.287     3.800     2.900    12.500
  2020.775    -0.982    -4.015    -1.328     3.500     2.900    12.200
  2020.778    -1.975    -2.237    -1.045     3.500     2.900    12.200
  2020.780     1.608     0.399     3.433     3.400     2.800    11.900
  2020.783     2.110    -0.242     5.728     3.500     2.800    12.100
  2020.786     0.198    -1.100    10.807     3.400     2.900    12.300
  2020.789    -1.200     2.357    -8.065     3.600     2.800    12.100
  2020.791    -1.066     0.521    -9.045     3.500     2.900    11.800
  2020.794     1.173     0.580    -8.079     3.400     2.800    11.900
  2020.797     1.525    -0.660    -2.704     3.500     2.900    12.100
  2020.800     2.379    -0.812    -5.139     3.500     2.900    11.800
  2020.802     0.988    -0.411    -4.090     3.500     2.900    11.800
  2020.805     1.955     0.875    -7.276     3.500     2.900    12.400
  2020.808    -0.005     0.216    -5.726     3.500     2.800    12.100
  2020.810     0.076     0.961    -8.082     3.600     2.800    12.100
  2020.813     0.575     1.881    -3.807     3.800     2.800    11.900
  2020.816     2.497     1.539    -8.782     3.400     2.900    11.900
  2020.819     1.155     1.762    -4.795     3.400     2.800    12.100
  2020.821     0.649     0.626    -4.947     3.400     2.900    12.300
  2020.824    -0.035     0.411     1.611     3.400     2.900    11.600
  2020.827     1.402     0.695    -9.142     3.400     2.800    11.900
  2020.830     3.085     0.449   -15.061     3.700     3.000    12.000
  2020.832     1.668     1.208   -10.294     3.800     3.000    12.300
  2020.835    -0.446     1.523    -3.709     3.700     3.000    12.300
  2020.838    -0.734     1.112    -1.474     3.700     3.000    12.300
  2020.841     1.309     2.557    -8.838     3.400     2.800    12.100
  2020.843    -1.375     1.968    -7.767     3.400     2.900    11.900
  2020.846     1.020     0.811    17.999     3.800     3.000    12.500
  2020.849     1.969     2.188     4.488     3.700     3.000    12.500
  2020.852    -0.119     3.110    -2.017     3.400     2.800    11.900
  2020.854     1.092     2.812   -10.901     3.400     2.800    11.900
  2020.857     0.833     1.915    -5.861     3.400     2.800    11.900
  2020.860    -0.310     0.535   -12.098     3.700     2.800    12.200
  2020.862    -0.014     1.408    -5.402     3.400     3.000    12.500
  2020.865    -0.730     1.690    -3.552     3.400     2.900    11.900
  2020.868    -1.215     2.368    -8.805     3.800     3.000    12.500
  2020.871    -1.407     1.561   -10.396     3.700     3.000    12.500
  2020.873    -1.464     1.630    -6.938     3.400     2.800    11.900
  2020.876    -0.284     0.544    -5.533     3.400     2.900    12.100
  2020.879     0.034     2.450    -1.115     3.700     3.000    12.500
  2020.882     2.352     4.581   -13.593     3.600     2.900    12.600
  2020.884     5.023     3.444    -5.940     3.500     3.000    12.200
  2020.887     0.627     1.775    -7.099     3.700     2.800    12.200
  2020.890    -0.501     2.597    -1.754     3.700     3.000    13.200
  2020.893    -1.894    -0.165    -4.463     3.700     2.900    12.300
  2020.895     0.352    -2.591    -2.497     3.300     2.800    11.900
  2020.898     1.465     0.517    -5.662     3.600     2.900    12.300
  2020.901    -1.153     0.291    -2.243     3.600     2.900    12.300
  2020.904    -1.783     1.436    -5.828     3.400     2.800    11.900
  2020.906    -0.418     1.190    -6.853     3.400     2.800    12.100
  2020.909     0.207    -0.385    -7.885     3.300     2.800    11.900
  2020.912    -1.231     0.146    -3.052     3.400     3.000    12.200
  2020.914    -0.899     1.962    -1.246     3.700     3.000    12.300
  2020.917     1.582     3.688   -10.364     3.700     2.800    11.900
  2020.920     0.413     1.949    -3.742     3.400     2.800    11.900
  2020.923     0.038     1.768    -6.348     3.300     2.800    11.900
  2020.925    -1.022     2.918    -2.130     3.300     2.800    11.600
  2020.928     2.120     2.052   -10.811     3.400     2.800    11.900
  2020.931    -0.931     1.617    -0.748     3.300     2.800    11.900
  2020.934    -1.408     1.604     1.126     3.300     2.800    11.900
  2020.936    -0.450    -0.456    -5.026     3.300     2.800    11.600
  2020.939    -0.112     0.708     0.910     3.300     2.900    11.600
  2020.942    -1.375     0.058    -1.561     3.400     2.800    11.900
  2020.945    -5.180     0.825    -1.798     3.300     2.900    11.600
  2020.947     1.271     1.778    -7.580     3.400     2.800    11.900
  2020.950    -3.831    -2.486     5.382     3.300     2.900    11.600
  2020.953    -4.267    -0.882     3.750     3.300     2.800    11.900
  2020.956    -0.400     0.675    -3.792     3.300     2.700    11.500
  2020.958     1.957     2.452    -8.888     3.300     2.900    11.600
  2020.961    -3.085     1.260    -5.760     3.400     2.800    11.900
  2020.964     0.638     1.822     3.725     3.600     2.800    12.200
  2020.967    -2.554    -1.149    -0.924     3.400     2.800    11.900
  2020.969    -1.939     1.581    -9.614     3.300     3.000    12.300
  2020.972    -2.253     0.890    -5.804     3.300     3.000    12.300
  2020.975    -2.041     0.947    -3.383     3.300     2.800    11.600
  2020.977     1.339     1.070    -0.259     3.700     2.900    12.600
  2020.980    -0.863     0.941     1.341     3.600     3.000    12.300
  2020.983    -0.214     1.999    -2.223     3.600     3.100    12.900
  2020.986    -2.347    -1.853    -4.246     3.600     2.900    12.600
  2020.988    -0.863     2.195    -0.283     3.300     2.800    11.900
  2020.991    -0.958     2.170     4.245     3.300     2.800    11.900
  2020.994    -0.449     1.687    -1.444     3.700     2.900    12.300
  2020.997    -0.482     0.545     4.247     3.700     2.900    12.300
  2020.999     1.755     2.373    -1.006     3.600     2.900    11.900
  2021.002    -0.173     1.728    -2.674     3.600     3.000    12.000
  2021.005    -0.455     1.444    -2.684     3.429     2.803    11.880
  2021.008    -0.004     0.680     1.464     3.429     2.803    11.880
  2021.010    -0.241     1.962     2.285     3.429     2.803    11.880
  2021.013     0.135     0.917    -2.450     3.429     2.803    11.880
  2021.016    -4.351    -0.335     3.849     3.429     2.803    11.880
  2021.019    -3.873    -0.304     4.078     3.429     2.803    11.880
  2021.021    -0.571     0.496     3.132     3.429     2.803    11.880
  2021.024     1.322     1.047     1.706     3.429     2.803    11.880
  2021.027    -1.150     0.544     4.222     3.429     2.803    11.880
  2021.030    -2.407    -0.107    -2.251     3.429     2.803    11.880
  2021.032    -1.453    -0.680    -1.631     3.429     2.803    11.880
  2021.035    -1.578    -0.856    -0.311     3.429     2.803    11.880
  2021.038    -0.934    -0.250     1.595     3.429     2.803    11.880
  2021.040    -1.845     0.464    -2.716     3.429     2.803    11.880
  2021.043    -1.324     1.244     0.645     3.429     2.803    11.880
  2021.046    -1.352     1.201    -5.023     3.429     2.803    11.880
  2021.049    -1.128    -1.250    -6.180     3.429     2.803    11.880
  2021.051    -0.505    -1.786     1.439     3.429     2.803    11.880
  2021.054    -0.782    -0.437     1.845     3.429     2.803    11.880
  2021.057    -1.180     0.284     0.503     3.429     2.803    11.880
  2021.060    -1.364     0.380    -0.498     3.429     2.803    11.880
  2021.062    -0.029     0.650    -1.803     3.429     2.803    11.880
  2021.065    -0.690    -0.738     2.071     3.429     2.803    11.880
  2021.068    -0.536     0.755    -2.517     3.429     2.803    11.880
  2021.071    -4.211    -1.139     1.764     3.429     2.803    11.880
  2021.073    -2.390    -0.118     1.673     3.429     2.803    11.880
  2021.076    -3.916     1.828    -2.204     3.429     2.803    11.880
  2021.079    -3.056    -0.274    -6.479     3.429     2.803    11.880
  2021.082    -2.643    -1.573    -7.283     3.429     2.803    11.880
  2021.084    -3.750    -2.434    -5.886     3.429     2.803    11.880
  2021.087    -3.440     0.769    -5.668     3.429     2.803    11.880
  2021.090    -0.963     1.643     1.990     3.429     2.803    11.880
  2021.093     0.349     2.374     4.236     3.429     2.803    11.880
  2021.095    -0.432     1.933    -0.505     3.429     2.803    11.880
  2021.098    -1.322     1.577    -0.259     3.429     2.803    11.880
  2021.101    -0.556    -0.308    -9.936     3.429     2.803    11.880
  2021.103    -0.103     0.937    -4.450     3.429     2.803    11.880
  2021.106    -1.766    -0.888    -3.887     3.429     2.803    11.880
  2021.109    -1.817    -0.611    -2.104     3.429     2.803    11.880
  2021.112    -1.225     0.327    -3.394     3.429     2.803    11.880
  2021.114    -2.681    -0.053    -4.468     3.429     2.803    11.880
  2021.117    -2.495     0.024     0.737     3.429     2.803    11.880
  2021.120    -3.198     0.171     7.473     3.429     2.803    11.880
  2021.123    -2.056     0.425     6.779     3.429     2.803    11.880
  2021.125    -1.745     0.570     4.505     3.429     2.803    11.880
  2021.128    -1.502     0.906     5.367     3.429     2.803    11.880
  2021.131    -2.935    -0.374     2.520     3.429     2.803    11.880
  2021.134    -2.638    -1.573    -2.217     3.429     2.803    11.880
  2021.136    -2.552    -1.951     3.966     3.429     2.803    11.880
  2021.139    -2.072    -1.549     4.786     3.429     2.803    11.880
  2021.142    -1.176     0.062     6.539     3.429     2.803    11.880
  2021.145    -1.384    -0.422     0.860     3.429     2.803    11.880
  2021.147    -1.318    -0.166     0.712     3.429     2.803    11.880
  2021.150    -2.089    -0.973     2.764     3.429     2.803    11.880
  2021.153    -2.562    -0.417     8.082     3.429     2.803    11.880
  2021.156    -2.063    -0.481     8.209     3.429     2.803    11.880
  2021.158    -2.563    -0.849     8.970     3.429     2.803    11.880
  2021.161    -0.635    -1.759     5.331     3.429     2.803    11.880
  2021.164    -0.903    -2.251     5.199     3.429     2.803    11.880
  2021.166    -2.664    -1.939    -7.421     3.429     2.803    11.880
  2021.169    -2.758    -2.040     4.224     3.429     2.803    11.880
  2021.172    -2.465    -2.882     0.851     3.429     2.803    11.880
  2021.175    -1.935    -2.121    -3.922     3.429     2.803    11.880
  2021.177    -0.669    -0.403    -1.045     3.429     2.803    11.880
  2021.180    -2.667    -1.864     6.095     3.429     2.803    11.880
  2021.183    -3.121    -1.555     6.809     3.429     2.803    11.880
  2021.186    -2.335    -1.497     6.745     3.429     2.803    11.880
  2021.188    -3.845    -1.402     7.168     3.429     2.803    11.880
  2021.191    -2.531    -1.413     6.370     3.429     2.803    11.880
  2021.194    -1.443    -1.113     9.419     3.429     2.803    11.880
  2021.197    -0.179    -0.574     5.487     3.429     2.803    11.880
  2021.199    -2.528    -1.265     6.708     3.429     2.803    11.880
  2021.202    -0.610    -1.179    -0.676     3.429     2.803    11.880
  2021.205    -2.130    -0.346     4.032     3.429     2.803    11.880
  2021.208    -1.667    -2.353    -2.579     3.429     2.803    11.880
  2021.210    -0.327    -1.097     4.320     3.429     2.803    11.880
  2021.213    -1.658    -0.156     7.365     3.429     2.803    11.880
  2021.216    -1.641    -0.961     3.261     3.429     2.803    11.880
  2021.219    -1.258    -0.510    -5.919     3.429     2.803    11.880
  2021.221    -2.031    -0.973    -5.440     3.429     2.803    11.880
  2021.224    -2.495    -1.228    -1.966     3.429     2.803    11.880
  2021.227    -2.002    -1.045     8.664     3.429     2.803    11.880
  2021.230    -1.314    -0.027    -0.247     3.429     2.803    11.880
  2021.232    -0.154    -0.571    -1.601     3.429     2.803    11.880
  2021.235    -1.759     0.310     2.479     3.429     2.803    11.880
  2021.238    -3.073    -0.756     3.966     3.429     2.803    11.880
  2021.240    -1.386    -0.874     1.037     3.429     2.803    11.880
  2021.243    -1.823    -2.004     5.232     3.429     2.803    11.880
  2021.246    -0.860    -1.627    -1.252     3.429     2.803    11.880
  2021.249    -0.422    -1.118   -11.580     3.429     2.803    11.880
  2021.251    -2.399    -1.687    -1.255     3.429     2.803    11.880
  2021.254    -1.606    -1.705    -4.769     3.429     2.803    11.880
  2021.257    -0.618     0.097    -3.057     3.429     2.803    11.880
  2021.260    -0.472     0.244     2.270     3.429     2.803    11.880
  2021.262    -0.282     0.039     7.915     3.429     2.803    11.880
  2021.265    -1.678    -1.104     9.075     3.429     2.803    11.880
  2021.268    -4.340     0.987    14.738     3.429     2.803    11.880
  2021.271    -3.870    -0.107    10.207     3.429     2.803    11.880
  2021.273    -4.138     0.082    20.004     3.429     2.803    11.880
  2021.276    -1.252    -2.202     8.779     3.429     2.803    11.880
  2021.279    -1.395     0.781    11.787     3.429     2.803    11.880
  2021.282    -1.516    -2.070     9.097     3.429     2.803    11.880
  2021.284    -1.085    -2.524     7.391     3.429     2.803    11.880
  2021.287    -2.264    -1.031     8.454     3.429     2.803    11.880
  2021.290     0.352    -0.198     3.838     3.429     2.803    11.880
  2021.293    -0.212     0.363     2.802     3.429     2.803    11.880
  2021.295    -1.234     1.968    10.396     3.429     2.803    11.880
  2021.298    -1.800     1.788    20.818     3.429     2.803    11.880
  2021.301    -2.488     0.078    17.608     3.429     2.803    11.880
  2021.303    -0.451     0.779     7.109     3.429     2.803    11.880
  2021.306     0.300     0.660     8.264     3.429     2.803    11.880
  2021.309    -3.964    -2.535     4.476     3.429     2.803    11.880
  2021.312     0.007    -1.338     1.708     3.429     2.803    11.880
  2021.314    -0.285    -1.484     0.360     3.429     2.803    11.880
  2021.317    -0.381    -1.500    -1.168     3.429     2.803    11.880
  2021.320    -0.205    -2.596     8.607     3.429     2.803    11.880
  2021.323    -0.953     0.685     4.950     3.429     2.803    11.880
  2021.325    -1.736     1.982     9.246     3.429     2.803    11.880
  2021.328     0.508     1.437     1.785     3.429     2.803    11.880
  2021.331    -0.700     0.041    -0.402     3.429     2.803    11.880
  2021.334     0.202    -0.140     1.689     3.429     2.803    11.880
  2021.336    -1.055    -0.130     3.192     3.429     2.803    11.880
  2021.339    -1.693     0.533    11.760     3.429     2.803    11.880
  2021.342    -0.778     1.111     3.426     3.429     2.803    11.880
  2021.345    -0.526     1.018    10.651     3.429     2.803    11.880
  2021.347    -0.950     0.214     2.570     3.429     2.803    11.880
  2021.350    -0.476     1.004     3.247     3.429     2.803    11.880
  2021.353    -0.633    -0.345     3.806     3.429     2.803    11.880
  2021.356    -1.485     0.967    10.498     3.429     2.803    11.880
  2021.358    -1.204    -0.536     4.444     3.429     2.803    11.880
  2021.361    -0.280     0.921     5.120     3.429     2.803    11.880
  2021.364    -0.762     1.210    11.776     3.429     2.803    11.880
  2021.366    -0.687     0.237     9.788     3.429     2.803    11.880
  2021.369     0.971     1.627    13.623     3.429     2.803    11.880
  2021.372    -2.853    -0.822    12.025     3.429     2.803    11.880
  2021.375    -3.472     0.200    13.198     3.429     2.803    11.880
  2021.377    -3.451     0.303    16.499     3.429     2.803    11.880
  2021.380    -2.318     0.121    13.834     3.429     2.803    11.880
  2021.383    -0.881    -0.234    15.900     3.429     2.803    11.880
