  2019.282     0.121    -1.311    12.685     3.800     2.700    14.000
  2019.285    -0.831     0.618     6.355     3.800     2.700    14.000
  2019.288    -2.289    -1.120     8.036     3.800     2.800    14.400
  2019.290     1.386     2.176    -3.808     3.800     2.700    14.000
  2019.293     0.208     0.271     3.908     3.800     2.700    14.000
  2019.296     0.664    -0.904    16.085     4.100     2.700    14.300
  2019.298    -1.617     1.670    -4.329     4.000     2.800    14.700
  2019.301     0.274     0.408    12.353     4.100     2.700    14.100
  2019.304     0.148     0.576    17.413     4.100     2.800    14.400
  2019.307     0.430    -0.377     1.047     4.000     2.700    14.300
  2019.309     1.156     0.030   -14.183     4.000     2.700    14.300
  2019.312     0.051     0.131    -0.630     4.100     2.800    14.400
  2019.315    -1.853    -0.826     9.345     4.100     2.800    14.700
  2019.318     2.376    -1.646    11.823     4.000     2.800    15.000
  2019.320     0.616    -0.584     5.300     4.000     2.800    15.000
  2019.323     0.602     0.712    -6.280     4.000     2.700    14.300
  2019.326     0.774    -0.072     0.070     4.000     2.700    14.300
  2019.329    -0.233    -0.316     5.665     4.100     2.700    14.400
  2019.331     0.741     0.614    -1.983     4.000     2.800    14.700
  2019.334    -1.231     1.236     8.684     4.000     2.800    14.700
  2019.337    -1.484     0.546    -9.777     4.000     2.800    14.700
  2019.340     4.837    -0.354    -2.944     4.000     2.800    14.400
  2019.342    -0.646    -1.607    12.857     4.100     2.800    14.400
  2019.345    -0.325    -0.332     5.744     4.000     2.700    14.500
  2019.348    -1.505    -0.299    -3.856     4.100     2.800    14.700
  2019.350    -1.130    -0.224    -0.192     4.000     2.800    14.700
  2019.353     1.685     0.359    -0.258     4.000     2.700    14.300
  2019.356     0.139     0.627     7.069     4.100     2.700    14.300
  2019.359    -0.540     0.291     4.543     4.000     2.700    14.300
  2019.361     1.999     0.419     1.430     4.000     2.800    14.400
  2019.364     2.885     1.381    -8.118     4.100     2.700    14.300
  2019.367     1.624     2.047   -15.262     4.000     2.800    14.700
  2019.370     0.687    -3.021    12.341     4.000     2.800    14.500
  2019.372    -1.982    -3.054     8.080     4.100     2.800    14.400
  2019.375     0.642    -0.565     5.524     4.100     2.800    14.400
  2019.378    -1.089    -2.180     7.550     4.100     2.800    14.700
  2019.381     0.917     0.739    -2.907     4.000     2.800    14.700
  2019.383    -1.615    -0.756     8.959     4.100     2.700    14.400
  2019.386    -0.477    -1.577    13.691     4.000     2.800    14.700
  2019.389     0.365     0.001    -1.480     4.000     2.800    14.700
  2019.392    -0.143    -1.331    -4.744     3.800     2.700    14.300
  2019.394    -1.035     1.650    -7.273     4.000     2.800    14.700
  2019.397    -0.541     0.711     1.929     3.800     2.700    14.300
  2019.400    -0.185     0.116    -3.194     4.100     2.700    14.400
  2019.403    -2.682     0.333    -6.082     4.100     2.700    14.300
  2019.405    -0.009     0.558     2.718     4.100     2.700    14.100
  2019.408     0.767     1.112     7.920     4.100     2.700    14.300
  2019.411     0.826     0.614     1.979     4.100     2.700    14.300
  2019.413    -2.006    -0.471     0.647     4.100     2.800    14.300
  2019.416     0.289    -0.528    -7.822     4.100     2.800    14.700
  2019.419    -2.009     0.790    -7.145     4.000     2.800    14.700
  2019.422     2.823     0.105    -6.446     4.100     2.800    14.400
  2019.424     0.316    -0.073     2.371     4.000     2.700    14.700
  2019.427    -2.035    -0.272    -1.197     4.000     2.700    14.400
  2019.430    -0.259    -0.918     6.612     4.100     2.900    15.000
  2019.433    -3.276    -0.183     4.073     4.000     2.800    14.700
  2019.435    -0.349    -0.577     0.923     4.000     2.800    14.700
  2019.438     0.946    -0.086     1.377     4.000     2.800    14.700
  2019.441    -1.389    -0.378    -6.272     4.100     2.800    14.700
  2019.444    -1.204    -1.063     0.948     4.000     2.800    15.000
  2019.446    -0.910     0.876     0.695     4.000     2.800    15.000
  2019.449    -1.297     1.420    -8.123     4.100     2.800    14.700
  2019.452     1.103     1.382    -5.426     4.000     2.900    15.400
  2019.455    -0.821    -0.432     3.594     4.000     2.800    15.000
  2019.457     0.440    -0.482     7.510     4.000     2.700    14.700
  2019.460    -0.160     0.160    -6.396     4.100     2.800    14.700
  2019.463     1.231    -2.299     7.457     4.100     2.800    14.700
  2019.465    -1.900     0.229    -4.195     4.200     2.800    15.000
  2019.468     0.929     0.557    -2.727     4.100     2.900    15.600
  2019.471    -0.737     0.662    -1.384     4.000     2.800    15.300
  2019.474    -0.915    -0.134     0.490     4.100     2.700    14.300
  2019.476     1.266     0.486    -0.048     4.100     2.800    14.700
  2019.479    -0.357     0.763     0.391     4.000     2.800    15.000
  2019.482    -0.102    -0.248     5.794     4.000     2.800    14.700
  2019.485     0.752    -1.251     7.067     4.000     2.800    15.000
  2019.487    -2.115    -0.015     2.634     4.000     2.800    14.700
  2019.490    -0.415     0.252    -1.750     4.100     2.800    14.700
  2019.493     2.004     1.251     6.030     3.900     2.800    15.000
  2019.496    -1.256    -0.288    -5.805     4.000     2.800    14.400
  2019.498    -0.580     0.604    -1.861     4.000     2.700    14.300
  2019.501     0.030     0.493    -6.128     4.100     2.800    14.400
  2019.504    -1.766    -0.595    -1.015     4.000     2.800    14.700
  2019.507     0.287     0.098    -0.230     3.900     2.800    15.000
  2019.509     1.336     1.200    -3.688     4.000     2.800    15.000
  2019.512     2.292    -1.995     4.493     3.900     2.800    15.000
  2019.515     0.692     0.098     4.363     4.000     2.800    14.700
  2019.518    -0.801     0.151     1.694     4.100     2.700    14.300
  2019.520     1.240    -0.341     2.029     4.000     2.900    15.000
  2019.523     2.168     1.210     0.857     3.900     2.800    15.000
  2019.526     3.173    -0.178    -4.854     4.000     2.800    14.700
  2019.528     1.069    -0.018    -3.662     4.000     2.800    14.700
  2019.531     1.106    -1.138     4.771     4.000     2.900    15.400
  2019.534     1.453    -1.062     5.871     4.000     2.800    15.000
  2019.537    -0.742     0.252    -3.022     4.000     2.800    15.000
  2019.539     2.252    -1.176    -0.966     4.000     2.800    15.300
  2019.542     1.339    -1.100     2.197     4.100     2.900    15.000
  2019.545     1.083    -1.630   -11.992     4.000     2.900    15.400
  2019.548     0.953     0.305    -8.656     4.100     2.900    15.400
  2019.550    -0.546     0.610     7.965     4.024     2.800    15.000
  2019.553     0.890     0.621     5.446     4.000     2.800    14.700
  2019.556     1.492    -0.823     3.625     4.000     2.900    15.300
  2019.559     1.396    -0.185    -5.093     4.200     2.900    15.700
  2019.561     1.028    -0.613    -5.255     4.100     3.000    16.100
  2019.564     1.385     0.464    -8.494     3.900     2.800    15.000
  2019.567     0.698     1.033    -4.749     3.900     2.900    15.400
  2019.570    -0.561    -2.557    -5.691     4.000     2.800    14.700
  2019.572    -1.049    -1.260    15.961     3.900     2.800    15.000
  2019.575     0.830    -0.845     1.679     4.000     2.800    15.000
  2019.578    -1.049    -0.033    -1.568     3.900     2.800    15.000
  2019.580     1.507     0.223    -6.707     4.300     2.900    15.400
  2019.583     0.315    -0.677    -0.321     4.000     2.700    14.700
  2019.586    -2.220    -0.571    -7.492     4.100     2.900    15.700
  2019.589     2.569     0.708    -4.888     3.900     2.900    15.300
  2019.591     1.420     0.427    -7.845     4.000     2.800    14.700
  2019.594     0.720    -0.096    -2.260     4.100     2.800    14.700
  2019.597     1.907     2.293    18.810     4.000     2.800    15.300
  2019.600     0.050    -0.517    -4.041     4.200     2.900    15.400
  2019.602    -0.228     0.855     2.771     4.000     2.900    15.400
  2019.605     0.257     0.707     6.428     4.000     2.800    14.700
  2019.608    -0.747     0.747   -18.458     4.200     2.900    15.700
  2019.611    -1.000     0.034     2.787     3.900     2.800    15.400
  2019.613    -2.986    -1.639     6.023     4.100     2.800    14.700
  2019.616     0.818     1.863   -10.144     4.100     2.800    14.700
  2019.619     0.580    -0.492    -6.124     4.000     2.800    15.000
  2019.622    -0.750     1.086    -5.916     4.100     2.800    14.400
  2019.624    -0.416    -0.330    -9.183     4.000     2.900    15.400
  2019.627    -3.514    -2.189     0.872     4.100     2.800    14.700
  2019.630    -0.711    -2.344     9.090     4.100     2.800    14.700
  2019.632    -2.164    -0.595     5.087     4.000     2.800    14.700
  2019.635    -2.076    -0.204    -0.434     4.200     2.700    14.400
  2019.638    -1.758    -1.923     1.774     4.100     2.800    14.700
  2019.641     1.358    -0.396    -4.415     4.100     2.800    14.700
  2019.643    -0.380     0.285   -10.355     4.100     2.800    15.000
  2019.646     0.912     1.286     1.067     4.100     2.800    15.000
  2019.649     0.659    -2.295    -1.512     4.100     2.800    14.700
  2019.652    -0.973    -1.753    -4.794     4.100     2.800    14.700
  2019.654     5.762     1.063   -26.519     4.100     2.800    15.000
  2019.657     0.105     0.396    -5.921     4.100     2.700    14.700
  2019.660     0.629    -0.966    11.121     4.200     2.800    14.700
  2019.663     1.141     0.673    -6.316     4.200     2.800    14.700
  2019.665    -0.923     0.645    -4.107     4.100     2.800    14.300
  2019.668    -1.240    -0.238    -0.605     4.000     2.800    14.400
  2019.671    -2.985    -0.457    -5.617     4.000     2.800    14.700
  2019.674    -0.057     0.327    -6.686     4.100     2.800    14.700
  2019.676     0.811    -0.496    -8.309     3.800     2.700    14.300
  2019.679     0.614     1.070    -9.506     4.100     2.800    14.700
  2019.682    -0.521    -1.034    -4.194     4.100     2.800    14.700
  2019.685    -1.861    -0.097    -3.225     4.100     2.700    14.400
  2019.687    -1.758    -0.038    -7.482     4.100     2.700    14.300
  2019.690    -0.368     0.290    -6.651     4.100     2.800    14.400
  2019.693     0.859     0.736    -3.958     4.100     2.800    15.000
  2019.695    -0.011     0.527    -2.543     4.100     2.800    14.700
  2019.698     1.607    -1.448    -0.997     4.100     2.700    14.300
  2019.701    -1.386    -1.557     7.036     4.100     2.700    14.400
  2019.704    -1.122    -1.204     0.755     4.000     2.800    14.700
  2019.706     0.657     0.782    -3.465     3.800     2.700    14.000
  2019.709     0.603     0.919    -5.022     4.100     2.700    14.300
  2019.712    -0.741    -0.218    -3.850     3.800     2.700    14.000
  2019.715    -1.310    -0.011   -12.380     3.900     2.700    14.000
  2019.717    -0.134    -0.423   -11.727     4.100     2.700    14.300
  2019.720     0.341    -0.464   -20.029     4.000     2.800    15.000
  2019.723    -1.074     0.130    -9.756     4.100     2.700    14.700
  2019.726     0.374    -1.401   -12.634     3.800     2.700    14.000
  2019.728     0.741     0.418   -13.310     3.800     2.700    14.000
  2019.731    -0.489     1.085    -9.100     3.800     2.700    14.000
  2019.734    -0.218     0.358   -11.220     3.800     2.700    14.000
  2019.737     1.468    -0.886    -3.487     3.800     2.700    14.000
  2019.739    -0.108    -0.229    -8.324     3.800     2.700    14.000
  2019.742     0.578    -1.996     4.871     4.100     2.800    14.700
  2019.745    -0.091    -0.315    -5.209     4.100     2.800    14.700
  2019.747     0.238     0.568    -9.300     3.800     2.700    14.000
  2019.750    -0.030     0.335   -12.017     3.800     2.800    14.400
  2019.753    -0.197     0.544    -7.151     3.800     2.800    14.400
  2019.756    -1.146    -0.986     4.966     4.100     2.800    14.400
  2019.758    -0.195    -2.408    -7.687     3.900     2.700    14.000
  2019.761    -1.110    -1.323    -7.573     3.900     2.700    14.000
  2019.764    -0.276    -1.572   -13.752     3.800     2.700    14.000
  2019.767    -1.636    -0.219   -10.668     3.800     2.700    14.300
  2019.769    -0.523     0.510    -7.317     3.800     2.700    14.000
  2019.772    -0.895    -0.142    -5.527     3.900     2.700    13.700
  2019.775     0.261    -1.316     3.876     4.100     2.800    14.700
  2019.778    -1.171    -1.048    -3.545     4.100     2.800    14.700
  2019.780     0.247     0.039    -3.308     3.800     2.700    14.000
  2019.783     0.086    -0.792    -6.198     3.800     2.700    14.000
  2019.786    -0.850    -0.572   -18.729     3.800     2.700    14.000
  2019.789    -1.135     0.718     0.993     3.900     2.700    14.000
  2019.791     1.600    -0.349    -5.086     3.800     2.700    14.300
  2019.794    -0.049    -1.671    -6.972     3.800     2.700    14.300
  2019.797    -1.295    -0.194    -6.515     3.800     2.700    14.000
  2019.800    -1.334    -0.471    -1.460     3.800     2.700    14.300
  2019.802    -0.823    -0.667    -4.356     3.800     2.700    14.000
  2019.805     1.451    -0.103    11.244     3.900     2.700    14.000
  2019.808     1.469     1.250    -0.675     3.800     2.700    14.000
  2019.810     0.625    -0.084    -5.888     3.900     2.700    14.000
  2019.813     0.431    -0.043    -0.523     3.800     2.700    14.000
  2019.816     0.350     0.989    -3.744     3.800     2.700    14.000
  2019.819    -0.524     0.964     2.428     3.900     2.700    14.000
  2019.821    -1.041     1.080     0.333     3.900     2.700    14.000
  2019.824    -1.284    -0.110    -9.083     3.900     2.700    13.700
  2019.827    -1.595    -0.953    -1.707     3.800     2.700    14.000
  2019.830    -0.577     0.433    -7.437     3.800     2.700    14.000
  2019.832     1.476     1.162    -5.435     4.000     2.700    14.000
  2019.835    -1.939    -1.357    -8.808     3.900     2.800    14.400
  2019.838    -1.554    -2.575    -2.430     3.900     2.700    13.700
  2019.841     0.009    -0.292     0.754     3.600     2.600    13.300
  2019.843    -0.854    -0.589    -3.160     4.000     2.700    13.400
  2019.846    -2.660    -2.305     3.730     4.000     2.700    13.200
  2019.849    -1.192    -1.366     5.244     4.000     2.700    13.400
  2019.852    -0.022    -0.178    -4.312     3.700     2.600    13.300
  2019.854     0.218     0.028    -3.511     4.000     2.600    13.300
  2019.857    -0.045     0.789    -5.636     3.700     2.600    13.000
  2019.860    -0.884     1.563     0.770     3.700     2.600    13.000
  2019.862    -3.768    -1.552    14.966     4.000     2.600    13.500
  2019.865    -1.186    -0.535     9.151     3.700     2.600    13.300
  2019.868    -0.834    -0.627     5.167     3.800     2.600    13.000
  2019.871    -1.299    -0.404     1.336     3.700     2.600    13.000
  2019.873     0.338     0.186     0.561     4.100     2.700    13.700
  2019.876    -0.857     0.920    -4.668     3.700     2.600    13.000
  2019.879    -1.668     0.459    -5.242     3.700     2.700    13.400
  2019.882    -0.514     0.666     1.601     3.700     2.600    13.000
  2019.884    -0.316     0.856     1.335     3.700     2.600    13.000
  2019.887    -0.457     0.803     2.376     3.800     2.600    13.000
  2019.890     0.277    -0.240    -0.850     4.100     2.700    13.400
  2019.893    -0.108     0.716    -1.612     3.800     2.600    13.000
  2019.895     0.867     1.707    -4.365     3.800     2.600    13.000
  2019.898     0.813    -0.163    -0.773     3.800     2.600    13.000
  2019.901     1.993     1.012    -2.142     3.800     2.600    13.000
  2019.904    -0.078    -0.066    -6.080     3.700     2.600    13.000
  2019.906    -1.896    -0.023    -1.107     4.000     2.700    13.700
  2019.909    -2.040    -1.327     6.759     3.800     2.600    13.000
  2019.912    -0.035    -0.385     3.097     3.700     2.600    13.000
  2019.914    -0.044     0.998     4.125     4.800     3.200    15.700
  2019.917     0.176     0.138     1.546     3.800     2.500    12.700
  2019.920     1.410    -0.462    -6.402     3.700     2.600    13.400
  2019.923     0.353    -2.943    -4.791     3.700     2.600    13.400
  2019.925    -1.125    -0.062    -0.368     4.000     2.600    13.300
  2019.928    -1.200     0.313    -1.496     3.800     2.600    13.000
  2019.931     1.228    -0.031    -1.462     3.800     2.600    13.000
  2019.934     0.384    -0.142    -0.576     3.800     2.600    13.400
  2019.936    -0.301    -0.009    -2.859     3.800     2.600    13.000
  2019.939    -0.824    -0.075    -2.841     3.800     2.600    13.000
  2019.942    -1.341     0.233    -4.158     3.800     2.600    13.000
  2019.945    -0.909    -0.731     0.325     3.800     2.600    13.000
  2019.947    -0.020    -0.619     6.040     3.800     2.600    13.000
  2019.950    -0.121    -0.595    -0.098     3.800     2.700    13.400
  2019.953    -0.342    -0.534     6.856     3.900     2.600    13.400
  2019.956    -2.167    -0.659     7.407     3.700     2.600    13.000
  2019.958    -0.816     1.465     4.993     3.700     2.600    13.000
  2019.961    -0.350     2.286    10.256     3.700     2.600    13.000
  2019.964     0.065    -0.410     9.147     3.700     2.600    12.800
  2019.967    -0.416    -0.871     7.507     3.600     2.700    13.700
  2019.969    -1.807    -1.257     9.062     3.800     2.600    13.000
  2019.972    -1.307    -0.193     4.054     3.700     2.600    12.800
  2019.975    -0.375    -0.796    -1.380     3.700     2.600    13.000
  2019.977    -1.369     1.642     2.620     3.700     2.600    13.000
  2019.980     0.983     1.866    14.636     3.700     2.600    13.300
  2019.983    -3.509    -1.160     6.956     3.700     2.600    13.300
  2019.986    -0.896    -0.377     3.324     3.700     2.600    13.000
  2019.988    -1.219    -0.211     4.642     3.700     2.600    12.700
  2019.991    -0.948    -0.716     4.816     3.700     2.600    13.000
  2019.994     0.723     1.373    -2.988     3.700     2.600    13.000
  2019.997     1.025     0.995     0.100     3.800     2.600    13.000
  2019.999    -1.582    -1.419    -1.429     3.700     2.600    13.000
  2020.003    -2.110     0.113     1.819     3.700     2.600    13.000
  2020.006    -2.315    -0.779     6.143     3.700     2.600    12.800
  2020.008    -1.459     0.589     8.290     3.700     2.600    13.000
  2020.011    -0.176    -1.126     6.626     3.700     2.700    13.400
  2020.014    -0.424     0.527     2.004     3.800     2.600    13.300
  2020.016     0.849     1.390     1.251     3.800     2.600    13.300
  2020.019     0.681     1.097     5.290     3.800     2.600    13.400
  2020.022     1.504     0.750     4.829     3.800     2.600    13.300
  2020.025     0.157    -0.718    19.797     3.700     2.700    13.400
  2020.027     1.137     2.593     1.548     3.800     2.600    13.000
  2020.030     1.062     0.262    -0.754     3.800     2.600    13.000
  2020.033     2.883    -0.074    -6.965     3.700     2.600    13.300
  2020.036     1.070     0.424     1.255     3.800     2.600    13.000
  2020.038     0.641     0.402    -3.340     3.800     2.600    13.000
  2020.041     0.135     1.542     0.330     3.800     2.600    13.000
  2020.044    -0.193     0.662     2.530     4.000     2.700    13.400
  2020.047     3.022     1.206    -4.960     4.000     2.700    13.700
  2020.049     1.446     1.476     1.391     3.700     2.600    13.000
  2020.052     1.440     0.749     1.101     3.800     2.600    13.000
  2020.055     1.960     0.945     4.941     3.700     2.600    13.000
  2020.058     2.228     1.709     2.467     3.800     2.600    13.000
  2020.060     1.246    -0.302     9.842     3.800     2.600    13.000
  2020.063     1.211     0.766     2.174     3.800     2.600    13.000
  2020.066    -0.309    -0.078     0.856     3.700     2.600    13.000
  2020.068    -0.207    -0.203     0.111     3.700     2.700    13.400
  2020.071     2.004    -0.099     0.517     3.700     2.600    13.400
  2020.074     0.294     1.222     4.338     3.700     2.600    13.000
  2020.077     0.287     0.702    -1.860     3.800     2.600    12.700
  2020.079    -0.135     0.035    -2.586     3.800     2.600    12.700
  2020.082     0.961     0.249    14.212     3.800     2.600    13.000
  2020.085    -0.229     0.146    14.093     3.700     2.600    13.000
  2020.088     0.043    -1.509     8.019     3.800     2.600    13.000
  2020.090     1.674    -0.328     2.547     3.800     2.600    13.000
  2020.093    -0.159    -0.379     5.359     3.800     2.600    13.000
  2020.096    -2.082    -1.408     0.108     3.800     2.600    13.000
  2020.099     0.935     0.288     4.967     3.800     2.600    13.000
  2020.101    -0.626    -0.333     4.513     3.700     2.600    13.000
  2020.104    -0.905    -0.858     0.030     3.800     2.600    13.000
  2020.107     1.183    -1.843    16.137     3.800     2.600    13.000
  2020.110    -2.209     1.067     2.494     3.800     2.600    13.000
  2020.112     0.709     0.143     7.994     3.800     2.600    13.000
  2020.115     0.848    -0.023     4.084     3.700     2.600    13.000
  2020.118     0.652     0.420     1.561     3.800     2.600    13.000
  2020.121     0.888     0.698     3.153     3.800     2.700    13.700
  2020.123     0.997    -0.116     3.743     3.700     2.700    13.700
  2020.126    -0.223     0.282     2.033     3.800     2.600    13.000
  2020.129     0.989     0.461     0.889     3.800     2.600    13.300
  2020.131    -3.094    -0.717     3.140     3.800     2.600    13.000
  2020.134     1.705     0.584     3.850     3.800     2.600    13.000
  2020.137    -0.704    -0.851    11.028     3.700     2.600    13.300
  2020.140    -0.435    -0.062    -4.271     3.800     2.700    13.400
  2020.142     1.108    -1.093     2.263     4.100     2.700    13.700
  2020.145    -0.540     0.883     0.585     3.800     2.600    13.000
  2020.148     0.509     0.404    17.110     3.800     2.600    13.300
  2020.151     0.062    -1.319    12.678     3.800     2.600    13.000
  2020.153     0.118    -1.186    14.343     3.800     2.600    13.000
  2020.156    -1.963     0.702    11.887     3.800     2.600    13.000
  2020.159    -1.000     1.103     8.912     3.800     2.700    13.400
  2020.162    -0.026     0.104     6.528     3.800     2.600    13.000
  2020.164    -1.041    -0.667    12.031     3.800     2.600    13.000
  2020.167     0.881    -0.149     9.240     3.700     2.600    13.300
  2020.170    -0.974    -0.779    16.053     3.700     2.600    13.400
  2020.173     0.354    -0.175     9.983     3.700     2.600    13.300
  2020.175    -0.915    -2.638    16.601     3.700     2.700    13.700
  2020.178     1.194    -0.491    14.554     3.800     2.700    13.300
  2020.181     1.181     0.747    14.746     3.800     2.600    13.000
  2020.183     1.232    -0.322    13.535     3.800     2.600    13.000
  2020.186     0.469     0.230     9.621     3.800     2.700    13.400
  2020.189     0.392    -0.706    15.139     3.700     2.600    13.400
  2020.192     1.532     0.558     2.084     3.700     2.700    13.400
  2020.194     1.468     0.214     6.305     3.800     2.600    13.300
  2020.197     0.747     1.248     5.313     3.800     2.700    13.700
  2020.200    -0.425     0.211    17.277     3.700     2.600    13.300
  2020.203    -0.913     0.515     4.577     4.000     2.700    13.700
  2020.205     0.593     0.353    10.134     3.900     2.600    13.700
  2020.208     1.085     0.692     4.551     4.000     2.700    13.700
  2020.211     2.522     1.748    13.913     3.900     2.700    14.000
  2020.214    -0.567    -1.118    11.455     3.900     2.700    13.700
  2020.216     0.749    -0.209    11.829     4.200     3.000    15.300
  2020.219    -2.324    -0.724    13.349     3.900     2.800    14.400
  2020.222     1.581    -0.872    18.292     4.000     2.800    14.300
  2020.225     2.670     0.142     6.524     3.900     2.700    14.000
  2020.227     1.414     2.500     0.170     3.900     2.700    14.000
  2020.230     0.683     0.357     7.688     4.000     2.700    14.000
  2020.233     1.438    -0.190    10.998     3.900     2.700    14.000
  2020.236     1.644     0.669    15.323     3.900     2.700    14.000
  2020.238     0.683     0.717     7.949     3.900     2.700    14.300
  2020.241     0.301    -0.051    14.901     3.800     2.800    14.700
  2020.244    -0.116    -0.379     3.912     3.900     2.800    14.300
  2020.246     3.442     2.752     1.365     4.000     2.700    13.700
  2020.249     0.157     1.862     3.375     4.000     2.700    13.700
  2020.252     1.443     0.625    -4.347     3.900     2.700    14.000
  2020.255    -0.111     1.771    10.779     3.900     2.800    14.700
  2020.257    -0.486    -0.285    16.598     3.900     2.800    14.300
  2020.260    -0.045     1.426    -4.335     3.900     2.700    14.300
  2020.263     0.475     0.936     3.734     3.900     2.800    14.400
  2020.266     0.800     0.109    11.508     3.900     2.800    14.700
  2020.268     1.174     0.329    15.844     3.900     2.700    14.300
  2020.271     0.293     0.515     8.095     4.200     2.800    14.700
  2020.274     1.501     1.356    20.246     4.100     2.800    14.700
  2020.277     0.426    -1.000    14.166     4.100     2.800    15.000
  2020.279     0.351     1.072    -4.995     4.100     2.800    15.000
  2020.282     1.201     0.116     4.782     4.200     2.900    15.600
  2020.285     1.494     0.050     1.673     4.200     2.900    15.300
  2020.288     2.662     0.503     1.769     4.100     2.800    15.100
  2020.290    -0.566    -0.244     7.227     4.000     2.800    15.300
  2020.293     1.436    -0.151     5.464     4.100     2.800    15.000
  2020.296     2.358     1.463    -1.981     4.000     2.800    15.400
  2020.298     1.107     2.469    -3.387     4.000     2.800    15.000
  2020.301     0.566     1.586     7.325     4.000     2.800    15.400
  2020.304    -2.668    -1.600    18.376     4.000     2.800    15.000
  2020.307     0.161    -0.669    17.550     4.300     2.900    15.700
  2020.309    -0.991     0.790     7.923     4.100     2.800    14.700
  2020.312     1.692     0.045     7.527     4.000     2.900    15.900
  2020.315     1.101     0.024    -3.214     4.300     3.000    16.200
  2020.318     0.264     0.057    -8.386     4.100     2.900    16.300
  2020.320     0.219    -0.546    -8.264     4.100     2.900    16.000
  2020.323     1.124    -0.314    -8.201     3.900     2.900    15.400
  2020.326     0.944     0.208    -5.460     4.100     2.900    16.300
  2020.329    -1.397    -0.009     0.983     4.100     2.900    16.700
  2020.331     1.602     0.426   -13.662     4.100     2.849    16.300
  2020.334     1.254     1.522   -12.523     4.100     2.900    16.000
  2020.337     0.822    -0.495   -10.923     4.200     2.900    16.000
  2020.340     2.514    -0.269     1.160     4.200     2.900    16.400
  2020.342     1.097    -1.398     6.266     4.200     2.800    15.700
  2020.345     1.073    -0.905     7.577     4.200     2.900    16.000
  2020.348    -1.821     0.612     5.018     4.100     2.900    16.300
  2020.350    -1.169    -1.425    10.090     4.100     3.000    16.700
  2020.353    -1.763     2.159    -1.908     4.100     3.000    16.600
  2020.356    -0.316     0.676     2.608     4.300     3.000    17.000
  2020.359     1.342    -0.989    15.082     4.100     3.000    16.500
  2020.361    -0.238     0.008     0.821     4.100     2.900    16.700
  2020.364     0.838    -1.097    -0.144     4.100     3.000    16.600
  2020.367     0.810     0.759    -0.338     4.100     3.000    16.700
  2020.370     1.417    -1.576    10.237     4.100     3.000    16.600
  2020.372    -1.650    -0.694    16.749     4.100     2.900    16.600
  2020.375     0.798     1.472    -2.992     4.100     2.900    16.600
  2020.378    -0.596     0.939    -0.773     4.100     2.900    16.700
  2020.381     1.482     1.069     7.426     4.400     3.000    17.000
  2020.383    -0.622    -0.348    -3.271     4.400     3.100    17.200
  2020.386    -0.700     1.712    -2.830     4.400     3.000    17.000
  2020.389     3.896     1.443   -19.413     4.100     2.849    16.900
  2020.392    -1.772     2.462    -2.557     4.400     3.000    17.000
  2020.394     0.955     2.043    -2.932     4.100     2.900    16.400
  2020.397     2.266     0.109     4.610     4.100     3.000    16.600
  2020.400     2.979    -1.294   -17.944     4.100     2.849    16.700
  2020.403     1.494     1.028    -3.704     4.000     3.000    16.900
  2020.405     0.455     0.938    -0.113     4.100     2.900    16.700
  2020.408     2.473     1.396    -1.942     4.200     3.000    17.600
  2020.411     0.778    -0.109     3.153     4.100     2.900    16.300
  2020.413     1.035     1.419    -0.258     4.000     3.000    16.900
  2020.416     1.159    -0.580    -1.655     4.300     3.000    16.700
  2020.419     0.335    -0.096     2.065     4.100     2.900    16.400
  2020.422     2.435     0.693     5.541     4.100     2.900    16.300
  2020.424     1.317     1.780   -13.199     4.100     2.900    16.000
  2020.427     1.799     0.920    -4.332     4.400     3.100    17.600
  2020.430     0.013     0.689    -6.231     4.200     3.000    16.900
  2020.433     2.092    -0.031    -3.905     4.100     2.900    16.400
  2020.435    -0.433     1.599    -7.506     4.100     2.900    16.700
  2020.438     0.783     1.871     2.189     4.100     2.900    16.300
  2020.441     1.123     1.417     1.518     4.200     2.900    16.000
  2020.444     2.165     0.962    -0.348     4.000     3.000    16.700
  2020.446     0.690    -0.342     4.398     4.100     3.000    16.600
  2020.449     0.191    -0.913     7.696     4.100     3.000    16.600
  2020.452     0.400    -0.530     2.514     4.100     2.900    16.400
  2020.455     0.325     0.379    -8.198     4.000     2.900    16.700
  2020.457     1.477     0.568    -4.039     4.000     2.900    16.700
  2020.460     1.837    -0.568     3.660     4.100     2.900    16.300
  2020.463     1.359     0.003    -2.311     4.100     2.900    16.200
  2020.465     2.259     0.063    -8.011     4.200     3.000    16.200
  2020.468     2.630    -2.356     3.780     4.100     2.900    16.400
  2020.471     1.835     0.025     7.864     4.200     2.900    16.000
  2020.474     1.100    -0.426     6.797     4.000     3.000    16.700
  2020.476     0.038    -0.120     5.267     4.100     2.900    16.200
  2020.479     0.049     0.890    -2.135     3.900     3.000    16.200
  2020.482     1.881     1.550   -12.154     4.200     3.000    16.000
  2020.485    -0.462     1.222   -13.717     3.900     2.900    15.900
  2020.487     2.159     0.659     2.929     4.200     3.000    16.200
  2020.490     0.710     0.376     5.494     4.100     3.100    16.900
  2020.493     1.473     0.061     3.774     4.200     3.000    16.200
  2020.496     0.625     1.892    -3.157     4.200     3.000    16.600
  2020.498     0.625     0.618    -2.329     4.200     2.900    16.200
  2020.501     0.488    -1.154    13.199     4.000     3.000    16.900
  2020.504     1.941     1.843   -10.995     4.000     3.000    16.900
  2020.507     2.975     0.247    -7.728     4.100     3.000    16.600
  2020.509     1.102     0.530    -3.704     3.900     2.900    15.900
  2020.512     1.753     0.570     4.321     4.100     3.000    16.900
  2020.515     2.560     1.168     1.512     3.900     2.900    15.700
  2020.518     3.141     0.128     2.439     4.100     3.000    16.400
  2020.520     1.252    -0.405     4.055     4.100     3.000    16.400
  2020.523     1.463    -0.302    10.431     4.100     3.100    16.600
  2020.526     2.148     0.202     8.881     3.900     2.900    15.900
  2020.528     0.061    -1.386     8.638     4.200     3.000    16.000
  2020.531     2.845    -0.566    -3.238     4.100     3.000    16.600
  2020.534     1.450     0.397    -3.240     4.100     3.000    16.600
  2020.537     0.082     0.124    -4.159     4.100     2.900    16.300
  2020.539     1.430     0.608    -1.397     4.200     3.000    16.200
  2020.542     1.507    -0.385     6.807     4.100     3.000    16.200
  2020.545     1.357    -1.667     2.977     4.100     3.000    16.600
  2020.548     1.594    -0.435     3.649     4.100     3.000    16.600
  2020.550     0.579     0.084    -5.259     4.100     3.000    16.600
  2020.553     1.295     0.657    -7.597     4.100     3.000    16.400
  2020.556     1.535    -0.897     1.819     3.900     2.900    15.900
  2020.559     0.989    -0.794    -1.314     4.100     3.000    16.600
  2020.561     0.558    -1.475    -9.117     4.100     3.000    16.600
  2020.564     0.465     0.188    -7.864     3.900     2.900    15.900
  2020.567     2.031    -0.271    -3.327     4.200     2.900    16.000
  2020.570     1.439    -0.070    -4.266     3.900     3.000    15.900
  2020.572    -0.002     2.561    -4.849     4.200     3.100    16.600
  2020.575    -1.584     1.537    -6.486     4.400     3.100    17.300
  2020.578     0.737    -1.205    -7.659     4.200     3.100    16.900
  2020.580     0.416    -1.239    -5.717     4.200     3.000    16.200
  2020.583     0.690     0.513     3.592     4.300     3.000    16.200
  2020.586    -0.480     0.898    -5.398     4.100     3.100    16.600
  2020.589     3.302     2.029   -21.598     4.200     3.100    14.814
  2020.591     3.836     2.664   -21.730     4.200     3.100    14.814
  2020.594     1.795     1.959    -8.736     4.200     3.100    16.600
  2020.597     3.168    -0.879     4.603     4.200     3.100    16.600
  2020.600     3.435    -1.826   -19.561     4.500     3.200    17.600
  2020.602    -2.134     0.466   -16.811     4.200     3.200    17.300
  2020.605    -1.022     2.817   -10.717     4.100     3.100    16.600
  2020.608    -1.564     0.134    -9.102     4.200     3.100    16.600
  2020.611     0.285     0.724   -18.439     4.200     3.100    16.600
  2020.613    -0.506     0.061    -8.719     4.200     3.100    16.600
  2020.616    -1.743     1.273   -13.851     4.300     3.100    16.600
  2020.619    -0.862     1.655    -5.886     4.200     3.200    17.100
  2020.622    -0.932    -0.115    -9.869     4.200     3.100    16.900
  2020.624    -1.350     1.664   -12.984     4.300     3.100    16.600
  2020.627    -1.118     0.100   -11.930     4.200     3.100    16.900
  2020.630    -1.612    -0.500    -8.235     4.400     3.100    17.200
  2020.632     0.245     0.716   -16.424     4.200     3.200    17.100
  2020.635    -0.125    -0.398   -11.803     4.200     3.100    16.200
  2020.638    -0.723     0.206    -6.025     4.200     3.000    16.600
  2020.641    -0.301    -0.531   -10.738     4.200     3.200    16.900
  2020.643    -0.948    -0.295    -2.562     4.200     3.100    16.300
  2020.646    -1.302     1.027    -6.394     4.200     3.100    16.600
  2020.649    -0.319     1.787   -23.570     4.200     3.100    16.600
  2020.652    -1.002    -0.944   -17.067     4.300     3.100    16.200
  2020.654     0.676    -0.391   -21.650     4.200     3.100    16.600
  2020.657    -1.458     0.496   -12.145     4.200     3.100    16.600
  2020.660    -1.360     1.233     3.459     4.024     3.100    16.200
  2020.663    -1.230     0.660    -7.015     4.000     3.000    15.900
  2020.665    -0.980    -0.284   -17.887     4.200     3.100    16.600
  2020.668    -1.347     0.944   -18.534     4.200     3.100    16.600
  2020.671    -2.601     2.366   -12.829     4.300     3.100    14.814
  2020.674    -1.954    -0.217    -8.497     4.200     3.000    16.300
  2020.676    -2.397    -1.184   -10.121     4.300     3.100    16.300
  2020.679    -0.078    -0.146    -7.784     4.400     3.000    15.700
  2020.682     1.888     0.686    -8.382     4.024     3.100    16.600
  2020.685    -1.598    -0.212   -15.936     4.300     3.000    16.200
  2020.687    -2.432     0.314   -18.795     4.300     3.000    15.900
  2020.690    -2.739     1.114   -11.039     4.200     3.100    16.300
  2020.693    -1.069    -0.512     0.158     4.300     3.000    15.900
  2020.695    -3.279     0.178   -13.717     4.200     3.100    15.600
  2020.698    -3.226     0.004    -6.556     4.100     3.200    16.300
  2020.701    -2.673    -1.988     4.349     4.100     3.100    15.900
  2020.704    -4.628    -0.873    -8.584     4.024     3.000    15.600
  2020.706    -2.858     0.993   -11.748     4.100     3.000    15.300
  2020.709     0.032     1.697    -4.214     4.300     3.200    16.300
  2020.712    -1.469     0.517    -6.489     4.600     3.100    16.300
  2020.715    -3.864    -1.111   -11.105     4.300     3.000    15.300
  2020.717    -1.726    -0.563    -9.345     4.200     3.100    15.900
  2020.720    -0.729     1.621    -8.523     4.400     3.100    16.300
  2020.723    -2.235     1.708   -15.247     4.100     3.000    15.200
  2020.726    -1.665     1.328    -4.715     4.000     2.900    15.400
  2020.728    -1.743     0.503    -8.699     4.400     3.100    15.900
  2020.731    -1.331    -1.951    -4.554     4.200     3.000    15.300
  2020.734    -2.023     0.567   -14.297     4.200     2.900    14.700
  2020.737    -1.858    -0.451    -2.230     4.000     2.900    15.400
  2020.739    -0.654     0.928   -18.251     4.000     3.000    15.600
  2020.742    -1.143    -0.094    -4.157     4.100     2.900    15.000
  2020.745    -3.574    -0.634    -3.427     4.100     3.000    14.900
  2020.747    -2.029    -0.637    -6.115     4.100     3.000    15.300
  2020.750    -1.718    -0.777    -5.065     4.100     2.900    14.700
  2020.753    -2.994     0.844    -5.145     4.200     2.900    14.900
  2020.756    -0.840     1.459   -12.299     4.300     2.900    14.700
  2020.758    -2.231    -0.710   -10.740     3.900     2.900    14.600
  2020.761    -1.677    -1.205    -1.522     4.200     2.900    14.900
  2020.764    -0.730    -2.005    -5.536     4.000     2.900    14.600
  2020.767    -1.530     0.187    -7.893     4.100     2.900    15.000
  2020.769    -2.455    -0.435    -7.386     4.200     3.000    14.900
  2020.772     0.315    -1.541    -7.798     4.300     3.000    14.600
  2020.775    -2.267    -0.642    -3.748     4.100     3.000    14.900
  2020.778    -1.773     0.439    -5.375     4.200     3.000    14.700
  2020.780    -1.602    -1.721     2.593     4.100     3.000    14.900
  2020.783    -0.712    -1.059    -2.021     4.100     3.000    14.900
  2020.786    -1.537     0.363     7.348     4.200     2.849    14.700
  2020.789    -1.748    -2.154     0.966     4.100     2.900    14.700
  2020.791    -1.326    -1.387    -0.923     4.100     3.000    14.900
  2020.794    -1.200    -0.625     0.032     4.200     2.900    14.700
  2020.797     1.340     0.238    -7.302     4.100     2.900    14.700
  2020.800     1.080     1.290     2.154     4.100     2.900    14.900
  2020.802    -2.424    -0.706    -1.207     4.200     3.000    14.700
  2020.805    -1.169    -0.917     0.398     4.100     3.000    15.200
  2020.808    -2.541    -0.573    -2.863     4.100     3.000    14.900
  2020.810    -1.173    -0.724    -2.327     4.300     3.000    14.600
  2020.813    -0.387    -0.501     1.337     4.200     3.100    15.300
  2020.816    -1.478    -1.241     0.753     4.200     2.900    14.700
  2020.819    -1.732    -1.115    -1.670     4.200     2.900    14.700
  2020.821    -1.551    -1.647    -3.132     4.000     2.900    14.300
  2020.824    -1.747    -0.859     5.417     4.200     2.900    14.700
  2020.827    -1.823    -0.272    -6.146     4.100     2.900    13.900
  2020.830    -2.253    -1.314     0.626     4.200     2.900    14.700
  2020.832    -2.882     0.547   -11.517     4.300     3.000    14.600
  2020.835    -2.209     0.266    -4.941     4.100     2.900    14.100
  2020.838    -1.109    -0.042    -2.116     4.100     2.900    13.900
  2020.841    -2.879     1.706    -0.490     4.000     2.900    14.000
  2020.843    -3.576    -1.080     3.171     3.900     2.800    14.200
  2020.846    -1.994    -0.734     0.728     4.300     2.900    14.400
  2020.849    -0.457    -0.254     2.307     4.100     2.900    14.300
  2020.852    -0.358    -1.228   -10.408     4.000     2.800    14.000
  2020.854    -0.660     1.076   -10.801     4.000     2.800    14.000
  2020.857    -0.931    -0.617    -4.771     4.000     2.900    14.600
  2020.860    -1.786    -1.293     2.383     4.000     2.900    14.600
  2020.862    -2.203     0.582    -1.131     4.000     2.900    14.600
  2020.865    -1.332     0.067    -2.490     4.000     2.800    13.900
  2020.868    -1.530    -0.152    -6.653     4.100     3.000    14.300
  2020.871    -1.134     0.845    -9.353     4.000     2.900    14.300
  2020.873    -1.604     0.917    -7.706     4.000     2.800    14.000
  2020.876    -1.737     0.334    -8.309     4.000     2.800    14.000
  2020.879    -1.131    -0.557    -7.702     3.900     3.000    14.900
  2020.882    -2.826    -1.323     2.611     3.900     3.000    14.600
  2020.884    -3.067     0.043     1.754     4.100     2.900    14.300
  2020.887     0.423     1.378    -6.414     4.000     2.900    14.300
  2020.890    -0.116     1.102   -14.279     4.200     2.900    14.900
  2020.893    -1.022     0.444    -5.497     4.000     2.900    14.400
  2020.895    -1.889     0.021     7.058     4.000     2.800    14.000
  2020.898    -1.089     0.533     1.884     3.900     2.900    14.300
  2020.901    -1.219    -0.290    -7.007     3.900     2.900    14.600
  2020.904    -3.062     1.057    -5.901     4.000     2.800    14.000
  2020.906    -0.409     2.114   -12.235     4.000     2.900    14.000
  2020.909    -0.998     0.143    -4.777     4.000     2.800    14.000
  2020.912     0.652     1.277   -11.954     4.100     2.900    14.300
  2020.914    -1.528    -1.004     2.142     4.100     3.000    14.600
  2020.917    -1.560     0.225   -12.486     4.100     2.900    13.900
  2020.920    -1.542    -0.210    -5.373     4.000     2.900    14.000
  2020.923    -3.430    -1.689     0.612     4.000     2.900    14.000
  2020.925    -2.502    -1.935     5.420     3.900     2.800    14.000
  2020.928    -3.172     0.644     7.929     4.000     2.849    14.000
  2020.931    -2.136    -0.529     1.083     4.000     2.800    13.700
  2020.934    -1.625     0.660    -0.953     4.000     2.900    14.000
  2020.936    -0.780     1.004    -5.715     4.000     2.800    13.700
  2020.939    -0.156     0.071    -2.789     4.000     2.800    14.000
  2020.942    -0.230    -0.376    -2.169     4.000     2.800    14.000
  2020.945     0.151     0.294    -1.016     4.000     2.800    13.700
  2020.947    -3.010     0.650     4.393     4.000     2.800    13.700
  2020.950    -2.125    -1.611    10.245     4.000     2.800    13.700
  2020.953    -0.774    -0.103    10.504     4.000     2.800    14.000
  2020.956    -0.319    -0.743     2.653     4.000     2.800    14.000
  2020.958    -0.775     0.037    -1.454     3.900     2.900    14.200
  2020.961    -1.030    -1.552     9.865     4.000     2.900    14.000
  2020.964    -2.818    -0.586     2.140     4.000     2.800    14.000
  2020.967    -2.324     0.846     1.981     4.000     2.800    13.700
  2020.969    -1.021    -0.322     4.982     4.000     3.000    14.300
  2020.972    -1.048    -0.209     2.783     3.900     2.900    14.600
  2020.975    -0.449    -0.049     1.493     4.000     2.800    14.000
  2020.977    -0.381    -0.322     0.708     4.100     2.900    14.300
  2020.980    -0.696     0.351     1.699     4.100     3.000    14.300
  2020.983     0.541     0.712    -3.375     4.000     3.100    15.500
  2020.986    -1.405    -0.837     3.993     4.000     3.000    14.600
  2020.988    -0.534    -0.485     5.545     3.900     2.900    14.600
  2020.991    -0.742     0.093    -1.136     4.000     2.800    14.000
  2020.994     0.155     1.413    -4.234     4.000     2.900    14.100
  2020.997    -0.990    -0.425    -2.853     4.100     2.800    13.700
  2020.999     0.034     1.105    -3.915     4.100     2.800    13.700
  2021.002     0.193     0.064     1.706     4.000     2.900    14.300
  2021.005     0.203     0.167    -2.445     4.024     2.849    14.814
  2021.008     0.058     1.110    -5.815     4.024     2.849    14.814
  2021.010     0.243     1.442    -0.501     4.024     2.849    14.814
  2021.013     1.995     1.543     4.312     4.024     2.849    14.814
  2021.016     1.272    -0.194    15.757     4.024     2.849    14.814
  2021.019     1.036     0.467     7.254     4.024     2.849    14.814
  2021.021     1.805     1.323    -0.811     4.024     2.849    14.814
  2021.024    -0.679     0.240     1.373     4.024     2.849    14.814
  2021.027    -1.655    -0.460     0.669     4.024     2.849    14.814
  2021.030    -0.537    -0.885     1.223     4.024     2.849    14.814
  2021.032     0.416    -0.952     2.488     4.024     2.849    14.814
  2021.035    -0.018    -0.136     2.101     4.024     2.849    14.814
  2021.038    -0.687     0.570    -1.366     4.024     2.849    14.814
  2021.040    -1.263     0.012     3.094     4.024     2.849    14.814
  2021.043     0.228    -0.194    -1.853     4.024     2.849    14.814
  2021.046     0.253    -0.175    -1.463     4.024     2.849    14.814
  2021.049    -0.121    -0.619     0.769     4.024     2.849    14.814
  2021.051    -1.782    -1.063     8.568     4.024     2.849    14.814
  2021.054    -2.348    -1.227     8.096     4.024     2.849    14.814
  2021.057    -1.426    -0.529     3.775     4.024     2.849    14.814
  2021.060     0.633    -0.002    -3.711     4.024     2.849    14.814
  2021.062     0.362    -0.188     2.316     4.024     2.849    14.814
  2021.065     1.042    -0.085     2.702     4.024     2.849    14.814
  2021.068    -0.746     0.431    -2.690     4.024     2.849    14.814
  2021.071    -0.205     1.466    -6.186     4.024     2.849    14.814
  2021.073    -1.082    -0.233     1.141     4.024     2.849    14.814
  2021.076     0.033     0.051    -3.210     4.024     2.849    14.814
  2021.079     0.548     0.723     1.959     4.024     2.849    14.814
  2021.082    -1.277     0.733     1.627     4.024     2.849    14.814
  2021.084    -0.046     0.231     6.555     4.024     2.849    14.814
  2021.087    -1.651    -1.076     1.677     4.024     2.849    14.814
  2021.090     0.259    -1.822     1.711     4.024     2.849    14.814
  2021.093     1.124     0.078    -2.003     4.024     2.849    14.814
  2021.095     1.000     0.932    -5.244     4.024     2.849    14.814
  2021.098    -0.638     0.354    -4.941     4.024     2.849    14.814
  2021.101    -0.303    -0.238     2.318     4.024     2.849    14.814
  2021.103     0.256    -0.539    -5.547     4.024     2.849    14.814
  2021.106     2.723    -0.386    -7.873     4.024     2.849    14.814
  2021.109     2.085    -0.089    -2.913     4.024     2.849    14.814
  2021.112     0.906     0.846    -1.623     4.024     2.849    14.814
  2021.114     0.801     1.538     3.810     4.024     2.849    14.814
  2021.117     0.637    -0.918     3.224     4.024     2.849    14.814
  2021.120     0.591    -0.984     5.774     4.024     2.849    14.814
  2021.123    -2.740    -0.122     6.425     4.024     2.849    14.814
  2021.125    -1.866    -0.743     3.274     4.024     2.849    14.814
  2021.128    -0.502    -0.772     8.021     4.024     2.849    14.814
  2021.131    -0.399    -0.243     7.452     4.024     2.849    14.814
  2021.134    -0.725     0.118     6.075     4.024     2.849    14.814
  2021.136    -0.826     0.039     4.329     4.024     2.849    14.814
  2021.139    -0.986    -0.770     6.529     4.024     2.849    14.814
  2021.142    -0.732    -1.508     4.597     4.024     2.849    14.814
  2021.145     0.449    -0.035    -0.015     4.024     2.849    14.814
  2021.147    -1.083     0.184    -0.843     4.024     2.849    14.814
  2021.150     0.420     0.838     5.655     4.024     2.849    14.814
  2021.153     0.285     0.255     5.254     4.024     2.849    14.814
  2021.156    -0.497    -0.883     4.227     4.024     2.849    14.814
  2021.158    -0.516    -0.631    10.472     4.024     2.849    14.814
  2021.161     0.536    -0.931     7.663     4.024     2.849    14.814
  2021.164     1.219    -0.126     6.209     4.024     2.849    14.814
  2021.166    -2.321    -0.334    18.110     4.024     2.849    14.814
  2021.169    -1.517    -0.778     9.596     4.024     2.849    14.814
  2021.172     0.006     0.028     6.211     4.024     2.849    14.814
  2021.175     0.081     0.235    11.236     4.024     2.849    14.814
  2021.177    -0.334    -0.507     3.605     4.024     2.849    14.814
  2021.180     0.025    -0.987     8.538     4.024     2.849    14.814
  2021.183     0.210    -0.557     1.883     4.024     2.849    14.814
  2021.186     0.256    -0.549    10.681     4.024     2.849    14.814
  2021.188     1.007    -0.452     3.892     4.024     2.849    14.814
  2021.191     1.286    -0.376     3.044     4.024     2.849    14.814
  2021.194     1.223     0.026     1.882     4.024     2.849    14.814
  2021.197     1.055    -0.072    -2.459     4.024     2.849    14.814
  2021.199     1.011    -0.336     6.886     4.024     2.849    14.814
  2021.202     1.414    -0.682    11.750     4.024     2.849    14.814
  2021.205     1.391     0.688     9.094     4.024     2.849    14.814
  2021.208    -0.029    -0.855     6.504     4.024     2.849    14.814
  2021.210    -0.373    -1.329     3.262     4.024     2.849    14.814
  2021.213     0.051    -1.664     9.532     4.024     2.849    14.814
  2021.216    -0.764    -0.969     5.731     4.024     2.849    14.814
  2021.219     1.962    -1.368     4.840     4.024     2.849    14.814
  2021.221     1.804    -0.619     5.768     4.024     2.849    14.814
  2021.224     2.661     0.285     8.195     4.024     2.849    14.814
  2021.227     2.674     0.650     4.692     4.024     2.849    14.814
  2021.230     0.085    -0.626     6.161     4.024     2.849    14.814
  2021.232     1.142    -0.924     9.161     4.024     2.849    14.814
  2021.235     0.199    -0.698     9.231     4.024     2.849    14.814
  2021.238     1.848     0.104     2.002     4.024     2.849    14.814
  2021.240     0.787     0.437     4.733     4.024     2.849    14.814
  2021.243    -0.452     0.868     9.299     4.024     2.849    14.814
  2021.246    -0.016     1.921    11.100     4.024     2.849    14.814
  2021.249    -2.138    -0.447     7.168     4.024     2.849    14.814
  2021.251     0.377    -0.571     4.459     4.024     2.849    14.814
  2021.254     1.779     0.875    -1.725     4.024     2.849    14.814
  2021.257     1.607     2.107    -3.332     4.024     2.849    14.814
  2021.260     2.167     0.836    -3.555     4.024     2.849    14.814
  2021.262     1.641    -0.214     1.502     4.024     2.849    14.814
  2021.265     1.644     0.271     1.904     4.024     2.849    14.814
  2021.268     0.050     0.309     0.123     4.024     2.849    14.814
  2021.271     1.506     1.032     4.760     4.024     2.849    14.814
  2021.273     2.376    -1.118    10.932     4.024     2.849    14.814
  2021.276     1.241    -2.519    14.167     4.024     2.849    14.814
  2021.279    -0.367    -1.494     9.689     4.024     2.849    14.814
  2021.282    -1.641    -0.724     2.960     4.024     2.849    14.814
  2021.284    -0.148    -0.532     1.558     4.024     2.849    14.814
  2021.287     0.635     0.184    -0.431     4.024     2.849    14.814
  2021.290     1.655     0.450    -9.647     4.024     2.849    14.814
  2021.293     2.364     1.595   -11.521     4.024     2.849    14.814
  2021.295     2.679     0.258     3.381     4.024     2.849    14.814
  2021.298    -0.415     0.484     0.073     4.024     2.849    14.814
  2021.301     1.479    -1.208    -0.119     4.024     2.849    14.814
  2021.303     2.106    -0.200    -1.315     4.024     2.849    14.814
  2021.306     3.317     2.655    -6.066     4.024     2.849    14.814
  2021.309     3.297     2.136     0.205     4.024     2.849    14.814
  2021.312     0.584     0.703    -4.131     4.024     2.849    14.814
  2021.314     2.682     0.511    -9.234     4.024     2.849    14.814
  2021.317     2.490    -0.661    -0.304     4.024     2.849    14.814
  2021.320     0.528    -0.625     2.765     4.024     2.849    14.814
  2021.323     0.691    -0.463     1.209     4.024     2.849    14.814
  2021.325     2.087     0.106    -1.351     4.024     2.849    14.814
  2021.328     1.825     0.067    -4.837     4.024     2.849    14.814
  2021.331     0.655     0.701   -10.911     4.024     2.849    14.814
  2021.334     1.381     1.306   -14.822     4.024     2.849    14.814
  2021.336     0.319    -1.289     6.665     4.024     2.849    14.814
  2021.339     0.226    -1.481     7.486     4.024     2.849    14.814
  2021.342     1.650    -0.444     1.233     4.024     2.849    14.814
  2021.345     0.945    -0.113    -0.505     4.024     2.849    14.814
  2021.347     0.152    -0.339     0.567     4.024     2.849    14.814
  2021.350     0.845    -0.327    -3.410     4.024     2.849    14.814
  2021.353     1.566     0.411     5.693     4.024     2.849    14.814
  2021.356     2.658     0.217     1.207     4.024     2.849    14.814
  2021.358     3.894     0.691    -5.070     4.024     2.849    14.814
  2021.361     2.454     0.523    -6.195     4.024     2.849    14.814
  2021.364     2.316     1.332     1.127     4.024     2.849    14.814
  2021.366     2.667    -1.379     8.056     4.024     2.849    14.814
  2021.369     4.600    -3.481    -3.538     4.024     2.849    14.814
  2021.372     1.418    -1.108     1.908     4.024     2.849    14.814
  2021.375     0.273    -2.251    13.307     4.024     2.849    14.814
  2021.377     0.141    -0.806    20.576     4.024     2.849    14.814
  2021.380     0.181    -1.728    13.436     4.024     2.849    14.814
  2021.383    -0.107    -1.055     6.386     4.024     2.849    14.814
