  2019.282    -1.027     1.289    -1.167     3.400     2.400    10.900
  2019.285    -0.773     0.623    -3.572     3.400     2.400    11.200
  2019.288    -0.325     1.090     1.535     3.400     2.500    11.300
  2019.290     0.156     0.691     4.818     3.400     2.400    11.200
  2019.293     2.084     1.190     2.360     3.400     2.400    10.900
  2019.296    -0.554     0.021    -5.637     3.400     2.400    10.900
  2019.298    -2.030    -0.201    12.474     3.400     2.400    11.200
  2019.301     0.068     1.642    -4.718     3.400     2.400    11.200
  2019.304    -1.553     4.715   -13.932     3.400     2.400    11.200
  2019.307     1.235     1.167     0.528     3.400     2.400    10.900
  2019.309    -2.433    -0.621     5.824     3.400     2.400    11.200
  2019.312    -1.931     0.285    -2.997     3.300     2.500    11.600
  2019.315    -0.030     0.832    -8.996     3.400     2.500    11.300
  2019.318    -0.794     0.618   -10.992     3.400     2.400    11.200
  2019.320     0.451    -0.116    -1.090     3.400     2.400    11.200
  2019.323     1.343     0.286    -5.343     3.400     2.400    11.200
  2019.326     1.121     1.407    -3.267     3.400     2.400    10.900
  2019.329    -0.080     0.368    -6.346     3.400     2.400    11.200
  2019.331     0.400    -0.097     8.432     3.400     2.400    11.200
  2019.334     0.034     1.229    -3.775     3.400     2.500    11.300
  2019.337     0.587     0.544    -2.010     3.400     2.500    11.600
  2019.340     0.413     1.749     1.448     3.400     2.500    11.300
  2019.342     0.637     1.501     6.175     3.400     2.400    10.900
  2019.345     0.164    -1.118     6.588     3.400     2.400    11.200
  2019.348    -0.910     1.219    -4.686     3.400     2.500    11.600
  2019.350    -1.330     0.799    -2.396     3.400     2.400    11.200
  2019.353     1.491     0.287     2.464     3.400     2.400    10.900
  2019.356    -0.649     0.760    -5.783     3.400     2.400    10.900
  2019.359    -2.421     1.128     5.017     3.400     2.400    11.200
  2019.361     3.523     0.762     1.430     3.400     2.400    10.900
  2019.364    -0.385     0.529    -8.293     3.400     2.400    10.900
  2019.367    -0.040     0.400     2.890     3.400     2.400    11.200
  2019.370     0.429    -1.864     5.418     3.400     2.400    10.900
  2019.372     0.765     0.308    -1.117     3.400     2.400    11.200
  2019.375    -1.104    -0.398     2.754     3.400     2.400    11.200
  2019.378    -0.030     1.992    -8.595     3.500     2.500    11.300
  2019.381    -1.217     1.216     1.175     3.400     2.400    10.900
  2019.383     0.156     0.026    -2.034     3.500     2.400    10.900
  2019.386    -0.300     2.010     2.524     3.400     2.400    10.900
  2019.389    -1.051     0.992    -4.020     3.400     2.400    10.900
  2019.392     0.346     1.066    -3.859     3.400     2.400    11.200
  2019.394    -1.240     1.751    -1.261     3.400     2.400    11.200
  2019.397    -0.540     0.118     0.566     3.400     2.400    11.200
  2019.400    -1.278    -0.372     0.269     3.500     2.400    10.900
  2019.403     0.832    -0.150    -3.793     3.400     2.400    11.200
  2019.405     1.011    -0.221     0.833     3.400     2.400    10.900
  2019.408     0.092     1.038    -0.739     3.400     2.400    11.200
  2019.411    -0.743     1.645    -3.154     3.400     2.400    10.900
  2019.413    -0.769     1.466    -0.861     3.400     2.400    10.900
  2019.416    -0.768    -0.286    -0.103     3.400     2.400    10.900
  2019.419    -2.760     1.336    -0.101     3.400     2.400    11.200
  2019.422    -1.922    -1.244     1.724     3.400     2.400    11.200
  2019.424    -0.523     0.283     2.668     3.500     2.400    10.900
  2019.427    -0.368    -1.511    -1.775     3.400     2.400    11.200
  2019.430     0.014    -1.052     0.760     3.400     2.500    11.300
  2019.433     0.202    -0.613     3.748     3.400     2.400    11.200
  2019.435     1.235    -0.702     5.023     3.400     2.400    10.900
  2019.438     0.736     0.295    -0.596     3.500     2.400    10.900
  2019.441    -0.592    -0.892    -3.120     3.400     2.400    11.300
  2019.444    -2.401     1.928    -8.374     3.400     2.400    11.600
  2019.446    -0.501     1.271    -2.801     3.400     2.500    11.600
  2019.449    -1.083     1.821     4.507     3.400     2.500    11.600
  2019.452    -1.277     1.687     0.429     3.400     2.500    11.600
  2019.455    -0.895     1.178     1.576     3.400     2.400    11.600
  2019.457    -0.128     1.533    -3.182     3.400     2.500    11.600
  2019.460     0.578    -0.020    -4.162     3.400     2.500    11.600
  2019.463    -0.625     0.126     0.917     3.400     2.500    11.600
  2019.465    -1.950     0.359    -3.910     3.800     2.500    11.900
  2019.468    -1.115     0.291    -1.216     3.800     2.500    11.900
  2019.471    -0.475    -0.398    -2.047     3.400     2.400    11.200
  2019.474    -0.948     0.011    -0.548     3.400     2.500    11.600
  2019.476     0.140     1.436     5.741     3.400     2.500    11.600
  2019.479    -0.377    -0.382    -0.195     3.400     2.500    11.600
  2019.482    -1.316    -0.488    -0.865     3.400     2.500    11.600
  2019.485     0.444    -0.087    -0.166     3.400     2.500    11.600
  2019.487    -0.318    -0.045     0.927     3.400     2.400    11.300
  2019.490    -0.811    -0.274     0.569     3.400     2.500    11.600
  2019.493    -1.386    -1.870     6.775     3.400     2.400    11.200
  2019.496    -1.741     0.196    -0.033     3.400     2.400    10.900
  2019.498    -1.359     0.993    -2.164     3.400     2.400    11.200
  2019.501    -0.843     0.087     4.795     3.500     2.400    10.900
  2019.504    -2.033     0.804    -2.366     3.400     2.400    11.200
  2019.507    -0.974     1.602    -4.855     3.400     2.400    11.200
  2019.509    -0.620     1.108    -3.388     3.400     2.400    10.900
  2019.512     0.243     0.719     3.120     3.400     2.400    11.200
  2019.515     0.148     1.716    -0.985     3.400     2.400    10.900
  2019.518     0.461     0.474     1.972     3.400     2.400    11.200
  2019.520    -0.891     0.887    -0.666     3.400     2.400    11.200
  2019.523     0.343     0.243    -0.213     3.400     2.400    11.200
  2019.526     0.953     0.460     1.902     3.400     2.400    11.200
  2019.528    -0.145     0.526     0.519     3.400     2.500    11.300
  2019.531     0.498     0.310     1.578     3.400     2.500    11.600
  2019.534     0.652     0.692    -2.595     3.400     2.400    11.200
  2019.537    -0.738     0.310    -3.163     3.400     2.500    11.600
  2019.539    -0.038    -1.013     5.020     3.400     2.400    11.200
  2019.542     0.555    -0.032     2.109     3.400     2.500    11.200
  2019.545     1.405     0.843    -3.655     3.400     2.600    11.600
  2019.548     0.781     0.083    -3.292     3.500     2.500    11.300
  2019.550    -0.558     0.392    -1.145     3.400     2.400    10.900
  2019.553    -0.970     0.309    -1.539     3.400     2.400    11.200
  2019.556     0.537    -0.231    -5.733     3.400     2.500    11.200
  2019.559    -0.852    -0.187    -3.326     3.300     2.500    11.600
  2019.561    -0.915     0.390     2.539     3.300     2.500    11.900
  2019.564    -0.851    -0.429    -3.075     3.400     2.400    11.200
  2019.567    -0.833    -0.655    -4.304     3.400     2.500    11.600
  2019.570    -0.985    -0.339    -2.620     3.400     2.400    11.200
  2019.572    -0.468    -1.537    -7.042     3.400     2.400    11.200
  2019.575     0.817     0.082    -1.098     3.400     2.400    11.200
  2019.578    -1.255    -1.401    -1.919     3.400     2.500    11.300
  2019.580    -0.094    -0.240   -10.132     3.400     2.500    11.300
  2019.583    -0.980     0.165    -5.419     3.400     2.400    11.200
  2019.586    -0.109     0.375    -6.866     3.400     2.500    11.300
  2019.589    -1.814     0.759    -2.836     3.400     2.400    11.200
  2019.591     0.243     0.483    -0.767     3.400     2.400    10.900
  2019.594     1.649    -1.735     5.145     3.400     2.500    11.300
  2019.597    -1.058     1.260    -1.959     3.400     2.400    10.900
  2019.600     0.190    -1.746     3.616     3.400     2.500    11.900
  2019.602     0.418     0.132    -7.747     3.400     2.500    11.600
  2019.605    -0.891     0.389    -5.264     3.400     2.400    11.200
  2019.608     0.612    -1.467    -0.724     3.400     2.500    11.600
  2019.611     1.264     1.125     1.847     3.400     2.500    11.900
  2019.613    -0.616    -1.143    -5.291     3.400     2.400    11.200
  2019.616     0.995    -0.336    -1.132     3.400     2.500    11.600
  2019.619     0.162     0.514    -6.485     3.400     2.400    11.200
  2019.622     1.139    -0.703     0.648     3.400     2.400    10.900
  2019.624     0.978    -1.714     3.307     3.400     2.500    11.600
  2019.627    -1.114    -1.468    -4.612     3.400     2.400    11.200
  2019.630    -0.405    -0.419    -3.868     3.400     2.400    11.200
  2019.632    -0.152    -0.164    -1.846     3.400     2.400    11.200
  2019.635     0.142    -0.868    -5.641     3.400     2.400    11.200
  2019.638    -0.934     1.017     0.693     3.500     2.400    10.900
  2019.641    -1.412     2.150    -3.369     3.300     2.500    11.600
  2019.643     0.555    -1.365    -2.384     3.400     2.500    11.600
  2019.646    -0.646     0.041    -1.136     3.400     2.400    10.900
  2019.649    -1.094     0.766    -0.088     3.400     2.400    11.200
  2019.652    -0.519    -0.288    -4.545     3.400     2.500    11.300
  2019.654    -1.979    -0.767     5.256     3.400     2.400    11.200
  2019.657     1.271     0.271     7.080     3.400     2.500    11.600
  2019.660    -2.200    -0.586     2.348     3.400     2.500    11.600
  2019.663    -0.582    -0.542    -1.963     3.400     2.500    11.600
  2019.665     0.160    -0.465    -0.229     3.400     2.500    11.300
  2019.668    -1.351     0.857    -9.501     3.400     2.400    11.200
  2019.671    -0.690    -0.557    -0.886     3.400     2.400    11.200
  2019.674     0.144     0.032    -1.430     3.400     2.400    11.200
  2019.676     0.318    -0.787    -7.227     3.400     2.400    11.200
  2019.679    -0.173    -1.316    -0.997     3.400     2.500    11.600
  2019.682     1.098    -1.115    -1.960     3.400     2.500    11.600
  2019.685     1.364    -0.172    -3.364     3.400     2.400    10.900
  2019.687    -0.527    -0.609    -0.496     3.400     2.400    10.900
  2019.690    -0.432    -0.175    -1.039     3.400     2.500    11.300
  2019.693    -0.698     0.776    -7.719     3.500     2.400    10.900
  2019.695    -0.263     0.471    -0.079     3.400     2.500    11.300
  2019.698     1.462    -2.099    -0.307     3.400     2.400    10.900
  2019.701     0.874     0.896    -3.548     3.400     2.400    11.200
  2019.704     0.744    -1.545    -6.804     3.400     2.400    11.200
  2019.706     0.129     0.345    -5.197     3.500     2.400    10.900
  2019.709     1.282     0.488    -4.528     3.400     2.400    11.200
  2019.712     0.344    -0.545    -5.230     3.400     2.400    11.200
  2019.715     1.980    -1.932    -2.134     3.400     2.400    11.200
  2019.717    -0.438     0.660    -0.755     3.400     2.400    11.200
  2019.720    -0.557    -0.575     3.469     3.400     2.500    11.900
  2019.723     0.134    -1.176    -1.733     3.400     2.500    11.600
  2019.726     0.388    -1.302    -1.585     3.400     2.400    11.200
  2019.728    -0.139    -1.179    -1.635     3.400     2.400    11.200
  2019.731     0.537    -1.007    -1.599     3.400     2.400    11.200
  2019.734     0.114    -0.529    -4.494     3.400     2.400    11.200
  2019.737    -1.994    -1.768     4.667     3.400     2.400    11.200
  2019.739    -0.265    -1.506     1.255     3.400     2.400    10.900
  2019.742     1.027    -1.868    -9.823     3.400     2.500    11.600
  2019.745     0.465     0.718    -8.878     3.400     2.500    11.300
  2019.747     1.699    -1.694    -3.543     3.400     2.400    11.200
  2019.750     0.537    -1.222     1.966     3.400     2.500    11.300
  2019.753     0.976    -0.608     2.657     3.400     2.500    11.600
  2019.756    -0.366    -0.433    -2.200     3.400     2.500    11.600
  2019.758     1.090    -1.451    -3.726     3.400     2.500    11.200
  2019.761     0.081    -2.760     5.614     3.400     2.400    11.200
  2019.764     1.121    -1.604    -0.739     3.400     2.400    11.200
  2019.767    -0.233    -0.347    -3.330     3.400     2.400    11.200
  2019.769    -0.114    -1.713    -0.454     3.400     2.400    11.200
  2019.772     0.420    -1.059    -2.237     3.400     2.400    10.900
  2019.775     0.282    -1.229    -2.808     3.700     2.500    11.900
  2019.778     0.156    -0.956    -2.603     3.400     2.500    11.600
  2019.780     2.180    -1.864    -1.340     3.400     2.400    11.200
  2019.783     2.125    -2.390     2.195     3.400     2.400    11.200
  2019.786     1.194     0.735    -5.209     3.400     2.500    11.300
  2019.789     0.916    -0.670    -1.661     3.400     2.400    11.200
  2019.791     1.857    -1.533    -4.214     3.400     2.400    10.900
  2019.794     0.813    -1.150     0.626     3.400     2.500    11.200
  2019.797     2.874    -2.768     4.008     3.400     2.400    11.200
  2019.800     0.740    -1.540     1.890     3.400     2.400    10.900
  2019.802     0.357    -1.931     0.320     3.400     2.400    11.200
  2019.805     2.637    -0.462     6.546     3.400     2.400    11.200
  2019.808     1.461    -0.904     2.653     3.400     2.400    10.900
  2019.810     1.023    -0.633     2.565     3.400     2.500    11.200
  2019.813     3.235     0.113     4.556     3.400     2.400    10.900
  2019.816     3.059    -0.250     0.961     3.400     2.500    11.200
  2019.819     2.292    -0.170     1.259     3.400     2.400    11.200
  2019.821     0.681    -0.449     0.291     3.400     2.400    11.200
  2019.824     0.244    -0.434     3.000     3.400     2.400    11.200
  2019.827     0.538    -1.072     8.201     3.400     2.400    11.200
  2019.830     2.163    -1.181     4.798     3.500     2.400    10.900
  2019.832     1.122    -1.948     8.425     3.400     2.500    11.600
  2019.835     2.213    -1.662     4.478     3.400     2.500    11.600
  2019.838     0.704    -1.275    -0.718     3.400     2.500    11.600
  2019.841     1.672    -1.286    -4.907     3.400     2.500    11.600
  2019.843    -0.085     0.221     1.404     3.400     2.500    11.600
  2019.846     1.015     0.510     0.220     3.400     2.500    11.600
  2019.849    -0.011    -1.946    -0.240     3.700     2.500    11.900
  2019.852    -0.335    -1.453     3.131     3.400     2.500    11.600
  2019.854     0.811    -1.942    -4.243     3.400     2.500    11.600
  2019.857     0.554    -0.776    -3.742     3.400     2.500    11.600
  2019.860     4.021     0.703     1.290     3.400     2.500    11.600
  2019.862     3.042    -0.407     4.511     3.400     2.500    11.600
  2019.865     1.231    -0.585    -0.377     3.400     2.500    11.600
  2019.868    -0.212    -0.273    -4.835     3.700     2.500    11.900
  2019.871     0.830     0.056    -2.440     3.400     2.500    11.600
  2019.873     1.672    -1.149    -3.089     3.400     2.500    11.900
  2019.876     1.884    -0.310    -0.192     3.400     2.500    11.600
  2019.879     0.179    -0.967     5.660     3.700     2.500    11.900
  2019.882     2.038    -1.055     5.328     3.400     2.500    11.600
  2019.884     0.942    -0.759     5.788     3.400     2.500    11.600
  2019.887     0.608    -0.708    -0.944     3.400     2.500    11.600
  2019.890     2.848    -1.346    -0.445     3.700     2.500    11.900
  2019.893     1.468    -1.185     4.119     3.400     2.500    11.600
  2019.895     2.249    -0.389     2.093     3.400     2.500    11.600
  2019.898     1.301    -0.254     0.110     3.400     2.500    11.600
  2019.901     2.487     0.126    -1.932     3.400     2.500    11.600
  2019.904     2.522     0.353     5.455     3.400     2.500    11.600
  2019.906     1.710    -0.300    -2.446     3.700     2.500    11.900
  2019.909    -1.128     0.102     3.146     9.700     7.400    34.600
  2019.912    -4.112     0.348     0.010     3.540     2.500    11.900
  2019.914    -0.621    -0.764     0.863     3.400     2.500    11.600
  2019.917     3.806     0.481     1.911     3.400     2.500    11.600
  2019.920     2.022    -0.614     1.689     3.540     2.500    11.600
  2019.923     0.895    -0.890     3.927     3.400     2.500    11.600
  2019.925     2.123    -1.103     0.574     3.400     2.500    11.600
  2019.928     0.053    -0.824     3.072     3.400     2.500    11.600
  2019.931     0.587     0.037    -1.768     3.300     2.400    11.600
  2019.934     0.749    -0.869     1.544     3.400     2.500    11.600
  2019.936     0.270    -0.231    -3.913     3.400     2.500    11.600
  2019.939     0.353    -0.792     2.332     3.400     2.500    11.600
  2019.942     0.241    -0.479    -0.960     3.300     2.500    11.900
  2019.945     1.680    -0.239     1.850     3.400     2.400    11.600
  2019.947     0.875    -0.622    -1.510     3.300     2.500    11.600
  2019.950     1.480    -1.292     0.278     3.400     2.500    11.600
  2019.953     1.565    -0.227     1.058     3.400     2.500    11.900
  2019.956     0.745    -0.246     3.235     3.400     2.500    11.600
  2019.958     0.502    -0.318     1.946     3.400     2.500    11.600
  2019.961    -0.525     0.809     0.836     3.400     2.500    11.600
  2019.964     2.496     0.217     2.252     3.400     2.500    11.600
  2019.967     1.521    -0.638     1.839     3.300     2.500    11.600
  2019.969    -0.965    -0.920    -0.380     3.400     2.500    11.600
  2019.972    -0.859     0.349     1.637     3.400     2.400    11.300
  2019.975     0.879    -1.049     7.130     3.300     2.500    11.600
  2019.977     1.092     0.594     5.455     3.300     2.500    11.600
  2019.980     0.549    -2.178     5.498     3.400     2.500    11.600
  2019.983     0.663    -2.099     6.343     3.400     2.500    11.600
  2019.986     0.682    -0.611     5.936     3.400     2.500    11.300
  2019.988    -0.136    -0.340     5.282     3.400     2.500    11.600
  2019.991    -0.058    -0.239     6.281     3.400     2.500    11.600
  2019.994     0.719     0.954     2.103     3.300     2.500    11.900
  2019.997     2.027     0.182     1.917     3.400     2.500    11.600
  2019.999     2.725     1.473     6.513     3.400     2.500    11.600
  2020.003     0.505     1.610    -0.106     3.400     2.500    11.600
  2020.006     2.506     1.523    -0.556     3.400     2.500    11.600
  2020.008    -1.632    -2.004    -1.483     3.300     2.500    11.900
  2020.011     0.457    -0.414     5.880     3.300     2.500    11.900
  2020.014    -0.985    -1.755     6.383     3.400     2.500    11.900
  2020.016    -0.806    -0.388     1.956     3.400     2.500    11.900
  2020.019     0.932     0.524     7.221     3.400     2.500    11.900
  2020.022    -1.939    -1.218    -1.414     3.300     2.500    11.600
  2020.025    -0.081    -1.481     2.879     3.700     2.500    11.900
  2020.027     2.005     0.235     4.457     3.400     2.500    11.600
  2020.030     0.936    -0.392     1.480     3.300     2.500    11.600
  2020.033     2.363     0.077    -4.104     3.400     2.500    11.600
  2020.036     1.356     0.580     4.942     3.400     2.500    11.600
  2020.038     0.533     1.163    10.472     3.400     2.500    11.300
  2020.041     1.333     0.009     7.269     3.400     2.500    11.600
  2020.044     0.811     1.933     7.994     3.600     2.500    11.900
  2020.047     0.932     1.382     5.129     3.600     2.500    11.900
  2020.049     1.962    -0.243     6.007     3.700     2.500    11.900
  2020.052    -0.038     0.935     3.142     3.300     2.500    11.600
  2020.055    -0.112    -0.264     5.609     3.400     2.500    11.600
  2020.058    -0.239    -1.995     6.461     3.300     2.500    11.600
  2020.060     0.186    -0.801     1.962     3.400     2.400    11.300
  2020.063     0.157     0.272    -0.380     3.300     2.500    11.600
  2020.066     1.343     0.833     1.028     3.300     2.500    11.600
  2020.068     0.651     1.312     3.908     3.400     2.500    11.600
  2020.071     2.467     0.022     4.640     3.400     2.500    11.600
  2020.074     1.463     1.347     1.487     3.400     2.500    11.300
  2020.077     1.063     0.333     4.216     3.300     2.500    11.600
  2020.079     0.947     0.371     4.516     3.300     2.500    11.600
  2020.082     0.248     1.489     3.139     3.400     2.500    11.300
  2020.085     0.964    -0.609     7.746     3.300     2.500    11.600
  2020.088     0.542    -1.859     1.898     3.400     2.400    11.200
  2020.090     0.179    -1.073     2.252     3.300     2.500    11.600
  2020.093     3.252     0.781     2.690     3.400     2.500    11.300
  2020.096     1.934     0.356     6.464     3.400     2.500    11.300
  2020.099     0.158    -0.242     6.751     3.400     2.500    11.600
  2020.101     2.203     1.242     6.422     3.400     2.500    11.600
  2020.104    -0.170    -1.178     7.864     3.300     2.500    11.600
  2020.107     1.024     0.841    -1.902     3.300     2.500    11.600
  2020.110    -0.762     0.657     5.280     3.300     2.500    11.600
  2020.112     0.562    -1.463     1.608     3.400     2.500    11.600
  2020.115     1.906     1.176     1.723     3.300     2.500    11.600
  2020.118     1.117     0.524     4.525     3.400     2.500    11.600
  2020.121     0.558     1.408     2.744     3.300     2.500    11.900
  2020.123     1.173     0.998     3.659     3.600     2.500    11.900
  2020.126    -0.140     2.001    -0.425     3.300     2.500    11.600
  2020.129     1.777     1.186     2.557     3.300     2.500    11.600
  2020.131     2.200     0.312     6.834     3.300     2.500    11.600
  2020.134    -1.195    -0.182     0.971     3.300     2.500    11.600
  2020.137     1.802     0.288     2.674     3.300     2.500    11.600
  2020.140     2.676     0.782    -0.499     3.700     2.500    11.900
  2020.142     1.925     1.256    -2.539     3.700     2.500    11.900
  2020.145     2.684     1.137     1.209     3.300     2.500    11.600
  2020.148     1.139    -0.038     7.759     3.700     2.500    11.600
  2020.151     1.898     0.645    -0.446     3.700     2.500    11.600
  2020.153     1.960     0.482     4.045     3.700     2.500    11.900
  2020.156    -0.815     0.776     4.215     3.600     2.400    11.700
  2020.159    -0.446    -0.619     6.365     3.700     2.500    11.600
  2020.162     1.433     2.387     6.107     3.300     2.500    11.600
  2020.164     1.224     1.621     0.836     3.700     2.500    11.600
  2020.167     0.252     1.445     6.771     3.300     2.500    11.900
  2020.170     2.204     0.719    -2.490     3.600     2.500    11.900
  2020.173     0.237     2.228    -2.634     3.700     2.500    11.600
  2020.175     3.174     1.270     2.810     3.300     2.500    11.600
  2020.178     4.389     0.722    -2.311     3.300     2.500    11.600
  2020.181     5.382     1.365     4.007     3.300     2.500    11.600
  2020.183     1.639     2.101     3.722     3.700     2.500    11.600
  2020.186     1.682     2.758     4.334     3.300     2.500    11.600
  2020.189     2.911     1.826     7.278     3.300     2.500    11.600
  2020.192     1.457    -0.304    13.248     3.700     2.500    11.600
  2020.194    -1.602    -0.944     6.496     3.300     2.500    11.600
  2020.197     2.384     1.796     3.029     3.300     2.500    11.600
  2020.200     2.717     1.464     5.620     3.300     2.500    11.600
  2020.203     4.336     1.272     7.546     3.300     2.500    11.600
  2020.205    -1.452     1.416     4.428     3.300     2.500    11.600
  2020.208    -3.055     0.760     5.571     3.300     2.500    11.600
  2020.211     0.288    -0.780    10.159     3.300     2.500    11.900
  2020.214     0.006     1.459     8.127     3.300     2.500    11.600
  2020.216     2.027    -0.527     7.627     4.000     2.700    13.000
  2020.219     0.860     1.163     4.673     3.600     2.600    12.300
  2020.222     0.272     1.019     1.042     3.700     2.500    11.900
  2020.225     0.366     1.439     7.200     3.300     2.500    11.600
  2020.227     0.016     1.101     3.472     3.300     2.500    11.600
  2020.230     0.791     1.664     7.716     3.300     2.500    11.600
  2020.233    -0.048     1.022     7.152     3.600     2.500    11.900
  2020.236    -0.236     2.085     3.703     3.600     2.500    11.900
  2020.238     0.108     1.938     3.254     3.700     2.500    11.600
  2020.241     0.532     0.475     3.932     3.700     2.500    11.600
  2020.244    -1.978     0.452    13.170     3.300     2.500    11.600
  2020.246    -0.714    -1.512     8.648     3.700     2.500    11.900
  2020.249     0.306    -1.197    12.084     3.300     2.500    11.600
  2020.252     0.498    -0.229     3.588     3.400     2.500    11.600
  2020.255    -1.450     1.122     6.940     3.700     2.500    11.900
  2020.257    -2.819     0.071    13.786     3.700     2.500    11.900
  2020.260     0.428     2.187    -2.722     3.700     2.500    11.900
  2020.263    -0.746    -0.399     7.973     3.400     2.500    11.600
  2020.266     0.886     1.180    -0.227     3.700     2.500    11.900
  2020.268     1.265     0.605     7.835     3.700     2.500    11.900
  2020.271     0.989     2.596     9.712     3.700     2.500    11.900
  2020.274     5.104     0.641   -11.211     3.600     2.500    11.900
  2020.277     1.135     2.891     2.234     3.700     2.500    11.900
  2020.279     1.166     2.667     3.100     3.400     2.500    11.600
  2020.282     0.222     1.616    10.403     3.700     2.600    12.200
  2020.285    -0.279     0.955     2.119     3.700     2.600    12.300
  2020.288     0.394     0.613     8.142     3.600     2.500    11.900
  2020.290     1.072     2.571     4.226     3.300     2.500    11.900
  2020.293    -0.019    -0.131     9.889     3.700     2.500    11.900
  2020.296     0.708     1.488    15.170     3.600     2.500    11.900
  2020.298    -0.537     1.899     7.189     3.700     2.500    11.900
  2020.301     1.729     1.921     4.127     3.400     2.500    11.600
  2020.304     4.800     2.740   -10.096     3.400     2.500    11.600
  2020.307     4.635     2.775     1.204     3.700     2.500    11.900
  2020.309     0.089    -0.360     4.203     3.400     2.500    11.600
  2020.312     0.178     0.100     1.933     3.700     2.500    12.200
  2020.315     0.194     1.384     6.118     3.400     2.500    11.900
  2020.318     0.262     0.021     8.972     3.700     2.500    11.900
  2020.320     0.123     0.723     2.520     3.400     2.500    11.600
  2020.323     0.334     1.161     2.709     3.400     2.500    11.600
  2020.326    -0.340     1.087     6.375     3.700     2.500    11.900
  2020.329     1.024     1.975     1.944     3.700     2.500    11.900
  2020.331    -0.270     2.307     7.226     3.300     2.500    11.900
  2020.334    -0.113     1.216     6.090     3.700     2.500    11.900
  2020.337     2.161    -0.697    14.216     3.700     2.500    11.900
  2020.340     1.259     0.735    14.625     3.700     2.500    11.900
  2020.342     0.648     0.811    13.357     3.400     2.500    11.600
  2020.345    -0.870     2.209     9.794     3.700     2.500    11.900
  2020.348    -1.258     2.131    15.161     3.700     2.500    11.600
  2020.350     2.400     0.799     3.658     3.700     2.500    11.900
  2020.353     1.812     1.987     5.287     3.700     2.600    11.900
  2020.356     1.765     2.409     7.628     3.700     2.500    11.900
  2020.359    -0.671     1.049     6.729     3.700     2.700    12.300
  2020.361    -1.345     1.151     9.493     3.700     2.500    11.900
  2020.364     0.637     2.451    10.154     3.700     2.500    11.600
  2020.367     2.415    -0.288    11.687     3.700     2.500    11.600
  2020.370     2.128     0.582     9.288     3.700     2.500    11.900
  2020.372    -0.533     1.968     4.825     3.600     2.500    11.900
  2020.375     0.421     1.240     9.010     3.700     2.500    11.900
  2020.378    -0.767     1.212     6.655     3.700     2.500    11.900
  2020.381    -1.383    -0.653     5.181     3.600     2.600    12.300
  2020.383    -0.881     1.335    13.409     3.600     2.500    11.900
  2020.386    -0.154    -0.300    12.376     3.700     2.500    11.900
  2020.389     3.049     2.293    11.219     3.700     2.500    11.900
  2020.392    -0.013    -0.040    12.901     3.700     2.500    11.900
  2020.394     1.719     0.945     6.052     3.700     2.500    11.900
  2020.397     0.136     2.416     0.120     3.700     2.600    12.000
  2020.400     2.255     2.477    13.692     3.600     2.600    12.300
  2020.403     2.776     1.845     7.658     3.700     2.500    11.900
  2020.405     1.042     1.860     9.375     3.600     2.600    12.300
  2020.408    -0.333     1.223     2.871     3.700     2.600    12.300
  2020.411    -0.522     1.323     0.893     3.700     2.500    11.900
  2020.413    -0.959     0.456    -1.093     3.600     2.600    12.300
  2020.416    -2.529    -0.738    -2.563     3.400     2.500    11.900
  2020.419    -1.547     0.051     0.983     3.600     2.500    11.900
  2020.422    -0.942    -0.855     0.984     3.600     2.500    12.200
  2020.424    -2.553     0.837    -5.629     3.700     2.500    11.900
  2020.427    -1.266     1.182    -1.437     3.700     2.600    12.300
  2020.430    -2.546     0.455    -2.010     3.700     2.600    12.500
  2020.433    -0.861     0.140    -5.658     3.400     2.500    11.900
  2020.435    -1.680     0.175     1.667     3.600     2.500    12.200
  2020.438    -2.258     0.053    -2.111     3.600     2.500    12.200
  2020.441    -1.012    -0.296    -1.157     3.400     2.500    11.900
  2020.444    -1.264     0.253     0.002     3.600     2.600    12.300
  2020.446    -2.733     1.154    -2.125     3.700     2.600    12.300
  2020.449    -1.326    -0.412     0.798     3.400     2.500    11.900
  2020.452    -2.611    -1.424    -8.958     3.600     2.500    12.200
  2020.455    -4.680     1.890    -1.243     3.400     2.500    11.900
  2020.457    -3.822     0.484    -2.159     3.300     2.500    11.900
  2020.460    -1.456    -0.047    -5.133     3.700     2.500    11.900
  2020.463    -2.128     0.229    -2.278     3.600     2.600    12.300
  2020.465    -2.323    -0.506    -5.253     3.600     2.600    12.200
  2020.468    -0.945     0.179    -4.835     3.400     2.500    11.600
  2020.471    -1.935     0.465    -3.026     3.400     2.500    11.600
  2020.474    -1.164    -0.481    -3.567     3.400     2.600    11.900
  2020.476    -1.620    -0.370    -1.171     3.400     2.500    11.900
  2020.479    -2.703    -0.255    -4.647     3.300     2.500    11.900
  2020.482     0.435     0.710    -3.939     3.700     2.600    12.200
  2020.485    -2.402    -1.213    -0.477     3.700     2.500    11.900
  2020.487    -1.875    -0.671    -2.506     3.400     2.600    12.200
  2020.490    -1.618    -0.949    -5.914     3.600     2.700    12.600
  2020.493    -2.349     0.041    -4.608     3.400     2.500    12.100
  2020.496    -1.791    -0.624    -1.813     3.600     2.600    12.600
  2020.498    -1.385    -0.292    -0.160     3.700     2.600    12.300
  2020.501    -1.516    -0.760    -6.605     3.300     2.500    11.900
  2020.504    -2.357     0.943    -3.274     3.700     2.500    11.900
  2020.507    -2.818    -0.349     4.219     3.300     2.500    11.900
  2020.509    -3.285    -0.160    -8.831     3.600     2.600    12.300
  2020.512    -2.028     0.384    -4.579     3.700     2.600    12.200
  2020.515    -1.815     0.388    -7.563     3.600     2.600    12.200
  2020.518    -0.727    -0.348    -5.110     3.600     2.600    12.200
  2020.520    -1.011    -0.376    -3.268     3.600     2.600    12.200
  2020.523    -1.194     0.332    -4.466     3.700     2.700    12.300
  2020.526     0.197     1.240    -2.189     3.300     2.600    12.100
  2020.528    -1.884    -0.243    -4.107     3.600     2.600    12.200
  2020.531    -0.394    -2.117    -5.057     3.600     2.600    12.300
  2020.534    -3.183     0.351    -1.633     3.600     2.600    12.300
  2020.537    -2.045    -0.318    -1.927     3.600     2.600    12.200
  2020.539    -1.191    -1.229    -4.838     3.600     2.700    12.300
  2020.542    -1.208    -0.617    -7.109     3.600     2.600    12.200
  2020.545    -0.853    -0.394    -6.013     3.600     2.600    12.300
  2020.548    -1.509    -0.357    -5.315     3.600     2.600    12.200
  2020.550    -4.219    -0.432    -4.197     3.600     2.600    12.200
  2020.553    -2.396    -0.755    -9.509     3.300     2.600    12.300
  2020.556    -1.651    -0.104    -3.967     3.300     2.500    11.900
  2020.559    -1.591    -0.196    -7.574     3.600     2.600    12.300
  2020.561    -0.715    -1.272    -7.751     3.600     2.600    12.200
  2020.564    -1.902    -0.904    -5.272     3.400     2.600    11.900
  2020.567    -1.231    -1.159    -0.809     3.600     2.600    12.200
  2020.570    -1.517     0.948    -9.322     3.600     2.600    12.300
  2020.572    -1.952    -0.617    -3.379     3.700     2.700    12.500
  2020.575    -2.128    -2.035    -1.990     3.900     2.800    13.200
  2020.578    -0.601    -1.872   -10.237     3.600     2.700    12.300
  2020.580     0.184    -1.301    -2.070     3.600     2.700    12.300
  2020.583    -2.636    -0.844   -11.634     3.700     2.700    12.300
  2020.586    -1.201    -0.854    -1.398     3.700     2.700    12.300
  2020.589    -0.712    -1.819    -2.602     3.600     2.700    12.300
  2020.591    -0.372    -1.779    -6.566     3.700     2.700    12.300
  2020.594    -1.407    -0.879   -12.259     3.700     2.700    12.300
  2020.597    -1.029     1.588    -3.693     3.700     2.700    12.300
  2020.600    -3.056     0.546    -0.731     3.600     2.700    12.800
  2020.602    -0.418    -0.257    -1.957     3.700     2.800    12.900
  2020.605    -3.401    -1.301    -7.036     3.700     2.700    12.300
  2020.608    -1.037    -1.979    -6.595     3.600     2.700    12.500
  2020.611    -0.082    -1.884    -1.606     3.700     2.700    12.300
  2020.613    -1.167    -2.342    -5.160     3.700     2.700    12.300
  2020.616    -0.998    -1.325    -3.767     3.700     2.700    12.300
  2020.619    -2.611    -0.238    -8.075     3.700     2.700    12.300
  2020.622    -0.975    -1.103    -4.132     3.700     2.700    12.500
  2020.624    -2.587     0.181    -8.221     3.700     2.700    12.500
  2020.627    -0.649    -1.079    -3.641     3.700     2.700    12.300
  2020.630    -2.438    -0.074    -8.321     3.700     2.700    12.300
  2020.632    -2.674    -0.753   -11.284     3.700     2.600    12.100
  2020.635    -1.738    -0.862   -10.337     3.700     2.700    12.300
  2020.638    -2.130    -1.053    -6.733     3.700     2.700    12.100
  2020.641     0.197    -1.085    -4.020     3.700     2.700    12.200
  2020.643     0.607    -0.044   -11.718     3.540     2.600    11.900
  2020.646    -0.692    -0.717    -4.824     3.700     2.700    12.100
  2020.649    -2.003    -0.753    -9.974     3.700     2.700    12.500
  2020.652    -3.579    -0.878    -3.545     3.700     2.600    11.900
  2020.654    -1.396    -2.521    -6.003     3.700     2.700    12.300
  2020.657    -0.524    -1.429    -5.171     3.700     2.700    12.300
  2020.660    -1.713    -0.987    -7.342     3.700     2.700    12.300
  2020.663    -0.983     0.046    -7.189     3.700     2.700    12.300
  2020.665    -2.228    -0.894   -10.535     3.700     2.700    12.300
  2020.668    -1.889    -0.961    -9.656     3.800     2.600    11.900
  2020.671    -0.737    -1.834    -4.752     3.700     2.700    12.300
  2020.674    -2.084    -2.012    -8.968     3.700     2.700    12.300
  2020.676    -1.222    -0.874    -6.967     3.700     2.700    12.300
  2020.679    -1.396    -1.331    -1.602     3.700     2.700    12.300
  2020.682    -3.212    -1.294   -10.675     3.700     2.600    11.900
  2020.685    -1.705    -1.187    -0.102     3.700     2.700    12.100
  2020.687    -2.433    -1.856    -7.036     3.700     2.600    11.900
  2020.690    -2.134    -0.752    -3.054     3.700     2.600    11.900
  2020.693    -3.057    -1.173    -9.530     3.700     2.700    12.300
  2020.695    -0.962    -2.278    -8.981     3.700     2.700    12.200
  2020.698    -1.403    -3.046    -4.392     3.600     2.800    12.500
  2020.701    -2.644    -0.833   -16.762     3.700     2.700    12.300
  2020.704    -2.081    -1.213   -11.969     3.800     2.600    11.900
  2020.706    -1.517    -1.043    -6.907     3.400     2.600    11.800
  2020.709    -1.421    -1.734    -2.847     3.800     2.700    12.200
  2020.712    -1.816    -1.209    -7.097     3.800     2.800    12.200
  2020.715    -4.305    -3.832    -9.287     3.800     2.700    12.000
  2020.717    -2.261    -0.379    -4.001     3.800     2.700    12.500
  2020.720    -2.258    -0.390    -5.352     3.800     2.700    12.200
  2020.723    -2.358    -0.799    -4.651     3.400     2.600    11.800
  2020.726    -0.282    -1.273    -6.893     3.400     2.600    11.800
  2020.728    -0.955    -0.194    -9.451     3.800     2.700    11.900
  2020.731    -1.036    -1.143    -8.580     3.700     2.800    12.200
  2020.734    -0.122    -1.420    -1.897     3.400     2.600    11.800
  2020.737     0.048    -1.033     1.296     3.400     2.600    11.800
  2020.739    -0.142    -1.449    -0.499     3.700     2.600    11.900
  2020.742    -0.624    -1.165   -12.178     3.700     2.600    11.900
  2020.745    -2.150    -1.300   -10.023     3.700     2.600    11.900
  2020.747    -0.999    -0.899   -12.986     3.700     2.600    11.900
  2020.750    -1.082    -1.334    -7.309     3.800     2.600    11.900
  2020.753    -1.353     0.192    -8.864     3.700     2.600    11.900
  2020.756    -1.492    -0.488   -13.192     3.700     2.600    11.900
  2020.758    -0.678    -1.752   -14.106     3.700     2.600    11.900
  2020.761    -1.717    -0.442   -10.663     3.700     2.700    11.900
  2020.764    -0.665    -1.537    -2.850     3.800     2.600    11.900
  2020.767    -0.158    -1.840    -8.581     3.700     2.600    11.900
  2020.769    -0.978    -0.658    -9.049     3.700     2.600    11.900
  2020.772    -1.102    -0.559    -9.835     3.700     2.700    12.300
  2020.775    -2.378     0.445   -11.159     3.400     2.700    11.800
  2020.778    -0.477    -0.869    -3.261     3.800     2.600    11.900
  2020.780    -0.901    -2.224    -7.866     3.400     2.700    11.800
  2020.783    -0.405    -0.157    -6.955     3.400     2.600    11.800
  2020.786    -0.324    -1.607    -8.959     3.700     2.700    12.200
  2020.789    -2.129    -2.242    -9.215     3.400     2.600    11.600
  2020.791    -0.901    -2.570    -7.179     3.700     2.700    12.300
  2020.794    -1.269    -0.303    -9.097     3.400     2.600    11.800
  2020.797     1.276    -1.335    -0.306     3.400     2.600    11.800
  2020.800    -0.477    -0.778    -9.223     3.700     2.600    11.900
  2020.802    -0.375    -0.169    -5.058     3.700     2.600    12.100
  2020.805    -0.514    -2.176   -12.928     3.700     2.700    12.300
  2020.808    -2.081    -1.826    -4.262     3.700     2.600    11.900
  2020.810    -1.506    -1.173    -6.301     3.700     2.700    12.200
  2020.813    -0.714    -1.745    -8.211     3.700     2.700    12.300
  2020.816     0.401    -0.579    -5.669     3.700     2.700    12.300
  2020.819    -0.248    -1.848    -9.066     3.700     2.600    11.900
  2020.821     0.139    -2.375    -7.002     3.700     2.700    12.000
  2020.824    -0.251    -2.182     2.773     3.700     2.600    11.900
  2020.827    -0.321    -0.190    -9.164     3.700     2.700    12.300
  2020.830    -1.145     0.372    -1.166     3.700     2.700    12.000
  2020.832    -1.068    -0.462    -9.784     3.700     2.700    12.300
  2020.835    -0.589    -1.238    -1.682     3.700     2.700    12.000
  2020.838     0.017     0.559    -2.331     3.800     2.700    11.900
  2020.841     0.052    -0.389    -5.979     3.700     2.700    11.900
  2020.843     1.762    -2.069    -7.091     3.700     2.700    12.300
  2020.846     2.450    -0.118     2.191     3.800     2.700    12.000
  2020.849     0.693     0.067    -5.704     3.700     2.700    12.100
  2020.852    -0.002    -1.802    -6.792     3.400     2.600    11.600
  2020.854    -0.198    -1.693    -6.760     3.700     2.700    12.100
  2020.857    -0.363    -0.982    -4.904     3.400     2.600    11.800
  2020.860     0.987     0.247     1.676     3.600     2.700    12.600
  2020.862     0.576    -1.073     6.288     3.700     2.600    12.100
  2020.865    -0.147    -1.382    -0.645     3.700     2.600    11.900
  2020.868    -0.939    -0.896    -5.282     3.700     2.800    12.500
  2020.871     0.163    -0.995    -2.757     3.700     2.700    12.200
  2020.873    -0.501    -1.718    -6.683     3.700     2.700    12.300
  2020.876    -0.628    -0.796    -6.161     3.700     2.700    12.000
  2020.879     1.384    -1.882     0.573     3.900     2.700    12.900
  2020.882     0.382     0.957    -3.688     3.540     2.700    12.500
  2020.884    -0.640    -0.772   -14.320     3.700     2.700    12.500
  2020.887     0.256    -0.533    -2.162     3.700     2.700    12.300
  2020.890     1.922    -0.303    -2.601     3.900     2.800    13.200
  2020.893    -0.477    -0.357    -2.394     3.600     2.700    12.500
  2020.895    -2.338    -2.374    -6.111     3.600     2.700    12.500
  2020.898    -0.132    -1.158    -0.160     3.600     2.700    12.500
  2020.901    -0.357    -0.076     5.976     3.600     2.700    12.600
  2020.904    -0.894    -0.123    -3.493     3.600     2.700    12.300
  2020.906     0.365     0.139    -4.702     3.600     2.700    12.300
  2020.909     0.683    -1.628    -4.917     3.700     2.600    12.200
  2020.912    -0.161    -1.089    -0.868     3.700     2.700    12.500
  2020.914    -0.836    -0.265    -0.446     3.700     2.800    12.500
  2020.917     0.739    -1.531     2.152     3.700     2.700    12.300
  2020.920     0.162    -1.362    -5.509     3.600     2.700    12.300
  2020.923     2.280     1.565    -6.298     3.600     2.700    12.300
  2020.925     0.014    -0.276     0.136     3.600     2.700    12.300
  2020.928    -0.224    -0.234    -5.730     3.540     2.600    11.900
  2020.931     2.292     1.139     3.750     3.600     2.700    12.300
  2020.934     0.708    -0.366     0.240     3.600     2.700    12.300
  2020.936     1.560     0.282    -0.996     3.600     2.600    11.900
  2020.939     0.690    -1.246    -4.243     3.600     2.700    12.300
  2020.942    -0.479     0.113    -2.098     3.600     2.700    12.300
  2020.945    -0.491    -0.213    -2.118     3.600     2.700    12.300
  2020.947     2.653     1.248     1.616     3.700     2.600    12.200
  2020.950     0.844    -0.208    -2.006     3.700     2.600    11.900
  2020.953     0.902     0.305     2.179     3.700     2.600    11.900
  2020.956    -1.138     0.070    -1.147     3.600     2.600    11.900
  2020.958     1.412     0.755    -1.128     3.600     2.600    12.200
  2020.961     0.463    -1.229     4.818     3.600     2.700    12.300
  2020.964    -0.419    -3.659     7.919     3.600     2.700    12.000
  2020.967     0.081    -1.321     4.686     3.700     2.600    11.900
  2020.969    -1.510     0.516    -3.087     3.600     2.800    12.500
  2020.972    -0.431     0.034    -6.162     3.600     2.700    12.500
  2020.975    -0.026    -0.202    -1.924     3.600     2.700    12.500
  2020.977     0.148    -0.670    -4.184     3.600     2.800    12.900
  2020.980     1.038     0.408     0.033     3.600     2.900    12.900
  2020.983     1.182    -0.026     1.885     3.900     2.800    13.200
  2020.986    -1.458    -0.170    -1.622     3.600     2.800    12.800
  2020.988     1.418     0.487    -1.743     3.600     2.700    12.300
  2020.991     0.717     0.570     4.702     3.600     2.700    12.300
  2020.994     0.820    -0.805     6.329     3.600     2.700    12.500
  2020.997     0.580     1.261     0.337     3.600     2.700    12.300
  2020.999    -0.490     0.597    -0.500     3.600     2.700    12.500
  2021.002     1.375    -0.740     2.548     3.600     2.700    12.500
  2021.005     1.549     0.308    -2.605     3.540     2.577    11.933
  2021.008     1.490     0.607    -1.800     3.540     2.577    11.933
  2021.010     2.830     0.554    -1.438     3.540     2.577    11.933
  2021.013     0.197    -0.103     2.349     3.540     2.577    11.933
  2021.016     0.082    -1.295    -2.272     3.540     2.577    11.933
  2021.019     3.738     0.433    -1.854     3.540     2.577    11.933
  2021.021     1.450     1.169     2.548     3.540     2.577    11.933
  2021.024    -0.004     1.309    -2.975     3.540     2.577    11.933
  2021.027     1.366     1.674    -3.219     3.540     2.577    11.933
  2021.030     1.289     0.063    -1.754     3.540     2.577    11.933
  2021.032     0.132    -0.248    -1.858     3.540     2.577    11.933
  2021.035     0.212     0.082     0.661     3.540     2.577    11.933
  2021.038    -0.676     0.239    -0.611     3.540     2.577    11.933
  2021.040    -0.705     0.424    -0.190     3.540     2.577    11.933
  2021.043     1.621     0.710     0.953     3.540     2.577    11.933
  2021.046    -0.859     1.196    -4.495     3.540     2.577    11.933
  2021.049    -0.695    -0.070    -0.930     3.540     2.577    11.933
  2021.051    -0.269    -0.699     2.942     3.540     2.577    11.933
  2021.054    -0.661    -0.528     0.977     3.540     2.577    11.933
  2021.057    -1.221     0.654    -3.519     3.540     2.577    11.933
  2021.060    -0.192     1.299    -3.752     3.540     2.577    11.933
  2021.062     1.316     1.738    -1.904     3.540     2.577    11.933
  2021.065    -0.101     0.850     4.882     3.540     2.577    11.933
  2021.068    -0.228     0.009     3.450     3.540     2.577    11.933
  2021.071    -0.327    -0.076     4.635     3.540     2.577    11.933
  2021.073     0.035     1.151    -3.669     3.540     2.577    11.933
  2021.076     2.197     0.341     2.508     3.540     2.577    11.933
  2021.079     0.002    -1.498     0.136     3.540     2.577    11.933
  2021.082    -2.224    -2.107    -1.645     3.540     2.577    11.933
  2021.084    -1.746    -2.389     3.775     3.540     2.577    11.933
  2021.087     1.468     0.558     2.950     3.540     2.577    11.933
  2021.090     1.354     1.335    -0.178     3.540     2.577    11.933
  2021.093    -2.309     0.811    -9.721     3.540     2.577    11.933
  2021.095    -1.344     0.917    -3.865     3.540     2.577    11.933
  2021.098     0.056    -0.616     2.160     3.540     2.577    11.933
  2021.101    -3.246    -2.016     5.481     3.540     2.577    11.933
  2021.103    -1.431    -0.691     0.052     3.540     2.577    11.933
  2021.106    -1.131     0.372     1.811     3.540     2.577    11.933
  2021.109    -0.113     0.084     0.795     3.540     2.577    11.933
  2021.112     1.515    -0.802     6.924     3.540     2.577    11.933
  2021.114    -0.181    -0.327     6.095     3.540     2.577    11.933
  2021.117     0.032    -0.224     1.509     3.540     2.577    11.933
  2021.120     1.491     1.113     3.001     3.540     2.577    11.933
  2021.123     1.606     2.430     0.963     3.540     2.577    11.933
  2021.125     0.691    -0.069    -3.707     3.540     2.577    11.933
  2021.128     2.090     0.089    -3.121     3.540     2.577    11.933
  2021.131     2.684     0.865    -0.914     3.540     2.577    11.933
  2021.134     0.078     0.621    -1.495     3.540     2.577    11.933
  2021.136    -0.255     1.173    -0.952     3.540     2.577    11.933
  2021.139     1.880    -0.236     1.545     3.540     2.577    11.933
  2021.142     0.427    -0.365    -3.061     3.540     2.577    11.933
  2021.145     0.799    -0.046    -2.949     3.540     2.577    11.933
  2021.147    -0.459    -0.893     1.332     3.540     2.577    11.933
  2021.150     1.283    -0.079     0.840     3.540     2.577    11.933
  2021.153     0.142     0.556     3.622     3.540     2.577    11.933
  2021.156    -0.246     0.167     0.882     3.540     2.577    11.933
  2021.158    -0.496     0.787     1.023     3.540     2.577    11.933
  2021.161    -0.027     0.062     2.951     3.540     2.577    11.933
  2021.164     4.238     0.842     4.725     3.540     2.577    11.933
  2021.166     3.192     2.357   -11.035     3.540     2.577    11.933
  2021.169     0.025     1.660    -6.169     3.540     2.577    11.933
  2021.172    -2.296    -2.034     8.098     3.540     2.577    11.933
  2021.175    -0.352    -1.063    -0.411     3.540     2.577    11.933
  2021.177     0.950     0.288    -1.541     3.540     2.577    11.933
  2021.180    -0.103     0.957    -2.762     3.540     2.577    11.933
  2021.183     0.837     0.742    -0.846     3.540     2.577    11.933
  2021.186     0.410     1.225    -0.319     3.540     2.577    11.933
  2021.188     0.911     0.665     0.671     3.540     2.577    11.933
  2021.191     0.431    -0.435     4.252     3.540     2.577    11.933
  2021.194    -0.186     0.257     0.282     3.540     2.577    11.933
  2021.197    -0.029     0.029     0.901     3.540     2.577    11.933
  2021.199     0.667    -0.930     6.169     3.540     2.577    11.933
  2021.202    -1.540    -0.122    -3.658     3.540     2.577    11.933
  2021.205     0.136     0.139    -7.685     3.540     2.577    11.933
  2021.208     0.176    -0.222     0.024     3.540     2.577    11.933
  2021.210     3.184    -0.275     2.117     3.540     2.577    11.933
  2021.213     3.323     0.300     3.990     3.540     2.577    11.933
  2021.216    -0.161    -0.986     6.897     3.540     2.577    11.933
  2021.219    -1.468    -0.223     9.407     3.540     2.577    11.933
  2021.221    -1.036     0.384     4.259     3.540     2.577    11.933
  2021.224    -0.943     0.114     3.185     3.540     2.577    11.933
  2021.227    -0.153     0.335     5.700     3.540     2.577    11.933
  2021.230    -0.507    -1.069    -4.670     3.540     2.577    11.933
  2021.232     0.789    -1.081     7.828     3.540     2.577    11.933
  2021.235     0.049     0.337     2.185     3.540     2.577    11.933
  2021.238     2.398     1.507    -2.901     3.540     2.577    11.933
  2021.240     1.152     1.194     5.580     3.540     2.577    11.933
  2021.243    -1.295     0.925     4.975     3.540     2.577    11.933
  2021.246    -5.973     1.360     3.630     3.540     2.577    11.933
  2021.249    -1.862     0.157     4.065     3.540     2.577    11.933
  2021.251     4.808    -0.387     4.164     3.540     2.577    11.933
  2021.254    -0.191     0.758     4.835     3.540     2.577    11.933
  2021.257    -1.512     1.389     6.573     3.540     2.577    11.933
  2021.260    -1.058     0.824    -2.358     3.540     2.577    11.933
  2021.262    -0.349     1.636     0.893     3.540     2.577    11.933
  2021.265    -0.682     0.540     6.709     3.540     2.577    11.933
  2021.268     1.699    -0.066     9.087     3.540     2.577    11.933
  2021.271    -1.125     0.952     1.945     3.540     2.577    11.933
  2021.273    -0.821     0.617     0.028     3.540     2.577    11.933
  2021.276     1.167     0.665     3.451     3.540     2.577    11.933
  2021.279     1.285     1.241     3.877     3.540     2.577    11.933
  2021.282     2.165     1.042     2.236     3.540     2.577    11.933
  2021.284     0.566     1.497    -1.213     3.540     2.577    11.933
  2021.287     1.235     0.046     3.887     3.540     2.577    11.933
  2021.290    -0.667     1.126    11.025     3.540     2.577    11.933
  2021.293    -1.267     0.616     1.573     3.540     2.577    11.933
  2021.295     0.564     0.549     2.547     3.540     2.577    11.933
  2021.298    -1.427     2.046     2.178     3.540     2.577    11.933
  2021.301     1.191     1.525     5.865     3.540     2.577    11.933
  2021.303     0.008     0.133     4.609     3.540     2.577    11.933
  2021.306    -1.108     1.815    -0.500     3.540     2.577    11.933
  2021.309    -0.029     0.850    -7.587     3.540     2.577    11.933
  2021.312    -1.645     1.392     6.824     3.540     2.577    11.933
  2021.314    -2.751    -0.675     7.645     3.540     2.577    11.933
  2021.317     3.665     0.728    -1.126     3.540     2.577    11.933
  2021.320     0.535     2.199     4.246     3.540     2.577    11.933
  2021.323    -0.570     2.008     5.868     3.540     2.577    11.933
  2021.325     0.162    -0.396     3.923     3.540     2.577    11.933
  2021.328    -0.531     0.430     3.683     3.540     2.577    11.933
  2021.331    -0.481     0.191     0.935     3.540     2.577    11.933
  2021.334     0.397     0.941     5.933     3.540     2.577    11.933
  2021.336    -0.422     0.253     1.888     3.540     2.577    11.933
  2021.339     0.386     1.269     2.177     3.540     2.577    11.933
  2021.342     1.108     1.603    10.405     3.540     2.577    11.933
  2021.345     0.608     1.040     9.952     3.540     2.577    11.933
  2021.347    -0.032     0.594     3.877     3.540     2.577    11.933
  2021.350    -0.274     1.465     0.552     3.540     2.577    11.933
  2021.353    -0.032     1.147     6.210     3.540     2.577    11.933
  2021.356    -0.371    -0.283    14.959     3.540     2.577    11.933
  2021.358    -0.618     0.536    11.284     3.540     2.577    11.933
  2021.361     0.360     0.295     5.810     3.540     2.577    11.933
  2021.364     1.377    -0.136    12.568     3.540     2.577    11.933
  2021.366     1.669     0.974    11.292     3.540     2.577    11.933
  2021.369     2.718     2.831    15.491     3.540     2.577    11.933
  2021.372     0.016     1.804     6.950     3.540     2.577    11.933
  2021.375     0.508     1.146     5.081     3.540     2.577    11.933
  2021.377     0.204     0.945     9.904     3.540     2.577    11.933
  2021.380     0.014     1.622    13.806     3.540     2.577    11.933
  2021.383     0.131     1.682     2.500     3.540     2.577    11.933
