  2019.282    -1.819    -0.874    -5.887     4.400     3.200    15.000
  2019.285    -1.073     2.555     6.094     3.400     2.400    11.100
  2019.288    -2.433    -0.582     3.086     3.300     2.500    11.200
  2019.290    -8.560    -1.286     5.454     3.400     2.400    11.100
  2019.293   -10.539    -2.091    -0.818     3.300     2.400    11.300
  2019.296    -7.685    -1.165     8.370     3.400     2.400    11.100
  2019.298    -6.368    -1.892     8.367     3.700     2.500    11.500
  2019.301    -5.878    -0.453     1.961     3.400     2.400    11.100
  2019.304     6.194    -0.557     2.432     3.400     2.585    11.200
  2019.307    -0.426     0.563     6.978     3.300     2.400    11.100
  2019.309     4.498    -0.330    17.959     3.400     2.400    11.300
  2019.312     3.692    -0.428     9.424     3.400     2.500    11.200
  2019.315     1.986     3.415     2.310     3.400     2.500    11.500
  2019.318    -1.787     2.496   -10.600     3.300     2.500    11.500
  2019.320    -2.749    -0.342    -3.713     3.300     2.500    11.500
  2019.323    -8.764    -4.346    -1.281     3.400     2.500    11.500
  2019.326    -3.794    -1.729    -4.919     3.400     2.400    11.100
  2019.329    -0.802    -1.173    -0.913     3.400     2.400    11.100
  2019.331    -7.930    -0.442     2.951     3.400     2.400    11.100
  2019.334    -8.104    -0.820    -1.971     3.300     2.500    11.500
  2019.337    -8.559    -2.410    -2.220     3.300     2.500    11.500
  2019.340    -7.440    -2.110    -0.776     3.400     2.400    11.100
  2019.342    -3.324    -0.862    -9.264     3.300     2.500    11.500
  2019.345    -1.905    -0.386    -0.565     3.400     2.400    11.100
  2019.348    -1.086     0.047     1.246     3.700     2.500    11.500
  2019.350    -9.013     0.922     3.022     3.600     2.500    11.800
  2019.353    -5.700    -0.794     9.667     3.400     2.400    11.100
  2019.356    -8.648    -0.826    11.106     3.400     2.400    11.100
  2019.359    -7.028    -0.162    18.991     3.300     2.400    11.100
  2019.361    -0.592     0.367    16.890     3.300     2.500    11.500
  2019.364    -0.208    -0.970    18.453     3.300     2.500    11.200
  2019.367    -8.770    -2.904    -5.179     3.400     2.400    11.100
  2019.370    -5.909     5.228   -25.265     3.300     2.500    11.500
  2019.372     0.520     2.995    -5.815     3.300     2.500    11.500
  2019.375    -4.257     2.284   -23.559     3.300     2.500    11.500
  2019.378    -2.390    -1.030    -8.722     3.400     2.500    11.500
  2019.381     0.315    -0.210   -14.167     3.300     2.400    11.100
  2019.383    -2.020    -1.005    -0.190     3.300     2.400    11.100
  2019.386     0.417    -0.526     1.054     3.300     2.400    11.100
  2019.389    -1.443    -0.948    -0.905     3.300     2.500    11.500
  2019.392     0.047    -1.078    -8.458     3.300     2.400    11.400
  2019.394    -0.446    -0.698   -11.375     3.400     2.400    11.300
  2019.397    -2.254    -0.436    -5.962     3.300     2.400    11.100
  2019.400     2.700    -0.630     6.026     3.300     2.400    11.100
  2019.403     1.202     1.387    -0.550     3.300     2.400    11.400
  2019.405    -0.527     1.212     4.761     3.400     2.400    11.100
  2019.408    -1.753    -0.633   -11.226     3.400     2.400    11.100
  2019.411    -0.596    -0.331     2.245     3.300     2.400    11.100
  2019.413     1.070    -0.515   -14.576     3.400     2.400    11.100
  2019.416     2.764     0.928     5.966     3.300     2.400    11.100
  2019.419     3.164     1.446     8.955     3.300     2.500    11.500
  2019.422     0.795    -0.538    -1.035     3.400     2.500    11.500
  2019.424    -1.114    -0.116     1.694     3.400     2.400    11.100
  2019.427     0.433    -0.515    -7.963     3.400     2.500    11.200
  2019.430    -1.993     0.440   -10.242     3.600     2.500    11.800
  2019.433    -5.812    -1.725   -10.069     3.400     2.400    11.100
  2019.435    -7.486    -4.119    -5.308     3.400     2.500    11.500
  2019.438    -9.693    -3.627    -6.842     3.400     2.500    11.200
  2019.441    -6.729    -0.318    -6.380     3.700     2.500    11.500
  2019.444    -3.646    -0.403    -2.849     3.700     2.500    11.800
  2019.446     0.446     0.736    -1.790     3.700     2.500    11.500
  2019.449     0.657    -1.619    -8.997     3.700     2.500    11.500
  2019.452    -2.245    -0.157    -6.489     3.700     2.500    11.500
  2019.455    -1.171    -1.971   -12.657     3.700     2.500    11.800
  2019.457     1.289     0.080     1.670     3.700     2.500    11.500
  2019.460    -0.413     1.522     3.176     3.700     2.500    11.500
  2019.463    -1.323    -0.737    -6.559     3.700     2.500    11.500
  2019.465    -3.356    -0.508    -9.501     3.700     2.500    11.800
  2019.468    -8.229    -4.880   -11.821     3.700     2.600    12.100
  2019.471    -7.397    -2.774   -11.867     3.700     2.500    11.800
  2019.474     1.023     0.530     0.619     3.700     2.500    11.800
  2019.476     1.903     0.251     3.693     3.700     2.500    11.500
  2019.479     0.479     1.128     7.443     3.300     2.500    11.500
  2019.482     2.531     0.117     4.357     3.700     2.500    11.500
  2019.485    -6.816    -2.486    -8.159     3.400     2.500    11.500
  2019.487    -1.185    -2.548    -7.280     3.700     2.500    11.500
  2019.490     1.414    -0.682     4.148     3.700     2.500    11.500
  2019.493     2.431     1.618     4.439     3.400     2.400    11.100
  2019.496     4.569    -2.121    10.916     3.300     2.400    11.100
  2019.498     4.443     0.172    10.172     3.300     2.400    11.100
  2019.501     2.551     1.661     3.616     3.300     2.400    11.100
  2019.504     3.954     1.974     8.640     3.400     2.500    11.200
  2019.507     3.305     1.067    10.637     3.300     2.500    11.200
  2019.509     3.952     0.869     7.190     3.300     2.500    11.200
  2019.512    -4.393    -1.925    -5.717     3.300     2.400    11.100
  2019.515    -7.496    -4.032   -12.837     3.400     2.500    11.200
  2019.518    -7.990    -2.379   -16.894     3.400     2.400    11.100
  2019.520     1.149     0.930     4.953     3.400     2.400    11.100
  2019.523     1.176    -0.219     1.092     3.600     2.500    11.500
  2019.526    -2.321    -1.906    -4.907     3.300     2.500    11.500
  2019.528    -3.827    -2.445   -13.504     3.300     2.400    11.100
  2019.531    -4.892    -0.866    -7.560     3.700     2.500    11.800
  2019.534    -1.946    -0.489    -7.148     3.700     2.500    11.500
  2019.537     0.056     0.526    -6.930     3.300     2.500    11.500
  2019.539     0.249     0.798    -1.362     3.400     2.500    11.500
  2019.542    -1.966     0.174    -2.587     3.600     2.400    11.400
  2019.545    -0.723     0.645    -0.265     3.600     2.500    11.500
  2019.548     0.345     0.380     6.483     3.700     2.500    11.500
  2019.550     3.298     0.585     6.415     3.300     2.400    11.100
  2019.553    -0.821    -0.003     2.207     3.300     2.400    11.100
  2019.556    -0.822     0.353     2.298     3.600     2.500    11.500
  2019.559     3.581     1.092    11.891     3.600     2.500    11.500
  2019.561     2.811     1.464    11.841     3.500     2.600    12.200
  2019.564     2.767     1.341     6.213     3.300     2.500    11.500
  2019.567     3.078     1.010     7.369     3.600     2.500    11.800
  2019.570     2.017     1.121     0.339     3.300     2.400    11.100
  2019.572    -2.573     0.419    -5.998     3.600     2.500    11.500
  2019.575    -3.495     0.034    -3.268     3.600     2.500    11.500
  2019.578     3.524    -0.054     9.296     3.300     2.400    11.100
  2019.580     3.978    -0.197     4.169     3.400     2.500    11.200
  2019.583     2.784     0.003     7.767     3.600     2.500    11.500
  2019.586     0.748     1.509     1.106     3.600     2.500    11.500
  2019.589     3.435     2.488     7.322     3.600     2.500    11.500
  2019.591     1.685    -0.392    13.076     3.300     2.400    11.100
  2019.594     3.883     0.985     6.073     3.700     2.500    11.500
  2019.597     6.868     1.475     4.954     3.600     2.500    11.500
  2019.600     3.109    -0.635     8.015     3.600     2.500    11.800
  2019.602     0.929     0.938     2.538     3.700     2.500    11.800
  2019.605     3.312     0.790     5.406     3.300     2.400    11.100
  2019.608     4.407    -0.570     6.632     3.500     2.600    12.200
  2019.611     3.852     0.318    -0.712     3.500     2.600    12.200
  2019.613     1.564     3.045     7.736     3.300     2.500    11.200
  2019.616    -1.733     1.247    -4.319     3.400     2.400    11.400
  2019.619     3.327     0.893    11.813     3.300     2.500    11.200
  2019.622     2.396     0.171     6.532     3.300     2.500    11.200
  2019.624     2.427     0.856    -8.824     3.600     2.600    11.900
  2019.627     3.027    -0.003     1.643     3.300     2.400    11.100
  2019.630    -1.471     0.542    -6.428     3.300     2.400    11.100
  2019.632     2.775     0.592    -1.220     3.400     2.400    11.100
  2019.635     3.461     2.384    10.371     3.600     2.500    11.500
  2019.638     2.877     0.265    -1.510     3.600     2.500    11.500
  2019.641     2.391    -0.008     5.113     3.300     2.400    11.100
  2019.643     2.051    -0.026     2.284     3.700     2.500    11.500
  2019.646     3.142     0.075     8.417     3.300     2.400    11.100
  2019.649     2.387    -0.505    -2.550     3.700     2.500    11.200
  2019.652     2.753    -0.863    -2.221     3.700     2.500    11.200
  2019.654     2.586    -0.947     9.966     3.300     2.500    11.500
  2019.657     1.528     1.287     6.475     3.700     2.500    11.500
  2019.660     5.950     0.925    12.029     3.700     2.500    11.500
  2019.663     2.860     0.265    13.003     3.700     2.500    11.500
  2019.665     2.895     1.237     6.423     3.300     2.400    11.100
  2019.668     3.676     1.754     5.637     3.300     2.500    11.200
  2019.671     3.829     0.236     6.836     3.300     2.500    11.200
  2019.674     3.155     1.220     4.379     3.400     2.400    11.100
  2019.676     0.622    -0.003     0.567     3.300     2.500    11.200
  2019.679    -1.277    -0.437    -4.318     3.600     2.500    11.500
  2019.682    -3.714    -1.440    -3.395     3.600     2.500    11.800
  2019.685    -5.555    -0.902    -7.314     3.400     2.500    11.200
  2019.687     0.246    -0.343   -13.460     3.300     2.400    11.100
  2019.690    -2.666     1.686     0.682     3.300     2.500    11.500
  2019.693     3.559     0.132     6.788     3.300     2.500    11.500
  2019.695     2.787     1.423     9.913     3.300     2.500    11.500
  2019.698     0.204    -0.652    -3.329     3.300     2.500    11.200
  2019.701    -0.991     2.939     6.715     3.300     2.400    11.100
  2019.704     0.072    -1.107   -12.455     3.300     2.400    11.100
  2019.706     0.949     1.679     2.237     3.300     2.400    11.100
  2019.709    -2.307     0.617    -4.008     3.300     2.500    11.500
  2019.712     1.048     0.480     4.675     3.400     2.400    11.100
  2019.715    -4.123     1.388    -6.043     3.400     2.400    11.100
  2019.717    -1.749     1.276    -1.279     3.300     2.500    11.200
  2019.720     1.824    -0.064     9.131     3.700     2.500    11.800
  2019.723     2.007     0.130     6.515     3.700     2.500    11.800
  2019.726     2.153     0.200     7.548     3.300     2.500    11.200
  2019.728     2.419     0.319     9.984     3.300     2.400    11.100
  2019.731     1.987    -0.014     4.805     3.300     2.500    11.500
  2019.734     2.556     0.260     9.896     3.300     2.500    11.200
  2019.737     3.641     0.716     8.042     3.300     2.400    11.100
  2019.739     2.863     0.274    12.216     3.300     2.500    11.500
  2019.742    -0.953    -0.093     0.123     3.700     2.500    11.500
  2019.745    -2.623    -0.412    -0.446     3.700     2.500    11.500
  2019.747    -5.596    -1.928    -2.426     3.300     2.500    11.200
  2019.750    -4.366    -0.961    -3.931     3.300     2.500    11.500
  2019.753    -3.934    -0.451     2.546     3.600     2.500    11.500
  2019.756    -1.285     0.219    -1.426     3.600     2.600    11.900
  2019.758     0.363    -0.103     6.033     3.700     2.500    11.500
  2019.761     3.947     0.383     6.559     3.300     2.400    11.100
  2019.764     1.180     0.434     3.791     3.300     2.400    11.100
  2019.767     1.417    -0.812     8.386     3.300     2.500    11.200
  2019.769    -1.671    -0.383    -1.952     3.300     2.400    11.100
  2019.772    -4.845    -1.334    -4.450     3.300     2.400    11.100
  2019.775    -4.190    -3.108    -6.036     3.700     2.600    12.200
  2019.778     0.076    -0.340    12.855     3.700     2.500    11.500
  2019.780    -6.408    -3.552     0.104     3.300     2.500    11.500
  2019.783    -3.670    -0.383   -16.175     3.300     2.500    11.200
  2019.786    -1.709    -3.263   -13.795     3.300     2.400    11.100
  2019.789   -10.795    -0.472   -18.561     3.300     2.500    11.500
  2019.791   -11.761    -1.939    -5.028     3.300     2.500    11.500
  2019.794    -5.413    -2.061    -1.803     3.300     2.500    11.500
  2019.797    -0.160    -2.684   -11.935     3.300     2.500    11.200
  2019.800    -7.501    -2.660   -10.468     3.400     2.400    11.100
  2019.802    -6.292    -3.255   -11.753     3.300     2.500    11.200
  2019.805    -4.520    -1.891    16.959     3.300     2.500    11.200
  2019.808    -5.204    -1.338     3.652     3.300     2.500    11.500
  2019.810    -6.849    -2.971     0.650     3.400     2.500    11.500
  2019.813    -1.345    -2.829     4.026     3.300     2.400    11.100
  2019.816     0.172     0.203     5.016     3.300     2.500    11.500
  2019.819     0.697     0.078     6.100     3.300     2.500    11.200
  2019.821    -4.622    -1.406     2.617     3.300     2.500    11.500
  2019.824     2.533     0.305    10.212     3.300     2.500    11.500
  2019.827     0.920    -2.137    -3.001     3.300     2.400    11.100
  2019.830    -3.163    -1.151   -12.819     3.300     2.500    11.500
  2019.832    -5.612    -3.322    -7.006     3.600     2.500    11.800
  2019.835    -3.728    -3.041     3.332     3.600     2.500    11.800
  2019.838    -1.645    -0.359    -0.678     3.300     2.400    11.100
  2019.841    -3.584    -0.975    -6.282     3.300     2.400    11.400
  2019.843    -3.149    -0.972     1.915     3.400     2.400    11.100
  2019.846    -3.057    -2.187     8.516     3.600     2.500    11.500
  2019.849     0.409    -0.147     6.242     3.300     2.500    11.500
  2019.852    -0.622    -1.160    -0.303     3.300     2.500    11.500
  2019.854    -5.684    -2.253    -3.090     3.600     2.500    11.500
  2019.857    -8.348    -1.791   -16.204     3.300     2.400    11.400
  2019.860    -3.389    -0.317     9.614     3.300     2.500    11.500
  2019.862    -3.432    -3.831    17.521     3.579     2.500    11.500
  2019.865    -1.995    -2.914    -7.682     3.300     2.500    11.500
  2019.868     3.055    -0.106     9.845     3.700     2.500    11.500
  2019.871     0.289    -3.182     0.325     3.300     2.500    11.500
  2019.873   -11.176    -3.392    13.862     3.700     2.500    11.500
  2019.876    -6.972    -2.158     3.144     3.300     2.500    11.500
  2019.879     2.315     2.481   -14.818     3.300     2.500    11.500
  2019.882     2.267     0.789   -10.264     3.300     2.500    11.500
  2019.884    -1.137     2.380   -18.219     3.300     2.500    11.500
  2019.887    -2.979    -2.773     3.035     3.700     2.500    11.500
  2019.890    -7.747    -6.015    14.819     3.600     2.500    11.800
  2019.893    -3.434    -1.059     9.369     3.300     2.500    11.500
  2019.895    -7.261    -2.068    17.428     3.300     2.500    11.500
  2019.898    -5.817    -1.937     7.831     3.300     2.500    11.500
  2019.901    -3.938    -2.063     2.274     3.300     2.500    11.500
  2019.904     9.089     3.360   -19.353     3.400     2.500    11.500
  2019.906     0.770     0.903    -5.169     3.700     2.500    11.800
  2019.909     5.624     1.800   -18.391     3.700     2.500    11.500
  2019.912     9.327     2.442    -6.942     3.300     2.500    11.500
  2019.914     8.116     3.325    -4.603     3.300     2.500    11.500
  2019.917     0.335    -0.334     0.530     3.300     2.500    11.500
  2019.920     5.467     2.766   -20.906     3.400     2.500    11.500
  2019.923     4.908     0.086    -9.383     3.300     2.500    11.500
  2019.925     1.929    -0.532     3.650     3.300     2.500    11.500
  2019.928     3.452     0.042    12.534     3.700     2.500    11.500
  2019.931     0.278     0.099    -4.121     3.600     2.500    11.800
  2019.934     2.332    -1.312     6.076     3.600     2.500    11.800
  2019.936     0.945    -0.378     1.805     3.700     2.500    11.500
  2019.939     1.221    -1.044     4.935     3.300     2.500    11.700
  2019.942     3.102    -1.635    11.229     3.600     2.500    11.800
  2019.945     1.832    -1.399     6.424     3.700     2.400    11.500
  2019.947    -4.081    -1.587    10.450     3.700     2.500    11.500
  2019.950     4.917     0.438    -6.277     3.700     2.500    11.800
  2019.953     7.094     2.099   -17.711     3.700     2.600    12.100
  2019.956     6.167     1.175    -9.949     3.700     2.500    11.800
  2019.958     9.016     3.599    -8.851     3.700     2.500    11.800
  2019.961     9.881     2.621    -0.977     3.300     2.500    11.500
  2019.964    -2.305    -0.776    -5.075     3.600     2.500    11.800
  2019.967     3.312    -0.135     0.098     3.600     2.500    11.800
  2019.969    10.819     3.178   -16.936     3.700     2.500    11.800
  2019.972     9.817     1.543   -10.533     3.700     2.500    11.800
  2019.975     8.647     0.641    -4.455     3.600     2.500    11.800
  2019.977     6.652     1.579    -4.444     3.700     2.500    11.500
  2019.980     6.102     0.303    -8.616     3.600     2.400    11.500
  2019.983     7.808    -0.323    -3.385     3.400     2.500    11.500
  2019.986     6.320     0.861    -7.006     3.700     2.500    11.800
  2019.988     5.694    -0.173     6.524     3.300     2.400    11.500
  2019.991     4.064    -0.277     4.409     3.700     2.500    11.500
  2019.994     4.233    -0.588     8.117     3.600     2.500    11.800
  2019.997    -0.467    -3.065     9.616     3.600     2.500    11.800
  2019.999     6.225     0.921   -19.002     3.400     2.500    11.700
  2020.003    -1.606    -0.246     4.961     3.700     2.500    11.800
  2020.006     6.388     3.762   -11.504     3.300     2.500    11.500
  2020.008     7.543     2.930     0.355     3.600     2.600    11.900
  2020.011     5.124     1.016     1.003     3.600     2.600    11.900
  2020.014     4.074    -0.531    12.592     3.700     2.500    11.800
  2020.016     3.145    -2.068    10.450     3.700     2.500    11.800
  2020.019     5.976     1.439    -0.300     3.700     2.500    11.800
  2020.022     6.896     0.193    15.051     3.300     2.500    11.500
  2020.025     8.948     4.726     3.730     3.700     2.500    11.800
  2020.027     6.326     1.637     6.893     3.700     2.500    11.800
  2020.030     1.949     0.306    -3.698     3.300     2.500    11.500
  2020.033    -3.932    -0.529    19.103     3.700     2.500    11.800
  2020.036    -5.646    -2.531    10.534     3.700     2.500    11.800
  2020.038    11.223     3.148   -21.549     3.400     2.500    11.500
  2020.041    11.115     4.288   -16.567     3.700     2.500    11.800
  2020.044     8.886     3.808   -17.956     3.600     2.600    11.900
  2020.047     7.099     2.153    -2.236     3.600     2.500    11.800
  2020.049     7.021     2.823    -4.373     3.700     2.500    11.800
  2020.052     5.914     0.596     5.648     3.700     2.500    11.800
  2020.055     3.731    -0.607    19.000     3.600     2.500    11.800
  2020.058     5.398     1.057    17.138     3.300     2.500    11.500
  2020.060     6.115     1.447     4.024     3.600     2.500    11.800
  2020.063     5.678     1.416    12.868     3.600     2.500    11.500
  2020.066     4.456    -0.028     3.962     3.300     2.500    11.700
  2020.068     1.956     0.447     6.727     3.600     2.500    11.500
  2020.071     2.065    -0.149    10.545     3.300     2.500    11.700
  2020.074    -0.047     0.572     5.277     3.300     2.500    11.500
  2020.077     1.745     0.553    12.292     3.300     2.500    11.500
  2020.079    -1.478    -0.313     8.977     3.300     2.500    11.500
  2020.082     8.816     2.501     1.986     3.700     2.500    11.500
  2020.085    11.224     2.598     1.478     3.300     2.500    11.700
  2020.088     8.394     1.543     2.316     3.300     2.500    11.500
  2020.090     4.523     0.026    11.555     3.300     2.500    11.500
  2020.093    -2.611    -0.925     3.479     3.300     2.500    11.700
  2020.096     7.063     3.645    -8.361     3.300     2.500    11.500
  2020.099     4.979     2.742     9.010     3.300     2.500    11.500
  2020.101     6.717     3.322    -6.733     3.300     2.500    11.500
  2020.104     5.436     3.198    -9.905     3.400     2.500    11.700
  2020.107     6.022     3.612    -1.686     3.300     2.500    11.500
  2020.110     6.628     1.923     9.882     3.300     2.500    11.500
  2020.112     2.444     1.899    12.695     3.400     2.500    11.700
  2020.115    -2.719    -2.267     2.195     3.300     2.500    11.500
  2020.118    -0.416    -0.023    -0.817     3.300     2.500    11.500
  2020.121    -1.982    -0.044     0.687     3.600     2.500    12.000
  2020.123     0.925     0.141     8.789     3.600     2.600    12.200
  2020.126     0.004     0.340     5.290     3.700     2.500    11.500
  2020.129    -1.786    -0.980    -3.243     3.300     2.500    11.500
  2020.131     6.930     3.542   -14.780     3.700     2.500    11.500
  2020.134     6.126     1.843     2.042     3.600     2.500    11.500
  2020.137     2.916     1.809   -11.569     3.700     2.500    11.800
  2020.140     5.183     2.399   -19.757     3.700     2.500    12.000
  2020.142     2.124     1.468     3.589     3.700     2.500    11.800
  2020.145     6.175     3.444   -18.177     3.700     2.500    11.500
  2020.148     7.322     2.765    -6.641     3.700     2.500    11.800
  2020.151     6.373     3.643    -3.262     3.700     2.500    11.800
  2020.153    -2.272    -0.024    13.615     3.600     2.500    11.800
  2020.156     7.245     3.265     5.270     3.600     2.500    11.800
  2020.159     5.406     2.166    11.506     3.600     2.500    11.500
  2020.162    -1.322     0.867    11.434     3.700     2.500    11.800
  2020.164     1.161    -0.403     5.048     3.600     2.500    11.800
  2020.167     4.982     3.216     6.069     3.700     2.500    11.800
  2020.170     4.526     4.285    -1.907     3.700     2.500    11.800
  2020.173     1.151     1.589     1.334     3.700     2.500    11.800
  2020.175     4.481     2.227     3.964     3.600     2.500    11.500
  2020.178     7.088     3.975     2.729     3.700     2.500    11.800
  2020.181    11.173     6.313    -1.968     3.600     2.500    11.800
  2020.183    12.922     6.045    -6.967     3.600     2.500    11.800
  2020.186    10.158     5.397    -8.070     3.600     2.500    11.800
  2020.189     3.879     4.361    10.259     3.600     2.500    11.800
  2020.192     8.218     3.126     0.616     3.300     2.500    11.500
  2020.194     9.351     4.382     4.449     3.600     2.500    11.800
  2020.197     8.629     5.217   -10.932     3.600     2.500    11.800
  2020.200     6.155     4.180   -12.257     3.600     2.500    11.800
  2020.203     8.966     3.172   -11.145     3.700     2.585    11.800
  2020.205     8.870     3.723     3.423     3.300     2.500    11.500
  2020.208     9.760     4.563    10.551     3.600     2.600    11.900
  2020.211     8.995     6.218    -8.075     3.600     2.500    11.800
  2020.214     4.105     3.653     4.378     3.600     2.500    11.800
  2020.216     5.518     4.363   -10.636     4.000     2.700    13.100
  2020.219     7.044     5.148    -5.104     3.600     2.600    12.200
  2020.222     2.648     1.300    11.650     3.600     2.600    11.900
  2020.225     1.634     0.115     7.693     3.600     2.500    11.800
  2020.227    -1.023    -0.627     9.251     3.600     2.500    11.800
  2020.230    -1.256    -0.670     6.880     3.600     2.500    11.800
  2020.233    -6.002    -1.316     8.602     3.600     2.500    11.800
  2020.236    -8.498    -0.057     5.638     3.600     2.500    11.800
  2020.238    -0.261    -0.509     6.575     3.700     2.600    11.900
  2020.241     8.755     5.424   -17.761     3.600     2.500    12.000
  2020.244    10.437     3.796    -2.139     3.600     2.500    11.800
  2020.246     6.293     2.827    -0.875     3.600     2.500    11.800
  2020.249     6.706     4.238    -9.253     3.600     2.500    11.800
  2020.252     7.290     3.301     2.537     3.600     2.500    11.800
  2020.255     8.535     4.648     1.274     3.600     2.500    11.800
  2020.257    10.857     5.592    -9.095     3.600     2.500    11.800
  2020.260     5.797     4.903     2.083     3.700     2.500    11.800
  2020.263     3.115     2.014     0.564     3.700     2.600    11.900
  2020.266    -1.261    -0.013     1.649     3.600     2.500    11.800
  2020.268     0.211     1.008     9.796     3.600     2.500    11.800
  2020.271    -6.472    -0.105    -4.041     3.600     2.500    11.800
  2020.274     8.634     2.752     4.721     3.600     2.585    11.800
  2020.277     2.158     2.280    -2.047     3.600     2.500    11.800
  2020.279    -4.519     0.052    15.903     3.600     2.600    12.200
  2020.282     3.429     2.596     1.792     3.700     2.600    12.100
  2020.285    -0.679    -0.869     7.994     3.600     2.600    12.200
  2020.288    -0.914     0.085   -10.498     3.600     2.600    11.900
  2020.290    -2.543     0.338    -0.329     3.600     2.500    12.000
  2020.293    -1.243     0.431    -4.480     3.300     2.500    11.700
  2020.296    -6.023    -3.355     7.886     3.600     2.500    12.000
  2020.298   -12.275    -3.448     2.892     3.600     2.600    12.200
  2020.301     0.083     1.269    10.015     3.600     2.500    12.000
  2020.304     7.247     4.484    -4.223     3.300     2.500    11.700
  2020.307     7.973     5.615     1.963     3.600     2.600    12.200
  2020.309     9.220     4.075    -9.953     3.600     2.500    11.800
  2020.312     6.302     3.431    -0.237     3.500     2.500    11.700
  2020.315     1.709     0.510     3.834     3.700     2.600    12.200
  2020.318     3.470    -0.957    10.373     3.700     2.500    11.800
  2020.320     3.124     0.540     9.506     3.300     2.500    11.500
  2020.323     2.427     0.273     6.480     3.600     2.500    11.800
  2020.326     1.245     0.095     3.533     3.600     2.500    11.800
  2020.329    -1.498    -1.021     3.387     3.600     2.500    11.800
  2020.331    -7.601    -2.794     1.754     3.600     2.600    12.200
  2020.334    -1.751     0.211     1.104     3.600     2.600    12.200
  2020.337    -2.385    -2.707     0.716     3.600     2.600    12.200
  2020.340    -5.894     0.320     8.310     3.600     2.500    11.800
  2020.342    -8.810    -3.209    13.128     3.579     2.600    12.200
  2020.345    -8.739    -2.815     9.250     3.600     2.600    12.200
  2020.348    -0.934     1.103    -2.697     3.600     2.500    12.100
  2020.350     4.416     4.066    -5.714     3.600     2.600    12.200
  2020.353     8.521     1.208    -1.901     3.600     2.585    12.700
  2020.356    -3.435    -0.833    13.027     3.600     2.600    12.400
  2020.359    -5.778     3.103   -21.988     3.600     2.600    12.200
  2020.361    -1.560     0.800   -13.537     3.600     2.500    11.800
  2020.364    -6.486    -1.204    13.409     3.600     2.500    11.800
  2020.367    -7.615    -0.648    16.627     3.700     2.500    11.800
  2020.370    -8.810    -3.583     1.313     3.600     2.500    12.100
  2020.372     2.621     0.299     5.437     3.600     2.600    12.200
  2020.375    -0.732     1.267     4.007     3.500     2.500    12.500
  2020.378     1.172    -0.966     6.937     3.600     2.600    12.200
  2020.381     0.948     1.364    -8.751     3.600     2.600    12.200
  2020.383    -7.157    -3.352   -10.938     3.600     2.600    12.400
  2020.386    -8.838    -2.892   -12.985     3.700     2.500    11.800
  2020.389    -6.443     0.296    -7.257     3.600     2.600    12.400
  2020.392    -3.412    -1.141    -2.390     3.600     2.600    12.200
  2020.394    -5.487    -2.160    -1.752     3.600     2.600    12.200
  2020.397    -4.778    -1.594   -19.599     3.500     2.500    12.500
  2020.400    -8.367    -2.737    11.258     3.600     2.600    11.900
  2020.403    -2.354    -1.474    10.510     3.600     2.600    12.200
  2020.405     2.005    -0.664     4.412     3.600     2.500    11.800
  2020.408     2.822    -0.505     9.994     3.600     2.600    12.200
  2020.411    -1.875    -1.509    -0.899     3.600     2.600    12.200
  2020.413    -5.319    -0.781   -19.599     3.700     2.600    12.200
  2020.416    -0.097    -2.180     0.616     3.600     2.500    11.800
  2020.419    -2.623    -0.796     2.647     3.600     2.600    12.200
  2020.422    -3.725    -1.006   -23.965     3.700     2.600    11.900
  2020.424    -8.744    -3.119    -1.893     3.500     2.600    12.400
  2020.427    -6.364    -1.478    -4.516     3.600     2.700    12.600
  2020.430     0.448    -2.009    -2.903     3.700     2.700    12.500
  2020.433   -10.275    -2.229   -10.466     3.600     2.500    11.800
  2020.435    -4.601    -0.998   -14.455     3.600     2.600    12.200
  2020.438    -1.588    -1.225     1.352     3.600     2.600    12.200
  2020.441    -5.349    -2.479     0.092     3.600     2.600    12.200
  2020.444    -6.109    -3.434    -2.763     3.600     2.500    12.200
  2020.446    -6.786    -3.037    -6.205     3.600     2.600    12.200
  2020.449    -4.186    -0.808    -6.096     3.600     2.600    11.900
  2020.452     2.321     1.375     0.734     3.600     2.600    12.200
  2020.455     3.144    -0.516     7.533     3.600     2.500    11.800
  2020.457    -1.605    -1.226    -3.297     3.600     2.500    11.800
  2020.460    -6.747    -2.562   -10.486     3.600     2.500    11.800
  2020.463    -5.127    -1.690    -1.445     3.600     2.600    12.200
  2020.465    -4.029    -2.730    -6.334     3.600     2.500    11.800
  2020.468    -3.259    -2.149    -3.031     3.600     2.600    12.200
  2020.471    -4.356    -2.867   -17.537     3.600     2.500    11.800
  2020.474    -7.293    -3.718    -8.792     3.600     2.500    11.800
  2020.476    -3.856    -2.511     0.389     3.600     2.600    12.200
  2020.479    -3.348    -0.601    -8.200     3.300     2.500    11.700
  2020.482     1.883    -2.140    11.192     3.500     2.600    12.200
  2020.485    -3.162    -0.568    -4.060     3.600     2.600    12.200
  2020.487    -2.943    -3.731    -9.103     3.600     2.600    12.400
  2020.490    -5.593    -2.713    -9.826     3.600     2.600    12.400
  2020.493    -3.332    -0.928    -9.834     3.600     2.600    12.400
  2020.496    -3.282    -1.397    -2.354     3.600     2.600    12.400
  2020.498    -1.383    -0.570     3.885     3.900     2.600    12.800
  2020.501    -1.122    -1.442     0.425     3.600     2.600    12.200
  2020.504     1.929    -0.944    10.742     3.600     2.600    12.200
  2020.507     2.761    -0.140    12.421     3.600     2.600    12.200
  2020.509     1.987    -1.756    -0.644     3.600     2.600    12.200
  2020.512    -4.364    -3.116   -13.307     3.600     2.600    12.400
  2020.515    -8.859    -3.217   -14.905     3.600     2.500    12.000
  2020.518    -7.979    -1.657    -1.667     3.600     2.600    12.200
  2020.520    -9.770    -3.290    -6.339     3.600     2.600    12.200
  2020.523    -6.961    -3.087   -13.852     3.600     2.600    12.200
  2020.526   -10.478    -6.483     0.310     3.600     2.600    12.200
  2020.528    -5.966    -2.970   -16.222     3.600     2.500    12.000
  2020.531    -3.884    -1.549     6.014     3.600     2.600    11.900
  2020.534     1.120    -0.486    -2.376     3.600     2.600    11.900
  2020.537    -5.851    -2.159   -14.885     3.600     2.500    11.800
  2020.539    -5.304    -3.174   -11.611     3.600     2.600    12.200
  2020.542    -6.329    -3.567   -17.296     3.600     2.600    12.400
  2020.545    -8.481    -3.449    -7.914     3.600     2.500    11.800
  2020.548    -5.945    -2.316   -12.331     3.600     2.600    11.900
  2020.550     1.138     0.704     5.873     3.600     2.600    11.900
  2020.553    -1.748    -3.223    -5.854     3.600     2.600    11.900
  2020.556    -4.110    -3.277    -9.526     3.600     2.600    12.400
  2020.559    -5.757    -3.273   -10.548     3.600     2.600    12.200
  2020.561    -4.790    -2.054    -5.740     3.600     2.600    12.200
  2020.564    -2.484    -1.290    -7.775     3.600     2.600    12.200
  2020.567    -2.921    -0.550    -6.926     3.600     2.600    12.200
  2020.570     1.386    -0.747     4.846     3.600     2.600    12.200
  2020.572     1.543    -1.217     1.475     3.600     2.600    12.200
  2020.575     1.160     1.360    -2.651     3.900     2.700    12.900
  2020.578    -1.521     1.419     3.188     3.600     2.600    12.200
  2020.580    -0.344     0.085     2.641     3.600     2.700    12.100
  2020.583     2.328     1.237    10.162     3.600     2.700    12.200
  2020.586     2.056    -0.077     6.483     3.600     2.600    12.400
  2020.589    -0.563     3.254     3.265     3.600     2.700    12.400
  2020.591    -1.231    -1.311    11.887     3.600     2.700    12.400
  2020.594    -0.073    -0.615     4.279     3.600     2.700    12.100
  2020.597     1.197    -0.553     7.330     3.600     2.600    12.400
  2020.600     3.163     0.001    -0.022     3.600     2.700    12.800
  2020.602     2.692    -0.907    -5.262     3.600     2.700    12.800
  2020.605     1.202     0.045    10.544     3.900     2.600    12.500
  2020.608    -1.541    -1.338   -10.229     3.600     2.700    12.200
  2020.611    -2.694    -0.647     0.745     3.600     2.600    12.400
  2020.613    -3.687    -0.910    -9.624     3.600     2.600    12.200
  2020.616    -3.326    -0.698    -1.845     3.500     2.600    12.400
  2020.619     2.154    -0.115     6.132     3.600     2.700    12.400
  2020.622    -1.018     0.815     0.461     3.700     2.700    12.100
  2020.624    -3.437    -1.606    -8.843     3.700     2.700    12.100
  2020.627    -3.207    -1.869    -8.977     3.600     2.600    12.200
  2020.630    -0.504    -1.269     2.328     3.600     2.600    12.200
  2020.632     1.452    -0.152     5.351     3.600     2.600    12.200
  2020.635     2.080    -0.266     5.684     3.600     2.700    12.400
  2020.638     1.581    -0.162     3.773     3.700     2.700    12.100
  2020.641    -1.200     2.002    -0.328     3.600     2.800    12.500
  2020.643     0.252     1.238     1.059     3.600     2.600    12.200
  2020.646    -5.304    -0.540    -8.861     3.600     2.600    12.200
  2020.649    -0.323    -1.180     9.874     3.600     2.600    12.200
  2020.652     2.293    -0.510     6.389     3.600     2.600    12.200
  2020.654    -2.331    -2.857   -10.083     3.600     2.600    12.400
  2020.657    -3.267    -0.870    -4.766     3.600     2.600    12.200
  2020.660    -4.263    -1.332    -8.951     3.600     2.600    12.400
  2020.663    -1.442    -0.604    -0.613     3.600     2.600    12.200
  2020.665    -0.293     0.452     2.726     3.600     2.700    12.100
  2020.668     0.237    -0.320    13.791     3.600     2.700    12.400
  2020.671    -0.018     0.502     7.181     3.600     2.700    12.400
  2020.674    -0.073    -0.280    -1.650     3.600     2.700    12.400
  2020.676    -4.018    -0.146    -4.763     3.600     2.700    12.400
  2020.679    -6.000    -1.208    -6.913     3.600     2.600    12.200
  2020.682    -5.324    -2.775    -4.001     3.600     2.700    12.100
  2020.685     1.176    -0.973     8.657     3.600     2.600    12.400
  2020.687     0.840    -1.147     9.309     3.600     2.700    12.100
  2020.690     1.331    -0.947     8.677     3.600     2.600    12.200
  2020.693    -0.700    -0.272     8.786     3.600     2.600    12.200
  2020.695    -0.512    -0.582     0.921     3.600     2.700    12.400
  2020.698    -1.861    -1.155    -5.205     3.800     2.800    13.100
  2020.701    -0.710    -0.647    -7.289     3.600     2.800    12.500
  2020.704    -2.054    -1.231    -8.411     3.600     2.700    12.100
  2020.706    -5.498    -3.065    -6.263     3.600     2.600    12.200
  2020.709    -7.110    -1.361   -10.218     4.000     2.800    12.600
  2020.712    -2.112    -1.340     3.618     4.000     2.800    12.600
  2020.715     1.592    -0.468    11.614     3.700     2.700    12.100
  2020.717     0.728    -0.520     9.485     4.000     2.800    12.600
  2020.720    -0.077    -0.535     3.719     3.600     2.700    12.400
  2020.723    -0.185    -0.248     2.406     3.600     2.600    12.200
  2020.726    -6.216    -3.627   -10.450     3.600     2.700    12.200
  2020.728    -4.697    -1.952    -8.523     3.900     2.700    12.200
  2020.731     0.114    -0.606     4.734     3.900     2.700    12.200
  2020.734    -3.779    -2.387    -6.498     3.600     2.700    12.200
  2020.737    -6.917    -3.305   -14.319     3.600     2.600    12.200
  2020.739    -8.215    -4.625   -17.729     3.600     2.600    12.200
  2020.742    -4.605    -2.847   -10.523     3.600     2.600    11.900
  2020.745    -3.538    -3.186    -7.182     3.900     2.600    12.200
  2020.747    -4.894    -1.189    -3.359     3.900     2.600    12.200
  2020.750    -4.585    -3.129   -11.697     3.900     2.600    12.200
  2020.753    -4.163    -3.008    -7.866     3.600     2.700    12.200
  2020.756    -5.511    -3.192   -11.709     3.900     2.600    12.200
  2020.758    -5.504    -3.161    -4.238     3.600     2.700    12.400
  2020.761    -3.451    -3.355    -9.709     3.900     2.600    12.200
  2020.764    -4.906    -2.055   -15.110     3.600     2.700    12.300
  2020.767    -2.008    -0.662    -3.956     3.600     2.700    12.200
  2020.769    -2.235     1.216    -0.038     3.600     2.700    12.200
  2020.772    -1.267    -0.990    -0.239     3.900     2.700    12.200
  2020.775     0.450    -0.690     4.022     3.600     2.700    12.200
  2020.778    -2.357    -2.109    -1.093     3.600     2.600    12.200
  2020.780    -3.189    -3.269    -1.913     3.600     2.700    12.200
  2020.783    -4.800    -2.806   -11.916     3.600     2.600    12.200
  2020.786    -2.427    -3.061   -12.535     3.600     2.600    12.200
  2020.789     1.060    -1.000     9.295     3.600     2.600    12.200
  2020.791     1.080    -0.533     3.516     3.600     2.600    12.200
  2020.794     0.905    -2.070     2.284     3.600     2.600    12.200
  2020.797    -0.557    -1.707    -5.439     3.600     2.600    12.200
  2020.800    -3.119    -2.055    -7.972     3.900     2.600    12.200
  2020.802    -2.824    -1.750    -4.622     3.600     2.600    12.200
  2020.805    -4.171    -2.661     2.523     3.900     2.700    11.986
  2020.808     1.155    -0.916     5.246     3.600     2.600    12.200
  2020.810     1.222    -0.767    11.192     3.900     2.600    12.200
  2020.813    -0.394    -0.744     7.968     3.900     2.800    12.600
  2020.816    -5.487    -2.283    -1.505     3.600     2.600    12.200
  2020.819    -7.843     0.544    -9.688     3.600     2.700    11.986
  2020.821    -5.063    -1.488   -13.066     3.600     2.600    12.200
  2020.824    -7.361    -1.300   -21.606     3.600     2.700    12.200
  2020.827    -0.139    -2.312     4.843     3.900     2.700    12.500
  2020.830     2.129     1.245     8.826     3.600     2.700    12.100
  2020.832    -0.701     0.607    -1.506     3.900     2.700    12.200
  2020.835    -4.930    -2.174   -12.518     3.600     2.700    12.100
  2020.838    -8.632    -1.581   -10.382     3.600     2.700    12.100
  2020.841    -4.404    -0.633    -6.944     3.900     2.600    12.200
  2020.843    -5.802    -1.918    -8.471     3.600     2.700    11.900
  2020.846    -3.722    -0.471     7.696     4.000     2.700    12.400
  2020.849    -7.087    -4.491    20.987     3.900     2.700    12.200
  2020.852    -5.489    -2.965     5.184     3.600     2.700    11.900
  2020.854    -1.693    -0.360    -5.398     3.600     2.700    12.200
  2020.857     0.735    -0.853     1.144     3.600     2.700    12.200
  2020.860     0.977    -0.429     7.408     3.900     2.700    12.500
  2020.862     0.459     1.147     5.306     3.600     2.700    12.400
  2020.865     2.328    -1.168     6.259     3.900     2.700    12.500
  2020.868     1.028     0.214     5.907     3.900     2.800    12.800
  2020.871    -0.378     0.710     4.318     3.800     2.800    12.800
  2020.873     0.951    -0.617    11.978     3.900     2.700    12.500
  2020.876     0.116     0.400    10.685     3.600     2.600    12.200
  2020.879    -6.080    -5.790    -5.696     3.900     2.700    12.500
  2020.882     4.424    -0.455    -0.471     3.800     2.800    12.900
  2020.884     1.581     0.711     4.583     3.900     2.600    12.500
  2020.887    -1.430     1.446    -9.674     3.600     2.700    12.400
  2020.890     5.828     1.571   -11.627     3.800     2.800    13.100
  2020.893     3.621     1.913    -8.634     3.900     2.700    12.600
  2020.895     2.752     0.891    -3.067     3.600     2.600    12.200
  2020.898     3.551     2.303   -15.030     3.800     2.700    12.900
  2020.901     5.418     1.880    -9.309     3.800     2.700    12.900
  2020.904    -4.626    -1.672    11.008     3.600     2.600    12.200
  2020.906    -5.375    -1.515    10.485     3.600     2.700    12.200
  2020.909    -2.465     0.014    -4.045     3.600     2.700    12.200
  2020.912    -6.517    -2.951     8.790     3.600     2.700    12.400
  2020.914    -1.299    -0.532     0.597     4.000     2.800    12.800
  2020.917    -4.032    -0.402    -5.519     3.900     2.800    12.600
  2020.920    -5.016    -2.538    -0.895     3.600     2.700    12.200
  2020.923     2.194     2.485    -4.899     3.600     2.700    12.200
  2020.925     6.920     1.939   -13.179     3.600     2.700    12.200
  2020.928     0.348    -0.124     0.041     3.600     2.600    12.200
  2020.931     5.482     2.845   -13.094     3.600     2.600    12.200
  2020.934    -4.809    -1.965     8.482     3.600     2.700    12.200
  2020.936    -1.765    -0.421     4.631     3.600     2.700    12.200
  2020.939    -5.142    -1.854     5.069     3.600     2.700    12.200
  2020.942    -1.919    -3.000     8.900     3.600     2.700    12.200
  2020.945     2.661     2.971   -28.835     3.500     2.600    12.200
  2020.947     0.998     2.727    -9.115     3.500     2.600    12.200
  2020.950     8.682     6.067   -17.151     3.600     2.700    12.100
  2020.953     6.631     3.774   -10.681     3.600     2.700    12.200
  2020.956     6.284     2.435   -15.121     3.600     2.700    12.400
  2020.958     6.827     2.116   -18.516     3.600     2.700    12.200
  2020.961     5.470     1.827   -16.185     3.600     2.700    12.100
  2020.964     7.879     3.493   -18.299     3.600     2.700    12.200
  2020.967     6.672     2.026   -11.647     3.600     2.700    12.200
  2020.969     4.173     1.858    -5.234     3.900     2.800    12.800
  2020.972    -0.555    -0.428     7.578     3.900     2.700    12.500
  2020.975    -0.258    -0.868     7.600     3.600     2.700    12.400
  2020.977     2.408     1.059   -16.773     3.900     2.800    13.100
  2020.980     4.491     2.233   -14.271     3.900     2.800    12.800
  2020.983     3.627     0.594    -7.134     3.800     2.900    13.500
  2020.986     3.879     0.446    -1.055     3.900     2.800    12.800
  2020.988    -0.952     1.097     2.309     3.600     2.700    12.400
  2020.991     5.039     1.876    -6.661     3.600     2.700    12.400
  2020.994     4.634     0.496    -2.148     3.600     2.800    12.500
  2020.997     4.287     0.758    -4.555     3.600     2.700    12.400
  2020.999     5.109     0.789    -0.406     3.600     2.700    12.400
  2021.002     5.766     1.648   -11.673     3.600     2.700    12.400
  2021.005     5.746     2.698   -15.099     3.579     2.585    11.986
  2021.008     4.758     2.686   -11.319     3.579     2.585    11.986
  2021.010     4.939     1.871    -4.621     3.579     2.585    11.986
  2021.013     5.999     2.111    -1.651     3.579     2.585    11.986
  2021.016     9.623     3.991    -4.056     3.579     2.585    11.986
  2021.019     5.812     0.843     3.653     3.579     2.585    11.986
  2021.021     3.220     1.595    -7.292     3.579     2.585    11.986
  2021.024     6.378     0.849    -2.559     3.579     2.585    11.986
  2021.027     6.563     1.823    -1.884     3.579     2.585    11.986
  2021.030     2.316    -0.659     7.669     3.579     2.585    11.986
  2021.032    -1.283    -2.226    13.672     3.579     2.585    11.986
  2021.035     1.335    -1.031    13.190     3.579     2.585    11.986
  2021.038     2.100    -0.297     9.504     3.579     2.585    11.986
  2021.040     0.970     0.180    14.592     3.579     2.585    11.986
  2021.043     0.724     0.530    12.247     3.579     2.585    11.986
  2021.046     2.514    -0.333     8.912     3.579     2.585    11.986
  2021.049     4.588     0.449     0.740     3.579     2.585    11.986
  2021.051     4.244     1.212     3.154     3.579     2.585    11.986
  2021.054     6.740     1.881     0.627     3.579     2.585    11.986
  2021.057     1.376     0.513     9.424     3.579     2.585    11.986
  2021.060    -4.084    -0.873    10.120     3.579     2.585    11.986
  2021.062    -6.578    -2.559     5.954     3.579     2.585    11.986
  2021.065     4.679     0.966   -13.353     3.579     2.585    11.986
  2021.068     6.764     2.126   -13.564     3.579     2.585    11.986
  2021.071     5.489     1.729    -9.095     3.579     2.585    11.986
  2021.073     6.417     1.557    -0.951     3.579     2.585    11.986
  2021.076     5.988     3.588    -8.505     3.579     2.585    11.986
  2021.079     5.482     3.133    -4.903     3.579     2.585    11.986
  2021.082     6.017     1.215     4.783     3.579     2.585    11.986
  2021.084     6.311     2.050    -3.884     3.579     2.585    11.986
  2021.087     5.690     2.800    -8.510     3.579     2.585    11.986
  2021.090    -2.316    -1.947     8.561     3.579     2.585    11.986
  2021.093     3.384     1.955   -10.096     3.579     2.585    11.986
  2021.095     5.454     2.356    -9.810     3.579     2.585    11.986
  2021.098     6.301     2.313    -8.101     3.579     2.585    11.986
  2021.101     4.863     1.172     1.397     3.579     2.585    11.986
  2021.103     3.078     0.661     9.307     3.579     2.585    11.986
  2021.106     1.974    -0.133    10.604     3.579     2.585    11.986
  2021.109     2.560     0.469     5.445     3.579     2.585    11.986
  2021.112    -3.484    -0.486    12.835     3.579     2.585    11.986
  2021.114     0.186     0.348     9.426     3.579     2.585    11.986
  2021.117     1.518     2.661    -8.790     3.579     2.585    11.986
  2021.120     0.939     1.115    -1.374     3.579     2.585    11.986
  2021.123     5.015     3.189    -9.030     3.579     2.585    11.986
  2021.125     4.832     3.627     1.478     3.579     2.585    11.986
  2021.128     4.458     3.174    -1.704     3.579     2.585    11.986
  2021.131     5.818     3.239     1.374     3.579     2.585    11.986
  2021.134     7.915     3.600    -2.689     3.579     2.585    11.986
  2021.136     6.216     3.464    -3.203     3.579     2.585    11.986
  2021.139     4.205     1.987     1.809     3.579     2.585    11.986
  2021.142     0.894    -0.335     5.729     3.579     2.585    11.986
  2021.145    -1.254    -0.594     0.256     3.579     2.585    11.986
  2021.147     1.092    -0.873     5.338     3.579     2.585    11.986
  2021.150    -4.338    -1.539     1.427     3.579     2.585    11.986
  2021.153    -0.367    -1.387    -1.489     3.579     2.585    11.986
  2021.156     0.519    -0.926    -0.821     3.579     2.585    11.986
  2021.158    -2.648    -2.168     0.797     3.579     2.585    11.986
  2021.161    -9.983    -4.311     3.606     3.579     2.585    11.986
  2021.164    -4.519    -2.376    10.678     3.579     2.585    11.986
  2021.166     8.753     1.494     6.931     3.579     2.585    11.986
  2021.169     3.847     0.613    14.408     3.579     2.585    11.986
  2021.172     5.393     1.137     8.877     3.579     2.585    11.986
  2021.175     7.006     0.855     9.198     3.579     2.585    11.986
  2021.177     4.827     1.685     9.749     3.579     2.585    11.986
  2021.180     0.161     0.168     4.862     3.579     2.585    11.986
  2021.183    -2.376    -0.158    -3.076     3.579     2.585    11.986
  2021.186    -3.170     1.862     3.485     3.579     2.585    11.986
  2021.188    -0.988     0.748    -4.968     3.579     2.585    11.986
  2021.191    -4.427    -0.726   -13.680     3.579     2.585    11.986
  2021.194    -0.355    -1.865    -0.592     3.579     2.585    11.986
  2021.197    -3.013    -1.354     5.667     3.579     2.585    11.986
  2021.199    -1.903     0.756    18.389     3.579     2.585    11.986
  2021.202     4.502     4.109     2.441     3.579     2.585    11.986
  2021.205     7.230     3.962   -10.180     3.579     2.585    11.986
  2021.208     5.789     3.181    -3.721     3.579     2.585    11.986
  2021.210     9.068     4.547   -12.536     3.579     2.585    11.986
  2021.213     6.016     4.470   -14.257     3.579     2.585    11.986
  2021.216     8.328     4.333    -6.443     3.579     2.585    11.986
  2021.219     6.113     2.919     0.143     3.579     2.585    11.986
  2021.221     3.356     1.137     8.759     3.579     2.585    11.986
  2021.224    -2.512     0.763     7.076     3.579     2.585    11.986
  2021.227    -4.396     0.382    21.333     3.579     2.585    11.986
  2021.230     4.319     4.242     4.381     3.579     2.585    11.986
  2021.232     7.208     3.602   -11.374     3.579     2.585    11.986
  2021.235     3.768     0.593     2.333     3.579     2.585    11.986
  2021.238     4.626     2.036     1.618     3.579     2.585    11.986
  2021.240     3.426     1.152     3.364     3.579     2.585    11.986
  2021.243    -1.028     1.124    11.155     3.579     2.585    11.986
  2021.246     2.926     1.479    19.785     3.579     2.585    11.986
  2021.249     3.113     1.501    16.531     3.579     2.585    11.986
  2021.251     7.713     3.007    13.723     3.579     2.585    11.986
  2021.254     5.735     3.109    10.056     3.579     2.585    11.986
  2021.257     3.017     2.308     7.152     3.579     2.585    11.986
  2021.260     0.116     0.575     7.040     3.579     2.585    11.986
  2021.262    -3.829    -2.092    -4.464     3.579     2.585    11.986
  2021.265   -11.455    -2.568    -7.174     3.579     2.585    11.986
  2021.268   -11.873    -1.916     9.834     3.579     2.585    11.986
  2021.271   -10.229    -1.385    19.053     3.579     2.585    11.986
  2021.273    -2.840     0.822    22.388     3.579     2.585    11.986
  2021.276     3.654     1.904     7.106     3.579     2.585    11.986
  2021.279    -3.210     0.671    20.987     3.579     2.585    11.986
  2021.282     7.001     4.821    -0.084     3.579     2.585    11.986
  2021.284     5.700     3.077     7.067     3.579     2.585    11.986
  2021.287    -8.876    -1.436    19.855     3.579     2.585    11.986
  2021.290    -3.603    -2.376    10.906     3.579     2.585    11.986
  2021.293    -1.463    -1.527     6.222     3.579     2.585    11.986
  2021.295    -4.717    -1.165    -2.045     3.579     2.585    11.986
  2021.298    -0.809     0.938    12.273     3.579     2.585    11.986
  2021.301    -3.611    -1.728    19.130     3.579     2.585    11.986
  2021.303    -4.799    -2.317    -0.265     3.579     2.585    11.986
  2021.306    -6.267    -0.400    16.832     3.579     2.585    11.986
  2021.309     3.010     1.231     6.014     3.579     2.585    11.986
  2021.312    -0.551    -0.785    14.372     3.579     2.585    11.986
  2021.314    -4.098    -3.155    18.614     3.579     2.585    11.986
  2021.317     1.050    -0.025    10.771     3.579     2.585    11.986
  2021.320    -6.795     0.307     4.944     3.579     2.585    11.986
  2021.323    -4.232     0.871    13.708     3.579     2.585    11.986
  2021.325     0.144    -1.174     6.968     3.579     2.585    11.986
  2021.328     0.637    -2.391    -1.962     3.579     2.585    11.986
  2021.331    -1.831     0.247    -7.278     3.579     2.585    11.986
  2021.334    -7.933    -2.350   -18.775     3.579     2.585    11.986
  2021.336    -3.162    -1.534   -13.281     3.579     2.585    11.986
  2021.339    -3.946    -1.541    -3.514     3.579     2.585    11.986
  2021.342    -4.355    -3.970     7.882     3.579     2.585    11.986
  2021.345    -1.580    -0.207    -1.490     3.579     2.585    11.986
  2021.347    -4.339    -1.327   -13.625     3.579     2.585    11.986
  2021.350    -1.583    -0.289   -15.625     3.579     2.585    11.986
  2021.353    -8.659    -1.994     6.773     3.579     2.585    11.986
  2021.356   -13.986    -3.164    13.375     3.579     2.585    11.986
  2021.358   -10.856    -2.435     6.092     3.579     2.585    11.986
  2021.361    -8.471    -2.370   -15.441     3.579     2.585    11.986
  2021.364    -9.862    -2.139     1.395     3.579     2.585    11.986
  2021.366    -4.597    -0.090    16.686     3.579     2.585    11.986
  2021.369    -6.147    -1.703    12.758     3.579     2.585    11.986
  2021.372    -1.027     1.056   -15.294     3.579     2.585    11.986
  2021.375    -5.952    -1.129   -11.731     3.579     2.585    11.986
  2021.377   -12.648    -2.383    15.021     3.579     2.585    11.986
  2021.380    -7.528    -3.093     4.217     3.579     2.585    11.986
  2021.383    -9.010    -1.111     1.762     3.579     2.585    11.986
