  2019.282    -2.753     0.062    -1.772     4.400     2.600    13.700
  2019.285    -1.002     0.893    -2.382     4.300     2.600    13.300
  2019.288    -3.056    -2.243    -6.779     4.500     2.600    13.700
  2019.290    -2.578     0.755    -0.101     4.400     2.600    13.300
  2019.293     0.949     1.851    -5.963     4.300     2.600    13.100
  2019.296    -1.092    -1.521   -10.465     4.400     2.700    13.700
  2019.298     0.730     0.854    -8.159     4.400     2.700    14.200
  2019.301     0.225    -3.306    -0.355     4.300     2.700    13.700
  2019.304    -3.197    -1.436    18.626     4.300     2.700    13.700
  2019.307     0.788     0.314    -1.818     4.300     2.600    13.700
  2019.309    -1.282     0.822     7.173     4.300     2.600    13.700
  2019.312    -0.383    -0.674     0.448     4.400     2.700    14.000
  2019.315    -0.784    -0.730    10.944     4.400     2.700    14.000
  2019.318     1.949     1.353     5.243     4.400     2.600    14.000
  2019.320     0.793    -0.284     4.641     4.500     2.600    14.000
  2019.323     3.883     0.115     0.783     4.400     2.600    14.000
  2019.326     2.558    -1.267    -4.146     4.300     2.600    13.700
  2019.329     0.755    -0.809     4.870     4.300     2.600    13.700
  2019.331     2.333     0.724    -1.056     4.300     2.600    13.700
  2019.334     3.964     0.747    -1.968     4.400     2.700    14.000
  2019.337     6.215     0.059    -2.107     4.400     2.700    14.400
  2019.340     2.439     1.061     5.547     4.300     2.600    13.700
  2019.342    -0.340    -0.389     5.369     4.300     2.600    14.000
  2019.345     4.085     1.088     1.077     4.300     2.600    13.700
  2019.348     1.909     0.322     6.499     4.300     2.700    14.000
  2019.350     2.187     0.700    -2.516     4.300     2.600    13.700
  2019.353     2.206    -0.115     9.039     4.300     2.600    14.000
  2019.356     2.663     1.055     4.288     4.300     2.700    14.000
  2019.359    -0.411     0.820     8.883     4.400     2.600    13.700
  2019.361    -1.070     0.551     8.892     4.300     2.600    13.700
  2019.364     2.120    -1.485     3.064     4.500     2.700    13.700
  2019.367     2.064    -0.717     2.143     4.400     2.700    14.000
  2019.370     3.430    -1.583    -3.933     4.300     2.600    13.700
  2019.372    -0.236    -1.715     2.027     4.300     2.700    13.700
  2019.375     3.892    -1.123     4.593     4.300     2.600    14.000
  2019.378     1.064     0.364     3.240     4.500     2.600    14.000
  2019.381     2.175    -0.115     0.704     4.300     2.600    13.700
  2019.383     1.746    -0.508     1.492     4.200     2.700    13.700
  2019.386     2.188    -0.227     1.945     4.300     2.600    13.500
  2019.389     0.634     1.153     7.096     4.400     2.600    13.700
  2019.392     0.129    -0.376     8.552     4.400     2.600    13.700
  2019.394    -0.059     0.006    11.246     4.300     2.600    13.500
  2019.397     1.038     0.569     3.269     4.300     2.600    13.500
  2019.400    -0.202     0.277     4.067     4.300     2.600    13.300
  2019.403     1.705    -1.404     8.000     4.300     2.600    13.300
  2019.405     2.782    -1.477    10.421     4.300     2.600    13.700
  2019.408     1.261     1.078     1.745     4.300     2.600    13.500
  2019.411     0.724    -0.117     2.226     4.300     2.600    13.300
  2019.413     2.395    -0.200     7.814     4.200     2.700    13.700
  2019.416    -0.806     0.545     5.767     4.200     2.700    13.700
  2019.419    -1.000    -0.235    -1.435     4.300     2.600    13.400
  2019.422     1.436     0.282     3.785     4.400     2.600    13.700
  2019.424    -0.467     0.006     5.924     4.300     2.500    13.300
  2019.427     0.485    -2.091     2.777     4.300     2.600    13.700
  2019.430    -0.235    -1.035    13.607     4.300     2.800    14.400
  2019.433    -0.349    -0.598     6.990     4.500     2.600    14.000
  2019.435     1.282     0.210     9.262     4.400     2.600    13.700
  2019.438     3.580     0.503     7.337     4.400     2.600    13.700
  2019.441     1.150    -0.886    13.109     4.300     2.600    13.700
  2019.444     1.238    -1.369    12.951     4.300     2.700    14.000
  2019.446     0.136    -0.029    11.119     4.400     2.600    14.000
  2019.449     0.852    -0.382     9.922     4.500     2.600    13.700
  2019.452    -0.544     0.482     5.240     4.400     2.600    13.700
  2019.455     2.035    -0.031    10.282     4.300     2.600    13.700
  2019.457     0.601    -0.178     8.119     4.400     2.600    13.700
  2019.460    -1.896    -0.134     7.435     4.500     2.600    14.000
  2019.463     1.099     0.208     5.309     4.400     2.600    13.700
  2019.465     0.471    -0.861    -0.122     4.900     2.900    15.000
  2019.468     5.204    -0.132    -2.433     4.500     2.800    14.400
  2019.471     1.342     0.276     5.731     4.500     2.600    14.000
  2019.474    -1.933    -1.118    11.427     4.300     2.600    13.300
  2019.476     0.252    -0.496     8.111     4.300     2.600    13.400
  2019.479    -1.967    -0.317    16.670     4.300     2.600    13.400
  2019.482    -0.109     0.374     8.695     4.400     2.700    14.000
  2019.485     1.649    -0.627     9.389     4.500     2.600    14.000
  2019.487    -0.014    -1.388     6.278     4.500     2.600    13.700
  2019.490     0.190    -0.220     6.715     4.400     2.600    13.400
  2019.493     1.612    -0.819    11.016     4.300     2.600    13.300
  2019.496     0.256     1.944    -0.896     4.300     2.600    13.300
  2019.498    -1.065     1.439     2.369     4.400     2.600    13.300
  2019.501     0.849     1.329     3.823     4.400     2.700    13.700
  2019.504     1.657    -0.456     2.757     4.400     2.600    13.700
  2019.507    -3.387     1.038    13.064     4.400     2.600    14.000
  2019.509     0.166     2.042    13.627     4.300     2.700    13.700
  2019.512     2.726     0.450    11.129     4.400     2.600    13.600
  2019.515     2.929     0.344     5.920     4.400     2.600    13.700
  2019.518     2.140    -0.201    -2.627     4.300     2.600    13.300
  2019.520     1.085    -0.791    13.330     4.400     2.600    14.000
  2019.523     1.116    -0.137    13.279     4.400     2.600    14.300
  2019.526     3.325    -0.923    11.689     4.200     2.600    13.300
  2019.528     3.624    -0.361    -0.198     4.400     2.700    14.200
  2019.531     2.265     0.320    -0.244     4.500     2.700    14.900
  2019.534     0.716     0.499     6.778     4.300     2.600    14.000
  2019.537     0.824     0.415     7.806     4.400     2.600    14.300
  2019.539     0.922     0.589    10.484     4.400     2.600    14.300
  2019.542     2.013    -0.933     5.069     4.500     2.700    14.200
  2019.545     2.461     0.340     4.300     4.400     2.700    14.600
  2019.548     1.035    -0.124     8.958     4.600     2.700    14.600
  2019.550    -0.007    -0.617    10.300     4.400     2.600    13.700
  2019.553     2.279     0.097     1.502     4.300     2.600    13.600
  2019.556     3.584    -0.046     6.103     4.600     2.600    14.600
  2019.559     0.092    -0.705    10.606     4.400     2.600    14.000
  2019.561     2.627    -0.431     3.666     4.600     2.800    14.800
  2019.564     1.388    -0.352     5.248     4.500     2.700    14.600
  2019.567     1.205    -0.282     3.814     4.600     2.700    14.700
  2019.570     0.050    -0.069    11.294     4.400     2.600    14.300
  2019.572     1.765    -2.070    -0.033     4.500     2.600    14.200
  2019.575     2.148     0.047     7.706     4.700     2.800    14.700
  2019.578     1.373    -0.039    11.681     4.400     2.600    14.000
  2019.580     2.032     1.019     4.563     4.600     2.600    14.100
  2019.583     1.844     0.321    -6.629     4.400     2.600    13.700
  2019.586     2.713    -0.571     2.020     4.500     2.600    14.400
  2019.589     1.905     1.810    -5.255     4.400     2.600    14.000
  2019.591     2.860     1.531     0.010     4.500     2.600    14.000
  2019.594     0.764     1.010    -3.783     4.600     2.600    14.200
  2019.597     1.855    -1.399     2.108     4.400     2.600    14.000
  2019.600     3.201     0.193    -1.621     4.300     2.700    14.400
  2019.602     1.226     0.468    -5.188     4.800     2.800    14.900
  2019.605     0.915     0.222     0.090     4.400     2.600    14.000
  2019.608     2.715     2.863    -5.375     4.600     2.700    14.700
  2019.611     2.266     2.552    -1.709     4.800     2.700    14.700
  2019.613    -1.017    -1.619     1.849     4.400     2.600    14.000
  2019.616     4.092     0.385    -3.196     4.500     2.600    14.200
  2019.619     1.056     0.133     1.646     4.400     2.600    14.300
  2019.622     1.031    -0.788     1.875     4.400     2.600    14.000
  2019.624     2.768     1.199    -0.971     4.400     2.700    14.400
  2019.627     2.773    -1.258    -0.794     4.500     2.600    14.000
  2019.630     1.180     0.288    10.044     4.400     2.600    14.000
  2019.632     1.031     0.440    -4.637     4.600     2.600    14.200
  2019.635     0.623    -0.667    -4.137     4.500     2.700    14.600
  2019.638    -0.355     0.416    11.193     4.400     2.600    14.000
  2019.641     2.064     0.445    -0.975     4.600     2.700    14.600
  2019.643     2.329     0.128    -0.994     4.600     2.600    14.200
  2019.646     2.226     1.431    -2.951     4.500     2.600    14.000
  2019.649     2.876     4.253   -10.608     4.500     2.600    14.000
  2019.652     3.048     0.496     0.231     4.500     2.600    14.000
  2019.654     5.686     1.814    -3.773     4.600     2.700    14.300
  2019.657     0.134    -0.251    -1.153     4.600     2.600    14.200
  2019.660    -0.039     0.289    -3.090     4.700     2.700    14.600
  2019.663     2.876     2.331    -4.305     4.600     2.600    14.000
  2019.665     0.916    -0.496    -2.275     4.400     2.600    13.700
  2019.668     0.803     0.524    -2.752     4.500     2.600    14.000
  2019.671     0.962    -0.293    -4.642     4.500     2.600    14.000
  2019.674     0.793     1.093    -1.790     4.500     2.600    13.700
  2019.676     2.565    -0.528     4.708     4.500     2.600    14.200
  2019.679     0.472     1.240     0.633     4.400     2.600    13.700
  2019.682     1.340     0.538    -2.334     4.400     2.700    14.000
  2019.685     1.804    -1.023    -5.743     4.400     2.600    13.400
  2019.687    -0.989     0.438     5.121     4.400     2.600    13.700
  2019.690     0.904     1.168    -4.027     4.500     2.600    13.700
  2019.693     0.135     1.916     0.188     4.400     2.600    13.300
  2019.695    -0.032     0.909    -2.076     4.400     2.600    13.700
  2019.698    -0.110     0.636   -11.508     4.400     2.600    13.300
  2019.701     2.801    -0.271    -9.755     4.400     2.600    13.400
  2019.704     2.569     1.884    -8.815     4.400     2.600    13.400
  2019.706     0.251     1.272    -4.713     4.400     2.600    13.400
  2019.709     0.001     1.111    -3.149     4.500     2.600    13.600
  2019.712     0.261     1.076    -7.755     4.300     2.500    13.300
  2019.715     1.195    -0.114    -4.263     4.500     2.600    13.700
  2019.717    -1.125     0.075    -3.689     4.400     2.600    13.300
  2019.720     0.653     2.037    -3.970     4.300     2.600    13.700
  2019.723     0.942     0.133    -9.476     4.300     2.700    13.700
  2019.726    -1.606     0.604   -12.733     4.100     2.600    13.400
  2019.728    -0.236    -0.475   -11.087     4.300     2.600    13.300
  2019.731    -0.662     0.594   -10.956     4.400     2.600    13.300
  2019.734    -1.987     0.569    -1.055     4.300     2.600    13.300
  2019.737    -1.198    -0.273   -18.499     4.400     2.600    13.700
  2019.739    -0.670    -0.514   -10.915     4.400     2.600    13.700
  2019.742    -0.680    -0.679    -6.698     4.400     2.700    14.000
  2019.745    -0.045     0.404    -8.458     4.500     2.600    13.700
  2019.747    -0.213    -0.211    -6.227     4.000     2.500    13.000
  2019.750     0.423    -0.041    -5.923     4.000     2.600    13.300
  2019.753    -0.040     0.169    -8.536     4.400     2.700    13.700
  2019.756    -0.485     0.042    -9.198     4.300     2.700    14.100
  2019.758    -0.932     0.721    -8.629     4.400     2.700    13.700
  2019.761    -0.342    -0.991   -19.193     4.100     2.600    13.700
  2019.764    -0.104    -0.438    -8.151     4.000     2.500    13.000
  2019.767    -0.961    -0.683    -7.646     4.000     2.600    13.400
  2019.769     1.755    -0.052    -9.474     3.800     2.600    12.800
  2019.772    -0.312    -0.602   -14.262     3.900     2.600    12.800
  2019.775    -0.553    -0.774   -11.538     4.300     2.600    13.400
  2019.778    -1.181    -0.004   -12.538     4.100     2.600    13.300
  2019.780    -0.860     1.285    -7.079     4.100     2.500    13.000
  2019.783    -0.617    -0.744   -11.648     4.100     2.600    13.300
  2019.786    -2.849     1.078   -11.557     4.100     2.600    13.400
  2019.789     0.070     0.670   -16.414     4.000     2.600    13.000
  2019.791     0.708     0.805   -17.872     4.100     2.500    13.000
  2019.794    -0.137    -0.515   -15.036     4.100     2.600    13.200
  2019.797    -3.779     0.064    -6.058     4.200     2.600    13.700
  2019.800    -3.015    -0.111   -20.881     4.100     2.500    13.300
  2019.802    -2.401    -1.405   -14.856     4.000     2.600    13.000
  2019.805    -0.323    -0.539    -5.835     4.000     2.500    13.000
  2019.808    -2.901    -1.684    -7.732     4.000     2.500    13.000
  2019.810    -2.742    -1.316   -10.024     4.000     2.600    13.000
  2019.813    -1.232     1.328    -3.338     3.900     2.600    12.800
  2019.816    -2.509    -0.738    -8.838     3.900     2.600    12.800
  2019.819    -2.779    -0.662    -4.144     4.000     2.500    12.800
  2019.821    -1.393    -0.043   -15.917     3.900     2.600    12.800
  2019.824    -3.132     0.169   -11.812     4.000     2.500    13.000
  2019.827    -2.940    -0.872   -15.916     4.000     2.500    13.000
  2019.830    -1.817    -0.884    -7.724     3.900     2.500    12.400
  2019.832    -0.461     0.247    -7.801     3.900     2.600    13.000
  2019.835    -3.472    -0.770   -10.053     3.900     2.600    13.000
  2019.838    -3.483    -3.486   -18.853     3.900     2.600    12.800
  2019.841    -2.517    -1.301   -14.247     4.300     2.600    13.000
  2019.843    -3.977    -1.596    -8.340     3.900     2.600    13.000
  2019.846    -1.179    -2.510   -10.729     4.300     2.600    13.300
  2019.849    -2.808    -0.768    -9.093     4.000     2.600    13.000
  2019.852    -2.533    -1.679   -12.528     3.900     2.600    12.800
  2019.854    -2.690    -1.470   -13.606     4.000     2.600    13.000
  2019.857    -2.449    -0.608   -14.709     4.100     2.500    13.300
  2019.860    -0.585     0.668    -8.982     4.000     2.600    13.000
  2019.862    -2.165    -0.044    -6.165     4.100     2.500    13.300
  2019.865    -2.379    -1.326    -8.258     4.000     2.500    13.000
  2019.868    -4.224    -1.916   -10.721     4.400     2.600    13.300
  2019.871    -2.885    -1.490   -11.531     4.000     2.500    13.300
  2019.873    -1.244    -0.998   -10.884     4.400     2.600    13.700
  2019.876    -1.235    -0.662   -10.992     4.100     2.600    13.300
  2019.879    -1.442    -1.622    -8.644     4.300     2.600    13.700
  2019.882    -4.185    -2.612    -5.080     4.100     2.600    13.300
  2019.884    -2.684    -2.520   -11.525     3.900     2.600    13.000
  2019.887    -2.820    -0.871   -17.262     3.900     2.600    13.000
  2019.890    -0.883    -2.112    -4.767     4.300     2.600    13.000
  2019.893    -1.865     0.246   -10.807     4.100     2.600    13.700
  2019.895    -0.586    -0.761   -13.639     4.000     2.600    13.300
  2019.898    -0.936    -0.729   -15.526     3.900     2.600    13.000
  2019.901    -2.852    -1.652    -9.573     4.000     2.500    13.000
  2019.904    -5.020    -2.828    -2.490     4.000     2.600    13.300
  2019.906    -2.334    -3.083    -3.996     4.100     2.500    13.300
  2019.909    -3.574    -2.584    -9.008     4.000     2.500    13.300
  2019.912    -1.366    -2.141    -5.849     4.000     2.600    13.000
  2019.914    -5.071    -1.856    -9.900     4.000     2.600    13.000
  2019.917    -4.347    -0.713    -8.857     4.000     2.500    13.000
  2019.920    -4.910    -2.712    -2.184     3.900     2.500    12.700
  2019.923    -3.163    -0.890   -10.751     4.000     2.500    12.800
  2019.925    -0.537    -0.607   -16.408     3.900     2.600    13.000
  2019.928    -1.409    -0.431   -13.214     4.000     2.600    13.000
  2019.931    -3.077    -0.372   -14.459     4.000     2.500    13.000
  2019.934    -3.417    -0.381   -12.052     4.000     2.500    13.000
  2019.936    -2.599    -1.146    -9.413     4.000     2.500    12.800
  2019.939    -1.818    -1.510   -10.773     4.000     2.600    13.000
  2019.942    -3.732    -2.100    -5.269     4.000     2.600    13.300
  2019.945    -4.796    -1.562    -3.865     4.000     2.500    13.300
  2019.947    -2.103    -0.448   -14.429     3.900     2.600    12.800
  2019.950    -3.901    -0.822   -10.046     4.000     2.600    13.000
  2019.953    -3.418    -1.959    -2.670     4.100     2.700    13.400
  2019.956    -3.439    -0.882    -2.298     3.900     2.600    12.800
  2019.958    -1.985     0.144    -4.590     4.000     2.500    13.000
  2019.961    -5.414     0.868    -2.806     4.000     2.600    13.000
  2019.964    -4.196    -0.527    -8.394     4.100     2.600    13.300
  2019.967    -3.773    -0.085    -7.312     4.000     2.600    13.000
  2019.969    -1.760    -2.270    -5.636     4.000     2.600    13.300
  2019.972    -3.957    -1.903     0.378     4.000     2.500    13.000
  2019.975    -3.022    -2.804     3.065     4.100     2.500    13.300
  2019.977    -4.211    -1.764    -2.914     4.100     2.600    13.300
  2019.980    -3.056    -1.639     3.624     4.000     2.500    13.000
  2019.983    -5.644    -3.063    -0.335     4.000     2.600    13.000
  2019.986    -3.427    -2.177    -4.546     4.100     2.500    13.300
  2019.988    -1.647    -0.410   -13.006     4.100     2.500    13.300
  2019.991    -1.472    -0.212    -6.711     4.000     2.500    13.000
  2019.994    -2.897     0.879    -6.494     4.000     2.500    13.000
  2019.997    -2.792     0.003    -8.184     4.000     2.500    13.000
  2019.999    -3.995    -2.209    -7.192     4.100     2.500    13.400
  2020.003    -2.319     0.326   -10.217     3.900     2.500    12.800
  2020.006    -3.420    -0.765    -8.772     4.000     2.500    13.000
  2020.008    -2.060     0.606    -8.504     3.900     2.700    13.400
  2020.011    -2.473     0.293    -5.045     3.900     2.700    13.400
  2020.014    -1.818    -0.852   -11.347     4.000     2.500    13.300
  2020.016    -1.641    -0.487    -5.978     4.000     2.500    13.000
  2020.019    -2.105     1.121    -7.218     4.000     2.500    13.000
  2020.022    -2.979     0.977    -1.557     3.900     2.600    12.800
  2020.025    -4.023     0.011     0.831     4.300     2.700    13.700
  2020.027    -2.239     0.324    -9.795     4.300     2.600    13.500
  2020.030    -1.610     0.595    -9.477     4.000     2.600    13.000
  2020.033    -3.286     0.561     0.134     4.000     2.500    12.800
  2020.036    -3.695    -1.939    -4.025     4.000     2.500    13.000
  2020.038    -6.220    -2.859     4.901     4.000     2.500    13.000
  2020.041    -3.623    -1.216    -3.807     3.900     2.600    13.000
  2020.044    -3.646    -0.095    -2.886     4.100     2.600    13.100
  2020.047    -1.828    -0.949    -8.255     4.200     2.600    13.300
  2020.049    -0.900    -0.277    -4.482     4.000     2.500    13.000
  2020.052    -3.602    -0.302     5.049     4.000     2.500    13.000
  2020.055    -2.379    -0.303    -6.789     3.900     2.600    12.800
  2020.058    -1.808    -0.137    -2.742     3.900     2.500    12.800
  2020.060    -1.385    -1.246    -8.646     3.800     2.600    12.500
  2020.063    -1.617    -0.976    -7.192     3.900     2.500    12.800
  2020.066    -2.533     0.982    -5.789     3.900     2.500    12.800
  2020.068    -3.127    -1.142   -11.713     3.900     2.500    12.800
  2020.071    -0.113    -0.235    -3.986     3.900     2.500    12.800
  2020.074    -1.520     0.688    -8.943     3.800     2.600    12.800
  2020.077    -3.722    -0.130    -6.819     3.900     2.600    12.800
  2020.079    -2.640     0.405    -6.324     3.900     2.500    12.800
  2020.082    -3.141    -0.279    -0.205     3.900     2.500    12.800
  2020.085    -3.428    -0.580    -5.403     3.800     2.500    12.400
  2020.088    -4.152    -0.233     5.945     3.900     2.500    12.800
  2020.090    -1.917    -1.049    -5.606     3.900     2.600    13.100
  2020.093    -2.246     0.101    -4.372     3.900     2.600    12.800
  2020.096    -4.866    -1.026    -6.203     4.000     2.500    13.000
  2020.099    -3.745    -1.127     1.579     3.900     2.500    12.800
  2020.101    -4.302    -1.346    -4.154     4.000     2.500    13.000
  2020.104    -3.678    -0.869     0.283     3.900     2.600    12.800
  2020.107    -1.786     1.147    -7.888     3.900     2.500    12.800
  2020.110    -3.174     1.860   -10.810     3.800     2.500    12.400
  2020.112    -2.553     0.337    -2.787     3.900     2.500    12.800
  2020.115    -2.611     0.873    -5.277     3.900     2.500    12.800
  2020.118    -3.302    -0.281    -6.779     4.000     2.600    13.400
  2020.121    -2.963     1.299    -1.665     4.000     2.700    13.400
  2020.123    -2.051     0.186    -9.054     4.400     2.700    14.400
  2020.126    -3.266     1.487    -8.942     4.000     2.600    13.300
  2020.129    -2.551     0.168    -3.965     3.900     2.600    13.000
  2020.131    -4.730    -2.508    -3.593     3.900     2.600    13.000
  2020.134    -2.728    -2.205     1.339     4.000     2.600    13.400
  2020.137    -2.633     0.162    -7.262     3.900     2.600    13.000
  2020.140    -3.861    -0.146     1.460     4.100     2.600    13.700
  2020.142    -4.014    -0.776    -8.284     4.200     2.600    13.300
  2020.145    -3.458    -0.498    -1.040     4.000     2.500    13.000
  2020.148    -1.805     1.425    -0.495     3.900     2.600    13.300
  2020.151    -1.649    -0.395   -12.205     3.900     2.600    13.300
  2020.153    -2.289     0.039   -11.819     3.900     2.600    13.400
  2020.156    -1.666     0.830    -7.553     4.000     2.500    13.000
  2020.159    -1.599     0.032   -13.007     4.000     2.600    13.300
  2020.162    -2.422    -0.365    -3.770     3.900     2.600    13.000
  2020.164    -3.134     0.067    -2.045     3.900     2.600    13.000
  2020.167    -3.107     0.287    -1.915     4.000     2.600    13.300
  2020.170    -0.658     0.859    -6.981     4.000     2.600    13.300
  2020.173    -1.927    -0.136    -4.030     4.000     2.600    13.300
  2020.175    -3.592    -0.097    -6.190     3.900     2.600    13.300
  2020.178    -2.280     0.353    -3.015     4.000     2.600    13.400
  2020.181     0.111     0.693    -9.602     3.900     2.500    13.100
  2020.183    -3.335     0.626    -0.392     3.900     2.600    13.300
  2020.186    -4.794     0.980    -4.484     4.000     2.600    13.300
  2020.189    -2.267     0.546    -7.145     4.000     2.600    13.400
  2020.192    -2.523    -1.088    -4.179     3.900     2.600    13.400
  2020.194    -3.184     1.770     6.864     3.900     2.600    13.300
  2020.197    -4.001     1.407    -0.207     3.900     2.500    13.100
  2020.200    -4.570     0.172    -8.821     3.900     2.600    13.300
  2020.203    -1.554     0.777    -5.300     3.900     2.600    13.600
  2020.205    -2.244    -0.082     8.878     3.900     2.600    13.700
  2020.208    -1.548     1.759    -6.084     3.900     2.700    13.700
  2020.211    -1.308     1.816    -0.300     4.200     2.600    13.500
  2020.214     0.907     1.253   -12.037     4.000     2.600    13.700
  2020.216    -4.474    -0.136    -5.842     4.300     2.800    14.700
  2020.219    -2.043     1.351    -4.600     4.200     2.700    14.000
  2020.222    -1.334     1.204    -4.836     4.300     2.700    14.000
  2020.225    -2.142     3.021    -9.883     3.900     2.600    13.400
  2020.227    -1.994     0.980    -8.215     4.000     2.600    13.700
  2020.230    -1.821     1.840    -3.476     3.900     2.600    13.300
  2020.233     1.238     1.195   -16.444     4.200     2.700    13.700
  2020.236    -1.153     2.756   -10.198     3.900     2.600    13.300
  2020.238    -2.110     1.806    -6.151     4.000     2.700    13.700
  2020.241    -3.789     0.740     5.422     4.300     2.600    13.700
  2020.244    -3.202     0.314    -1.045     4.200     2.700    14.000
  2020.246    -2.740    -0.253     5.929     4.200     2.700    13.700
  2020.249    -2.422    -1.341    -2.440     4.400     2.700    14.400
  2020.252    -2.132     0.424     5.260     4.400     2.700    14.400
  2020.255     0.818     0.872     2.207     4.300     2.600    14.000
  2020.257    -2.954     1.218     2.648     4.400     2.600    14.000
  2020.260    -2.409     2.131     3.336     4.500     2.700    14.400
  2020.263    -2.685     0.943    -2.074     4.500     2.600    14.400
  2020.266    -2.656     2.218    -4.578     4.400     2.700    14.400
  2020.268    -1.478     1.941    -2.021     4.400     2.700    14.400
  2020.271     1.743     0.272    -8.649     4.400     2.716    14.400
  2020.274    -4.444     2.472    15.124     4.500     2.700    14.900
  2020.277    -2.015     2.618    -1.735     4.500     2.600    14.600
  2020.279    -0.287     1.192    -2.474     4.400     2.700    14.600
  2020.282    -0.934     2.538    -0.176     4.700     2.800    15.300
  2020.285    -0.537    -0.826     7.236     4.500     2.700    14.600
  2020.288     3.335     0.829     9.054     4.400     2.700    14.400
  2020.290    -0.590     1.584     2.033     4.500     2.700    14.600
  2020.293     2.016     1.979     2.192     4.400     2.700    14.700
  2020.296     1.341     2.495     2.368     4.500     2.700    14.600
  2020.298     2.694     2.403     3.583     4.600     2.700    15.000
  2020.301     0.858     2.822    -0.684     4.600     2.700    15.000
  2020.304     0.427     0.539     0.889     4.400     2.700    14.700
  2020.307    -0.341     2.171    12.784     4.300     2.700    14.400
  2020.309     0.911     3.233    14.279     4.600     2.700    15.000
  2020.312    -1.802     0.990    14.504     4.600     2.700    15.000
  2020.315     2.811     1.871     4.485     4.600     2.700    15.000
  2020.318     2.977     1.806     7.034     4.500     2.700    14.600
  2020.320     0.336     1.604     8.177     4.500     2.700    14.600
  2020.323     1.445     1.439     4.661     4.500     2.700    15.000
  2020.326     2.468     1.863     7.723     4.500     2.700    15.000
  2020.329     2.431     2.148    12.987     4.500     2.700    15.300
  2020.331     3.834     3.477     8.765     4.500     2.600    14.600
  2020.334     2.289     3.483    10.024     4.600     2.700    15.000
  2020.337     0.461     1.968     8.046     4.600     2.700    15.300
  2020.340     2.456     1.796    16.650     4.500     2.700    14.600
  2020.342     3.143     3.269     4.078     4.500     2.700    15.000
  2020.345     3.523     1.164     7.410     4.600     2.700    15.000
  2020.348     3.132     1.884    16.273     4.600     2.700    15.300
  2020.350     0.088     2.649    12.865     4.700     2.800    15.400
  2020.353    -0.602     1.334    15.189     4.700     2.800    15.700
  2020.356     1.448     2.453    18.126     4.500     2.700    15.000
  2020.359     1.611     1.790     5.022     4.500     2.800    15.300
  2020.361     1.934     0.589     9.482     4.900     2.700    15.300
  2020.364     3.414     0.987    15.538     4.500     2.700    15.000
  2020.367    -0.911     0.445    21.066     4.800     2.700    15.000
  2020.370     1.100     2.712    13.862     4.500     2.700    15.000
  2020.372     0.437     2.195    15.195     4.600     2.700    15.000
  2020.375    -0.511     2.164    15.576     4.700     2.800    15.300
  2020.378    -0.002     1.633    12.416     4.500     2.600    14.900
  2020.381    -0.020     2.065     6.037     4.900     2.800    15.700
  2020.383     1.680     0.050    18.361     4.800     2.800    15.300
  2020.386     5.604     1.512     4.523     4.800     2.800    16.000
  2020.389    -2.395     1.602    20.062     4.600     2.700    15.300
  2020.392     2.641     3.266     7.539     4.800     2.800    15.600
  2020.394     1.471     0.449    13.686     4.700     2.700    15.300
  2020.397     0.586     0.617    15.449     4.800     2.800    15.300
  2020.400     6.302     3.875    13.116     4.500     2.700    15.000
  2020.403     2.921     2.340    13.578     4.500     2.700    15.000
  2020.405     1.685     2.452    14.390     4.500     2.800    15.300
  2020.408     1.207     1.912    15.782     4.600     2.700    15.600
  2020.411     0.716     0.010    13.799     4.500     2.700    15.000
  2020.413     0.977     0.140    10.908     4.500     2.700    15.000
  2020.416     2.705     2.342     6.633     4.500     2.700    14.600
  2020.419     2.384     0.728     9.975     4.600     2.800    15.000
  2020.422     2.788     1.220     1.172     4.500     2.700    15.000
  2020.424     2.474     1.509     7.554     4.600     2.700    15.300
  2020.427     4.759     2.051     8.841     4.800     2.800    15.600
  2020.430     2.977     2.521    11.464     4.700     2.900    15.700
  2020.433     5.760     1.603     7.411     4.400     2.700    14.600
  2020.435     4.538     0.936    11.232     4.500     2.700    15.000
  2020.438     1.957     1.610    10.349     4.400     2.700    14.700
  2020.441     3.501     0.558    16.099     4.600     2.700    15.000
  2020.444     4.147     2.505    10.553     4.600     2.700    15.000
  2020.446     3.276     1.703     7.322     4.500     2.700    15.000
  2020.449     4.481     1.234     2.640     4.500     2.700    14.800
  2020.452     2.593    -0.081    17.080     4.600     2.700    15.000
  2020.455     2.122     0.830     8.689     4.600     2.800    15.300
  2020.457     2.877     1.022    12.569     4.500     2.700    15.000
  2020.460     3.241     0.287     6.990     4.500     2.700    15.000
  2020.463     3.967     0.261     9.540     4.400     2.800    14.800
  2020.465     3.670     1.723     5.861     4.500     2.700    15.300
  2020.468     1.945    -0.795    12.374     4.500     2.700    15.000
  2020.471     2.254     0.888    12.779     4.500     2.700    14.900
  2020.474     3.422    -0.561    12.533     4.500     2.700    14.900
  2020.476     3.364     1.048    13.125     4.500     2.700    14.900
  2020.479     1.978     1.060    10.345     4.400     2.700    14.700
  2020.482     0.814     1.522    10.747     4.600     2.700    15.600
  2020.485     2.475     0.195    17.505     4.500     2.800    15.300
  2020.487     1.899    -0.365    14.672     4.900     2.800    16.000
  2020.490     2.855     0.854    13.959     4.400     2.900    15.600
  2020.493     2.621    -0.159    13.960     4.500     2.700    15.300
  2020.496     2.176     0.874     9.751     4.900     2.800    16.000
  2020.498     3.281     1.302     5.600     4.500     2.800    15.600
  2020.501     2.047     2.332    12.549     4.400     2.800    15.300
  2020.504     2.504     1.931     6.777     4.800     2.800    15.900
  2020.507    -0.559     0.837     9.965     4.500     2.800    15.600
  2020.509     3.372     2.023    -2.490     4.400     2.800    15.600
  2020.512     3.027     2.264     5.957     4.500     2.700    15.300
  2020.515     3.437     0.865    10.869     4.500     2.800    15.600
  2020.518     3.022     1.027    10.117     4.500     2.800    15.600
  2020.520     3.636     0.395     9.855     4.500     2.800    15.600
  2020.523     2.051     0.600    10.752     4.600     2.800    15.300
  2020.526     3.640     0.806     8.324     4.500     2.700    15.300
  2020.528     5.257     1.020     3.202     4.400     2.800    15.300
  2020.531     4.944     1.343     8.047     4.500     2.800    15.700
  2020.534     3.054     0.708    13.667     4.600     2.700    15.600
  2020.537     2.989     1.036    12.668     4.800     2.800    15.600
  2020.539     1.441     1.523     4.552     4.500     2.800    15.300
  2020.542     1.722     0.732    13.777     4.600     2.700    15.600
  2020.545     3.775     0.851    12.968     4.600     2.700    15.600
  2020.548     4.416     1.286    10.762     4.500     2.800    16.000
  2020.550     3.504     1.707     7.275     4.600     2.700    15.600
  2020.553     3.424     1.382     3.159     4.500     2.800    15.600
  2020.556     2.867    -0.070     5.796     4.600     2.800    15.700
  2020.559     2.825     0.135     7.084     4.500     2.800    15.600
  2020.561     2.998     0.056     5.703     4.600     2.800    16.000
  2020.564     4.509     0.221     5.578     4.600     2.700    15.600
  2020.567     2.978     0.364     6.136     4.600     2.800    15.600
  2020.570     1.290     0.868     2.718     4.700     2.800    16.000
  2020.572     1.053     1.200     1.657     4.800     2.800    15.900
  2020.575     3.574    -0.921     2.541     4.800     3.000    16.600
  2020.578     5.799     0.039    13.789     4.900     2.900    16.000
  2020.580     3.381     0.307    11.352     4.600     2.800    15.600
  2020.583     0.159    -0.539    10.283     5.000     2.800    16.000
  2020.586    -0.308     2.248     5.115     4.800     2.800    15.900
  2020.589     5.879     0.881    21.506     5.100     2.800    16.200
  2020.591     5.416     2.418    -0.162     4.800     2.800    16.200
  2020.594     2.079     1.115     7.140     4.700     2.800    16.200
  2020.597    -1.145     0.279    13.601     4.700     2.900    15.900
  2020.600    -1.374    -0.266    -1.141     4.800     2.900    16.600
  2020.602     1.161     3.328    20.329     5.000     2.900    16.600
  2020.605     4.677    -0.618     6.244     5.000     2.900    16.000
  2020.608     3.938    -0.600    15.781     5.100     2.900    16.200
  2020.611     2.091    -0.207    13.765     5.000     2.900    16.200
  2020.613     0.704     0.331    10.807     5.100     2.800    15.900
  2020.616     2.670    -0.454     9.195     5.100     2.900    16.300
  2020.619     1.855     1.630    13.383     5.200     2.800    16.200
  2020.622     3.288    -1.938    12.821     5.200     2.800    16.500
  2020.624     0.574    -0.857    13.927     5.000     2.800    16.500
  2020.627     2.010     0.281     9.403     4.900     2.800    16.200
  2020.630     3.219    -0.318    15.118     5.200     2.900    16.600
  2020.632     3.981     0.501    10.951     5.200     2.900    16.500
  2020.635     1.014    -0.311    15.094     5.000     2.800    16.200
  2020.638    -0.480     0.595     7.392     5.000     2.900    16.600
  2020.641     0.845     0.160    13.801     5.300     2.900    16.900
  2020.643     0.201     0.898    -1.801     4.800     2.800    15.900
  2020.646     1.251     0.922    15.288     4.700     2.800    15.500
  2020.649     3.838     1.984     8.833     4.700     2.900    15.900
  2020.652     2.759     1.655    -1.042     4.600     2.900    15.700
  2020.654     1.640     1.510    11.796     4.600     2.800    15.300
  2020.657     1.210    -0.601     7.723     4.700     2.900    15.900
  2020.660     2.119     0.538     9.548     5.000     2.900    15.800
  2020.663     4.346    -0.333    11.996     4.600     2.800    15.000
  2020.665     5.300    -0.675     8.445     4.900     2.800    15.600
  2020.668     0.836     0.155    13.719     4.700     2.800    15.500
  2020.671     4.285    -1.021    -0.581     4.900     2.800    15.900
  2020.674     2.937     0.799     7.699     5.100     2.800    15.700
  2020.676     2.297    -1.967     6.895     4.700     2.800    15.300
  2020.679     3.620     0.174     2.955     4.600     2.800    15.300
  2020.682     3.602    -0.392     3.177     4.600     2.800    15.300
  2020.685     2.007    -1.989     7.945     4.600     2.800    15.000
  2020.687     1.177    -1.660    10.007     5.000     2.900    15.700
  2020.690     1.173    -1.159     8.885     4.700     2.900    15.700
  2020.693     4.247    -0.583    -2.496     4.900     2.800    16.200
  2020.695     1.941     0.310     7.149     4.700     2.900    15.600
  2020.698     0.697    -0.762     3.732     4.800     2.900    16.200
  2020.701     0.054    -2.152    12.258     5.000     2.800    15.900
  2020.704     5.115     0.065     1.746     4.700     2.800    15.500
  2020.706     3.476    -0.767    -0.896     4.700     2.800    15.300
  2020.709     2.070    -1.161     8.759     4.900     3.000    15.700
  2020.712     3.073    -2.139     2.605     4.800     2.900    15.300
  2020.715     4.682     0.535    -6.689     4.700     2.900    15.200
  2020.717     2.223     0.585    -1.608     4.800     2.900    15.600
  2020.720     2.424     0.071     1.936     4.700     2.900    15.300
  2020.723     1.622    -0.340    -0.067     4.500     2.800    15.000
  2020.726    -0.305     0.183     2.986     4.500     2.800    15.000
  2020.728     0.520     0.059     3.623     4.500     2.800    14.900
  2020.731    -0.163     0.007     4.090     4.700     2.900    15.500
  2020.734     2.448    -0.173    -2.632     4.500     2.900    15.300
  2020.737     3.116    -0.188     1.557     4.600     2.900    15.300
  2020.739     1.924    -1.107     3.857     4.500     2.900    15.000
  2020.742     0.739    -0.427    -3.927     4.600     2.900    15.300
  2020.745     3.411    -0.165    -1.076     4.400     2.800    14.600
  2020.747     2.561     0.834    -6.444     4.400     2.800    14.400
  2020.750     1.175    -0.005     3.329     4.500     2.800    15.000
  2020.753     0.102     0.019    -8.731     4.600     2.800    15.000
  2020.756    -0.640     0.836    -2.363     4.700     2.800    15.300
  2020.758     0.773    -0.631    -8.182     4.700     2.800    14.900
  2020.761    -0.569    -0.324    -5.344     4.800     2.800    15.200
  2020.764     0.281     0.578    -0.535     4.600     2.700    14.600
  2020.767    -0.515    -0.928    -7.671     4.800     2.800    15.500
  2020.769     1.064    -3.748    -0.043     4.600     2.700    14.600
  2020.772     1.537    -0.652    -8.734     4.500     2.800    14.600
  2020.775    -0.541    -0.151   -15.363     4.500     2.800    14.600
  2020.778     0.757    -1.368    -3.469     4.600     2.700    14.600
  2020.780    -0.569    -1.526     2.721     4.500     2.700    14.300
  2020.783     0.525    -1.462    -5.872     4.400     2.800    14.400
  2020.786    -1.397    -0.332    -3.981     4.500     2.716    14.600
  2020.789     1.096    -2.452    -4.741     4.500     2.800    14.600
  2020.791    -0.578    -1.583   -10.810     4.600     2.800    14.600
  2020.794    -1.948    -1.519    -7.532     4.500     2.800    14.300
  2020.797     0.595    -0.154    -4.746     4.500     2.800    14.600
  2020.800    -1.661    -2.200    -5.068     4.600     2.800    14.900
  2020.802    -0.061    -0.494    -4.308     4.600     2.800    14.900
  2020.805     2.398    -0.003   -11.582     4.600     2.900    15.300
  2020.808    -0.371    -0.557   -11.721     4.500     2.700    14.300
  2020.810    -0.599    -1.406    -9.564     4.900     2.900    15.000
  2020.813    -0.209    -0.881    -0.579     4.800     2.800    15.600
  2020.816     0.103    -0.219    -2.541     4.700     2.700    14.900
  2020.819     0.552    -3.390    -6.843     4.500     2.800    14.700
  2020.821    -1.463    -2.520    -3.983     4.600     2.800    15.000
  2020.824    -0.555    -1.930    -7.613     4.500     2.700    14.600
  2020.827     0.072    -1.941   -13.255     4.700     2.800    15.000
  2020.830    -0.954    -1.582    -3.561     4.600     2.800    15.000
  2020.832    -0.079    -0.118    -5.283     4.500     2.900    15.000
  2020.835     0.898    -1.098    -7.386     4.500     2.900    14.700
  2020.838    -0.899    -2.404    -3.139     4.500     2.800    14.600
  2020.841     0.335    -2.054    -0.992     4.500     2.800    14.300
  2020.843     0.742    -2.038    -3.609     4.500     2.800    14.600
  2020.846     0.628    -3.089    -3.331     4.700     2.800    14.900
  2020.849    -0.932    -3.307    -0.631     4.400     2.800    14.900
  2020.852    -1.229    -3.979    -2.724     4.400     2.800    14.600
  2020.854    -1.527    -2.573    -5.096     4.400     2.800    14.600
  2020.857    -0.195    -2.664    -4.745     4.500     2.800    14.600
  2020.860    -0.347    -1.438    -7.470     4.500     2.800    15.200
  2020.862    -1.360    -2.061    -8.662     4.400     2.800    14.600
  2020.865    -0.385    -2.373   -11.400     4.300     2.800    14.400
  2020.868     1.221    -1.990   -12.741     4.700     3.000    15.700
  2020.871     1.020    -1.292   -10.421     4.900     3.000    16.000
  2020.873    -0.346    -1.318   -11.051     4.400     2.800    14.400
  2020.876    -1.075    -1.999    -4.634     4.500     2.800    14.600
  2020.879    -1.566    -3.588    -4.105     4.500     2.900    15.300
  2020.882     1.744    -1.451    -4.570     4.300     2.900    14.600
  2020.884     2.506    -1.683    -0.506     4.500     2.900    15.000
  2020.887     0.500    -1.947    -9.153     4.500     2.800    14.600
  2020.890    -0.436    -3.420    -3.596     4.700     2.900    15.600
  2020.893     1.562    -1.777    -0.994     4.500     2.800    14.900
  2020.895    -1.001     0.103     6.684     4.300     2.800    14.000
  2020.898    -1.398    -3.883     1.030     4.400     2.900    15.300
  2020.901    -0.824    -3.404    -5.638     4.300     2.800    14.600
  2020.904    -0.064    -1.655    -0.812     4.300     2.800    14.400
  2020.906     0.993    -0.696    -9.725     4.400     2.800    14.400
  2020.909    -0.392    -1.465    -5.445     4.400     2.800    14.400
  2020.912     0.762    -1.329    -6.000     4.400     2.800    14.600
  2020.914     0.085    -1.708    -9.483     4.600     2.900    15.000
  2020.917    -0.543    -2.477    -2.589     4.400     2.800    14.400
  2020.920    -1.321    -3.710    -1.156     4.400     2.800    14.600
  2020.923     0.194    -1.986    -8.749     4.500     2.800    15.000
  2020.925     0.126    -2.030    -0.820     4.400     2.800    14.400
  2020.928     2.459    -2.791    -7.890     4.600     2.800    15.300
  2020.931    -0.301    -2.421    -4.614     4.400     2.800    14.400
  2020.934     1.113    -1.029    -9.429     4.500     2.800    14.400
  2020.936     0.162    -1.584    -5.370     4.400     2.800    14.400
  2020.939    -0.009    -1.615    -4.022     4.500     2.800    14.600
  2020.942     0.520    -0.859    -2.081     4.400     2.800    14.600
  2020.945    -0.095    -2.287   -10.706     4.500     2.800    14.300
  2020.947    -1.253    -1.329    -4.376     4.400     2.700    14.000
  2020.950     0.036    -1.088    -2.403     4.500     2.800    14.900
  2020.953    -1.109    -1.678     7.478     4.400     2.800    14.400
  2020.956     0.149    -3.416     1.847     4.500     2.800    14.400
  2020.958    -0.003    -2.434    -0.838     4.500     2.800    14.400
  2020.961    -1.254    -1.321     3.903     4.500     2.800    14.600
  2020.964    -2.939    -3.053     1.099     4.500     2.800    14.600
  2020.967    -2.641    -3.819     2.362     4.300     2.800    14.400
  2020.969    -0.635    -2.084    -6.616     4.500     2.900    15.300
  2020.972     0.742    -0.970    -7.795     4.300     2.900    14.600
  2020.975    -0.355    -1.108    -8.662     4.400     2.800    14.400
  2020.977    -1.784    -1.779    -1.326     4.500     2.900    15.000
  2020.980    -1.295    -1.404    -4.414     4.400     2.900    15.300
  2020.983    -1.754    -2.640     8.333     4.500     2.900    16.000
  2020.986    -0.696    -2.087    14.222     4.500     3.000    15.700
  2020.988    -0.622    -1.834    -1.903     4.500     2.800    14.600
  2020.991    -0.526    -1.454    -2.664     4.300     2.800    14.100
  2020.994    -2.125    -2.932     7.459     4.600     2.800    15.300
  2020.997    -2.467    -1.468     0.462     4.500     2.800    14.600
  2020.999    -0.740    -1.035     1.621     4.400     2.800    14.400
  2021.002    -0.977    -2.875     0.464     4.400     2.800    14.400
  2021.005    -1.327    -2.348    -0.201     4.389     2.716    14.382
  2021.008    -0.471    -1.471    -3.545     4.389     2.716    14.382
  2021.010     0.236    -1.541    -4.560     4.389     2.716    14.382
  2021.013     1.887    -1.334    -3.727     4.389     2.716    14.382
  2021.016     1.432    -0.224    -7.102     4.389     2.716    14.382
  2021.019    -0.238    -1.279    -7.058     4.389     2.716    14.382
  2021.021     0.370    -0.739    -2.044     4.389     2.716    14.382
  2021.024     2.845    -1.133     0.078     4.389     2.716    14.382
  2021.027     5.674    -0.370    -4.231     4.389     2.716    14.382
  2021.030     1.317    -1.179    -4.894     4.389     2.716    14.382
  2021.032    -0.048    -1.238    -2.879     4.389     2.716    14.382
  2021.035    -0.874    -1.042     0.400     4.389     2.716    14.382
  2021.038    -0.197    -1.247    -6.420     4.389     2.716    14.382
  2021.040    -0.227    -0.997    -3.380     4.389     2.716    14.382
  2021.043    -1.015    -0.358    -4.337     4.389     2.716    14.382
  2021.046    -1.974    -1.446    -0.074     4.389     2.716    14.382
  2021.049    -1.651    -0.746     1.492     4.389     2.716    14.382
  2021.051    -0.500    -1.391    -1.508     4.389     2.716    14.382
  2021.054    -1.579    -1.803    -3.916     4.389     2.716    14.382
  2021.057    -0.557    -0.816    -7.706     4.389     2.716    14.382
  2021.060    -0.256    -0.355    -3.484     4.389     2.716    14.382
  2021.062    -1.026    -0.814     1.840     4.389     2.716    14.382
  2021.065    -1.831    -1.403     4.126     4.389     2.716    14.382
  2021.068    -2.033    -2.015     1.974     4.389     2.716    14.382
  2021.071    -1.452    -1.769     5.216     4.389     2.716    14.382
  2021.073    -1.666    -0.932     3.748     4.389     2.716    14.382
  2021.076    -2.354    -1.328     3.609     4.389     2.716    14.382
  2021.079    -1.402    -0.588     4.948     4.389     2.716    14.382
  2021.082     0.009    -2.040     7.628     4.389     2.716    14.382
  2021.084    -1.214    -0.519    -0.336     4.389     2.716    14.382
  2021.087    -1.496    -1.071    -2.392     4.389     2.716    14.382
  2021.090    -0.038    -0.749    -4.567     4.389     2.716    14.382
  2021.093    -1.004    -1.672    -1.817     4.389     2.716    14.382
  2021.095    -2.102    -1.397     4.110     4.389     2.716    14.382
  2021.098    -2.157    -1.130     3.683     4.389     2.716    14.382
  2021.101    -0.945    -0.398     6.064     4.389     2.716    14.382
  2021.103    -1.805     0.885     4.254     4.389     2.716    14.382
  2021.106     1.319     1.275    -8.614     4.389     2.716    14.382
  2021.109    -0.156     0.439    -2.384     4.389     2.716    14.382
  2021.112    -1.460    -0.865     3.843     4.389     2.716    14.382
  2021.114    -1.124     0.230    -8.026     4.389     2.716    14.382
  2021.117    -0.616    -0.926    -0.670     4.389     2.716    14.382
  2021.120    -1.861    -1.207     2.212     4.389     2.716    14.382
  2021.123    -2.286    -0.629     3.794     4.389     2.716    14.382
  2021.125    -1.380    -1.127     0.365     4.389     2.716    14.382
  2021.128    -2.271     0.078     2.337     4.389     2.716    14.382
  2021.131    -1.251     0.112     2.559     4.389     2.716    14.382
  2021.134    -2.164    -0.825     5.106     4.389     2.716    14.382
  2021.136    -1.641    -0.721     0.200     4.389     2.716    14.382
  2021.139    -1.491    -0.838     1.356     4.389     2.716    14.382
  2021.142    -1.612    -0.965    -4.371     4.389     2.716    14.382
  2021.145    -0.610     0.072    -1.202     4.389     2.716    14.382
  2021.147     0.456    -0.662    -6.632     4.389     2.716    14.382
  2021.150    -1.060    -0.029    -5.482     4.389     2.716    14.382
  2021.153    -0.221    -0.085    -0.500     4.389     2.716    14.382
  2021.156    -0.322    -0.630     0.220     4.389     2.716    14.382
  2021.158     0.365    -0.813    -0.506     4.389     2.716    14.382
  2021.161    -1.767    -0.842     0.430     4.389     2.716    14.382
  2021.164    -2.475     0.137     6.078     4.389     2.716    14.382
  2021.166    -0.024    -1.505    12.980     4.389     2.716    14.382
  2021.169    -1.468    -0.480     5.263     4.389     2.716    14.382
  2021.172    -0.817    -0.819     5.061     4.389     2.716    14.382
  2021.175    -0.023    -1.545     2.256     4.389     2.716    14.382
  2021.177    -1.470    -0.812    -1.743     4.389     2.716    14.382
  2021.180    -0.920     0.644    -1.476     4.389     2.716    14.382
  2021.183    -0.946     0.617    -4.117     4.389     2.716    14.382
  2021.186    -2.582     0.289     4.175     4.389     2.716    14.382
  2021.188    -1.235     0.921    -0.307     4.389     2.716    14.382
  2021.191     0.681    -0.283    -3.428     4.389     2.716    14.382
  2021.194    -1.288     0.402    -3.535     4.389     2.716    14.382
  2021.197     0.020     0.683    -3.947     4.389     2.716    14.382
  2021.199    -0.482     0.150    -4.634     4.389     2.716    14.382
  2021.202    -0.776     1.277    -1.110     4.389     2.716    14.382
  2021.205    -1.072     0.430    -2.720     4.389     2.716    14.382
  2021.208    -1.546     1.699     1.459     4.389     2.716    14.382
  2021.210    -3.636     1.003     6.895     4.389     2.716    14.382
  2021.213    -3.071    -0.754     2.877     4.389     2.716    14.382
  2021.216    -0.083     0.142    -0.242     4.389     2.716    14.382
  2021.219    -1.657    -0.227     2.422     4.389     2.716    14.382
  2021.221    -2.790     0.995     5.401     4.389     2.716    14.382
  2021.224    -2.486    -0.287     4.241     4.389     2.716    14.382
  2021.227    -0.169     0.166     6.006     4.389     2.716    14.382
  2021.230     1.576     0.893     4.098     4.389     2.716    14.382
  2021.232    -2.484     2.336     2.055     4.389     2.716    14.382
  2021.235    -1.894     0.968     1.875     4.389     2.716    14.382
  2021.238     0.148     0.932     3.746     4.389     2.716    14.382
  2021.240    -1.715     1.261     3.938     4.389     2.716    14.382
  2021.243    -0.638     2.203     5.260     4.389     2.716    14.382
  2021.246     5.061     2.952    -6.191     4.389     2.716    14.382
  2021.249    -1.133     2.522    10.846     4.389     2.716    14.382
  2021.251    -3.526     0.546     7.022     4.389     2.716    14.382
  2021.254    -2.118     1.943     3.959     4.389     2.716    14.382
  2021.257    -0.482     2.195    -9.406     4.389     2.716    14.382
  2021.260     0.442     1.105    -4.030     4.389     2.716    14.382
  2021.262     1.520     1.827     0.769     4.389     2.716    14.382
  2021.265     2.819     2.216   -10.424     4.389     2.716    14.382
  2021.268     1.187     2.337    -1.944     4.389     2.716    14.382
  2021.271    -1.565     1.481    -2.687     4.389     2.716    14.382
  2021.273     2.402     0.963     4.022     4.389     2.716    14.382
  2021.276    -0.403     1.295     6.232     4.389     2.716    14.382
  2021.279    -1.310     0.098    -1.384     4.389     2.716    14.382
  2021.282    -2.503     1.265     1.807     4.389     2.716    14.382
  2021.284     0.064     0.198    -5.801     4.389     2.716    14.382
  2021.287     0.215     1.493    -2.922     4.389     2.716    14.382
  2021.290    -0.359     2.264    -9.415     4.389     2.716    14.382
  2021.293     0.084     0.750    -4.807     4.389     2.716    14.382
  2021.295     0.486     2.257   -12.915     4.389     2.716    14.382
  2021.298     0.551     3.167    -4.858     4.389     2.716    14.382
  2021.301    -2.899     0.146     2.279     4.389     2.716    14.382
  2021.303     0.072     1.728    -2.546     4.389     2.716    14.382
  2021.306    -3.861     3.034     2.129     4.389     2.716    14.382
  2021.309    -0.918     0.718     7.640     4.389     2.716    14.382
  2021.312    -0.243     0.268    -2.668     4.389     2.716    14.382
  2021.314    -1.661     1.970    -1.005     4.389     2.716    14.382
  2021.317    -0.473     1.641   -17.879     4.389     2.716    14.382
  2021.320     0.805     1.775    -5.293     4.389     2.716    14.382
  2021.323     1.200     2.526   -12.131     4.389     2.716    14.382
  2021.325     0.093     2.024    -9.393     4.389     2.716    14.382
  2021.328    -3.021     1.601    -7.670     4.389     2.716    14.382
  2021.331    -2.967     0.857     1.367     4.389     2.716    14.382
  2021.334     0.278     1.216    -5.859     4.389     2.716    14.382
  2021.336    -0.989     0.550    -2.969     4.389     2.716    14.382
  2021.339     0.755     2.003   -10.524     4.389     2.716    14.382
  2021.342     2.278     3.617    -4.650     4.389     2.716    14.382
  2021.345     1.450     0.964     0.710     4.389     2.716    14.382
  2021.347    -0.294     2.060    -1.466     4.389     2.716    14.382
  2021.350    -0.888     1.875    -6.138     4.389     2.716    14.382
  2021.353     0.944     1.513    -7.149     4.389     2.716    14.382
  2021.356     1.573     1.747   -12.517     4.389     2.716    14.382
  2021.358     1.942     2.573    -9.429     4.389     2.716    14.382
  2021.361     2.670     1.259    -4.741     4.389     2.716    14.382
  2021.364     0.848     2.559    -1.643     4.389     2.716    14.382
  2021.366    -1.157     2.680     2.768     4.389     2.716    14.382
  2021.369    -0.696     3.278    -0.168     4.389     2.716    14.382
  2021.372     1.021     1.906    -5.939     4.389     2.716    14.382
  2021.375     1.461     1.820   -10.573     4.389     2.716    14.382
  2021.377     1.735     2.670   -10.324     4.389     2.716    14.382
  2021.380    -0.308     1.703    -5.395     4.389     2.716    14.382
  2021.383     0.238     2.134     2.800     4.389     2.716    14.382
