  2019.282     0.276     1.433     4.431     3.000     2.400    10.000
  2019.285    -3.372    -0.037    -2.592     3.000     2.300     9.900
  2019.288    -0.526     1.626    -0.702     3.300     2.400    10.100
  2019.290    -3.847     1.123    -4.737     3.300     2.400    10.100
  2019.293    -3.220     2.319    -3.512     3.000     2.300     9.900
  2019.296    -3.856     3.046    -8.426     3.319     2.300     9.900
  2019.298    -2.737     2.421    -7.432     3.300     2.400    10.300
  2019.301     1.159     1.561    -4.241     3.300     2.400    10.100
  2019.304    -4.063     1.730   -13.972     3.300     2.400    10.100
  2019.307    -2.377    -0.421    -4.030     3.000     2.300     9.900
  2019.309    -1.946    -0.613     0.149     3.000     2.300     9.900
  2019.312    -0.047    -0.311     4.811     3.000     2.400    10.000
  2019.315    -0.546     1.633     0.194     3.300     2.400    10.300
  2019.318     1.787     1.615     7.181     3.000     2.300     9.900
  2019.320    -0.669     0.978     1.666     3.000     2.400    10.000
  2019.323     0.322     1.076    -0.205     3.000     2.400    10.000
  2019.326     1.098     0.793    -6.346     3.000     2.300     9.900
  2019.329     1.396     0.851     3.658     3.000     2.400    10.000
  2019.331    -4.826     1.482     1.818     3.000     2.300     9.900
  2019.334    -3.194     1.405    -1.206     3.000     2.400    10.300
  2019.337    -3.143     1.817    -9.158     3.300     2.400    10.300
  2019.340    -3.318     0.018   -13.017     3.000     2.400    10.000
  2019.342    -0.396     1.567    -4.207     3.000     2.400    10.000
  2019.345    -0.471     2.243    -6.912     3.000     2.300     9.900
  2019.348     1.954     0.677    -3.103     3.100     2.400    10.000
  2019.350    -0.567     0.654    -3.730     3.100     2.400    10.000
  2019.353    -2.447    -0.362    -4.588     3.000     2.300     9.900
  2019.356    -2.189     0.407    -1.452     3.000     2.300     9.900
  2019.359    -1.963     2.572   -12.069     3.000     2.300     9.900
  2019.361    -5.821     0.002     1.227     3.000     2.300     9.900
  2019.364    -5.131    -0.434    -2.413     3.000     2.300     9.900
  2019.367     1.714     1.933    -4.948     3.000     2.400    10.000
  2019.370     1.980    -0.234    -2.337     3.000     2.300     9.900
  2019.372     0.615     0.434    -3.289     3.000     2.400    10.000
  2019.375     1.344    -0.076   -14.936     3.000     2.300     9.900
  2019.378     2.117     0.511    -0.201     3.300     2.400    10.300
  2019.381    -0.071    -0.069     0.350     3.000     2.400    10.000
  2019.383     1.900    -0.162    -6.875     3.000     2.300     9.900
  2019.386     0.642    -0.282     1.066     3.000     2.300     9.900
  2019.389     0.789    -0.103     0.904     3.000     2.300     9.900
  2019.392     0.285    -0.433     8.648     3.000     2.300     9.900
  2019.394     1.398    -0.451     1.128     3.000     2.400    10.000
  2019.397    -0.104     0.312     4.639     3.000     2.300     9.900
  2019.400    -1.844     0.418     0.824     3.000     2.300     9.600
  2019.403    -2.736    -2.163     2.545     3.000     2.300     9.900
  2019.405    -2.258     1.063    -0.847     3.000     2.300     9.900
  2019.408    -0.378     0.918    -2.636     3.000     2.300     9.900
  2019.411     1.285     0.222     5.532     3.000     2.300     9.900
  2019.413     1.057     1.038    -3.192     3.300     2.400    10.100
  2019.416    -1.144     0.983     2.348     3.000     2.400    10.000
  2019.419    -0.737     0.102     1.933     3.300     2.400    10.100
  2019.422    -0.101    -0.582     9.541     3.300     2.400    10.300
  2019.424     0.497     0.541     2.767     3.300     2.400    10.100
  2019.427    -0.850    -0.156     0.707     3.000     2.400    10.000
  2019.430     1.530     0.599     7.525     3.300     2.400    10.300
  2019.433     0.317     0.835     0.795     3.000     2.400    10.000
  2019.435     0.149     0.743     3.854     3.300     2.400    10.300
  2019.438     1.148     2.335     4.217     3.300     2.400    10.100
  2019.441     1.318     2.345     4.376     3.400     2.400    10.300
  2019.444     1.507     0.861     6.805     3.400     2.400    10.300
  2019.446    -1.994    -2.099     1.160     3.400     2.400    10.300
  2019.449     1.823     0.647     2.751     3.400     2.400    10.300
  2019.452     0.627     1.110     1.256     3.400     2.400    10.300
  2019.455     1.107     0.798     3.085     3.300     2.400    10.300
  2019.457     0.173     1.549     4.110     3.300     2.400    10.100
  2019.460    -0.223    -0.208     6.413     3.300     2.400    10.300
  2019.463    -0.127     0.734    -1.125     3.300     2.400    10.300
  2019.465     0.846     1.264     9.931     3.300     2.500    11.000
  2019.468     0.479    -1.207     0.907     3.400     2.500    10.700
  2019.471     0.818     1.000     4.159     3.400     2.400    10.300
  2019.474     0.144    -0.095     5.542     3.100     2.400    10.300
  2019.476    -0.070    -0.173     3.913     3.300     2.400    10.300
  2019.479     0.911     0.305     0.760     3.300     2.400    10.300
  2019.482     0.370    -0.105     0.872     3.100     2.400    10.000
  2019.485     1.129     0.893     2.653     3.400     2.400    10.300
  2019.487    -0.234     1.231     3.029     3.400     2.400    10.300
  2019.490    -0.130    -0.001     1.754     3.300     2.400    10.300
  2019.493    -0.506     1.900    -1.358     3.300     2.400    10.100
  2019.496    -0.662    -0.038     1.517     3.000     2.400    10.000
  2019.498    -0.282     0.056     0.369     3.000     2.400    10.000
  2019.501     0.532    -0.154     2.511     3.300     2.400    10.100
  2019.504     1.041    -0.240     2.732     3.000     2.300     9.900
  2019.507     1.098     1.053    -4.674     3.000     2.400    10.000
  2019.509     0.551     0.357    -1.623     3.300     2.400    10.100
  2019.512     1.012     0.964    -5.233     3.000     2.300     9.900
  2019.515     1.616     1.657     3.744     3.000     2.300     9.900
  2019.518     1.927     1.412     0.585     3.000     2.300     9.900
  2019.520     0.073    -0.179     4.929     3.300     2.400    10.100
  2019.523    -0.795     0.174    -1.735     3.000     2.400    10.000
  2019.526    -1.186     1.187    -7.537     3.300     2.400    10.100
  2019.528     0.815     0.849    -1.737     3.300     2.400    10.300
  2019.531     0.856    -0.170     2.505     3.300     2.400    10.600
  2019.534     1.108     0.108     3.414     3.300     2.400    10.300
  2019.537    -0.084    -0.577     5.329     3.400     2.400    10.300
  2019.539     0.015     1.096    -3.806     3.300     2.400    10.300
  2019.542     1.107    -0.626    -0.034     3.300     2.400    10.300
  2019.545     3.455     0.145    -1.915     3.300     2.400    10.300
  2019.548    -0.770    -0.019    -3.070     3.400     2.400    10.300
  2019.550     0.288     0.687    -0.940     3.000     2.300     9.900
  2019.553     0.875     0.700    -4.651     3.300     2.400    10.100
  2019.556     0.481     0.357     1.837     3.300     2.400    10.300
  2019.559     0.790    -0.203    -0.772     3.300     2.400    10.300
  2019.561     1.326    -0.729    -3.325     3.200     2.400    10.600
  2019.564    -0.013    -0.451    -1.056     3.000     2.400    10.300
  2019.567    -0.895    -0.082    -0.602     3.300     2.400    10.300
  2019.570     1.850    -0.269     1.865     3.300     2.400    10.300
  2019.572     2.566    -2.971     2.525     3.300     2.300     9.900
  2019.575     1.650     0.045    -5.348     3.300     2.400    10.300
  2019.578     0.476    -0.242    -5.987     3.300     2.400    10.300
  2019.580     0.835    -0.584    -0.917     3.300     2.400    10.300
  2019.583     0.348     0.417    -0.322     3.300     2.400    10.300
  2019.586    -0.282     0.224     4.015     3.200     2.400    10.300
  2019.589     0.111     0.904    -5.872     3.300     2.400    10.100
  2019.591    -0.534    -0.675    -0.721     3.300     2.400    10.100
  2019.594    -0.830    -0.397    -5.326     3.300     2.400    10.300
  2019.597     0.362    -0.606     2.252     3.300     2.400    10.300
  2019.600    -0.791    -0.015     2.110     3.300     2.400    10.600
  2019.602    -1.065    -0.341     5.030     3.300     2.400    10.600
  2019.605     0.125    -0.188    -0.904     3.300     2.400    10.100
  2019.608     0.025    -0.347     2.718     3.300     2.400    10.600
  2019.611     0.176    -0.658    -5.528     3.200     2.400    10.900
  2019.613    -1.006    -1.130     7.717     3.300     2.400    10.300
  2019.616     1.604    -0.527    18.359     3.400     2.400    10.300
  2019.619    -0.431    -1.180     0.388     3.000     2.300     9.900
  2019.622    -0.856    -1.801    -4.295     3.300     2.400    10.300
  2019.624    -0.018    -0.515     4.546     3.300     2.400    10.600
  2019.627    -0.012    -1.273    -0.390     3.300     2.400    10.300
  2019.630     1.396    -2.427     2.836     3.300     2.400    10.100
  2019.632     1.347    -3.076     0.942     3.300     2.400    10.100
  2019.635     0.740    -2.783     0.129     3.300     2.400    10.300
  2019.638    -0.138    -0.802     1.046     3.300     2.400    10.300
  2019.641    -0.618    -0.473     3.066     3.300     2.400    10.300
  2019.643     0.548     0.309    -1.566     3.300     2.400    10.300
  2019.646     0.445    -0.288     3.265     3.300     2.400    10.100
  2019.649     0.296    -1.568     0.895     3.300     2.400    10.100
  2019.652    -1.831    -0.925    -3.479     3.300     2.400    10.100
  2019.654    -2.292    -1.908    -5.395     3.300     2.400    10.300
  2019.657    -2.944    -2.673    -1.988     3.300     2.400    10.300
  2019.660    -1.816     2.166     0.062     3.300     2.400    10.300
  2019.663     0.300    -0.393    -0.866     3.400     2.400    10.300
  2019.665    -0.460    -0.720    -2.748     3.000     2.400    10.000
  2019.668    -0.672     0.299    -0.738     3.300     2.400    10.300
  2019.671    -0.613    -1.119    -2.341     3.300     2.400    10.300
  2019.674    -0.081    -0.533     0.999     3.300     2.400    10.300
  2019.676     0.792    -1.455    -1.416     3.300     2.400    10.300
  2019.679     1.199    -1.288    -1.904     3.300     2.400    10.600
  2019.682     2.168     0.109     6.117     3.300     2.400    10.300
  2019.685     1.933    -1.452     3.595     3.300     2.400    10.300
  2019.687     2.141    -0.292    -0.854     3.300     2.400    10.300
  2019.690     1.634    -0.662     0.186     3.300     2.400    10.300
  2019.693    -0.734     0.485    -2.312     3.300     2.400    10.300
  2019.695     0.000     0.778    -4.289     3.300     2.400    10.300
  2019.698     2.723    -0.596     1.366     3.300     2.400    10.300
  2019.701     2.334    -0.104    -3.093     3.300     2.400    10.300
  2019.704     0.202     0.350    -3.165     3.300     2.400    10.100
  2019.706     0.786    -0.663    -3.776     3.300     2.400    10.300
  2019.709     1.636    -0.824    -2.825     3.300     2.400    10.300
  2019.712     1.497    -0.760    -3.844     3.300     2.400    10.100
  2019.715     3.132    -2.151    -1.165     3.300     2.400    10.300
  2019.717     0.512    -0.062    -3.803     3.300     2.400    10.300
  2019.720     0.891    -3.501    -4.897     3.300     2.400    10.600
  2019.723     0.781    -1.706    -2.215     3.300     2.400    10.600
  2019.726     0.833    -1.735    -2.685     3.300     2.400    10.300
  2019.728     1.104    -1.515    -2.752     3.300     2.400    10.300
  2019.731     0.179    -0.847    -0.733     3.400     2.400    10.300
  2019.734     0.854    -1.872     1.155     3.300     2.400    10.100
  2019.737    -0.056    -1.915     0.198     3.300     2.400    10.300
  2019.739    -0.127    -0.656    -0.131     3.300     2.400    10.300
  2019.742     0.863    -1.822    -1.927     3.300     2.400    10.600
  2019.745     0.199    -1.640    -2.699     3.400     2.400    10.300
  2019.747     2.432    -1.356     1.619     3.000     2.400    10.000
  2019.750     1.568    -2.487     1.010     3.300     2.400    10.300
  2019.753     1.606    -0.777    -0.915     3.300     2.400    10.300
  2019.756     1.061    -0.505     0.110     3.300     2.500    10.600
  2019.758     1.316    -1.826     0.667     3.300     2.400    10.300
  2019.761     1.106     0.161     4.890     3.300     2.400    10.300
  2019.764     0.544    -1.087    -1.181     3.300     2.400    10.300
  2019.767     0.488    -0.533    -3.389     3.300     2.400    10.300
  2019.769     0.606    -2.102     5.871     3.300     2.400    10.300
  2019.772     1.538    -1.253     0.070     3.300     2.400    10.300
  2019.775     1.799    -0.726     0.081     3.400     2.400    10.600
  2019.778     0.771    -1.656     2.369     3.300     2.400    10.600
  2019.780     2.093    -1.268    -0.685     3.300     2.400    10.300
  2019.783    -0.063    -0.297    -4.367     3.300     2.400    10.300
  2019.786     0.005     1.624    -1.989     3.000     2.400    10.000
  2019.789     2.625     0.415    -6.758     3.300     2.400    10.300
  2019.791     2.164    -0.651    -3.228     3.300     2.400    10.300
  2019.794     2.319    -0.772     1.294     3.400     2.400    10.100
  2019.797     0.178    -0.693    -2.340     3.400     2.400    10.100
  2019.800     1.143    -0.969    -2.776     3.000     2.300     9.900
  2019.802    -1.142    -0.463    -0.664     3.300     2.400    10.100
  2019.805    -2.700    -1.998     1.045     3.319     2.400    10.000
  2019.808    -1.642    -0.944     1.935     3.000     2.400    10.300
  2019.810     2.119    -1.376    -2.470     3.300     2.400    10.100
  2019.813    -1.671    -1.833    -4.296     3.400     2.400    10.100
  2019.816    -5.041    -1.300    -0.609     3.319     2.400    10.300
  2019.819    -4.916    -0.624    -7.428     3.300     2.400    10.300
  2019.821     0.171    -1.106     3.486     3.300     2.400    10.300
  2019.824     0.832    -1.895     0.879     3.300     2.400    10.300
  2019.827     0.325    -0.136     2.463     3.300     2.400    10.300
  2019.830     0.548     0.051     0.342     3.300     2.400    10.300
  2019.832     1.605     0.181     1.552     3.300     2.400    10.600
  2019.835    -0.705    -1.237    -5.212     3.300     2.400    10.600
  2019.838     0.884    -1.454    -2.125     3.300     2.400    10.300
  2019.841    -0.549     0.031    -1.732     3.300     2.400    10.300
  2019.843    -2.708    -0.365     0.462     3.300     2.400    10.300
  2019.846    -4.110    -0.679    -1.939     3.300     2.400    10.300
  2019.849     0.562    -1.138    -1.216     3.300     2.400    10.300
  2019.852     0.737    -2.150     3.836     3.300     2.400    10.300
  2019.854     2.081    -1.542    -4.354     3.300     2.400    10.100
  2019.857     0.823     0.520     0.830     3.300     2.400    10.300
  2019.860    -4.112    -1.405    -1.456     3.300     2.400    10.300
  2019.862    -3.492     0.882   -11.652     3.300     2.400    10.100
  2019.865     0.995    -0.600    -0.057     3.300     2.400    10.100
  2019.868     0.751    -0.690    -1.333     3.400     2.400    10.300
  2019.871     1.491     0.134     3.445     3.300     2.400    10.100
  2019.873     1.932    -0.474    -0.721     3.300     2.400    10.300
  2019.876    -0.458     0.161     2.158     3.300     2.400    10.300
  2019.879    -1.565     0.101    -0.607     3.300     2.400    10.300
  2019.882    -1.507    -1.090    -3.756     3.300     2.400    10.100
  2019.884    -3.405     1.301     1.887     3.300     2.400    10.100
  2019.887     0.559     0.149     2.837     3.300     2.400    10.300
  2019.890     1.898     0.108    -3.581     3.400     2.400    10.300
  2019.893     0.116     0.265    -0.233     3.300     2.400    10.300
  2019.895     0.696     0.158    -1.178     3.300     2.400    10.300
  2019.898     1.046    -0.811    -0.578     3.300     2.400    10.300
  2019.901    -0.669     0.565     3.263     3.300     2.400    10.300
  2019.904     1.064    -0.011    -2.567     3.300     2.400    10.300
  2019.906    -1.549     0.333     1.014     3.400     2.400    10.600
  2019.909    -0.289     0.131    -5.311     3.400     2.400    10.300
  2019.912     0.220    -0.227    -6.564     3.300     2.400    10.300
  2019.914     0.415     0.458    -1.228     3.000     2.400    10.300
  2019.917     1.740     1.100     3.302     3.300     2.400    10.100
  2019.920    -0.322    -0.599    -1.537     3.400     2.400    10.600
  2019.923    -1.574     0.521    -2.217     3.300     2.400    10.300
  2019.925    -3.048    -0.196    -5.386     3.400     2.400    10.300
  2019.928    -0.719     0.980    -0.205     3.400     2.400    10.300
  2019.931    -0.086    -0.162     5.137     3.400     2.400    10.300
  2019.934     0.174    -0.872     3.532     3.400     2.400    10.300
  2019.936     0.393    -0.538     4.158     3.300     2.400    10.300
  2019.939     0.474    -0.203     2.685     3.400     2.400    10.600
  2019.942    -0.239    -0.293     2.577     3.300     2.400    10.300
  2019.945    -0.102    -1.456    -0.132     3.300     2.400    10.300
  2019.947    -0.009    -0.243     2.192     3.300     2.400    10.300
  2019.950     0.795    -1.217     3.562     3.300     2.400    10.300
  2019.953     0.578    -0.555    -2.675     3.400     2.500    10.700
  2019.956    -0.043     0.522    -1.516     3.300     2.400    10.300
  2019.958     0.413    -1.153    -1.221     3.000     2.400    10.000
  2019.961    -1.116    -0.430    -0.749     3.000     2.400    10.000
  2019.964    -0.097    -0.026    -3.050     3.300     2.400    10.300
  2019.967     0.727     0.716     0.520     3.300     2.400    10.300
  2019.969     0.739    -0.170    -1.117     3.300     2.400    10.300
  2019.972     0.744     0.796     1.884     3.300     2.400    10.300
  2019.975     0.880    -1.305     4.059     3.300     2.400    10.300
  2019.977    -0.709     0.234    -2.033     3.300     2.300    10.100
  2019.980    -0.453    -1.341    -0.808     3.300     2.400    10.300
  2019.983     0.259    -0.466     3.521     3.400     2.400    10.300
  2019.986     1.477    -0.181     4.896     3.000     2.400    10.300
  2019.988    -0.143    -1.414     6.624     3.300     2.400    10.300
  2019.991     0.333    -1.417     4.006     3.300     2.400    10.300
  2019.994     0.109    -0.327     4.311     3.300     2.400    10.300
  2019.997     0.815     1.097     4.508     3.300     2.400    10.300
  2019.999    -2.888    -0.716     6.487     3.300     2.400    10.100
  2020.003    -2.711     0.017    -0.054     3.300     2.400    10.300
  2020.006    -0.311     0.026    -6.821     3.300     2.400    10.300
  2020.008    -0.550    -0.604     0.135     3.300     2.400    10.300
  2020.011    -0.463    -0.617     2.280     3.400     2.400    10.600
  2020.014     0.393    -1.863     3.866     3.300     2.400    10.600
  2020.016     0.070     0.201     6.722     3.400     2.400    10.600
  2020.019    -1.293    -0.691     5.169     3.400     2.400    10.600
  2020.022     0.334    -1.736     9.017     3.400     2.400    10.300
  2020.025     1.991    -0.802     5.493     3.300     2.400    10.600
  2020.027    -3.124    -1.291    -3.346     3.300     2.400    10.600
  2020.030     0.005     0.380     2.960     3.300     2.300    10.300
  2020.033     2.530    -0.655    -3.743     3.400     2.400    10.300
  2020.036     0.022     1.644    -0.114     3.300     2.300    10.300
  2020.038     0.197    -0.276    -1.500     3.300     2.400    10.300
  2020.041    -0.505     2.066     0.279     3.300     2.400    10.300
  2020.044     0.272     0.886     3.887     3.200     2.500    10.700
  2020.047     0.291     0.732     1.705     3.200     2.500    10.700
  2020.049     0.120     0.304     2.865     3.300     2.400    10.300
  2020.052    -0.182    -0.222     0.584     3.300     2.400    10.300
  2020.055     1.442    -0.424     2.833     3.300     2.400    10.300
  2020.058    -0.686    -0.159     8.768     3.300     2.400    10.300
  2020.060    -0.863    -1.569     5.751     3.300     2.400    10.300
  2020.063    -0.493    -1.799     9.492     3.300     2.400    10.600
  2020.066     0.291    -0.442    -0.617     3.300     2.400    10.300
  2020.068     0.397     0.034     1.946     3.000     2.400    10.300
  2020.071    -1.788     0.540    -2.539     3.400     2.400    10.300
  2020.074     0.306     0.762     2.390     3.300     2.400    10.300
  2020.077     0.605     0.344     3.502     3.300     2.400    10.300
  2020.079     0.087    -0.222     3.584     3.300     2.400    10.300
  2020.082     0.387     0.093     9.191     3.300     2.400    10.300
  2020.085     1.401    -0.809     5.880     3.300     2.400    10.300
  2020.088    -0.822    -2.362     0.715     3.300     2.400    10.300
  2020.090    -0.687    -0.979     3.552     3.300     2.400    10.300
  2020.093     0.385    -0.129    -4.428     3.400     2.400    10.300
  2020.096     0.865    -1.057     5.329     3.300     2.400    10.300
  2020.099    -0.413     0.540     4.598     3.300     2.400    10.300
  2020.101    -0.170     1.121    -2.748     3.300     2.400    10.300
  2020.104    -0.044     0.298     6.877     3.300     2.400    10.300
  2020.107     1.448     0.813    -2.806     3.300     2.400    10.300
  2020.110     0.860     0.725     4.359     3.300     2.400    10.300
  2020.112     0.983     0.402     4.269     3.300     2.400    10.300
  2020.115     0.026     0.037    -3.833     3.300     2.400    10.300
  2020.118     0.235     0.282     2.452     3.300     2.400    10.300
  2020.121     1.074     1.362     5.953     3.300     2.400    10.600
  2020.123     0.488     0.248     7.251     3.300     2.400    10.600
  2020.126     0.473     1.048     2.751     3.300     2.400    10.300
  2020.129     0.389     0.729     4.215     3.300     2.400    10.300
  2020.131     0.010     0.752     2.074     3.300     2.400    10.300
  2020.134    -1.387     1.354     1.194     3.300     2.400    10.300
  2020.137    -1.691    -0.480     2.480     3.400     2.400    10.300
  2020.140    -1.318    -0.589     3.890     3.300     2.400    10.600
  2020.142     0.029    -0.119     0.533     3.300     2.400    10.600
  2020.145     0.086    -0.041     0.763     3.300     2.400    10.300
  2020.148    -2.860    -1.019    -5.203     3.300     2.400    10.300
  2020.151    -2.203    -0.040    -2.027     3.300     2.400    10.300
  2020.153     1.557     1.194    -3.053     3.300     2.400    10.300
  2020.156    -0.819     0.384     4.300     3.300     2.400    10.300
  2020.159    -1.152     0.885    -1.467     3.300     2.400    10.600
  2020.162    -1.075     0.388     2.858     3.300     2.400    10.600
  2020.164    -0.785     0.718     1.969     3.300     2.400    10.300
  2020.167    -0.458    -0.462    -2.213     3.300     2.400    10.300
  2020.170    -2.109     0.209    -2.891     3.300     2.400    10.600
  2020.173    -4.377    -0.486    -3.153     3.300     2.400    10.600
  2020.175    -1.841     0.552     2.874     3.300     2.400    10.600
  2020.178    -3.828     1.101    -1.864     3.300     2.400    10.300
  2020.181     0.663     1.140    -4.963     3.300     2.400    10.600
  2020.183     0.518     0.773    -8.165     3.300     2.400    10.300
  2020.186    -0.340     1.226    -9.671     3.300     2.400    10.600
  2020.189     0.788     0.791     4.056     3.300     2.400    10.600
  2020.192    -0.168     2.157     5.109     3.300     2.400    10.600
  2020.194     0.372     0.414     4.339     3.300     2.400    10.300
  2020.197     0.056     2.650    -1.745     3.300     2.400    10.600
  2020.200    -1.212     0.915     1.928     3.300     2.400    10.600
  2020.203     0.204     1.619    -2.263     3.300     2.400    10.600
  2020.205     1.215    -1.341     0.203     3.300     2.400    10.600
  2020.208     0.411     0.200    10.328     3.300     2.400    10.600
  2020.211    -0.348     1.656    -3.001     3.300     2.400    10.300
  2020.214    -1.432    -0.408     1.049     3.300     2.400    10.600
  2020.216     0.188     1.903     5.832     3.700     2.600    11.700
  2020.219    -1.881     0.589    -1.239     3.300     2.600    11.000
  2020.222    -0.571     0.642    -5.287     3.300     2.400    10.600
  2020.225     0.722     1.258     2.053     3.300     2.400    10.300
  2020.227     1.671     0.316     3.608     3.300     2.400    10.300
  2020.230    -0.156     1.275     2.735     3.300     2.400    10.600
  2020.233    -0.497     0.930     2.753     3.300     2.400    10.600
  2020.236    -1.586     1.690     0.787     3.300     2.400    10.600
  2020.238    -0.143     0.839     3.421     3.300     2.400    10.600
  2020.241     0.879     2.672    -5.018     3.300     2.400    10.300
  2020.244     2.667     1.546     1.402     3.300     2.400    10.600
  2020.246     0.029     0.678     1.263     3.300     2.400    10.600
  2020.249     0.648     1.189     2.982     3.300     2.400    10.300
  2020.252     1.338     0.454     1.669     3.300     2.400    10.600
  2020.255     2.589     0.401     3.204     3.300     2.400    10.300
  2020.257     2.018     0.247    -3.968     3.400     2.400    10.300
  2020.260    -2.136    -1.193    -7.693     3.300     2.493    10.300
  2020.263    -0.312     0.970    -3.315     3.300     2.400    10.600
  2020.266    -1.082     0.745    -5.432     3.300     2.400    10.600
  2020.268    -1.704     1.366    -0.488     3.300     2.400    10.600
  2020.271    -1.382     1.754    -1.028     3.300     2.400    10.600
  2020.274     0.431     2.196    -6.269     3.300     2.400    10.600
  2020.277     0.861     1.742    -8.240     3.300     2.400    10.600
  2020.279     0.390     0.415    -2.492     3.300     2.400    10.600
  2020.282    -0.756     0.860    -0.006     3.400     2.500    11.000
  2020.285    -0.058    -0.905    -0.207     3.400     2.500    11.000
  2020.288     1.014    -0.950    -0.102     3.300     2.500    10.700
  2020.290     1.590    -0.795    -1.335     3.300     2.400    10.600
  2020.293    -0.203     0.498    -1.489     3.300     2.400    10.600
  2020.296    -0.177     2.614   -12.326     3.300     2.400    10.600
  2020.298    -0.424     3.221    -2.723     3.300     2.400    10.600
  2020.301    -5.560     0.840    -4.103     3.300     2.400    10.600
  2020.304    -5.085    -0.645    -5.943     3.319     2.400    10.600
  2020.307    -2.757     1.287    -4.161     3.300     2.400    10.600
  2020.309    -0.504     0.048    -3.179     3.300     2.400    10.600
  2020.312    -2.316    -1.395    -0.566     3.400     2.500    11.000
  2020.315     0.197     0.185     4.202     3.400     2.500    10.700
  2020.318    -0.736     0.519    -1.961     3.300     2.400    10.600
  2020.320    -0.176     0.317     2.369     3.400     2.400    10.300
  2020.323    -0.667     0.051     0.140     3.300     2.400    10.600
  2020.326     0.257     0.474     2.990     3.400     2.400    10.600
  2020.329    -0.980     0.159    -1.459     3.300     2.400    10.600
  2020.331     0.324     2.687     3.206     3.300     2.400    10.600
  2020.334    -1.320     1.293    -1.847     3.300     2.400    10.600
  2020.337     0.152     0.176    -1.938     3.300     2.400    10.600
  2020.340    -2.152     0.204    -2.947     3.400     2.400    10.600
  2020.342    -2.764     1.976   -10.132     3.300     2.400    10.600
  2020.345    -2.684     1.671    -6.612     3.300     2.500    10.700
  2020.348    -4.267     0.390    -5.262     3.319     2.400    10.600
  2020.350    -3.817    -0.046    -1.282     3.300     2.400    10.600
  2020.353    -4.441    -1.561    11.329     3.319     2.500    10.700
  2020.356    -2.455     0.157    -0.747     3.300     2.500    11.000
  2020.359     0.508     0.193     2.036     3.300     2.500    10.700
  2020.361     2.032    -0.008    -6.117     3.300     2.400    10.600
  2020.364    -5.288     0.989    -3.173     3.300     2.400    10.600
  2020.367    -3.612    -0.954   -10.758     3.300     2.400    10.600
  2020.370    -0.200    -0.788    -5.374     3.300     2.400    10.600
  2020.372    -0.463    -0.205     4.547     3.300     2.500    10.700
  2020.375     1.290     1.263     6.614     3.300     2.400    10.600
  2020.378    -0.900     0.931     5.441     3.300     2.400    10.900
  2020.381    -0.518     1.063    -1.450     3.300     2.500    11.000
  2020.383    -2.617     0.747    -2.439     3.300     2.500    11.000
  2020.386    -2.692     1.809    -5.289     3.300     2.400    10.600
  2020.389    -3.791     2.098    -1.564     3.300     2.400    10.600
  2020.392     0.546     1.361     5.901     3.600     2.500    11.000
  2020.394     1.477     0.943     8.735     3.300     2.500    11.000
  2020.397     0.992     0.510   -10.814     3.300     2.500    11.000
  2020.400    -2.491     1.868    -7.160     3.300     2.500    11.000
  2020.403    -4.571    -0.167     3.489     3.300     2.500    11.000
  2020.405    -1.806     1.044    -0.812     3.300     2.500    10.700
  2020.408    -0.384     0.404     6.068     3.300     2.500    11.000
  2020.411    -0.274    -0.300    -1.428     3.300     2.500    10.700
  2020.413     1.788     1.429    -5.031     3.300     2.500    11.000
  2020.416    -1.484    -0.569     0.781     3.300     2.400    10.600
  2020.419     0.596     0.217     4.310     3.300     2.500    11.000
  2020.422    -0.900     1.807    -1.305     3.300     2.500    10.700
  2020.424    -1.013     0.096    -6.436     3.300     2.400    10.600
  2020.427    -0.827     0.637    -2.061     3.400     2.500    11.200
  2020.430    -0.609    -0.193    -0.751     3.400     2.500    11.200
  2020.433     1.275     1.788    -0.817     3.300     2.400    10.600
  2020.435     0.254     1.020     5.091     3.300     2.500    11.000
  2020.438    -0.526     0.594    -4.105     3.300     2.500    11.000
  2020.441    -1.881    -0.559     0.633     3.300     2.500    11.000
  2020.444    -0.335     0.487     5.575     3.300     2.500    11.000
  2020.446    -0.106     0.785     0.230     3.200     2.500    11.000
  2020.449     1.000    -1.385     4.736     3.300     2.500    10.700
  2020.452    -0.087     0.599     1.863     3.300     2.500    11.000
  2020.455    -0.758     0.709     1.259     3.300     2.500    11.000
  2020.457    -1.301     1.600     5.127     3.300     2.500    11.000
  2020.460     1.163     0.665     3.835     3.300     2.400    10.600
  2020.463     0.690     0.238     4.973     3.300     2.500    11.000
  2020.465     0.594    -0.201     5.881     3.300     2.400    10.600
  2020.468     1.469     0.681     0.781     3.300     2.400    10.600
  2020.471    -0.421     0.164     5.673     3.300     2.500    11.000
  2020.474     0.248     0.814     0.815     3.300     2.400    10.900
  2020.476     0.290     0.322     0.594     3.300     2.400    10.900
  2020.479     0.405     1.733     1.101     3.300     2.400    10.900
  2020.482    -1.458     2.594    -1.809     3.300     2.500    11.000
  2020.485    -1.097     0.067     8.336     3.300     2.500    11.000
  2020.487    -0.372     0.606     0.591     3.600     2.500    11.300
  2020.490     1.784     0.325     1.664     3.300     2.600    11.200
  2020.493     0.751     0.511     0.153     3.300     2.500    11.200
  2020.496    -0.493     0.243     3.531     3.300     2.500    11.300
  2020.498    -0.488     0.871    -2.833     3.300     2.500    11.300
  2020.501     0.680     1.100     0.204     3.300     2.500    11.000
  2020.504    -0.063     0.698     1.718     3.300     2.500    11.000
  2020.507     1.075     0.103     5.294     3.300     2.500    10.700
  2020.509    -0.794     0.388     7.927     3.300     2.400    10.600
  2020.512     0.462     1.029    -0.339     3.300     2.500    11.000
  2020.515     1.073     0.629     0.260     3.300     2.500    11.000
  2020.518     0.559     0.591     1.896     3.300     2.500    11.000
  2020.520     1.574    -0.242     2.321     3.300     2.500    11.000
  2020.523     0.089     0.763    -5.195     3.300     2.500    11.000
  2020.526    -1.321     1.768    -8.936     3.300     2.400    10.900
  2020.528    -1.404     1.381    -4.170     3.300     2.500    11.000
  2020.531     0.684     0.304     3.662     3.300     2.500    11.000
  2020.534    -0.906     0.568    -1.831     3.300     2.500    11.000
  2020.537    -0.470     2.096     2.358     3.300     2.500    11.000
  2020.539     0.783    -0.119    -3.271     3.300     2.500    11.000
  2020.542     0.764     0.789    -1.058     3.300     2.500    11.000
  2020.545     0.818     0.108    -1.480     3.300     2.500    11.000
  2020.548     0.560    -0.058     0.501     3.300     2.500    11.000
  2020.550    -2.052    -3.237    -0.898     3.200     2.500    11.300
  2020.553    -0.131     0.237    -1.027     3.300     2.400    10.600
  2020.556     1.013    -0.415     3.097     3.300     2.500    11.000
  2020.559     0.672     0.089     1.673     3.300     2.500    11.000
  2020.561     0.145    -0.391     1.978     3.300     2.500    11.000
  2020.564     0.057    -1.026    -1.859     3.300     2.600    11.000
  2020.567    -1.174     0.115    -1.614     3.300     2.500    11.000
  2020.570     0.239    -0.081    -4.244     3.300     2.500    10.900
  2020.572     0.503    -1.150     2.382     3.300     2.600    11.000
  2020.575    -0.275    -2.172     2.853     3.600     2.700    11.700
  2020.578    -1.350     2.488     6.689     3.300     2.600    11.000
  2020.580    -1.767    -0.045   -11.261     3.300     2.600    11.000
  2020.583     0.412    -0.492    -0.043     3.300     2.600    11.000
  2020.586     0.746     0.895    -2.124     3.300     2.600    11.000
  2020.589     0.733    -0.873    -0.745     3.300     2.600    11.200
  2020.591     0.671    -0.937     1.374     3.300     2.600    11.200
  2020.594     0.235    -1.840    -2.336     3.300     2.600    11.000
  2020.597     0.412     1.523    -6.389     3.300     2.600    11.200
  2020.600    -0.717     0.978     2.856     3.300     2.700    11.600
  2020.602    -1.381    -0.529    -4.386     3.300     2.700    11.600
  2020.605    -1.065    -0.376     7.017     3.300     2.600    11.000
  2020.608    -0.503     0.241     2.641     3.300     2.600    11.000
  2020.611     0.350     0.133     0.213     3.300     2.600    11.000
  2020.613     0.764    -0.929     1.241     3.300     2.600    11.000
  2020.616     0.331    -1.215     1.917     3.300     2.600    11.200
  2020.619    -0.183    -0.132    -0.508     3.400     2.600    11.200
  2020.622    -1.450     2.700    -0.583     3.300     2.600    11.000
  2020.624     0.837    -0.520     6.711     3.400     2.600    11.200
  2020.627     0.974    -0.283     0.174     3.300     2.600    11.000
  2020.630     0.483    -1.482    -3.823     3.300     2.600    11.000
  2020.632    -0.454    -0.264    -1.003     3.300     2.600    11.000
  2020.635    -0.220     0.124     1.027     3.300     2.600    11.000
  2020.638    -0.114    -0.471     0.213     3.300     2.600    11.000
  2020.641     0.612    -1.607    -2.291     3.400     2.600    11.200
  2020.643    -0.231    -1.470     0.794     3.300     2.600    11.000
  2020.646     1.320    -0.846    -4.129     3.300     2.600    11.000
  2020.649     0.107    -1.285    -2.497     3.300     2.600    11.000
  2020.652    -1.671     0.186     1.415     3.400     2.600    11.000
  2020.654     0.011    -0.260     2.240     3.300     2.600    11.000
  2020.657     0.281    -0.772    -0.646     3.300     2.600    11.000
  2020.660    -0.809    -0.034     3.667     3.400     2.600    11.000
  2020.663     0.919     0.095    -4.298     3.300     2.600    11.000
  2020.665     0.373    -0.648     1.438     3.400     2.600    11.000
  2020.668    -0.191    -0.819    -0.600     3.400     2.600    11.000
  2020.671    -0.840    -1.295     2.587     3.400     2.600    11.000
  2020.674     0.212    -0.676    -1.546     3.300     2.600    11.000
  2020.676     1.273    -1.842    -7.562     3.300     2.600    11.000
  2020.679     0.096    -0.903     1.285     3.300     2.600    11.000
  2020.682     1.579    -1.169     2.395     3.300     2.600    11.000
  2020.685    -0.315    -1.566     4.050     3.300     2.600    11.000
  2020.687     0.655    -0.739    -4.501     3.300     2.600    11.000
  2020.690     0.752    -0.238    -1.736     3.300     2.600    11.000
  2020.693    -0.473    -1.262     1.370     3.300     2.600    11.000
  2020.695    -0.079    -1.771     0.103     3.300     2.600    11.200
  2020.698    -0.022    -1.843     3.774     3.300     2.700    11.200
  2020.701    -0.564    -1.334    -4.013     3.300     2.600    11.000
  2020.704    -0.603    -2.617     5.563     3.300     2.600    11.000
  2020.706     1.560    -2.050     9.107     3.300     2.600    10.700
  2020.709     2.454    -0.845    -2.350     3.700     2.700    11.200
  2020.712     1.257    -2.024     1.483     3.700     2.700    11.200
  2020.715     0.667    -0.350     2.776     3.400     2.600    11.200
  2020.717    -0.091    -1.201    -2.255     3.400     2.600    11.200
  2020.720    -0.989    -0.915     3.476     3.500     2.600    11.200
  2020.723     1.609    -0.727     0.460     3.300     2.600    11.000
  2020.726     1.783    -1.805     3.501     3.300     2.600    11.000
  2020.728     1.709    -1.430    -1.475     3.400     2.600    10.900
  2020.731     0.826    -1.982     1.079     3.700     2.600    11.000
  2020.734     2.139    -1.063     0.645     3.300     2.600    11.000
  2020.737     2.207    -0.879    -1.680     3.300     2.600    11.000
  2020.739     2.715     0.301    -0.492     3.300     2.600    11.000
  2020.742     1.232    -0.719     2.111     3.300     2.600    10.700
  2020.745     1.004    -1.458     3.750     3.300     2.600    11.000
  2020.747     0.954    -1.460     0.770     3.300     2.600    11.000
  2020.750     1.570    -0.399    -2.071     3.300     2.600    10.700
  2020.753     0.097     1.524     1.157     3.400     2.600    10.900
  2020.756     1.256     0.840     2.612     3.300     2.600    11.000
  2020.758     0.769    -1.027    -2.120     3.400     2.600    11.000
  2020.761     0.628    -0.920    -1.194     3.400     2.600    11.000
  2020.764     1.579    -0.820     4.902     3.400     2.600    10.900
  2020.767     1.783    -0.426     1.553     3.400     2.600    10.900
  2020.769     0.363     0.853    -8.131     3.300     2.600    11.000
  2020.772     1.337    -0.951    -1.935     3.700     2.600    11.200
  2020.775     0.959    -0.051    -1.177     3.400     2.600    11.000
  2020.778     1.258    -0.869    -1.095     3.400     2.600    11.000
  2020.780     1.433    -0.927    -2.718     3.400     2.600    11.000
  2020.783     1.427     0.036     1.276     3.400     2.600    11.000
  2020.786     1.407    -1.418    -0.745     3.300     2.600    11.000
  2020.789     0.200     0.244     4.182     3.400     2.600    11.000
  2020.791     0.726    -1.687     3.001     3.300     2.600    11.000
  2020.794     1.357    -1.124    -0.835     3.300     2.600    11.000
  2020.797     1.101     0.240     2.139     3.300     2.600    11.000
  2020.800     1.446    -0.907     0.504     3.300     2.600    11.000
  2020.802     1.146    -0.901     2.652     3.300     2.600    11.000
  2020.805     2.706    -1.711    -5.235     3.300     2.600    11.000
  2020.808     0.937    -2.365    -0.787     3.300     2.600    11.000
  2020.810     0.610    -2.015    -1.043     3.700     2.600    11.000
  2020.813     1.301    -1.391    -0.970     3.700     2.600    11.300
  2020.816     0.114    -1.529    -7.946     3.300     2.600    11.000
  2020.819     1.964    -0.902    -1.859     3.300     2.600    11.000
  2020.821     1.149    -2.532    -1.413     3.300     2.600    10.700
  2020.824     1.758    -1.443     1.845     3.300     2.600    11.000
  2020.827     1.486    -1.054     1.391     3.300     2.600    11.000
  2020.830     0.160    -1.096     0.971     3.300     2.600    11.000
  2020.832     0.636    -0.833    -1.263     3.700     2.600    11.000
  2020.835     1.413    -1.013    -3.879     3.700     2.600    11.200
  2020.838     2.017     0.081    -4.645     3.300     2.600    11.000
  2020.841     2.451    -0.870     2.290     3.300     2.600    11.000
  2020.843     0.559     0.045   -12.340     3.300     2.600    11.000
  2020.846    -2.254    -0.707    -5.975     3.700     2.600    11.000
  2020.849     0.287    -0.425     0.813     3.300     2.600    11.200
  2020.852     1.490     0.302    -5.393     3.300     2.600    11.000
  2020.854     2.393    -0.293     2.923     3.300     2.600    11.000
  2020.857     1.026    -1.085    -1.239     3.300     2.600    11.200
  2020.860     1.175    -1.060    -2.277     3.600     2.600    11.500
  2020.862     1.662    -2.083    -0.282     3.300     2.600    11.000
  2020.865     1.438    -0.096    -0.032     3.300     2.600    11.000
  2020.868     0.944    -0.814     1.414     3.600     2.700    11.600
  2020.871     0.344    -0.916    -0.378     3.600     2.600    11.300
  2020.873     0.879    -0.643     1.978     3.300     2.600    11.200
  2020.876     1.351     0.476    -2.717     3.300     2.600    11.000
  2020.879     4.060    -0.014     8.099     3.600     2.700    11.700
  2020.882    -2.529     1.022    -7.779     3.600     2.600    11.300
  2020.884    -5.866     0.789    -3.927     3.300     2.600    11.200
  2020.887     0.128    -0.275     0.513     3.600     2.600    11.300
  2020.890     0.893     1.151    -4.843     3.600     2.700    11.700
  2020.893     0.892    -0.006     3.247     3.600     2.600    11.300
  2020.895     1.929     0.473    -0.988     3.300     2.600    11.000
  2020.898    -0.267     0.186     0.346     3.500     2.700    11.400
  2020.901     0.907     0.364     5.364     3.600     2.600    11.300
  2020.904     1.269     0.313     0.478     3.300     2.600    11.000
  2020.906     1.626     0.671     1.052     3.300     2.600    11.000
  2020.909     0.742    -1.299     1.519     3.300     2.600    11.000
  2020.912     0.696     0.437    -0.648     3.400     2.600    11.200
  2020.914     1.020    -1.243     1.156     3.700     2.600    11.200
  2020.917     2.993    -0.812     3.037     3.300     2.600    11.200
  2020.920     1.515    -1.447    -2.142     3.300     2.600    11.000
  2020.923    -1.568     1.077    -8.248     3.300     2.600    11.000
  2020.925     0.064    -0.568    -0.631     3.300     2.600    10.700
  2020.928    -1.202    -0.330    -3.814     3.300     2.600    11.000
  2020.931     0.038     0.140    -2.351     3.300     2.600    11.000
  2020.934     1.653    -0.569     1.022     3.300     2.600    11.000
  2020.936    -1.397    -0.124    -0.532     3.300     2.600    11.000
  2020.939     0.932    -0.456     2.103     3.300     2.600    11.000
  2020.942     1.362     0.099     0.932     3.300     2.600    11.000
  2020.945     0.147     0.270     4.094     3.300     2.600    11.000
  2020.947    -1.210     0.928     3.111     3.300     2.600    11.000
  2020.950     3.080     0.268    -6.528     3.300     2.600    11.000
  2020.953     1.435    -0.923     0.739     3.300     2.600    11.000
  2020.956     0.594     0.039    -5.704     3.300     2.500    10.600
  2020.958     0.043     0.720    -5.101     3.300     2.600    11.000
  2020.961     0.593    -1.967    -3.374     3.300     2.600    11.000
  2020.964     2.008    -1.501     0.910     3.300     2.600    10.700
  2020.967     0.907    -0.767     1.360     3.300     2.500    10.800
  2020.969     0.814    -0.633    -0.231     3.200     2.600    11.200
  2020.972     0.492     0.181     1.878     3.600     2.600    11.300
  2020.975     0.795    -0.158     0.998     3.300     2.600    11.000
  2020.977     0.567     0.270     0.722     3.300     2.600    11.200
  2020.980     1.156    -0.255     1.621     3.300     2.700    11.300
  2020.983     1.998    -0.492     4.955     3.600     2.700    11.900
  2020.986    -0.043    -1.440     5.832     3.600     2.700    11.600
  2020.988     1.332    -0.287     0.093     3.600     2.600    11.300
  2020.991     0.328     0.093    -2.880     3.300     2.600    11.000
  2020.994     1.530     0.514     3.031     3.300     2.600    11.200
  2020.997     1.088     0.077     1.821     3.300     2.600    11.000
  2020.999     1.317     0.609    -0.433     3.300     2.600    11.000
  2021.002     1.280    -0.831    -2.203     3.300     2.600    11.200
  2021.005     0.571     0.742    -2.046     3.319     2.493    10.714
  2021.008     1.071     1.031     1.350     3.319     2.493    10.714
  2021.010     1.898     1.330    -2.490     3.319     2.493    10.714
  2021.013     3.190     0.867     0.140     3.319     2.493    10.714
  2021.016     4.762    -0.460    -3.298     3.319     2.493    10.714
  2021.019     3.480     0.228    -0.088     3.319     2.493    10.714
  2021.021    -0.110     0.883     1.690     3.319     2.493    10.714
  2021.024    -1.189     0.775    -3.373     3.319     2.493    10.714
  2021.027    -2.199     0.126    -6.693     3.319     2.493    10.714
  2021.030     0.559    -0.832    -3.325     3.319     2.493    10.714
  2021.032     0.219    -1.108    -0.004     3.319     2.493    10.714
  2021.035     0.606     0.147     1.534     3.319     2.493    10.714
  2021.038     1.533     0.366     3.712     3.319     2.493    10.714
  2021.040     1.054     0.175     1.983     3.319     2.493    10.714
  2021.043     1.627    -0.023     2.609     3.319     2.493    10.714
  2021.046     0.857    -0.918     3.210     3.319     2.493    10.714
  2021.049    -0.048    -0.813     2.810     3.319     2.493    10.714
  2021.051     0.064     0.142     1.947     3.319     2.493    10.714
  2021.054     0.022    -0.542     0.715     3.319     2.493    10.714
  2021.057     1.104    -1.726     0.874     3.319     2.493    10.714
  2021.060     1.552    -0.324     3.732     3.319     2.493    10.714
  2021.062     1.467     0.857     2.493     3.319     2.493    10.714
  2021.065     1.312     0.703     2.519     3.319     2.493    10.714
  2021.068     0.522     0.032     4.110     3.319     2.493    10.714
  2021.071     0.687    -0.996     0.656     3.319     2.493    10.714
  2021.073     0.093    -0.112    -1.290     3.319     2.493    10.714
  2021.076     0.252     0.217    -3.096     3.319     2.493    10.714
  2021.079    -0.638    -0.350    -2.922     3.319     2.493    10.714
  2021.082     0.664     0.733     3.260     3.319     2.493    10.714
  2021.084     0.502    -0.049     4.592     3.319     2.493    10.714
  2021.087    -0.070     0.840    -3.836     3.319     2.493    10.714
  2021.090     1.804     0.406     0.988     3.319     2.493    10.714
  2021.093    -0.367     0.096    -1.899     3.319     2.493    10.714
  2021.095    -0.946    -0.094     0.238     3.319     2.493    10.714
  2021.098    -0.464    -0.480     2.189     3.319     2.493    10.714
  2021.101     0.915     0.673     2.736     3.319     2.493    10.714
  2021.103     1.363     0.656     1.905     3.319     2.493    10.714
  2021.106     0.304    -0.412     1.195     3.319     2.493    10.714
  2021.109     0.095    -0.351     0.922     3.319     2.493    10.714
  2021.112     0.753     0.606     1.776     3.319     2.493    10.714
  2021.114     0.594     0.353     1.780     3.319     2.493    10.714
  2021.117    -0.978     0.616     2.973     3.319     2.493    10.714
  2021.120     0.874    -0.376    -0.129     3.319     2.493    10.714
  2021.123     0.446     0.282    -2.395     3.319     2.493    10.714
  2021.125    -0.999     0.210     2.664     3.319     2.493    10.714
  2021.128     0.641    -0.260    -1.646     3.319     2.493    10.714
  2021.131     0.110     0.046     0.650     3.319     2.493    10.714
  2021.134     0.596     0.310    -2.391     3.319     2.493    10.714
  2021.136     0.457    -0.265    -3.047     3.319     2.493    10.714
  2021.139     0.057     0.100    -0.670     3.319     2.493    10.714
  2021.142     0.755     0.064     2.578     3.319     2.493    10.714
  2021.145     1.582    -0.525     3.739     3.319     2.493    10.714
  2021.147    -0.146    -0.593     1.476     3.319     2.493    10.714
  2021.150    -1.223    -0.284    -1.406     3.319     2.493    10.714
  2021.153    -0.127     0.573     3.387     3.319     2.493    10.714
  2021.156     1.203    -0.042     6.408     3.319     2.493    10.714
  2021.158     2.581    -0.629     0.593     3.319     2.493    10.714
  2021.161     0.529     0.731    -5.343     3.319     2.493    10.714
  2021.164    -2.582     0.598    -2.861     3.319     2.493    10.714
  2021.166    -2.199     0.700    -2.190     3.319     2.493    10.714
  2021.169     1.587    -0.248    -4.032     3.319     2.493    10.714
  2021.172     3.255     0.660    -2.612     3.319     2.493    10.714
  2021.175     1.893     0.192    -0.679     3.319     2.493    10.714
  2021.177    -0.069    -0.554     2.624     3.319     2.493    10.714
  2021.180    -0.812    -0.589     1.926     3.319     2.493    10.714
  2021.183     0.172     0.103    -0.992     3.319     2.493    10.714
  2021.186    -1.422     0.148     0.815     3.319     2.493    10.714
  2021.188     1.173     0.165    -0.019     3.319     2.493    10.714
  2021.191    -0.102    -1.519    -3.133     3.319     2.493    10.714
  2021.194     0.230    -1.147     4.900     3.319     2.493    10.714
  2021.197     0.663    -0.593     2.602     3.319     2.493    10.714
  2021.199    -1.145    -0.167    -3.355     3.319     2.493    10.714
  2021.202     0.286     1.904    -3.185     3.319     2.493    10.714
  2021.205    -0.063     0.144    -0.681     3.319     2.493    10.714
  2021.208    -0.719     0.133    -1.259     3.319     2.493    10.714
  2021.210    -2.005     0.427    -1.822     3.319     2.493    10.714
  2021.213    -2.230     0.469    -2.108     3.319     2.493    10.714
  2021.216    -0.776     0.348     0.543     3.319     2.493    10.714
  2021.219     0.006    -0.835     2.180     3.319     2.493    10.714
  2021.221    -0.009     0.365     5.206     3.319     2.493    10.714
  2021.224    -1.545     0.251     2.257     3.319     2.493    10.714
  2021.227    -2.165     0.619    -3.007     3.319     2.493    10.714
  2021.230    -4.356     0.952    -3.515     3.319     2.493    10.714
  2021.232    -2.873     0.499    -1.913     3.319     2.493    10.714
  2021.235    -0.735     0.705     1.131     3.319     2.493    10.714
  2021.238    -1.346     1.199     3.259     3.319     2.493    10.714
  2021.240    -1.877     0.793     1.195     3.319     2.493    10.714
  2021.243    -1.490    -0.464     1.994     3.319     2.493    10.714
  2021.246    -4.918     0.000     9.142     3.319     2.493    10.714
  2021.249    -4.909     0.278     3.070     3.319     2.493    10.714
  2021.251    -3.410    -0.250     9.248     3.319     2.493    10.714
  2021.254    -1.916    -1.165     0.472     3.319     2.493    10.714
  2021.257    -1.263     0.378     5.751     3.319     2.493    10.714
  2021.260     0.622    -0.068     2.618     3.319     2.493    10.714
  2021.262     0.679     1.885    -2.379     3.319     2.493    10.714
  2021.265    -1.399     1.916    -5.407     3.319     2.493    10.714
  2021.268    -2.355     1.581     0.301     3.319     2.493    10.714
  2021.271    -2.378     2.356    -4.115     3.319     2.493    10.714
  2021.273    -2.772     1.223    -8.566     3.319     2.493    10.714
  2021.276    -1.564     0.444    -6.064     3.319     2.493    10.714
  2021.279    -1.813     0.477    -0.020     3.319     2.493    10.714
  2021.282    -0.605     0.688    -3.230     3.319     2.493    10.714
  2021.284     0.099    -0.289     0.651     3.319     2.493    10.714
  2021.287    -1.656     0.482    -1.021     3.319     2.493    10.714
  2021.290     0.161     0.715    -1.512     3.319     2.493    10.714
  2021.293     1.443     0.029    -0.637     3.319     2.493    10.714
  2021.295     1.749     1.477    -2.088     3.319     2.493    10.714
  2021.298    -4.072     1.149    -2.336     3.319     2.493    10.714
  2021.301    -2.742     0.412    -7.790     3.319     2.493    10.714
  2021.303     0.899    -0.698    -3.460     3.319     2.493    10.714
  2021.306    -2.530     1.285    -1.951     3.319     2.493    10.714
  2021.309    -3.512     2.289    -6.662     3.319     2.493    10.714
  2021.312    -1.744     1.078     7.003     3.319     2.493    10.714
  2021.314    -0.996    -0.042     8.956     3.319     2.493    10.714
  2021.317    -1.706     0.787     6.066     3.319     2.493    10.714
  2021.320    -1.286    -0.214    -0.760     3.319     2.493    10.714
  2021.323    -1.131     0.709    -0.398     3.319     2.493    10.714
  2021.325    -0.320     0.541     4.273     3.319     2.493    10.714
  2021.328    -0.756     0.939     8.711     3.319     2.493    10.714
  2021.331     0.771     0.149     6.933     3.319     2.493    10.714
  2021.334    -0.567     1.160    -0.140     3.319     2.493    10.714
  2021.336     0.285     0.778     4.540     3.319     2.493    10.714
  2021.339     0.733     0.993     0.720     3.319     2.493    10.714
  2021.342    -0.579     0.997    -8.384     3.319     2.493    10.714
  2021.345    -1.047     0.404    -0.897     3.319     2.493    10.714
  2021.347     0.337     0.893     4.513     3.319     2.493    10.714
  2021.350     0.169     1.400     7.845     3.319     2.493    10.714
  2021.353    -0.652     1.595    -0.573     3.319     2.493    10.714
  2021.356    -1.257     0.955    -2.169     3.319     2.493    10.714
  2021.358    -1.604     0.193    -1.877     3.319     2.493    10.714
  2021.361     1.149     0.661     2.044     3.319     2.493    10.714
  2021.364    -0.218     3.007     0.341     3.319     2.493    10.714
  2021.366    -2.140     0.508     4.439     3.319     2.493    10.714
  2021.369    -2.680     2.265     3.457     3.319     2.493    10.714
  2021.372     1.033     0.019     0.080     3.319     2.493    10.714
  2021.375     3.595     0.358     0.328     3.319     2.493    10.714
  2021.377     3.464    -0.403    -1.080     3.319     2.493    10.714
  2021.380     2.729     0.128    -1.369     3.319     2.493    10.714
  2021.383     3.249    -0.208    -2.118     3.319     2.493    10.714
