  2019.282     2.576    -0.807     0.657     3.700     2.900    12.100
  2019.285     3.420    -1.175    17.234     3.100     2.400    10.000
  2019.288     2.757    -0.711     3.523     3.100     2.400    10.000
  2019.290     1.028    -0.813    12.788     3.100     2.400    10.000
  2019.293     4.747    -1.617    13.712     3.100     2.400    10.000
  2019.296     5.798    -0.889     6.197     3.100     2.400    10.000
  2019.298     0.613    -0.613    15.990     3.400     2.500    10.200
  2019.301     0.301    -4.373    10.580     3.100     2.400    10.000
  2019.304     1.470    -1.803     8.148     3.100     2.300    10.000
  2019.307     1.448    -1.053    10.090     3.100     2.400    10.000
  2019.309     5.070    -0.644    -1.833     3.100     2.300    10.000
  2019.312     0.962    -0.641     0.429     3.200     2.500    10.400
  2019.315     1.353    -0.196    -0.089     3.100     2.500    10.100
  2019.318     1.979    -1.313     1.497     3.100     2.400    10.000
  2019.320     1.115    -0.450    10.282     3.100     2.500    10.100
  2019.323     3.197    -0.651    16.310     3.100     2.400    10.000
  2019.326     1.464    -1.733     6.568     3.100     2.400    10.000
  2019.329     1.454    -0.475     3.371     3.100     2.400    10.000
  2019.331     4.224    -0.242     3.930     3.100     2.400    10.000
  2019.334     3.148     0.182     5.606     3.100     2.500    10.400
  2019.337     2.191     0.494    10.053     3.100     2.500    10.400
  2019.340    -1.193     1.196    22.293     3.100     2.300    10.000
  2019.342     0.921    -0.555     8.502     3.100     2.400    10.000
  2019.345    -2.962     1.323    -1.504     3.100     2.400    10.000
  2019.348     1.154    -0.143     8.105     3.100     2.400    10.000
  2019.350     2.625     0.035    12.177     3.200     2.500    10.400
  2019.353     5.136     0.120     5.818     3.100     2.400    10.000
  2019.356     1.286     0.290    -3.047     3.100     2.300    10.000
  2019.359     5.703    -1.144    -1.965     3.100     2.400    10.000
  2019.361     6.172     1.287     8.430     3.268     2.400    10.000
  2019.364     2.819     0.251    14.989     3.100     2.500    10.100
  2019.367    -0.645     0.119    15.154     3.100     2.400    10.000
  2019.370     0.914    -0.047     7.164     3.200     2.400    10.000
  2019.372    -1.560     1.222     6.111     3.100     2.500    10.100
  2019.375    -0.239     2.313     9.064     3.100     2.400    10.000
  2019.378     0.725    -0.200    11.097     3.100     2.500    10.100
  2019.381    -0.572    -0.778     9.048     3.100     2.300    10.000
  2019.383     1.592    -0.471    -3.678     3.100     2.400    10.000
  2019.386     0.626    -1.390    -1.438     3.100     2.400    10.000
  2019.389     0.964    -0.610     6.599     3.100     2.400    10.000
  2019.392     2.851     0.461     5.942     3.100     2.300    10.000
  2019.394     1.856     0.643    13.422     3.100     2.400    10.000
  2019.397     0.946    -0.393     2.631     3.100     2.400    10.000
  2019.400    -0.602     0.814     4.816     3.100     2.300     9.700
  2019.403     3.097    -0.666    -4.664     3.100     2.400    10.000
  2019.405     0.366     0.860    -1.656     3.100     2.400    10.000
  2019.408     1.038     0.216     4.254     3.100     2.400    10.000
  2019.411    -0.407     0.221    -1.379     3.100     2.400    10.000
  2019.413     0.357     0.338     2.396     3.100     2.400    10.000
  2019.416     1.530     0.428     8.180     3.268     2.512    10.538
  2019.419     2.308    -0.407     7.110     3.268     2.512    10.538
  2019.422     0.716     0.956     3.562     3.268     2.512    10.538
  2019.424     1.987     1.324     2.832     3.268     2.512    10.538
  2019.427     1.112     2.073     4.816     3.268     2.512    10.538
  2019.430     0.863     0.776     4.479     3.268     2.512    10.538
  2019.433     2.224     2.056     1.893     3.268     2.512    10.538
  2019.435     2.027     2.311     1.496     3.268     2.512    10.538
  2019.438     1.200     0.848     2.903     3.268     2.512    10.538
  2019.441     0.941     1.405     0.206     3.268     2.512    10.538
  2019.444     0.802     1.767     1.379     3.268     2.512    10.538
  2019.446     0.374     0.552     1.179     3.268     2.512    10.538
  2019.449     1.063     2.245     0.514     3.268     2.512    10.538
  2019.452     1.438     0.555     0.663     3.268     2.512    10.538
  2019.455     0.892     1.487    -1.563     3.268     2.512    10.538
  2019.457     0.329     0.685    -0.394     3.268     2.512    10.538
  2019.460     1.007     1.473     0.752     3.268     2.512    10.538
  2019.463     0.774     2.062     1.259     3.268     2.512    10.538
  2019.465     2.119     0.939     0.659     3.268     2.512    10.538
  2019.468    -0.674     2.712     1.480     3.268     2.512    10.538
  2019.471     1.035     0.666    -0.124     3.268     2.512    10.538
  2019.474     0.633     0.918    -2.998     3.268     2.512    10.538
  2019.476    -0.107     0.884    -1.482     3.268     2.512    10.538
  2019.479     1.545     0.709    -0.691     3.268     2.512    10.538
  2019.482    -0.122     1.544    -0.735     3.268     2.512    10.538
  2019.485     0.308     1.689    -2.609     3.268     2.512    10.538
  2019.487     0.616     1.574    -2.589     3.268     2.512    10.538
  2019.490    -0.305     1.786    -3.920     3.268     2.512    10.538
  2019.493     1.290     1.234    -4.287     3.268     2.512    10.538
  2019.496     0.308     1.540    -0.868     3.268     2.512    10.538
  2019.498     0.359     0.881    -0.568     3.100     2.400    10.000
  2019.501    -1.435     0.172     0.073     3.100     2.400    10.000
  2019.504     0.665    -0.714     2.094     3.100     2.400    10.000
  2019.507    -0.186    -1.419    -2.813     3.100     2.400    10.000
  2019.509     0.159     0.185    -1.363     3.100     2.300     9.800
  2019.512     1.412     1.293     4.525     3.100     2.300    10.000
  2019.515     1.207     2.387     9.903     3.100     2.400    10.000
  2019.518     1.610     1.543     8.742     3.100     2.400    10.000
  2019.520    -0.652    -0.247    -2.915     3.200     2.400    10.000
  2019.523    -0.528     0.206    -2.179     3.100     2.400    10.000
  2019.526    -1.828     0.821     2.218     3.100     2.400    10.000
  2019.528     1.164     0.483     2.417     3.100     2.400    10.000
  2019.531     1.098    -0.335     0.158     3.200     2.500    10.700
  2019.534     0.541     0.744    -3.633     3.200     2.300    10.000
  2019.537    -0.159    -0.740     3.181     3.200     2.300    10.000
  2019.539     0.332     0.134    -0.955     3.200     2.300    10.000
  2019.542     0.215    -0.188     3.616     3.100     2.400    10.000
  2019.545    -0.046    -0.416     0.734     3.400     2.500    10.400
  2019.548    -0.779    -0.379     6.279     3.200     2.500    10.400
  2019.550    -0.329     0.328    -1.092     3.100     2.400    10.000
  2019.553    -0.450     0.742    -5.504     3.100     2.400    10.000
  2019.556    -0.153     0.599     2.283     3.100     2.500    10.100
  2019.559    -0.452     0.040    -0.127     3.400     2.300    10.100
  2019.561    -2.725    -1.686    -6.081     3.400     2.500    10.700
  2019.564    -1.171    -0.907    -3.212     3.100     2.300    10.000
  2019.567    -0.862    -0.236     2.940     3.100     2.500    10.400
  2019.570    -0.625    -0.823    -3.893     3.100     2.400    10.000
  2019.572     1.682    -0.224    -4.834     3.100     2.400    10.000
  2019.575     0.058     0.093    -2.808     3.100     2.400    10.000
  2019.578     0.175    -0.593    -6.547     3.100     2.300    10.000
  2019.580     0.027    -0.534    -1.978     3.400     2.500    10.200
  2019.583    -0.669    -1.432    -2.584     3.100     2.300    10.000
  2019.586     0.692    -1.225    -2.148     3.100     2.500    10.400
  2019.589    -0.123    -1.143     0.164     3.100     2.500    10.100
  2019.591     0.124    -1.022    -1.585     3.100     2.400    10.000
  2019.594    -1.580    -1.343    -1.392     3.100     2.500    10.400
  2019.597    -0.697     0.048   -11.414     3.100     2.400    10.000
  2019.600    -0.659     0.640     0.443     3.400     2.500    10.400
  2019.602    -0.041    -0.985    -1.137     3.400     2.500    10.400
  2019.605     0.441    -2.131    -6.773     3.100     2.400     9.800
  2019.608     0.033     1.111     0.949     3.400     2.400    10.400
  2019.611     0.276    -1.100    -7.898     3.400     2.500    10.400
  2019.613     2.085     0.829    -5.854     3.100     2.400    10.000
  2019.616     0.186     0.333     1.487     3.100     2.400    10.300
  2019.619     0.343    -0.819    -0.385     3.100     2.400    10.000
  2019.622    -0.690    -1.439    -6.869     3.100     2.400    10.000
  2019.624     0.740    -1.452    -7.428     3.100     2.500    10.400
  2019.627    -1.963    -1.510    -0.965     3.100     2.400    10.000
  2019.630     0.537     0.337    -0.840     3.100     2.400    10.000
  2019.632    -1.220     0.289    -4.435     3.100     2.400    10.000
  2019.635    -0.536    -0.617    -0.848     3.100     2.500    10.100
  2019.638    -1.222     0.065    -8.632     3.100     2.300    10.000
  2019.641     1.790    -1.405    -0.513     3.100     2.500    10.100
  2019.643    -1.152    -1.522    -0.546     3.100     2.500    10.100
  2019.646    -1.563     0.181    -0.516     3.100     2.500    10.100
  2019.649    -2.221    -1.497    -1.586     3.100     2.300    10.000
  2019.652    -1.957    -1.054    -3.861     3.100     2.400    10.000
  2019.654    -1.126    -0.336    -0.678     3.100     2.500    10.100
  2019.657    -1.386    -1.100    -3.172     3.100     2.500    10.400
  2019.660    -2.667     4.139    -7.722     3.200     2.500    10.400
  2019.663    -1.859     0.281    -2.151     3.100     2.500    10.100
  2019.665    -1.427    -0.745    -4.135     3.100     2.400    10.000
  2019.668    -0.648     0.575    -3.125     3.100     2.400    10.000
  2019.671     0.003    -1.242    -0.829     3.100     2.300    10.000
  2019.674    -0.573    -1.156    -3.590     3.100     2.400    10.000
  2019.676    -0.709    -1.077    -2.105     3.100     2.400    10.000
  2019.679     0.290    -0.309    -2.194     3.100     2.500    10.400
  2019.682     1.351    -1.411     0.026     3.100     2.500    10.400
  2019.685     2.608    -1.071     3.103     3.100     2.400    10.000
  2019.687     1.107    -0.611     2.753     3.100     2.400    10.000
  2019.690     0.592    -0.780     1.392     3.100     2.300    10.000
  2019.693    -0.185     0.068    -5.106     3.100     2.400    10.000
  2019.695     0.641     0.862    -3.284     3.100     2.500    10.100
  2019.698     0.055     0.088    -2.130     3.100     2.400    10.000
  2019.701    -1.242     1.681    -6.889     3.100     2.400    10.000
  2019.704     0.218    -0.663     0.437     3.100     2.300    10.000
  2019.706    -0.407    -0.875    -0.975     3.100     2.300    10.000
  2019.709     0.036    -1.136    -0.324     3.100     2.400    10.000
  2019.712     0.388    -0.571    -5.444     3.100     2.400    10.000
  2019.715     1.014     0.339    -4.766     3.100     2.400    10.000
  2019.717     0.486    -1.071    -4.305     3.100     2.400     9.800
  2019.720    -0.643    -0.010    -5.199     3.500     2.400    10.400
  2019.723    -1.662    -0.614    -2.618     3.500     2.500    10.400
  2019.726    -1.818    -1.842     2.711     3.100     2.300    10.000
  2019.728    -0.755    -2.221    -1.457     3.100     2.300    10.000
  2019.731    -0.789    -1.152    -5.139     3.100     2.400    10.000
  2019.734    -0.022    -2.277    -6.951     3.100     2.400    10.000
  2019.737    -1.540    -0.819    -7.310     3.100     2.500    10.100
  2019.739    -1.020    -0.760    -8.939     3.100     2.400    10.000
  2019.742    -0.438    -3.025    -5.736     3.500     2.500    10.400
  2019.745     0.790    -0.842    -1.308     3.400     2.500    10.400
  2019.747    -0.085    -1.556     3.508     3.100     2.400    10.000
  2019.750     0.142    -1.587    -0.601     3.100     2.500    10.400
  2019.753     1.672     0.324    -1.027     3.100     2.500    10.400
  2019.756     0.419    -1.403    -1.402     3.400     2.500    10.700
  2019.758     0.165    -0.524     1.653     3.100     2.400    10.000
  2019.761    -0.953    -1.836    -5.925     3.100     2.300    10.000
  2019.764     0.877    -2.483    -5.496     3.100     2.400    10.000
  2019.767    -0.288    -1.628    -2.905     3.100     2.300    10.000
  2019.769    -0.478    -1.997    -8.446     3.100     2.300    10.000
  2019.772     1.146    -2.146     4.252     3.100     2.300    10.000
  2019.775    -0.302    -1.118     6.363     3.500     2.500    10.400
  2019.778    -0.138    -1.448     0.250     3.100     2.500    10.100
  2019.780    -0.325    -0.859    -0.805     3.100     2.400    10.000
  2019.783     0.011    -1.688    -7.188     3.100     2.400    10.000
  2019.786    -0.129    -0.966     0.389     3.100     2.300    10.000
  2019.789     1.782    -0.573     3.919     3.100     2.300    10.000
  2019.791    -0.287     0.161    10.248     3.100     2.300    10.000
  2019.794    -0.340    -1.159    -3.830     3.100     2.300    10.000
  2019.797    -0.690    -1.579     0.435     3.100     2.300    10.000
  2019.800     1.967    -1.354     4.798     3.100     2.300    10.000
  2019.802     1.473    -0.447     6.610     3.100     2.400    10.000
  2019.805     1.344     1.618     4.818     3.100     2.300    10.000
  2019.808     5.157    -0.027    -2.993     3.100     2.300    10.000
  2019.810     2.609     0.642    -1.599     3.100     2.500    10.100
  2019.813     4.112    -0.714     4.774     3.100     2.400    10.000
  2019.816     7.326     1.020    -6.139     3.100     2.300    10.000
  2019.819     5.149     1.196     2.641     3.100     2.400    10.000
  2019.821     1.728     0.215    -2.146     3.100     2.500    10.100
  2019.824    -1.019    -0.973    -6.854     3.100     2.400    10.000
  2019.827    -1.335     0.087    -6.371     3.100     2.300    10.000
  2019.830     1.180     1.575     3.507     3.100     2.300    10.000
  2019.832    -4.271    -0.995     8.017     3.100     2.400    10.400
  2019.835    -0.890    -0.712     7.752     3.100     2.400    10.400
  2019.838    -0.209    -0.427     1.737     3.100     2.300    10.000
  2019.841     0.350     0.458    -6.470     3.100     2.400    10.000
  2019.843     3.382    -0.337     2.423     3.100     2.400    10.100
  2019.846     4.373     0.050    -3.879     3.100     2.500    10.100
  2019.849     0.037    -0.409    -1.856     3.100     2.400    10.100
  2019.852    -0.397    -1.519    -5.605     3.100     2.300    10.000
  2019.854     2.639    -0.111     0.604     3.100     2.300    10.000
  2019.857     1.272     0.052     8.887     3.100     2.300    10.000
  2019.860     4.029     2.628     4.901     3.100     2.300    10.000
  2019.862    -1.159    -1.384    17.404     3.100     2.300    10.000
  2019.865    -2.281     0.735     2.097     3.100     2.300    10.000
  2019.868     0.267    -0.755    -5.879     3.100     2.500    10.100
  2019.871     0.398     0.070    -2.902     3.100     2.400    10.000
  2019.873     2.931     0.263    -2.369     3.100     2.500    10.100
  2019.876     3.532     1.399    -1.490     3.100     2.300    10.000
  2019.879     2.217     3.239     0.144     3.100     2.500    10.400
  2019.882     5.367    -1.351    -3.106     3.100     2.300    10.000
  2019.884     1.161     1.142     3.036     3.100     2.300    10.000
  2019.887     1.016    -1.610    -1.014     3.100     2.500    10.400
  2019.890    -0.553     1.250    -1.133     3.500     2.400    10.400
  2019.893     0.157     0.108    -3.787     3.100     2.400    10.100
  2019.895    -0.372     0.001    -1.232     3.100     2.400    10.100
  2019.898     1.070     0.133     3.267     3.100     2.300    10.000
  2019.901    -2.353    -0.690    -1.093     3.100     2.300    10.000
  2019.904    -1.929     2.635    -0.424     3.100     2.300    10.000
  2019.906     1.050     1.879    -0.643     3.100     2.400    10.400
  2019.909     0.901     1.078     4.531     3.200     2.400    10.400
  2019.912    -1.898     2.222    -4.023     3.100     2.300    10.000
  2019.914    -8.911     0.807    -7.687     3.100     2.400    10.100
  2019.917    -1.694     1.749    -2.258     3.100     2.400    10.000
  2019.920    -0.247     1.051     0.002     3.268     2.400    10.400
  2019.923    -0.326     0.973    -1.379     3.200     2.400    10.400
  2019.925     1.693     0.756    -2.449     3.100     2.300    10.300
  2019.928    -0.187     0.933    -5.869     3.200     2.300    10.300
  2019.931    -0.163    -0.208    -2.827     3.100     2.500    10.400
  2019.934    -0.211     0.182    -2.033     3.100     2.300    10.000
  2019.936    -0.400    -1.082    -3.308     3.200     2.400    10.400
  2019.939     0.073    -0.946    -0.582     3.100     2.400    10.400
  2019.942    -0.748    -0.836    -1.291     3.100     2.400    10.400
  2019.945     1.480     0.602     1.400     3.100     2.300    10.000
  2019.947     0.765    -0.484    -1.278     3.100     2.500    10.400
  2019.950     0.460    -0.057     6.192     3.100     2.300    10.000
  2019.953    -1.665     0.306    11.854     3.500     2.400    10.700
  2019.956    -4.094     0.583     6.413     3.100     2.300    10.000
  2019.958    -6.147     1.409    -3.593     3.100     2.300    10.000
  2019.961    -4.184     0.433    -5.123     3.100     2.300    10.000
  2019.964     3.027     1.638    -0.824     3.100     2.400    10.000
  2019.967     1.042     3.080    -2.555     3.100     2.500    10.400
  2019.969    -4.853     2.495    -6.693     3.100     2.500    10.400
  2019.972    -6.157     1.162    -7.893     3.100     2.300    10.000
  2019.975    -4.430     1.462    -2.119     3.100     2.300    10.000
  2019.977    -2.627     1.301     4.889     3.100     2.300    10.000
  2019.980    -4.580     2.427    -2.787     3.100     2.500    10.400
  2019.983    -1.076     2.103     1.141     3.200     2.400    10.300
  2019.986    -1.566     1.989     7.216     3.100     2.400    10.000
  2019.988    -2.394    -1.143    -5.458     3.100     2.300    10.000
  2019.991    -2.726     0.054    -3.776     3.100     2.300    10.000
  2019.994    -0.759     1.146    -2.772     3.100     2.300    10.000
  2019.997     0.239     1.570    -0.976     3.100     2.500    10.100
  2019.999     1.714     4.058    -6.798     3.268     2.300    10.000
  2020.003     6.895     0.593     4.360     3.100     2.300    10.000
  2020.006     4.586     3.302    -1.308     3.100     2.300    10.000
  2020.008     1.438    -0.727    -0.653     3.100     2.500    10.400
  2020.011    -3.083    -1.740    -3.708     3.100     2.500    10.400
  2020.014    -2.735    -1.384   -10.323     3.500     2.500    10.700
  2020.016    -3.566     1.780   -11.068     3.200     2.400    10.400
  2020.019     1.662     0.589    -0.722     3.200     2.400    10.400
  2020.022    -4.619    -0.755   -12.774     3.100     2.400    10.400
  2020.025    -6.322    -0.321   -10.699     3.268     2.400    10.700
  2020.027    -2.194    -0.008     2.261     3.500     2.500    10.700
  2020.030    -0.473     1.363     0.266     3.100     2.300    10.000
  2020.033    -1.757     1.429    13.363     3.100     2.300    10.000
  2020.036    -1.273    -0.171     3.091     3.100     2.300    10.000
  2020.038    -5.906     1.410    -2.897     3.100     2.300    10.000
  2020.041    -2.817     1.953     0.982     3.100     2.500    10.400
  2020.044     0.252     1.774    -0.110     3.400     2.500    10.400
  2020.047    -6.637     0.920     2.307     3.400     2.500    10.400
  2020.049    -3.317     2.793     0.466     3.100     2.400    10.300
  2020.052    -4.427    -0.033    -3.217     3.100     2.500    10.100
  2020.055    -4.011    -1.734   -21.068     3.100     2.400    10.300
  2020.058    -2.748    -0.868   -12.934     3.100     2.300    10.000
  2020.060    -3.133    -0.276    -2.452     3.100     2.500    10.400
  2020.063    -3.472     0.094    -6.212     3.100     2.500    10.400
  2020.066    -0.896     0.752    -0.321     3.100     2.300    10.000
  2020.068    -1.198     0.629     0.841     3.100     2.300    10.000
  2020.071    -1.091    -0.465     6.355     3.100     2.400    10.100
  2020.074    -0.705     0.758     3.683     3.100     2.300    10.000
  2020.077    -0.416     0.141    -0.406     3.100     2.300    10.000
  2020.079    -0.242     0.876     0.776     3.100     2.300    10.000
  2020.082    -5.350     1.492    -3.318     3.100     2.500    10.100
  2020.085    -6.144     1.291    -2.430     3.100     2.500    10.100
  2020.088    -4.276     1.038    -7.796     3.100     2.500    10.400
  2020.090    -2.649     0.622    -5.660     3.100     2.300    10.000
  2020.093     0.214     0.073     0.160     3.100     2.500    10.100
  2020.096     2.887     0.945    -3.184     3.100     2.400    10.000
  2020.099    -4.300    -1.156    -5.416     3.100     2.300    10.000
  2020.101     1.435     0.526     6.538     3.100     2.500    10.100
  2020.104     1.653     2.103   -10.638     3.100     2.300    10.000
  2020.107    -5.864    -1.281     8.777     3.100     2.300    10.000
  2020.110    -5.360    -0.668    -6.658     3.100     2.300    10.000
  2020.112    -1.346     0.110   -13.149     3.100     2.300    10.000
  2020.115    -1.111    -0.354     3.648     3.100     2.500    10.400
  2020.118    -0.310    -0.409     0.932     3.100     2.300    10.000
  2020.121    -0.479     0.672    -1.267     3.100     2.500    10.400
  2020.123    -1.074     0.659    -1.270     3.100     2.500    10.700
  2020.126     0.103     2.060     8.828     3.100     2.400    10.300
  2020.129    -0.590     0.742     2.992     3.100     2.300    10.000
  2020.131     2.724     1.966     0.551     3.400     2.500    10.400
  2020.134    -2.982    -0.331    -5.831     3.100     2.500    10.400
  2020.137     2.505    -1.265    -6.946     3.100     2.300    10.300
  2020.140     3.070     0.927    -5.836     3.200     2.500    10.700
  2020.142    -3.291     1.798    -0.694     3.100     2.500    10.700
  2020.145     4.557     0.876    -1.564     3.100     2.500    10.100
  2020.148     1.803    -0.201     1.268     3.400     2.500    10.400
  2020.151     3.251     0.079    -8.956     3.100     2.500    10.400
  2020.153     1.103     0.214     7.417     3.100     2.400    10.300
  2020.156     2.619     0.105    -2.031     3.100     2.500    10.400
  2020.159    -2.223    -1.293    -9.099     3.100     2.500    10.400
  2020.162     2.247     0.710     2.925     3.100     2.500    10.100
  2020.164     1.828     1.742    -9.964     3.100     2.500    10.400
  2020.167    -0.153     0.362    -8.647     3.100     2.400    10.300
  2020.170     3.188     0.034     1.374     3.400     2.400    10.400
  2020.173     3.911     0.640     4.511     3.100     2.500    10.400
  2020.175     5.339     0.979    -6.162     3.100     2.500    10.400
  2020.178     3.444     0.529     0.698     3.100     2.400    10.700
  2020.181    -1.874     1.069     0.798     3.100     2.500    10.400
  2020.183    -4.035     1.002     1.996     3.268     2.400    10.400
  2020.186    -1.588     0.356    -5.211     3.268     2.400    10.400
  2020.189    -0.274     4.122    -0.285     3.100     2.500    10.100
  2020.192    -1.938     0.489    -2.732     3.400     2.400    10.400
  2020.194    -9.007    -0.354     1.097     3.100     2.500    10.400
  2020.197    -5.231     0.783    -2.088     3.100     2.500    10.400
  2020.200     0.492     0.549    -0.515     3.400     2.500    10.400
  2020.203     0.901     1.654    -0.907     3.100     2.500    10.400
  2020.205    -8.097     0.695    -9.743     3.100     2.500    10.400
  2020.208    -9.309    -1.364    -4.018     3.400     2.500    10.700
  2020.211    -3.976     0.594     8.752     3.100     2.500    10.400
  2020.214    -1.869     0.630     1.902     3.100     2.500    10.400
  2020.216    -0.358     1.142    -2.717     3.500     2.600    11.300
  2020.219     3.766     0.128     4.712     3.400     2.600    11.100
  2020.222    -3.333    -0.418     3.962     3.400     2.500    10.700
  2020.225    -0.949    -0.001     0.102     3.400     2.500    10.400
  2020.227     1.192     0.859     2.856     3.100     2.500    10.400
  2020.230     0.457     1.918     9.782     3.100     2.400    10.300
  2020.233    -0.592     1.574     0.200     3.100     2.500    10.400
  2020.236     2.610     0.234     5.933     3.400     2.500    10.400
  2020.238    -0.956     0.284     0.166     3.400     2.500    10.400
  2020.241    -8.041     0.719    14.226     3.400     2.500    10.400
  2020.244    -7.662     3.593    -3.555     3.100     2.500    10.400
  2020.246    -5.908     1.026     0.206     3.400     2.500    10.400
  2020.249    -5.097     0.038    -2.976     3.400     2.500    10.400
  2020.252    -7.315     0.103    -4.790     3.400     2.500    10.400
  2020.255    -8.673     1.452    -8.356     3.400     2.500    10.700
  2020.257    -6.953     1.798    -9.829     3.100     2.500    10.100
  2020.260    -5.115     0.211    -7.455     3.500     2.500    10.700
  2020.263    -3.399    -0.677     1.822     3.400     2.500    10.400
  2020.266    -3.878    -1.802     0.804     3.400     2.500    10.400
  2020.268    -4.508    -0.579     1.148     3.400     2.500    10.400
  2020.271     2.607     1.109    -1.193     3.200     2.500    10.700
  2020.274    -2.489     1.452    -0.634     3.400     2.500    10.400
  2020.277    -1.268     0.299    10.693     3.400     2.500    10.700
  2020.279     0.653     1.972     1.741     3.400     2.500    10.700
  2020.282     0.399     0.118    -4.475     3.500     2.500    10.700
  2020.285     1.388     0.454    -2.476     3.500     2.500    10.700
  2020.288    -1.048    -1.290    -1.172     3.400     2.500    10.700
  2020.290    -0.080    -0.435     4.294     3.400     2.500    10.400
  2020.293    -2.782     0.460     0.039     3.400     2.500    10.400
  2020.296    -0.664     0.976     7.302     3.100     2.500    10.400
  2020.298     3.381     1.085     4.304     3.100     2.500    10.400
  2020.301     8.036     3.204     5.223     3.100     2.500    10.400
  2020.304     7.998     2.220    -5.818     3.100     2.500    10.400
  2020.307     1.523     1.753   -10.736     3.400     2.500    10.400
  2020.309    -5.633     0.715     2.945     3.500     2.500    10.700
  2020.312    -5.054     0.472    -4.343     3.500     2.500    10.700
  2020.315    -0.648     0.753    -2.976     3.200     2.500    10.700
  2020.318    -1.490     0.688    -4.540     3.400     2.500    10.400
  2020.320    -1.038    -0.013    -2.410     3.100     2.500    10.400
  2020.323    -2.238     0.722     0.560     3.100     2.500    10.400
  2020.326    -0.722     0.546    -0.891     3.100     2.500    10.400
  2020.329     0.533    -0.169     0.059     3.100     2.500    10.400
  2020.331    -0.172     1.560     9.623     3.100     2.500    10.400
  2020.334    -0.724    -0.334     5.970     3.100     2.500    10.400
  2020.337    -0.860     0.251     1.277     3.100     2.500    10.400
  2020.340    -2.072     2.080     7.468     3.100     2.500    10.400
  2020.342    -3.493     0.353    14.482     3.100     2.500    10.400
  2020.345    -4.321     1.148    11.601     3.500     2.500    10.700
  2020.348    -2.319     0.067     8.894     3.100     2.500    10.538
  2020.350     2.629     1.533    -9.971     3.400     2.500    10.700
  2020.353     3.517     3.818   -29.161     3.268     2.500    10.700
  2020.356     3.674     2.637     3.963     3.400     2.500    10.700
  2020.359     2.029    -1.125     3.145     3.400     2.500    10.700
  2020.361    -0.356     0.874     4.992     3.100     2.500    10.400
  2020.364     4.216    -0.029     9.435     3.100     2.500    10.400
  2020.367     0.184    -1.571    16.349     3.100     2.500    10.400
  2020.370     1.187     1.197     4.432     3.100     2.500    10.400
  2020.372    -0.283     0.180     3.752     3.400     2.500    10.400
  2020.375    -0.239     0.949     5.818     3.400     2.500    10.700
  2020.378    -0.737     0.918     1.845     3.400     2.500    10.400
  2020.381     1.237     1.451    -3.547     3.400     2.400    10.700
  2020.383    -0.071     1.336    10.363     3.400     2.500    10.700
  2020.386    -3.854     0.998    22.968     3.400     2.500    10.538
  2020.389    -7.061     0.088    16.037     3.100     2.500    10.400
  2020.392     0.067     1.552    -3.600     3.400     2.500    10.700
  2020.394     2.390     2.335    11.734     3.400     2.500    10.700
  2020.397    -0.803     3.903     7.484     3.400     2.500    10.700
  2020.400     0.706     2.561     4.537     3.400     2.500    10.400
  2020.403     3.416    -0.473     4.685     3.100     2.500    10.400
  2020.405     0.073     0.939    -1.516     3.400     2.500    10.400
  2020.408    -0.312    -0.101    -2.437     3.400     2.500    10.700
  2020.411    -0.511     0.997    -2.934     3.400     2.500    10.400
  2020.413     0.742     1.027     6.062     3.400     2.500    10.700
  2020.416     0.162     1.230    -2.527     3.100     2.500    10.400
  2020.419     0.534     0.016     0.501     3.100     2.500    10.400
  2020.422     1.030     1.507    10.585     3.400     2.500    10.400
  2020.424     2.808     0.896     4.454     3.400     2.500    10.700
  2020.427     1.286     1.339     5.828     3.500     2.600    11.300
  2020.430     0.296     1.209     5.037     3.500     2.600    11.100
  2020.433     0.071     0.391     8.570     3.100     2.500    10.700
  2020.435    -0.258     1.124    13.778     3.100     2.500    10.400
  2020.438    -0.147     0.599     3.381     3.100     2.500    10.700
  2020.441    -0.510     1.947    -4.282     3.400     2.500    10.700
  2020.444     1.727     1.793     4.559     3.100     2.500    10.700
  2020.446     3.749    -0.508     2.713     3.400     2.500    10.700
  2020.449     1.246    -0.877     4.118     3.100     2.500    10.400
  2020.452    -2.049     1.508    -7.655     3.100     2.500    10.400
  2020.455    -1.128     0.519    -8.960     3.100     2.500    10.700
  2020.457    -0.380     0.811    -2.193     3.100     2.500    10.400
  2020.460     2.776     0.477     4.614     3.100     2.500    10.400
  2020.463     2.394    -0.450     3.451     3.100     2.500    10.400
  2020.465     0.490     1.512     1.259     3.100     2.500    10.700
  2020.468    -0.243     2.095    -7.742     3.100     2.500    10.400
  2020.471     2.858    -0.122     5.349     3.100     2.500    10.400
  2020.474     2.319     0.929     7.490     3.100     2.500    10.400
  2020.476     0.353    -0.462     3.568     3.100     2.500    10.400
  2020.479     0.759     0.750     6.575     3.100     2.500    10.700
  2020.482     0.588    -0.388    -6.736     3.100     2.500    10.700
  2020.485    -1.759     0.086    -1.292     3.100     2.500    10.700
  2020.487     1.958     0.125     4.262     3.400     2.600    11.100
  2020.490    -0.095     0.845     7.535     3.400     2.600    11.100
  2020.493    -0.836     1.332     0.523     3.500     2.500    11.000
  2020.496    -0.588     0.865     0.400     3.400     2.500    11.000
  2020.498    -0.892    -0.107     3.535     3.400     2.500    11.000
  2020.501    -0.533     1.723     0.271     3.100     2.500    10.700
  2020.504    -1.484     0.323     1.885     3.100     2.500    10.400
  2020.507    -2.854     0.929    -4.240     3.100     2.500    10.400
  2020.509    -0.831    -0.186    -4.408     3.100     2.500    10.700
  2020.512    -0.284     1.356     1.225     3.400     2.500    10.700
  2020.515     0.619     0.257     3.623     3.100     2.500    10.700
  2020.518     0.096    -0.181     4.458     3.100     2.500    10.700
  2020.520     1.903     0.087     2.882     3.400     2.500    10.700
  2020.523     0.410    -0.307     2.766     3.500     2.500    10.700
  2020.526    -1.209     0.999     6.424     3.100     2.500    10.700
  2020.528    -0.000    -0.287     8.389     3.100     2.500    10.700
  2020.531     0.080    -0.264    -1.279     3.100     2.500    10.700
  2020.534    -1.319    -0.999    -0.173     3.100     2.500    10.700
  2020.537     0.209     0.330     1.915     3.100     2.500    10.400
  2020.539    -0.347    -0.184     1.585     3.400     2.500    10.700
  2020.542     0.827    -0.075     2.797     3.100     2.500    10.700
  2020.545     0.972    -1.155     0.975     3.400     2.500    10.700
  2020.548     0.905     0.779     0.854     3.400     2.500    10.400
  2020.550     0.486     0.101    -6.346     3.100     2.500    10.400
  2020.553     0.399    -1.124    -2.775     3.100     2.500    10.400
  2020.556    -0.066     0.024     2.148     3.100     2.500    10.700
  2020.559     0.184     0.029     4.923     3.100     2.500    10.700
  2020.561     0.049    -0.549     0.028     3.200     2.500    10.700
  2020.564    -0.047     0.016    -1.811     3.200     2.500    10.700
  2020.567    -0.286    -0.841    -0.566     3.100     2.500    10.700
  2020.570     0.118     0.063     1.403     3.100     2.500    10.700
  2020.572    -1.826    -0.805    -2.572     3.500     2.500    10.700
  2020.575    -1.112    -2.226    -8.101     3.500     2.600    11.600
  2020.578     0.805    -1.066    -1.867     3.500     2.500    10.700
  2020.580    -0.121    -1.198    -2.217     3.400     2.500    10.700
  2020.583     1.249    -1.444    -5.800     3.400     2.600    10.800
  2020.586    -0.925    -1.256    -3.682     3.400     2.500    10.700
  2020.589    -1.346    -0.324     0.397     3.500     2.700    11.100
  2020.591    -2.017    -0.786    10.315     3.400     2.600    10.800
  2020.594    -2.861    -0.989    11.704     3.400     2.600    11.100
  2020.597     0.107    -0.725    -3.850     3.500     2.600    11.100
  2020.600    -0.830    -0.569   -10.505     3.500     2.600    11.300
  2020.602    -0.302    -1.076    -4.248     3.500     2.600    11.300
  2020.605    -0.295     0.278    -0.446     3.400     2.500    10.700
  2020.608     0.460    -0.103    -2.423     3.400     2.500    10.700
  2020.611     0.305    -1.711    -5.252     3.400     2.500    10.700
  2020.613     0.510    -1.172     0.975     3.400     2.500    10.700
  2020.616     0.568    -0.357    -3.749     3.400     2.600    10.800
  2020.619    -0.454    -1.073    -0.276     3.500     2.600    10.700
  2020.622     0.471    -1.741    -1.051     3.500     2.500    10.700
  2020.624     1.350     0.140     1.942     3.500     2.500    10.700
  2020.627     0.778    -0.722    -3.696     3.400     2.500    10.700
  2020.630     0.679    -1.220    -1.094     3.500     2.500    10.700
  2020.632    -1.067    -1.201     0.825     3.500     2.600    10.800
  2020.635    -0.641    -1.413    -4.646     3.200     2.600    10.600
  2020.638     0.357    -1.707    -4.760     3.500     2.600    10.700
  2020.641    -0.126    -1.242    -5.365     3.500     2.600    10.700
  2020.643     0.823    -1.504    -5.081     3.500     2.500    10.700
  2020.646     0.665    -0.380    -0.405     3.500     2.500    10.700
  2020.649     0.744    -1.018    -4.774     3.500     2.600    10.700
  2020.652    -1.142    -1.446    -1.162     3.500     2.600    10.700
  2020.654    -0.069    -0.591    -0.538     3.500     2.600    10.800
  2020.657    -0.607    -0.702     2.876     3.500     2.600    10.700
  2020.660     0.895    -0.663     0.887     3.500     2.500    10.700
  2020.663    -0.786    -0.833     1.521     3.500     2.500    10.700
  2020.665    -0.140    -1.175    -0.243     3.500     2.600    10.700
  2020.668     0.089    -1.845    -5.182     3.500     2.600    10.700
  2020.671    -1.069    -1.421    -8.796     3.500     2.600    10.700
  2020.674     0.274    -1.202    -6.529     3.500     2.600    10.800
  2020.676     0.227    -0.467    -1.346     3.500     2.600    10.700
  2020.679     0.842     0.374    -3.000     3.500     2.600    10.700
  2020.682     1.716    -0.592     9.109     3.500     2.500    10.700
  2020.685    -0.487    -0.988    -0.237     3.500     2.500    10.400
  2020.687     0.876    -0.660    -8.788     3.500     2.500    10.400
  2020.690     0.064    -0.958    -3.124     3.500     2.500    10.400
  2020.693     0.431    -1.382     4.881     3.500     2.600    10.700
  2020.695     0.817    -0.890     0.913     3.500     2.700    10.800
  2020.698     1.066    -2.461    -5.917     3.400     2.700    11.300
  2020.701     1.215    -0.451   -11.305     3.500     2.700    10.800
  2020.704    -0.132    -0.433    -2.430     3.500     2.600    10.400
  2020.706     1.722    -0.466     1.714     3.200     2.500    10.400
  2020.709     2.008    -1.360     2.556     3.500     2.700    11.000
  2020.712    -0.297    -0.737    -2.111     3.600     2.700    10.800
  2020.715     0.204    -0.663    -4.920     3.500     2.700    10.800
  2020.717     0.038    -0.513    -2.252     3.500     2.700    10.800
  2020.720    -0.369    -0.726    -2.722     3.500     2.700    10.800
  2020.723    -0.179    -1.238    -2.838     3.400     2.600    10.700
  2020.726     2.887    -2.115    -3.098     3.100     2.500    10.400
  2020.728     1.805    -0.638     0.325     3.500     2.600    10.400
  2020.731     1.313    -1.590    -4.821     3.500     2.600    10.400
  2020.734    -0.182    -1.170     0.443     3.100     2.500    10.400
  2020.737     2.378    -0.686     1.918     3.400     2.500    10.400
  2020.739     1.678    -0.504     6.105     3.400     2.500    10.400
  2020.742     1.585    -0.324     2.208     3.500     2.600    10.700
  2020.745     1.050    -1.462    -0.355     3.400     2.500    10.400
  2020.747     0.191    -1.463     0.164     3.100     2.600    10.400
  2020.750     1.399    -1.101    -1.077     3.100     2.500    10.400
  2020.753     1.518     0.422    -0.450     3.500     2.500    10.700
  2020.756     1.968    -0.061     2.104     3.400     2.600    10.700
  2020.758     0.973    -2.727     2.271     3.400     2.500    10.400
  2020.761     1.523    -0.319    -0.503     3.500     2.600    10.400
  2020.764     0.066    -0.018    -4.009     3.100     2.500    10.400
  2020.767     0.762    -0.823     1.442     3.500     2.500    10.400
  2020.769     0.633    -0.443     0.157     3.400     2.500    10.400
  2020.772     1.099    -1.847    -3.648     3.400     2.700    10.800
  2020.775     0.313    -1.446    -6.390     3.400     2.500    10.400
  2020.778     0.904    -0.763    -2.209     3.500     2.500    10.400
  2020.780     1.270    -0.921    -1.133     3.400     2.500    10.400
  2020.783    -0.244    -0.857    -3.440     3.400     2.500    10.700
  2020.786     2.027    -1.609    -4.662     3.400     2.500    10.400
  2020.789     0.512    -1.247    -6.836     3.400     2.500    10.400
  2020.791     0.430    -2.178    -3.818     3.400     2.500    10.400
  2020.794     1.752    -1.913    -4.454     3.500     2.500    10.700
  2020.797     0.488    -1.448    -5.381     3.500     2.600    10.700
  2020.800     1.524    -1.394    -5.717     3.500     2.500    10.700
  2020.802     2.417    -1.988    -9.170     3.400     2.500    10.400
  2020.805     0.568    -2.397    -3.357     3.400     2.700    10.800
  2020.808     0.291    -1.550    -2.210     3.400     2.500    10.700
  2020.810     0.555    -2.300    -2.667     3.500     2.600    10.800
  2020.813     0.738    -1.575    -3.695     3.500     2.600    10.800
  2020.816    -0.057    -1.312    -2.371     3.500     2.500    10.700
  2020.819     2.584    -1.984    -4.186     3.500     2.600    10.800
  2020.821     1.961    -1.813    -0.440     3.500     2.500    10.700
  2020.824     6.161     0.277    -6.783     3.400     2.600    10.700
  2020.827     0.781    -1.634    -2.638     3.500     2.600    10.700
  2020.830     1.247    -2.175    -7.559     3.500     2.600    10.700
  2020.832     0.215    -1.111    -3.694     3.500     2.600    10.700
  2020.835     1.184     0.110    -2.010     3.400     2.700    10.800
  2020.838     4.679     0.904    -9.077     3.400     2.700    10.800
  2020.841     2.805    -0.046    -9.743     3.400     2.600    10.700
  2020.843    -2.795    -0.229    16.526     3.400     2.600    10.700
  2020.846     0.904     0.419     2.890     3.268     2.700    10.800
  2020.849     4.816    -1.599    -2.022     3.500     2.700    11.100
  2020.852    -1.390    -2.771     5.171     3.400     2.500    10.700
  2020.854     1.205    -0.564    -8.114     3.400     2.700    10.800
  2020.857     1.230    -1.555    -0.577     3.400     2.600    11.100
  2020.860     0.070    -1.830    -3.615     3.400     2.600    11.100
  2020.862     0.450    -0.652    -9.021     3.400     2.600    10.700
  2020.865     0.417    -1.564    -7.172     3.400     2.600    10.700
  2020.868     1.315    -0.881    -3.527     3.400     2.700    11.300
  2020.871     0.707    -0.983    -2.220     3.400     2.700    11.100
  2020.873     0.132    -1.108    -0.764     3.400     2.500    10.700
  2020.876     0.396    -1.489     0.640     3.400     2.500    10.700
  2020.879     2.197    -3.478    -4.445     3.400     2.700    11.100
  2020.882     4.799    -0.541    -0.524     3.400     2.700    11.300
  2020.884     3.754     1.627    -2.173     3.500     2.700    11.100
  2020.887     2.309     0.263    -6.134     3.268     2.700    11.100
  2020.890     1.296     0.490     2.310     3.400     2.700    11.600
  2020.893    -0.413     0.334     0.499     3.400     2.600    11.100
  2020.895    -3.984    -4.186   -14.937     3.400     2.700    10.800
  2020.898     4.312    -0.973    -1.504     3.300     2.700    11.100
  2020.901    -3.223    -0.693    -3.687     3.300     2.700    11.100
  2020.904     2.130    -1.144    -7.373     3.400     2.600    10.700
  2020.906     1.780     0.715    -0.900     3.400     2.500    10.700
  2020.909     4.387    -0.954    -7.534     3.400     2.600    10.700
  2020.912     2.133    -1.218    -0.502     3.500     2.700    11.100
  2020.914    -0.151    -0.196    -1.699     3.500     2.700    11.300
  2020.917    -1.187     0.235   -12.918     3.400     2.700    10.800
  2020.920    -0.173    -0.098    -3.898     3.400     2.500    10.700
  2020.923     3.535     1.326    -1.505     3.400     2.500    10.700
  2020.925     1.759    -0.818    -3.489     3.400     2.600    10.700
  2020.928     2.085    -0.379    -1.772     3.400     2.600    10.700
  2020.931    -0.183     0.292     4.189     3.400     2.700    10.800
  2020.934     0.423    -1.317    -2.039     3.400     2.500    10.400
  2020.936     2.865    -0.871    -2.293     3.400     2.500    10.700
  2020.939     1.585    -0.902     3.341     3.400     2.600    10.700
  2020.942     0.807    -0.646     1.869     3.400     2.500    10.700
  2020.945     4.984     0.426    -0.570     3.400     2.600    10.700
  2020.947     2.319     1.084     0.347     3.400     2.500    10.400
  2020.950    -6.300     0.625     7.407     3.400     2.500    10.700
  2020.953    -6.553     0.835     3.373     3.400     2.600    10.700
  2020.956    -1.802    -0.903     6.630     3.400     2.600    10.700
  2020.958     0.638    -0.920     6.531     3.400     2.500    10.700
  2020.961    -6.221     0.693     4.558     3.400     2.600    10.700
  2020.964    -7.013     1.361    -1.259     3.400     2.600    10.700
  2020.967    -2.123     1.295     3.890     3.400     2.600    10.700
  2020.969     1.376     1.030    -4.601     3.400     2.700    11.100
  2020.972     0.545    -0.755    -1.493     3.400     2.700    11.100
  2020.975    -0.660    -0.293     0.626     3.400     2.500    10.700
  2020.977     1.004    -1.865     6.748     3.400     2.700    11.100
  2020.980     0.185     0.411     4.347     3.400     2.700    11.300
  2020.983    -3.582     0.375     6.181     3.400     2.800    11.700
  2020.986    -3.231    -2.072    -4.444     3.400     2.700    11.300
  2020.988    -1.065     0.281     0.017     3.400     2.700    10.800
  2020.991    -2.076     0.362     1.143     3.400     2.600    10.900
  2020.994    -4.883     1.284    -1.147     3.400     2.700    10.800
  2020.997    -0.433     1.448     3.042     3.400     2.600    10.700
  2020.999    -3.313    -0.320     0.587     3.400     2.700    11.100
  2021.002    -3.958     0.141    -3.683     3.400     2.600    10.700
  2021.005    -1.222     0.516     3.476     3.268     2.512    10.538
  2021.008     0.225     1.037     3.624     3.268     2.512    10.538
  2021.010    -2.047     0.800    -0.589     3.268     2.512    10.538
  2021.013    -6.000     0.982    -0.389     3.268     2.512    10.538
  2021.016    -7.266     0.305    -4.761     3.268     2.512    10.538
  2021.019    -1.816     2.098    -2.643     3.268     2.512    10.538
  2021.021     2.089     2.985    -6.276     3.268     2.512    10.538
  2021.024     2.627     0.972    -0.075     3.268     2.512    10.538
  2021.027     1.048     0.885    -0.805     3.268     2.512    10.538
  2021.030     0.685    -0.994    -3.617     3.268     2.512    10.538
  2021.032     1.016    -1.016    -0.009     3.268     2.512    10.538
  2021.035    -0.209    -0.186     0.298     3.268     2.512    10.538
  2021.038    -0.933    -1.170    -0.745     3.268     2.512    10.538
  2021.040     0.070    -0.409    -1.053     3.268     2.512    10.538
  2021.043     0.853     0.771     0.139     3.268     2.512    10.538
  2021.046     0.222    -0.228    -0.469     3.268     2.512    10.538
  2021.049     0.693    -0.771    -0.796     3.268     2.512    10.538
  2021.051    -0.626    -0.049    -0.216     3.268     2.512    10.538
  2021.054     0.518     0.631     2.228     3.268     2.512    10.538
  2021.057     1.012     0.406     2.447     3.268     2.512    10.538
  2021.060     0.664    -0.010     0.608     3.268     2.512    10.538
  2021.062     4.094     1.268     2.465     3.268     2.512    10.538
  2021.065    -1.829     1.060     3.955     3.268     2.512    10.538
  2021.068    -1.725     0.803     8.801     3.268     2.512    10.538
  2021.071    -4.463     0.602     2.239     3.268     2.512    10.538
  2021.073    -3.535     0.497    -2.608     3.268     2.512    10.538
  2021.076     1.246    -0.729     1.309     3.268     2.512    10.538
  2021.079    -4.534    -1.342     1.710     3.268     2.512    10.538
  2021.082    -6.351    -2.403    -7.609     3.268     2.512    10.538
  2021.084    -5.555    -1.638    -9.956     3.268     2.512    10.538
  2021.087    -0.399    -0.478    -2.000     3.268     2.512    10.538
  2021.090     1.451    -0.835    -3.031     3.268     2.512    10.538
  2021.093     6.184     0.080     0.912     3.268     2.512    10.538
  2021.095     1.399     0.286     0.353     3.268     2.512    10.538
  2021.098     1.636     0.234     3.952     3.268     2.512    10.538
  2021.101    -3.093    -1.838    -5.797     3.268     2.512    10.538
  2021.103    -1.732    -0.571    -6.471     3.268     2.512    10.538
  2021.106    -1.126    -1.109    -0.734     3.268     2.512    10.538
  2021.109    -0.591    -0.648    -4.267     3.268     2.512    10.538
  2021.112     1.354     0.098     3.493     3.268     2.512    10.538
  2021.114     0.015     0.390    -1.881     3.268     2.512    10.538
  2021.117     3.575     0.261    -2.982     3.268     2.512    10.538
  2021.120     0.626     1.024    -1.097     3.268     2.512    10.538
  2021.123     2.995     1.315    -6.864     3.268     2.512    10.538
  2021.125    -1.040    -0.034    -6.537     3.268     2.512    10.538
  2021.128     2.344     0.125    -5.300     3.268     2.512    10.538
  2021.131     0.152    -0.628    -4.178     3.268     2.512    10.538
  2021.134    -3.726    -0.757    -3.418     3.268     2.512    10.538
  2021.136    -3.380    -0.478     0.154     3.268     2.512    10.538
  2021.139    -2.265    -0.292     0.394     3.268     2.512    10.538
  2021.142    -0.276    -0.899     1.843     3.268     2.512    10.538
  2021.145     0.007     0.155     3.519     3.268     2.512    10.538
  2021.147    -0.048    -0.049    -3.285     3.268     2.512    10.538
  2021.150    -1.594    -0.589     2.312     3.268     2.512    10.538
  2021.153    -0.643    -0.557     2.260     3.268     2.512    10.538
  2021.156    -0.335    -0.847     2.152     3.268     2.512    10.538
  2021.158    -0.195    -0.268     8.552     3.268     2.512    10.538
  2021.161     0.201    -2.159    16.179     3.268     2.512    10.538
  2021.164     2.656    -1.960     1.778     3.268     2.512    10.538
  2021.166    -4.536    -1.174    -6.363     3.268     2.512    10.538
  2021.169     0.888    -0.379    -1.668     3.268     2.512    10.538
  2021.172    -1.242    -0.248    -4.057     3.268     2.512    10.538
  2021.175    -2.647    -0.494    -5.858     3.268     2.512    10.538
  2021.177     3.427    -1.129    -9.275     3.268     2.512    10.538
  2021.180     3.960     0.130    -1.485     3.268     2.512    10.538
  2021.183     0.010    -0.598     2.582     3.268     2.512    10.538
  2021.186     1.581    -0.844     0.695     3.268     2.512    10.538
  2021.188    -0.214    -0.562     1.926     3.268     2.512    10.538
  2021.191     0.605    -2.273     2.602     3.268     2.512    10.538
  2021.194    -0.754    -2.080    -0.793     3.268     2.512    10.538
  2021.197     1.353    -0.905    -0.079     3.268     2.512    10.538
  2021.199     0.662    -0.659    -5.278     3.268     2.512    10.538
  2021.202    -1.021    -0.375    -6.365     3.268     2.512    10.538
  2021.205    -3.363     1.376     5.750     3.268     2.512    10.538
  2021.208    -2.330    -1.660    -0.127     3.268     2.512    10.538
  2021.210    -1.534    -0.348     0.102     3.268     2.512    10.538
  2021.213     0.929    -0.137     0.511     3.268     2.512    10.538
  2021.216    -2.113     0.417     1.815     3.268     2.512    10.538
  2021.219    -2.243     0.149    -7.144     3.268     2.512    10.538
  2021.221    -1.239    -1.019    -6.971     3.268     2.512    10.538
  2021.224     1.055    -1.464    -4.996     3.268     2.512    10.538
  2021.227    -0.125    -0.289    -2.381     3.268     2.512    10.538
  2021.230     4.961     1.587    -2.875     3.268     2.512    10.538
  2021.232    -3.428    -0.465     0.344     3.268     2.512    10.538
  2021.235    -3.682    -0.165    -3.130     3.268     2.512    10.538
  2021.238    -1.264     1.016     0.611     3.268     2.512    10.538
  2021.240     0.279    -0.517   -11.870     3.268     2.512    10.538
  2021.243     1.432    -0.954     2.158     3.268     2.512    10.538
  2021.246     2.692    -0.420   -10.329     3.268     2.512    10.538
  2021.249     5.287     1.509    -7.953     3.268     2.512    10.538
  2021.251     2.380     0.966   -13.031     3.268     2.512    10.538
  2021.254     3.212    -0.018   -14.662     3.268     2.512    10.538
  2021.257     1.054     1.116    -6.503     3.268     2.512    10.538
  2021.260    -0.349     0.664    -1.908     3.268     2.512    10.538
  2021.262    -1.105     0.445     2.581     3.268     2.512    10.538
  2021.265    -0.677    -0.181     8.059     3.268     2.512    10.538
  2021.268     3.822    -2.905     2.389     3.268     2.512    10.538
  2021.271     1.793    -1.317     6.466     3.268     2.512    10.538
  2021.273     4.496     1.359     0.308     3.268     2.512    10.538
  2021.276    -1.833    -0.217    -0.113     3.268     2.512    10.538
  2021.279     6.875     0.770    -6.622     3.268     2.512    10.538
  2021.282    -1.591     1.660    -1.633     3.268     2.512    10.538
  2021.284    -5.151     0.343     6.170     3.268     2.512    10.538
  2021.287     0.565    -1.042     3.982     3.268     2.512    10.538
  2021.290    -0.007     0.287    -0.210     3.268     2.512    10.538
  2021.293    -1.295    -0.277     6.105     3.268     2.512    10.538
  2021.295    -0.298    -0.947     8.863     3.268     2.512    10.538
  2021.298     5.032    -1.096     1.731     3.268     2.512    10.538
  2021.301     3.233     0.520     6.759     3.268     2.512    10.538
  2021.303    -0.799     1.041     5.904     3.268     2.512    10.538
  2021.306     5.455    -0.516     3.413     3.268     2.512    10.538
  2021.309     3.295    -1.993     0.029     3.268     2.512    10.538
  2021.312     1.338    -0.759    -2.416     3.268     2.512    10.538
  2021.314    -1.314    -0.379    -0.506     3.268     2.512    10.538
  2021.317     0.253    -0.103    -5.328     3.268     2.512    10.538
  2021.320     2.576    -0.648     4.720     3.268     2.512    10.538
  2021.323     0.606    -0.126     8.111     3.268     2.512    10.538
  2021.325    -0.399     0.034    -1.607     3.268     2.512    10.538
  2021.328    -0.397     0.594    -1.662     3.268     2.512    10.538
  2021.331     2.415    -1.110     3.357     3.268     2.512    10.538
  2021.334    -2.560     0.842    15.951     3.268     2.512    10.538
  2021.336    -1.617     0.483     4.486     3.268     2.512    10.538
  2021.339    -0.777     0.581     6.424     3.268     2.512    10.538
  2021.342    -4.723    -0.118    -1.654     3.268     2.512    10.538
  2021.345    -2.587     0.868     3.525     3.268     2.512    10.538
  2021.347    -0.738     2.180    10.580     3.268     2.512    10.538
  2021.350    -1.103     1.473     8.616     3.268     2.512    10.538
  2021.353    -0.425     0.876     9.053     3.268     2.512    10.538
  2021.356     1.295     1.941     9.921     3.268     2.512    10.538
  2021.358     0.344     0.036     0.204     3.268     2.512    10.538
  2021.361     0.187     1.691     3.196     3.268     2.512    10.538
  2021.364    -0.182     2.117    -2.253     3.268     2.512    10.538
  2021.366     6.895     2.524     1.506     3.268     2.512    10.538
  2021.369     2.614     1.491    -2.615     3.268     2.512    10.538
  2021.372    -0.721    -0.773    -1.433     3.268     2.512    10.538
  2021.375    -1.978     0.513     9.960     3.268     2.512    10.538
  2021.377    -2.330     0.650    13.026     3.268     2.512    10.538
  2021.380    -0.874     2.430    14.081     3.268     2.512    10.538
  2021.383     1.237     1.391     9.622     3.268     2.512    10.538
