  2019.282    -0.449     1.492     3.042     3.200     2.400    10.300
  2019.285     1.603     0.726     3.623     3.100     2.400    10.300
  2019.288     0.848    -0.607     5.916     3.200     2.400    10.300
  2019.290    -0.673    -0.107     2.385     3.200     2.400    10.300
  2019.293     4.353     0.093    -0.587     3.100     2.400    10.300
  2019.296     3.112     0.123    -1.298     3.100     2.400    10.300
  2019.298     3.735    -0.099    -2.601     3.100     2.400    10.500
  2019.301    -0.870     1.544     5.794     3.100     2.400    10.300
  2019.304    -0.993    -1.183    12.366     3.200     2.400    10.300
  2019.307     0.993     0.369     1.413     3.200     2.400    10.300
  2019.309     0.023    -0.720     0.394     3.200     2.400    10.300
  2019.312    -0.478     1.086     2.060     3.200     2.500    10.500
  2019.315    -0.278     2.734     5.746     3.200     2.400    10.500
  2019.318    -1.145     0.919     6.937     3.100     2.400    10.300
  2019.320     0.098     1.485    -0.975     3.200     2.400    10.300
  2019.323     0.588    -0.113     9.158     3.200     2.400    10.300
  2019.326    -1.637     1.007    12.020     3.200     2.400    10.300
  2019.329     0.261     1.468     5.727     3.200     2.400    10.300
  2019.331     3.738     0.803    -9.609     3.200     2.400    10.300
  2019.334     5.670     0.630    -9.530     3.100     2.400    10.500
  2019.337     2.843     0.144     4.822     3.281     2.500    10.500
  2019.340     1.545     1.749    -0.334     3.200     2.400    10.300
  2019.342    -0.034     1.901    -3.321     3.200     2.400    10.300
  2019.345     0.691     2.081     3.678     3.100     2.400    10.300
  2019.348    -0.385     1.918     6.591     3.200     2.400    10.300
  2019.350     0.793     0.598     1.767     3.200     2.400    10.500
  2019.353    -1.988     0.986    -4.087     3.200     2.400    10.300
  2019.356     0.970    -0.241     0.952     3.200     2.400    10.300
  2019.359     0.395     0.727    -8.162     3.200     2.300    10.100
  2019.361     1.737     0.761    -5.163     3.200     2.400    10.300
  2019.364    -0.373     0.228     5.601     3.200     2.400    10.300
  2019.367     0.170    -0.102     9.569     3.200     2.400    10.300
  2019.370     1.036    -2.965     3.884     3.200     2.400    10.300
  2019.372    -0.929    -0.994     2.435     3.200     2.400    10.300
  2019.375    -1.601    -0.200     0.392     3.200     2.400    10.300
  2019.378    -1.129     0.190     8.130     3.200     2.400    10.500
  2019.381    -1.418     3.114    -3.715     3.200     2.400    10.300
  2019.383    -1.647    -1.176     7.163     3.200     2.400    10.300
  2019.386    -0.505     1.107     4.107     3.200     2.400    10.300
  2019.389    -0.159     0.490     2.249     3.200     2.400    10.300
  2019.392     0.536    -1.337     5.896     3.200     2.400    10.300
  2019.394     0.248    -0.151     6.580     3.200     2.400    10.300
  2019.397    -0.254    -0.185     2.294     3.200     2.400    10.300
  2019.400     0.806     2.925    -1.918     3.200     2.400    10.300
  2019.403     1.813     0.647     3.707     3.200     2.400    10.300
  2019.405    -0.010     3.276     4.119     3.200     2.400    10.300
  2019.408     1.169     1.235     4.833     3.200     2.400    10.300
  2019.411     0.131     0.942     1.804     3.200     2.400    10.300
  2019.413     0.503     0.662    -3.617     3.200     2.400    10.300
  2019.416    -0.698     2.510    -1.873     3.200     2.400    10.300
  2019.419     0.508     1.432     0.616     3.200     2.400    10.300
  2019.422     1.744     2.352     5.827     3.200     2.400    10.300
  2019.424    -1.459     0.878     2.456     3.200     2.400    10.300
  2019.427    -0.407    -0.216     3.100     3.200     2.400    10.300
  2019.430     0.373     1.043     8.721     3.200     2.500    10.500
  2019.433    -0.841     0.583     6.295     3.200     2.400    10.500
  2019.435    -0.210    -0.807     6.357     3.200     2.400    10.500
  2019.438    -0.611     0.289     7.923     3.200     2.400    10.300
  2019.441     0.058     0.303    11.086     3.200     2.400    10.500
  2019.444    -0.253    -0.678     9.918     3.200     2.400    10.500
  2019.446    -0.456     1.566     4.277     3.200     2.400    10.500
  2019.449     0.561     1.215     8.671     3.200     2.400    10.500
  2019.452    -0.736     0.682     5.880     3.200     2.400    10.500
  2019.455     0.044     0.772     6.112     3.200     2.400    10.500
  2019.457    -1.591    -0.173     6.140     3.200     2.400    10.500
  2019.460    -1.187     0.274     6.346     3.200     2.400    10.500
  2019.463    -0.592    -0.681     7.612     3.200     2.400    10.500
  2019.465    -0.720     0.453     6.771     3.600     2.600    11.200
  2019.468     0.113    -1.015     2.151     3.600     2.500    10.900
  2019.471     0.451    -0.105     4.006     3.200     2.400    10.800
  2019.474     0.576     0.604     2.392     3.200     2.400    10.500
  2019.476    -0.438     1.329    -0.333     3.200     2.400    10.500
  2019.479    -0.558     1.410     3.218     3.200     2.400    10.500
  2019.482    -0.899     0.204     1.733     3.200     2.400    10.500
  2019.485    -0.341     0.805     3.118     3.200     2.400    10.500
  2019.487    -0.405     0.047     2.797     3.200     2.400    10.500
  2019.490    -0.501     0.218     0.825     3.200     2.400    10.500
  2019.493    -1.878     1.322     3.417     3.200     2.400    10.300
  2019.496    -1.834     1.688     3.695     3.200     2.400    10.300
  2019.498    -1.555     0.985     1.551     3.200     2.400    10.300
  2019.501    -0.442     0.378    -0.404     3.200     2.400    10.300
  2019.504    -1.433     1.896     1.221     3.200     2.400    10.300
  2019.507    -1.377     1.193    -7.282     3.200     2.300    10.100
  2019.509    -2.824     0.699     4.172     3.200     2.400    10.300
  2019.512    -1.064    -0.790     1.165     3.200     2.400    10.300
  2019.515    -0.661     0.607     2.147     3.200     2.400    10.300
  2019.518    -0.050     0.065     1.490     3.200     2.400    10.500
  2019.520    -1.705     0.178    -0.062     3.200     2.400    10.500
  2019.523    -0.773     0.434    -3.422     3.200     2.400    10.300
  2019.526    -0.865    -0.449     2.479     3.200     2.400    10.500
  2019.528    -0.765    -0.884     5.982     3.200     2.400    10.300
  2019.531     0.376    -0.400     2.427     3.200     2.500    10.800
  2019.534    -0.073     0.781    -0.460     3.200     2.400    10.300
  2019.537    -0.865    -0.300     3.359     3.200     2.400    10.300
  2019.539    -1.767     0.377     2.827     3.200     2.400    10.500
  2019.542    -0.576    -0.043     1.703     3.200     2.500    10.800
  2019.545     1.071     1.132    -7.575     3.200     2.500    10.900
  2019.548    -2.054     0.672    -2.226     3.200     2.500    10.800
  2019.550    -0.096    -0.919    -8.793     3.200     2.300    10.100
  2019.553    -0.810    -0.303     7.399     3.200     2.400    10.300
  2019.556    -0.805     0.458     3.891     3.200     2.500    10.500
  2019.559    -0.797     0.901     0.885     3.100     2.400    10.500
  2019.561    -1.661     0.778    -6.765     3.100     2.500    10.800
  2019.564    -0.400     0.160    -1.692     3.200     2.400    10.300
  2019.567     0.717    -1.367     0.165     3.200     2.500    10.800
  2019.570    -0.038     0.548    -5.965     3.100     2.400    10.500
  2019.572     2.477     2.250     0.499     3.200     2.400    10.300
  2019.575     0.359     0.070    -2.171     3.200     2.500    10.500
  2019.578    -1.815     0.186    -1.806     3.200     2.400    10.300
  2019.580    -1.156    -0.153    -2.932     3.200     2.400    10.500
  2019.583    -1.144    -0.448    -3.534     3.200     2.400    10.300
  2019.586    -0.875    -1.238    -0.794     3.100     2.400    10.500
  2019.589    -0.682    -0.154    -3.278     3.200     2.400    10.300
  2019.591    -1.328    -0.030    -4.322     3.200     2.400    10.300
  2019.594    -1.324    -1.148    -1.825     3.200     2.400    10.500
  2019.597    -2.733    -1.854    -7.143     3.200     2.400    10.300
  2019.600    -0.087    -0.560    -9.182     3.200     2.500    11.200
  2019.602     0.439    -2.282     6.742     3.200     2.500    10.900
  2019.605    -0.472    -0.125    -3.189     3.200     2.400    10.300
  2019.608     0.228     0.019    -4.363     3.400     2.500    11.000
  2019.611    -0.422    -0.989   -10.206     3.400     2.400    10.800
  2019.613     1.296    -0.158   -11.758     3.200     2.400    10.500
  2019.616     0.904     0.149    -4.612     3.200     2.400    10.500
  2019.619    -0.431     0.199    -9.080     3.200     2.400    10.500
  2019.622     0.944    -1.518     0.640     3.200     2.400    10.500
  2019.624     0.281     0.471    -1.215     3.200     2.400    10.800
  2019.627    -0.914    -0.284    -1.747     3.200     2.400    10.500
  2019.630    -0.707    -1.034     0.182     3.200     2.400    10.300
  2019.632     2.644    -1.539     8.091     3.200     2.512    10.300
  2019.635     2.636    -1.084    -6.618     3.200     2.400    10.500
  2019.638     1.058    -1.099     1.203     3.200     2.400    10.500
  2019.641    -0.523    -0.866    -4.274     3.200     2.400    10.300
  2019.643    -0.357    -0.281    -6.503     3.200     2.400    10.500
  2019.646    -0.361    -0.475    -5.169     3.200     2.400    10.300
  2019.649     0.189    -0.651    -0.935     3.200     2.400    10.500
  2019.652    -0.239    -1.304    -3.605     3.200     2.400    10.500
  2019.654    -1.600    -0.084    -1.018     3.200     2.400    10.500
  2019.657     1.647     1.154    -5.408     3.200     2.400    10.500
  2019.660     0.675    -1.603     2.646     3.200     2.400    10.500
  2019.663     0.390     0.241    -1.779     3.200     2.400    10.500
  2019.665     1.130    -1.483    -7.058     3.200     2.400    10.500
  2019.668     1.117    -0.761    -0.744     3.200     2.400    10.300
  2019.671     0.376    -0.575    -5.444     3.200     2.400    10.500
  2019.674     0.107     0.114     1.799     3.200     2.400    10.300
  2019.676     0.179    -2.304    -8.211     3.200     2.400    10.300
  2019.679     0.286    -0.934    -0.296     3.200     2.400    10.500
  2019.682     0.554    -0.633    -0.272     3.200     2.500    10.800
  2019.685     0.719    -1.691     0.909     3.200     2.400    10.300
  2019.687     1.325    -0.128    -1.636     3.200     2.400    10.500
  2019.690     2.018    -0.294    -4.493     3.200     2.400    10.500
  2019.693    -0.551    -0.243    -2.987     3.200     2.400    10.300
  2019.695     0.483    -0.348    -6.561     3.200     2.400    10.500
  2019.698     1.205     0.582    -1.302     3.100     2.400    10.300
  2019.701     0.215    -4.923    -0.258     3.200     2.400    10.300
  2019.704    -0.417     0.735     0.473     3.200     2.400    10.300
  2019.706     1.066     0.026    -2.835     3.200     2.400    10.300
  2019.709     0.416    -0.332    -0.779     3.200     2.400    10.500
  2019.712     0.876    -1.664     0.405     3.100     2.400    10.500
  2019.715     1.810    -1.352    -2.513     3.200     2.400    10.500
  2019.717    -1.410    -0.360    -0.048     3.200     2.400    10.300
  2019.720    -0.632     1.804     4.862     3.200     2.400    10.800
  2019.723    -0.043    -0.997    -2.153     3.200     2.400    10.800
  2019.726     0.109    -1.023    -3.619     3.200     2.400    10.500
  2019.728     0.180    -1.399    -5.283     3.200     2.400    10.500
  2019.731     0.454    -1.028    -5.161     3.200     2.400    10.500
  2019.734     0.528    -1.450    -8.069     3.200     2.400    10.500
  2019.737     3.218    -0.789    -0.723     3.200     2.400    10.500
  2019.739    -0.954    -0.727     1.452     3.200     2.400    10.500
  2019.742     0.835    -2.490     0.759     3.500     2.500    10.800
  2019.745     0.971    -2.904    -0.309     3.200     2.400    10.500
  2019.747     1.503    -2.416     2.412     3.200     2.400    10.500
  2019.750     1.739    -1.944    -2.293     3.200     2.500    10.800
  2019.753     0.976    -0.730    -1.315     3.100     2.400    10.500
  2019.756     1.031    -0.655    -0.386     3.100     2.600    10.900
  2019.758     1.485    -2.373     1.574     3.100     2.500    10.500
  2019.761    -0.426     0.217    -2.500     3.100     2.400    10.500
  2019.764     0.312    -1.227    -3.967     3.200     2.400    10.500
  2019.767     0.955    -1.169    -3.372     3.200     2.400    10.500
  2019.769     0.972    -0.835     3.691     3.100     2.400    10.500
  2019.772     0.904    -1.582     0.894     3.200     2.400    10.300
  2019.775     2.264    -1.552     6.809     3.500     2.400    10.800
  2019.778     0.635    -1.779    -2.800     3.200     2.400    10.500
  2019.780     0.957    -0.787    -0.451     3.200     2.400    10.300
  2019.783     0.000    -0.913     1.971     3.200     2.400    10.300
  2019.786     0.967    -1.989     9.152     3.200     2.400    10.500
  2019.789     1.387    -1.194    -5.314     3.200     2.400    10.300
  2019.791     1.125    -2.257    -0.980     3.200     2.400    10.500
  2019.794     1.180    -2.574     5.546     3.200     2.400    10.300
  2019.797     1.238    -1.492     0.314     3.200     2.400    10.500
  2019.800     1.402    -1.964    -5.818     3.200     2.400    10.300
  2019.802    -0.084    -1.755     0.698     3.200     2.400    10.500
  2019.805    -1.706    -2.287    -7.290     3.200     2.400    10.300
  2019.808    -0.884    -1.029    -5.496     3.200     2.400    10.300
  2019.810     0.976    -0.958    -0.998     3.200     2.400    10.300
  2019.813    -1.514    -1.512    -1.021     3.200     2.400    10.300
  2019.816    -1.992    -1.475    -2.930     3.200     2.400    10.300
  2019.819    -1.361    -0.896    -4.746     3.200     2.400    10.500
  2019.821     1.725    -1.275    -5.428     3.200     2.400    10.300
  2019.824     0.186    -1.360    -2.032     3.200     2.400    10.300
  2019.827     0.578    -1.198     1.355     3.200     2.400    10.500
  2019.830     0.601    -1.807     1.238     3.100     2.400    10.300
  2019.832    -0.343    -2.074     6.152     3.200     2.400    10.800
  2019.835     0.246    -1.688    -1.710     3.200     2.400    10.800
  2019.838     1.035    -2.001    -0.519     3.200     2.400    10.500
  2019.841     1.301     0.387    -1.723     3.100     2.400    10.300
  2019.843    -0.258    -1.406    -0.625     3.100     2.400    10.300
  2019.846     1.040    -1.817    -2.823     3.200     2.400    10.500
  2019.849     0.411    -1.373    -2.896     3.100     2.400    10.300
  2019.852     0.685    -1.280    -1.640     3.200     2.400    10.300
  2019.854     2.329    -1.569    -5.627     3.200     2.400    10.300
  2019.857     1.470    -2.203     4.460     3.100     2.400    10.300
  2019.860    -0.966    -0.125    -2.322     3.100     2.400    10.300
  2019.862     1.154    -0.935    -1.815     3.100     2.400    10.300
  2019.865     1.540    -0.913     0.683     3.200     2.400    10.300
  2019.868     0.395    -1.301     0.711     3.200     2.400    10.500
  2019.871     1.535    -0.473     1.592     3.200     2.400    10.300
  2019.873     1.075    -0.378    -0.170     3.200     2.400    10.500
  2019.876     0.984    -0.239    -0.188     3.100     2.400    10.300
  2019.879     0.177    -1.496     3.551     3.100     2.500    10.500
  2019.882    -1.566    -1.883     2.305     3.200     2.400    10.300
  2019.884     0.236    -1.288     1.551     3.100     2.400    10.500
  2019.887     1.299    -2.037     1.305     3.200     2.400    10.500
  2019.890    -0.463     0.125    -1.610     3.500     2.400    10.800
  2019.893     0.855    -0.114    -2.459     3.100     2.400    10.300
  2019.895     0.834     0.182    -2.700     3.100     2.400    10.300
  2019.898     2.083    -0.484    -0.396     3.100     2.400    10.300
  2019.901     1.668    -1.604     5.348     3.200     2.400    10.500
  2019.904    -2.200    -0.777    -3.779     3.200     2.400    10.300
  2019.906    -1.114    -1.830     0.906     3.200     2.400    10.500
  2019.909    -0.654    -1.428    -3.016     3.300     2.400    10.800
  2019.912    -3.246    -0.682    -5.466     3.200     2.400    10.500
  2019.914    -2.110     1.305    -5.026     3.281     2.400    10.300
  2019.917    -0.427    -1.349     0.708     3.200     2.400    10.500
  2019.920     0.510    -0.845    -0.128     3.200     2.400    10.800
  2019.923    -2.142    -0.421    -2.704     3.200     2.400    10.500
  2019.925    -0.717    -0.335    -5.370     3.200     2.400    10.800
  2019.928     0.012     0.345    -4.386     3.200     2.400    10.500
  2019.931     0.644    -0.194    -0.740     3.200     2.400    10.500
  2019.934     0.403    -0.601    -1.142     3.200     2.400    10.500
  2019.936    -0.278    -0.563     0.087     3.200     2.400    10.500
  2019.939    -0.297    -0.824     1.718     3.200     2.400    10.500
  2019.942    -0.211    -0.611    -1.187     3.200     2.400    10.500
  2019.945    -0.075    -1.871    -1.692     3.200     2.400    10.500
  2019.947     1.918    -2.554     4.235     3.200     2.400    10.500
  2019.950     0.021    -0.925    -3.191     3.200     2.400    10.500
  2019.953     0.103    -0.759    -3.325     3.600     2.500    11.200
  2019.956    -1.418    -0.379    -2.362     3.100     2.400    10.500
  2019.958    -1.063     1.049    -9.664     3.100     2.400    10.500
  2019.961     0.907     1.376    -5.189     3.200     2.400    10.300
  2019.964     1.926    -0.916    -2.386     3.100     2.400    10.500
  2019.967    -1.151     0.028    -4.413     3.100     2.400    10.500
  2019.969    -1.939     0.246    -7.546     3.200     2.500    10.800
  2019.972    -3.335     1.616   -13.742     3.200     2.400    10.500
  2019.975    -2.100     1.518   -13.164     3.200     2.400    10.500
  2019.977    -0.789    -0.240    -2.152     3.100     2.400    10.300
  2019.980    -1.134     1.188    -5.824     3.200     2.400    10.500
  2019.983     0.077     0.867    -7.292     3.100     2.400    10.500
  2019.986    -0.305     1.955    -1.713     3.100     2.400    10.500
  2019.988    -0.925     0.726    -2.682     3.200     2.400    10.300
  2019.991    -0.450     0.726    -3.596     3.200     2.400    10.300
  2019.994     0.425     0.320    -0.588     3.100     2.400    10.500
  2019.997     0.930     0.747    -1.088     3.100     2.400    10.300
  2019.999     0.427     0.238    -2.105     3.100     2.400    10.300
  2020.003    -0.096    -1.525     1.158     3.200     2.400    10.500
  2020.006    -0.297     0.388    -5.106     3.200     2.400    10.500
  2020.008     0.563     1.261     0.254     3.200     2.400    10.500
  2020.011    -0.251    -0.749    -1.898     3.200     2.500    10.800
  2020.014    -0.495     0.609    -8.908     3.200     2.400    10.800
  2020.016    -0.919     0.776    -1.949     3.200     2.400    10.500
  2020.019    -0.383     0.887    -0.998     3.200     2.400    10.500
  2020.022     0.444     0.146    -0.746     3.200     2.400    10.500
  2020.025    -1.100     3.383    -8.667     3.200     2.500    10.900
  2020.027    -1.516     1.198     2.397     3.500     2.500    11.200
  2020.030    -1.487     0.272     1.506     3.100     2.400    10.500
  2020.033    -0.763     0.541    12.207     3.200     2.400    10.500
  2020.036     1.828    -1.057     5.840     3.200     2.400    10.500
  2020.038    -0.797     0.626    -6.743     3.200     2.400    10.500
  2020.041    -2.399     0.972    -0.261     3.200     2.400    10.500
  2020.044    -1.023     0.695    -2.049     3.400     2.500    11.000
  2020.047    -2.005     1.344    -0.228     3.400     2.500    11.000
  2020.049    -0.977     1.220    -3.664     3.200     2.400    10.500
  2020.052    -0.779     0.897    -0.242     3.100     2.400    10.500
  2020.055     0.144     1.898    -1.190     3.100     2.400    10.500
  2020.058    -0.784     0.767     2.849     3.200     2.400    10.500
  2020.060    -1.661     0.561    -7.265     3.100     2.400    10.500
  2020.063     0.007     0.634    -2.120     3.100     2.400    10.500
  2020.066    -0.309     0.394    -0.126     3.100     2.400    10.500
  2020.068     0.297     0.073     1.840     3.100     2.400    10.500
  2020.071    -1.389    -0.017    -2.242     3.200     2.400    10.500
  2020.074     0.604     1.708     1.091     3.200     2.400    10.300
  2020.077    -0.198     0.694     1.007     3.100     2.400    10.500
  2020.079    -0.016    -0.269     0.492     3.200     2.400    10.500
  2020.082    -2.017     0.950    -0.198     3.100     2.400    10.300
  2020.085    -0.603     0.751    -5.905     3.200     2.400    10.500
  2020.088    -0.827     1.301   -11.566     3.100     2.400    10.500
  2020.090     0.407    -0.212     0.373     3.100     2.400    10.500
  2020.093     0.478     0.141     0.898     3.100     2.400    10.500
  2020.096    -0.342     0.016     1.358     3.200     2.400    10.500
  2020.099    -0.220     1.218     0.230     3.200     2.400    10.500
  2020.101    -0.478    -0.598     4.888     3.100     2.400    10.500
  2020.104    -1.053     0.982    -1.984     3.100     2.400    10.500
  2020.107    -0.961     2.201    -8.364     3.100     2.400    10.500
  2020.110    -1.049     2.416    -2.695     3.200     2.400    10.500
  2020.112    -0.928     0.196   -11.082     3.200     2.400    10.500
  2020.115     1.015    -0.465     6.219     3.200     2.400    10.500
  2020.118     0.323     0.083    -0.892     3.100     2.400    10.500
  2020.121    -0.138     0.866     0.313     3.200     2.500    10.900
  2020.123     0.275     0.956     0.714     3.200     2.500    10.900
  2020.126    -0.741     0.759     1.517     3.200     2.400    10.500
  2020.129     1.575     0.944    -1.515     3.200     2.400    10.500
  2020.131     1.596     0.270    -4.852     3.100     2.400    10.800
  2020.134    -0.502     1.176    -1.430     3.100     2.400    10.800
  2020.137     0.393    -1.155    -0.240     3.200     2.400    10.800
  2020.140    -1.335    -0.560     0.973     3.200     2.400    10.800
  2020.142     0.412     0.513    -0.080     3.200     2.400    10.800
  2020.145    -0.332    -0.206    -0.946     3.200     2.400    10.800
  2020.148     0.421    -0.081    -4.210     3.200     2.400    10.800
  2020.151     2.377    -1.498     2.770     3.100     2.400    10.800
  2020.153     0.137    -1.361     5.748     3.200     2.400    10.800
  2020.156     0.260     1.133     3.304     3.100     2.400    10.800
  2020.159     0.527     1.738     0.640     3.200     2.400    10.800
  2020.162     0.104     1.843     1.969     3.200     2.400    10.800
  2020.164    -0.407    -1.022     1.184     3.200     2.400    10.800
  2020.167    -0.681     0.501    -0.895     3.200     2.400    10.800
  2020.170    -0.232    -0.525    -0.170     3.200     2.400    10.800
  2020.173     2.199    -0.417    -0.728     3.100     2.400    10.800
  2020.175    -0.466    -0.275     2.802     3.100     2.400    10.500
  2020.178    -0.553    -2.222    -4.233     3.100     2.400    10.500
  2020.181    -4.663    -0.280     0.071     3.100     2.500    11.100
  2020.183    -4.408     1.856    -3.827     3.100     2.400    10.800
  2020.186    -4.867     0.413    -2.329     3.100     2.400    10.800
  2020.189    -0.240     0.681    -4.599     3.100     2.400    10.800
  2020.192    -2.696     1.951    -0.042     3.100     2.400    10.800
  2020.194    -2.257     0.811    -5.509     3.100     2.400    10.800
  2020.197    -2.274     1.950    -0.789     3.100     2.400    10.800
  2020.200    -0.142     0.618     4.187     3.100     2.400    10.800
  2020.203    -0.826    -0.074     4.300     3.100     2.400    10.800
  2020.205    -1.116     2.770    -6.532     3.100     2.400    11.100
  2020.208     0.479     2.813    -6.603     3.100     2.500    10.900
  2020.211    -3.780    -0.726     3.171     3.100     2.400    10.800
  2020.214     0.235    -0.687     4.725     3.100     2.400    10.800
  2020.216    -0.446     1.427     4.011     3.500     2.600    11.900
  2020.219    -0.815     0.516     2.144     3.500     2.600    11.500
  2020.222     1.494    -0.227     1.299     3.400     2.500    11.200
  2020.225     0.386     0.192     6.643     3.100     2.400    10.800
  2020.227     0.934     0.754    -1.299     3.100     2.400    10.800
  2020.230    -0.493     0.316     7.931     3.100     2.400    10.800
  2020.233     0.166     0.274     6.753     3.100     2.400    10.500
  2020.236    -0.715     0.238     0.290     3.281     2.400    10.800
  2020.238     0.118     2.890     0.928     3.100     2.500    11.200
  2020.241    -3.177     1.927     2.392     3.281     2.400    10.800
  2020.244    -5.273     3.204    -3.184     3.200     2.500    11.200
  2020.246    -3.011     2.439    -5.420     3.200     2.400    10.800
  2020.249    -2.293     0.954     0.103     3.200     2.500    11.200
  2020.252    -3.803     2.722    -9.707     3.100     2.500    10.800
  2020.255    -4.253     3.173    -7.269     3.200     2.500    10.800
  2020.257    -0.925     0.822   -11.537     3.200     2.400    10.800
  2020.260     1.220     0.838     0.741     3.200     2.400    10.800
  2020.263    -1.056    -0.448     0.622     3.100     2.500    10.800
  2020.266    -0.527    -0.370    -4.991     3.200     2.500    10.900
  2020.268     1.251     1.055    -4.344     3.200     2.400    10.800
  2020.271     1.272     1.846     7.120     3.100     2.400    10.800
  2020.274    -2.515    -0.108    -1.718     3.200     2.500    10.800
  2020.277    -0.486     0.041     6.015     3.400     2.400    10.800
  2020.279     0.942     0.317     1.166     3.100     2.400    10.800
  2020.282    -0.504     1.866    -0.845     3.500     2.600    11.200
  2020.285     0.193    -0.696    -1.942     3.500     2.500    11.200
  2020.288     0.064     0.563     0.866     3.200     2.500    10.900
  2020.290     0.440     0.321    -2.564     3.100     2.400    10.800
  2020.293    -0.954     0.818    -0.514     3.200     2.500    10.900
  2020.296     1.971    -0.063     3.153     3.200     2.500    11.200
  2020.298     2.524     0.448    14.059     3.200     2.400    10.800
  2020.301     0.788     0.369     3.183     3.200     2.400    10.800
  2020.304    -1.843     0.289    -5.454     3.200     2.400    10.800
  2020.307    -3.411    -0.176    -7.969     3.200     2.500    10.800
  2020.309    -1.559     1.789    -1.983     3.100     2.400    10.800
  2020.312    -0.672     1.048    -2.067     3.200     2.500    11.200
  2020.315    -0.759     0.932    -2.896     3.300     2.500    11.200
  2020.318    -0.293     1.269    -2.955     3.200     2.400    10.800
  2020.320    -0.533     1.071     1.878     3.200     2.400    10.800
  2020.323    -0.925     1.108    -4.347     3.200     2.500    10.800
  2020.326    -0.201     1.035     0.106     3.200     2.400    10.800
  2020.329    -0.139     0.522    -1.039     3.200     2.400    10.800
  2020.331     0.364     2.555    -0.771     3.200     2.400    10.800
  2020.334    -0.680    -0.237     9.779     3.200     2.500    10.800
  2020.337    -0.009     0.951     1.492     3.200     2.500    11.200
  2020.340    -1.113     0.682     4.386     3.200     2.400    10.800
  2020.342     0.174     1.157    10.205     3.200     2.400    10.800
  2020.345     1.654     0.455     5.828     3.500     2.500    11.200
  2020.348     0.063     1.377     5.781     3.100     2.500    11.200
  2020.350     1.119     0.045   -11.535     3.200     2.400    10.800
  2020.353     1.326     2.834   -11.121     3.281     2.600    11.200
  2020.356     1.580     1.455    -1.793     3.400     2.500    11.200
  2020.359    -0.758     1.195     3.194     3.200     2.500    11.200
  2020.361    -0.335     0.997     2.844     3.500     2.500    11.200
  2020.364     1.045    -0.103     9.791     3.200     2.600    11.200
  2020.367     1.021    -0.142    -6.990     3.200     2.400    10.800
  2020.370     1.232     1.227    -3.103     3.200     2.400    10.800
  2020.372    -1.132     0.614    -3.379     3.200     2.500    10.800
  2020.375    -0.480     2.285     6.692     3.200     2.500    11.200
  2020.378    -1.070     0.457     0.023     3.200     2.500    11.200
  2020.381    -1.288     2.592     6.335     3.600     2.500    11.500
  2020.383     0.912     0.780    -3.851     3.500     2.500    11.200
  2020.386    -1.364     0.244    13.803     3.200     2.500    11.200
  2020.389    -0.063     0.837    12.131     3.200     2.500    11.200
  2020.392     1.673    -0.096     0.999     3.500     2.500    11.200
  2020.394    -1.697    -0.211    11.837     3.200     2.500    11.200
  2020.397     0.018    -0.140     6.591     3.400     2.500    11.200
  2020.400    -0.365     0.821    -3.851     3.200     2.500    11.200
  2020.403     0.553     0.289    -0.299     3.200     2.500    10.900
  2020.405    -1.782     1.703    -2.396     3.200     2.500    10.900
  2020.408    -0.860     1.366     2.187     3.200     2.500    10.900
  2020.411     0.349     1.166     3.394     3.200     2.500    10.900
  2020.413     1.310    -0.001     7.295     3.200     2.500    11.200
  2020.416    -0.163     0.104     2.610     3.200     2.500    11.200
  2020.419     0.017    -0.307     7.043     3.100     2.500    11.200
  2020.422     0.420     0.487    12.531     3.200     2.500    10.900
  2020.424    -1.293    -0.321     4.603     3.200     2.500    11.200
  2020.427     0.992     0.024    -4.418     3.600     2.700    11.800
  2020.430    -1.390    -0.303    11.395     3.600     2.700    11.900
  2020.433    -0.107    -0.318    12.133     3.200     2.500    11.200
  2020.435    -1.029    -0.183     3.244     3.200     2.500    11.200
  2020.438    -1.009     0.794    -0.848     3.200     2.500    11.200
  2020.441     0.235     1.045    -1.307     3.200     2.500    11.500
  2020.444    -0.520     1.194     4.738     3.200     2.500    11.200
  2020.446    -0.191    -0.105     1.297     3.100     2.500    11.200
  2020.449     1.414     0.129     1.206     3.200     2.500    11.200
  2020.452    -0.174     0.517     1.037     3.200     2.500    11.200
  2020.455    -1.445    -0.670    -2.363     3.200     2.500    11.200
  2020.457     0.911     0.025     2.908     3.200     2.500    11.200
  2020.460    -0.425     0.093     6.419     3.200     2.500    10.900
  2020.463     0.501    -0.231     3.260     3.200     2.500    11.200
  2020.465    -0.496     0.734     4.472     3.200     2.400    10.800
  2020.468    -0.521     0.819     3.976     3.200     2.500    10.900
  2020.471    -0.212     0.605     3.271     3.100     2.500    10.900
  2020.474    -0.944    -0.241     4.416     3.100     2.500    10.900
  2020.476    -0.002     0.070     2.398     3.200     2.500    10.900
  2020.479    -0.288     0.185     1.409     3.200     2.500    10.900
  2020.482    -1.452     0.649    -4.098     3.200     2.500    10.900
  2020.485     0.509     1.726     2.751     3.200     2.500    11.200
  2020.487    -1.266    -0.532     2.409     3.500     2.600    11.500
  2020.490     0.989    -0.310     6.586     3.200     2.600    11.400
  2020.493    -0.045     0.379     1.478     3.200     2.500    11.200
  2020.496    -0.089     0.315     6.960     3.200     2.500    11.200
  2020.498    -0.684     0.546     3.199     3.200     2.500    11.500
  2020.501     0.382     1.279     1.939     3.200     2.500    11.200
  2020.504     0.239     1.981    -5.443     3.200     2.600    11.500
  2020.507     1.376     1.189     1.037     3.200     2.600    11.200
  2020.509    -1.393     1.478     4.973     3.200     2.500    11.200
  2020.512     0.062     0.722     1.210     3.200     2.500    11.200
  2020.515     0.872     0.525    -1.288     3.200     2.500    11.200
  2020.518     0.958     0.690     2.152     3.100     2.500    11.200
  2020.520     1.272    -0.439    -2.220     3.200     2.500    11.200
  2020.523    -0.413    -0.031     3.468     3.200     2.600    11.400
  2020.526     1.675     0.078     0.531     3.200     2.500    11.200
  2020.528    -1.608     0.594     1.899     3.200     2.500    11.200
  2020.531    -0.120     0.720    -1.265     3.200     2.600    11.500
  2020.534     0.189     0.988    -4.654     3.200     2.600    11.500
  2020.537     0.324     1.919     1.338     3.100     2.500    11.200
  2020.539    -0.423     0.008     2.613     3.500     2.600    11.200
  2020.542     0.557    -0.281     1.128     3.200     2.500    10.900
  2020.545     1.210    -1.558     5.010     3.400     2.600    11.500
  2020.548     0.352     0.779     0.994     3.100     2.500    11.200
  2020.550     0.340     2.103    -2.201     3.200     2.500    10.900
  2020.553    -0.140     0.680     0.873     3.200     2.600    11.200
  2020.556     0.103     0.232    -0.599     3.200     2.500    11.200
  2020.559     0.661    -0.161     1.980     3.200     2.500    11.500
  2020.561     0.034    -0.237     5.089     3.200     2.600    11.200
  2020.564    -0.355     2.031    -3.045     3.200     2.600    11.200
  2020.567    -0.486     1.576    -4.597     3.200     2.600    11.200
  2020.570    -1.474     1.283    -5.023     3.200     2.600    11.200
  2020.572    -0.911     1.018    -4.194     3.500     2.600    11.200
  2020.575     2.011     0.199   -11.619     3.500     2.700    12.100
  2020.578    -0.464     1.062     8.620     3.500     2.600    11.200
  2020.580     0.818     0.433    -2.526     3.200     2.600    11.200
  2020.583     0.496    -0.610     6.795     3.500     2.600    11.200
  2020.586    -0.371     0.579     0.117     3.500     2.600    11.200
  2020.589    -0.784     2.815    10.400     3.500     2.600    11.500
  2020.591     0.153     0.455    -3.278     3.500     2.600    11.500
  2020.594     1.016     0.255    -7.284     3.600     2.600    11.500
  2020.597    -1.807     0.721    -3.833     3.500     2.600    11.500
  2020.600     3.063     0.679    -2.885     3.500     2.700    11.800
  2020.602    -1.802    -0.424    -0.324     3.500     2.700    11.900
  2020.605    -0.186    -0.068     5.782     3.500     2.600    11.500
  2020.608     1.076    -0.047    -0.890     3.200     2.600    11.200
  2020.611     0.528     0.049     1.185     3.200     2.600    11.200
  2020.613     1.141    -0.510     0.917     3.200     2.600    11.200
  2020.616     1.008    -0.893    -3.703     3.200     2.600    11.400
  2020.619    -0.307     0.294     2.474     3.500     2.600    11.500
  2020.622    -0.374     0.429     1.503     3.200     2.600    11.200
  2020.624     0.912     0.212    -4.599     3.600     2.600    11.500
  2020.627     0.348    -0.247    -1.033     3.200     2.600    11.200
  2020.630     1.657    -0.243    -1.527     3.200     2.600    11.200
  2020.632     0.619     1.679    -7.904     3.200     2.600    11.200
  2020.635    -0.148     0.170    -4.270     3.200     2.600    11.200
  2020.638     0.758    -0.022    -6.281     3.500     2.600    11.200
  2020.641    -1.517    -2.554     6.719     3.300     2.600    11.400
  2020.643     0.940    -0.113     1.707     3.500     2.600    11.200
  2020.646     1.590    -0.387    -2.513     3.200     2.600    11.200
  2020.649    -0.024    -0.422    -5.377     3.300     2.600    11.400
  2020.652     0.298     0.052    -1.761     3.200     2.600    11.400
  2020.654     0.179    -0.690     4.567     3.300     2.600    11.400
  2020.657     0.549    -0.599    -1.915     3.200     2.600    11.200
  2020.660    -1.042    -1.257     8.300     3.200     2.600    11.200
  2020.663    -0.815     0.275    -1.661     3.200     2.600    11.200
  2020.665    -1.461    -0.664     1.779     3.200     2.600    11.200
  2020.668    -0.525    -0.932    -3.756     3.200     2.600    11.200
  2020.671     0.324    -1.105    -1.865     3.300     2.600    11.400
  2020.674     0.076    -1.583    -3.095     3.200     2.600    11.200
  2020.676     0.336    -1.245    -7.507     3.200     2.600    11.200
  2020.679     1.559    -0.502     2.943     3.200     2.600    11.200
  2020.682     0.741    -1.165    -2.044     3.300     2.600    11.200
  2020.685     1.046    -0.859    -4.385     3.200     2.600    11.200
  2020.687     0.216    -0.628    -2.032     3.200     2.600    11.200
  2020.690    -0.688     0.277    -3.364     3.300     2.700    11.400
  2020.693     0.787    -0.645     0.645     3.200     2.600    11.200
  2020.695    -0.020    -2.150     1.281     3.500     2.600    11.500
  2020.698     1.537     0.282     0.255     3.500     2.800    12.100
  2020.701    -1.307    -0.506     3.072     3.500     2.600    11.200
  2020.704     0.554    -0.386     2.451     3.200     2.600    11.200
  2020.706     1.316    -0.216     0.500     3.200     2.600    11.200
  2020.709     0.710    -1.807    -0.754     3.600     2.700    11.600
  2020.712     2.213    -0.882    -1.518     3.600     2.700    11.400
  2020.715     2.822     0.595    -1.122     3.700     2.700    11.700
  2020.717     0.063     0.048    -5.950     3.700     2.700    11.800
  2020.720    -0.336     0.037    -2.715     3.300     2.600    11.400
  2020.723    -0.138    -0.572     4.773     3.300     2.600    11.400
  2020.726     1.036    -2.447     0.817     3.200     2.600    11.200
  2020.728     2.161    -2.267     0.545     3.600     2.700    11.200
  2020.731     0.277    -1.216    -2.298     3.600     2.700    11.400
  2020.734     1.489    -1.194    -3.629     3.200     2.600    10.900
  2020.737     1.857    -1.507    -7.050     3.200     2.600    11.400
  2020.739     2.665    -1.923    -2.859     3.200     2.600    11.200
  2020.742     0.880    -1.440     0.848     3.200     2.600    11.200
  2020.745     0.352    -1.575    -0.711     3.500     2.600    11.200
  2020.747     1.001    -1.374    -4.087     3.300     2.600    11.200
  2020.750     0.716    -0.809    -3.324     3.300     2.600    11.200
  2020.753     0.143    -1.183     3.907     3.300     2.600    10.900
  2020.756     1.301    -1.164     3.565     3.500     2.600    11.500
  2020.758     1.214    -0.828    -0.863     3.300     2.600    11.200
  2020.761     1.072    -1.417    -1.833     3.300     2.600    11.200
  2020.764     2.122    -0.813     0.966     3.300     2.600    11.200
  2020.767     0.726    -1.016     6.121     3.300     2.600    11.200
  2020.769     0.605    -1.434     0.039     3.300     2.600    11.200
  2020.772    -0.722    -1.235    -1.361     3.600     2.600    11.500
  2020.775     1.501    -1.231     1.101     3.200     2.600    11.200
  2020.778     1.299    -0.445    -4.214     3.300     2.600    11.200
  2020.780     0.873    -0.501    -2.234     3.300     2.600    10.900
  2020.783     0.966    -1.834     4.064     3.200     2.600    10.900
  2020.786     2.145    -2.384     0.246     3.300     2.600    11.400
  2020.789     1.238    -1.419    -0.924     3.500     2.600    11.200
  2020.791     0.164    -1.647     0.999     3.200     2.600    11.200
  2020.794     0.694    -0.180    -1.833     3.600     2.600    11.200
  2020.797     2.337    -2.312     0.744     3.300     2.600    11.200
  2020.800     1.481    -1.256    -1.688     3.200     2.600    11.200
  2020.802     0.881    -0.847    -2.237     3.300     2.600    11.200
  2020.805     2.340    -0.853    -5.120     3.500     2.600    11.500
  2020.808     0.671    -0.704    -4.668     3.500     2.600    11.500
  2020.810    -0.057    -1.551    -4.021     3.600     2.700    11.600
  2020.813     0.333    -0.223    -7.044     3.600     2.600    11.200
  2020.816     1.246    -1.058    -5.417     3.200     2.600    11.200
  2020.819     2.995    -1.627    -4.927     3.200     2.600    11.200
  2020.821     0.780    -1.354    -2.577     3.200     2.600    11.200
  2020.824     1.488    -3.661     1.484     3.500     2.600    11.200
  2020.827     1.515    -1.469    -0.567     3.500     2.600    11.200
  2020.830     0.589    -2.107    -0.083     3.500     2.600    11.200
  2020.832     0.464    -0.441    -4.014     3.600     2.600    11.200
  2020.835     2.641    -2.318    -3.326     3.500     2.600    11.500
  2020.838     2.544    -1.421    -4.689     3.500     2.700    11.500
  2020.841     0.278    -2.368     5.749     3.500     2.600    11.200
  2020.843     2.185    -1.449     0.223     3.500     2.600    11.200
  2020.846     1.271    -1.798    -6.308     3.500     2.600    11.500
  2020.849     1.611    -1.513    -8.817     3.500     2.600    11.200
  2020.852     1.814    -0.883    -1.120     3.500     2.600    11.200
  2020.854     1.116    -0.674     2.699     3.500     2.600    11.200
  2020.857     0.749    -0.262    -0.559     3.500     2.600    11.200
  2020.860     2.197    -1.234    -5.493     3.500     2.600    11.500
  2020.862     2.184    -1.353    -2.195     3.500     2.600    11.200
  2020.865     0.559    -0.963    -1.342     3.600     2.600    11.500
  2020.868     0.265    -0.878    -0.192     3.500     2.800    11.800
  2020.871     1.464    -1.777     2.419     3.500     2.700    11.800
  2020.873     0.198    -0.600    -2.021     3.500     2.600    11.200
  2020.876     0.469    -1.078    -0.613     3.500     2.600    11.200
  2020.879     1.778     1.036    -2.693     3.500     2.800    11.800
  2020.882    -0.112    -1.225    -3.968     3.500     2.600    11.500
  2020.884     2.150    -1.054    -1.613     3.500     2.600    11.500
  2020.887     1.344    -2.115     2.031     3.500     2.600    11.200
  2020.890    -0.492    -1.585    -0.222     3.400     2.700    11.900
  2020.893    -0.494    -0.239     0.172     3.500     2.600    11.500
  2020.895     1.743     1.543    -3.660     3.500     2.600    11.500
  2020.898    -2.453    -2.241     1.978     3.500     2.700    11.900
  2020.901    -1.180     0.341    -5.301     3.400     2.700    11.600
  2020.904     1.881    -1.507     1.017     3.500     2.600    11.200
  2020.906     1.938     0.255     1.594     3.500     2.600    11.500
  2020.909     0.253    -1.311     1.665     3.500     2.600    11.200
  2020.912     0.007    -0.773     0.200     3.500     2.600    11.500
  2020.914     0.630    -1.449     1.508     3.600     2.700    11.800
  2020.917     1.102    -0.715     6.793     3.500     2.600    11.500
  2020.920     1.224    -1.346    -3.783     3.500     2.600    11.500
  2020.923     0.640    -1.719    -3.986     3.500     2.600    11.500
  2020.925    -1.429    -0.960    -9.365     3.500     2.600    11.200
  2020.928     2.304    -2.418    -0.444     3.400     2.600    11.200
  2020.931     0.545    -0.845    -2.378     3.500     2.600    11.200
  2020.934     0.959     0.549    -6.002     3.500     2.600    11.200
  2020.936     0.908    -0.103    -1.452     3.500     2.600    11.200
  2020.939     1.236    -1.131    -2.514     3.500     2.600    11.200
  2020.942     1.165    -0.472     0.018     3.500     2.600    11.200
  2020.945     1.050    -1.598     4.084     3.500     2.600    11.200
  2020.947     0.993    -0.637     1.904     3.500     2.600    11.200
  2020.950    -4.818     1.407   -10.932     3.500     2.600    11.200
  2020.953    -2.063     1.119    -8.261     3.400     2.600    10.900
  2020.956    -0.605    -0.316     1.200     3.400     2.600    11.200
  2020.958    -1.157    -1.531     0.706     3.500     2.600    11.200
  2020.961    -1.208    -0.015    -3.863     3.500     2.600    11.200
  2020.964    -0.893     0.955    -8.476     3.500     2.600    11.200
  2020.967    -1.195    -0.508    -5.223     3.100     2.600    10.900
  2020.969    -1.488    -0.871     0.690     3.500     2.600    11.500
  2020.972     1.689     0.047     0.902     3.500     2.800    11.800
  2020.975    -0.308    -0.689     1.625     3.500     2.600    11.500
  2020.977    -0.937    -2.157     1.353     3.500     2.700    11.900
  2020.980    -0.648    -0.479    -0.945     3.400     2.700    11.900
  2020.983    -0.907    -0.313     1.493     3.400     2.700    12.100
  2020.986    -0.349    -0.057    -5.227     3.400     2.700    11.900
  2020.988    -0.175    -0.501     1.038     3.500     2.600    11.200
  2020.991    -0.979    -0.118    -0.432     3.500     2.600    11.500
  2020.994    -2.078     2.207    -4.118     3.500     2.700    11.600
  2020.997    -1.320     0.173    -0.724     3.500     2.600    11.500
  2020.999    -0.092     1.309    -6.575     3.500     2.600    11.500
  2021.002    -1.230     1.272    -6.641     3.400     2.600    11.500
  2021.005    -0.950     0.743    -2.612     3.281     2.512    10.961
  2021.008    -0.794     0.480    -1.254     3.281     2.512    10.961
  2021.010    -2.587     0.568    -2.588     3.281     2.512    10.961
  2021.013    -2.351     1.686    -4.757     3.281     2.512    10.961
  2021.016    -3.410     2.959    -5.589     3.281     2.512    10.961
  2021.019    -3.892     1.349    -9.965     3.281     2.512    10.961
  2021.021    -1.189    -0.198    -0.842     3.281     2.512    10.961
  2021.024    -2.443     0.247    -1.864     3.281     2.512    10.961
  2021.027     0.147    -1.296     2.112     3.281     2.512    10.961
  2021.030    -0.440    -1.429     0.968     3.281     2.512    10.961
  2021.032    -0.189    -1.138    -2.565     3.281     2.512    10.961
  2021.035     0.482     0.268    -1.794     3.281     2.512    10.961
  2021.038    -0.017     0.592     0.069     3.281     2.512    10.961
  2021.040     0.599     0.349     0.580     3.281     2.512    10.961
  2021.043     0.522     0.209     1.456     3.281     2.512    10.961
  2021.046     0.070     0.526    -0.762     3.281     2.512    10.961
  2021.049    -0.979    -0.140    -0.472     3.281     2.512    10.961
  2021.051    -1.583     0.507    -2.261     3.281     2.512    10.961
  2021.054    -1.260     0.134    -2.858     3.281     2.512    10.961
  2021.057     0.525     0.830    -4.180     3.281     2.512    10.961
  2021.060     1.050     0.617     0.616     3.281     2.512    10.961
  2021.062     0.478    -0.551     2.748     3.281     2.512    10.961
  2021.065    -1.378     0.038    -0.433     3.281     2.512    10.961
  2021.068    -0.847     0.356     3.882     3.281     2.512    10.961
  2021.071    -0.786     0.981    -1.730     3.281     2.512    10.961
  2021.073    -0.743     1.174    -4.144     3.281     2.512    10.961
  2021.076    -1.616    -0.339     0.831     3.281     2.512    10.961
  2021.079    -2.161     0.370    -1.054     3.281     2.512    10.961
  2021.082    -2.098     1.537     1.311     3.281     2.512    10.961
  2021.084    -0.904     1.127    -1.253     3.281     2.512    10.961
  2021.087    -0.367     0.018     2.537     3.281     2.512    10.961
  2021.090     0.629    -0.419     2.496     3.281     2.512    10.961
  2021.093    -0.612     0.202     3.577     3.281     2.512    10.961
  2021.095    -1.354     0.783     1.343     3.281     2.512    10.961
  2021.098    -0.291     0.543    -3.784     3.281     2.512    10.961
  2021.101    -0.531     0.910     0.744     3.281     2.512    10.961
  2021.103     0.315     0.204     0.590     3.281     2.512    10.961
  2021.106    -0.135    -0.585     3.554     3.281     2.512    10.961
  2021.109     0.398    -0.653     2.725     3.281     2.512    10.961
  2021.112     0.984     0.011     2.627     3.281     2.512    10.961
  2021.114     0.522     0.248     1.851     3.281     2.512    10.961
  2021.117     0.332    -1.023     4.244     3.281     2.512    10.961
  2021.120     0.488    -1.480     0.849     3.281     2.512    10.961
  2021.123     2.134    -0.962     0.406     3.281     2.512    10.961
  2021.125     1.687    -0.404     1.848     3.281     2.512    10.961
  2021.128    -0.734    -0.461    -1.836     3.281     2.512    10.961
  2021.131    -0.964     0.873    -6.351     3.281     2.512    10.961
  2021.134    -0.852     0.589     0.736     3.281     2.512    10.961
  2021.136    -0.865     0.044    -4.031     3.281     2.512    10.961
  2021.139     0.517     0.150    -4.104     3.281     2.512    10.961
  2021.142     1.057     0.360     2.830     3.281     2.512    10.961
  2021.145     0.617    -0.224     4.658     3.281     2.512    10.961
  2021.147     0.899     0.182     3.953     3.281     2.512    10.961
  2021.150     2.739     0.203     5.771     3.281     2.512    10.961
  2021.153     1.031    -0.007     4.921     3.281     2.512    10.961
  2021.156     0.208    -0.053     4.375     3.281     2.512    10.961
  2021.158    -0.367    -0.191     5.104     3.281     2.512    10.961
  2021.161     5.510    -0.890     4.020     3.281     2.512    10.961
  2021.164    -0.056    -1.658     1.593     3.281     2.512    10.961
  2021.166    -0.486     0.673    -0.498     3.281     2.512    10.961
  2021.169     0.007    -0.066    -0.355     3.281     2.512    10.961
  2021.172    -2.451    -0.437    -3.287     3.281     2.512    10.961
  2021.175    -3.816     0.524    -2.420     3.281     2.512    10.961
  2021.177    -1.874     0.168    -0.456     3.281     2.512    10.961
  2021.180     1.409    -0.268    -0.196     3.281     2.512    10.961
  2021.183     0.242    -0.162     1.475     3.281     2.512    10.961
  2021.186     1.500    -1.270    -2.579     3.281     2.512    10.961
  2021.188     0.193     0.213     2.314     3.281     2.512    10.961
  2021.191    -0.162    -0.748     4.766     3.281     2.512    10.961
  2021.194    -0.074    -0.793     5.211     3.281     2.512    10.961
  2021.197     0.128     0.064     3.063     3.281     2.512    10.961
  2021.199    -0.326    -0.387    -3.657     3.281     2.512    10.961
  2021.202    -3.946     0.072     5.924     3.281     2.512    10.961
  2021.205    -1.785    -0.175     5.740     3.281     2.512    10.961
  2021.208    -0.372     0.111     2.857     3.281     2.512    10.961
  2021.210    -0.047    -0.596     4.795     3.281     2.512    10.961
  2021.213    -0.874    -0.200    -1.256     3.281     2.512    10.961
  2021.216    -1.995     1.202    -1.513     3.281     2.512    10.961
  2021.219    -1.420     0.919    -0.934     3.281     2.512    10.961
  2021.221    -0.310     2.160    -2.533     3.281     2.512    10.961
  2021.224     0.778     0.224    -0.836     3.281     2.512    10.961
  2021.227     0.006    -0.550    -0.684     3.281     2.512    10.961
  2021.230     0.063    -1.264     2.175     3.281     2.512    10.961
  2021.232     0.135     0.161     2.845     3.281     2.512    10.961
  2021.235    -1.059     0.148    -2.059     3.281     2.512    10.961
  2021.238    -0.210    -0.489     3.159     3.281     2.512    10.961
  2021.240    -0.741    -0.021     1.569     3.281     2.512    10.961
  2021.243    -1.025     0.908     6.931     3.281     2.512    10.961
  2021.246     0.753     2.139     0.039     3.281     2.512    10.961
  2021.249     1.405     3.163    -1.660     3.281     2.512    10.961
  2021.251     1.998     1.689    -0.445     3.281     2.512    10.961
  2021.254    -1.025    -0.283     3.729     3.281     2.512    10.961
  2021.257    -1.558     1.344     6.587     3.281     2.512    10.961
  2021.260    -1.069     0.543     6.522     3.281     2.512    10.961
  2021.262     1.069     0.728     0.977     3.281     2.512    10.961
  2021.265     1.168     0.116     3.716     3.281     2.512    10.961
  2021.268     3.247    -0.368     1.765     3.281     2.512    10.961
  2021.271     4.346     0.055    -2.125     3.281     2.512    10.961
  2021.273     0.775    -1.886    -1.999     3.281     2.512    10.961
  2021.276     1.570    -1.296    -3.541     3.281     2.512    10.961
  2021.279     1.231    -1.471    -7.992     3.281     2.512    10.961
  2021.282    -2.801    -0.193    -5.628     3.281     2.512    10.961
  2021.284    -2.479     1.443    -4.224     3.281     2.512    10.961
  2021.287     2.365     1.225    -1.190     3.281     2.512    10.961
  2021.290    -0.401     0.336    -1.264     3.281     2.512    10.961
  2021.293    -0.397     0.733    -1.667     3.281     2.512    10.961
  2021.295    -1.043    -0.138     2.809     3.281     2.512    10.961
  2021.298     1.690    -0.809     3.541     3.281     2.512    10.961
  2021.301     0.919    -1.096    -1.372     3.281     2.512    10.961
  2021.303     0.459     2.084     6.189     3.281     2.512    10.961
  2021.306    -0.614     0.334    -1.204     3.281     2.512    10.961
  2021.309     1.427     0.156    -4.916     3.281     2.512    10.961
  2021.312     0.032    -0.454    -0.074     3.281     2.512    10.961
  2021.314    -1.123    -0.618     4.450     3.281     2.512    10.961
  2021.317    -0.910     0.299     5.698     3.281     2.512    10.961
  2021.320    -0.267     0.910    -2.382     3.281     2.512    10.961
  2021.323    -0.197     3.034     0.432     3.281     2.512    10.961
  2021.325    -0.758     0.336     5.385     3.281     2.512    10.961
  2021.328    -0.232     1.886     7.366     3.281     2.512    10.961
  2021.331    -0.457     0.010     3.515     3.281     2.512    10.961
  2021.334    -1.639    -0.249    14.676     3.281     2.512    10.961
  2021.336     0.138     0.204     5.172     3.281     2.512    10.961
  2021.339    -1.877     0.447     6.809     3.281     2.512    10.961
  2021.342     1.332     1.802     7.314     3.281     2.512    10.961
  2021.345     0.061     1.096     8.489     3.281     2.512    10.961
  2021.347     0.809     1.014     8.322     3.281     2.512    10.961
  2021.350    -0.548     0.742     7.641     3.281     2.512    10.961
  2021.353     1.185     0.410    13.463     3.281     2.512    10.961
  2021.356     0.107     1.249     5.050     3.281     2.512    10.961
  2021.358     1.042     1.922    -0.561     3.281     2.512    10.961
  2021.361     0.134     0.735     6.480     3.281     2.512    10.961
  2021.364    -1.215     0.678     5.630     3.281     2.512    10.961
  2021.366    -2.675     0.760     3.907     3.281     2.512    10.961
  2021.369    -2.312     1.219    -0.461     3.281     2.512    10.961
  2021.372    -2.373     2.359     2.269     3.281     2.512    10.961
  2021.375     0.049     2.124     4.439     3.281     2.512    10.961
  2021.377     3.902     0.809    -9.928     3.281     2.512    10.961
  2021.380    -0.119     1.058    -7.464     3.281     2.512    10.961
  2021.383    -0.522     1.073    -0.068     3.281     2.512    10.961
