  2019.282     1.497     1.480    -3.444     3.500     2.400    10.800
  2019.285    -1.052    -2.893     6.439     3.500     2.400    10.800
  2019.288     2.193    -1.033     6.635     3.400     2.400    10.800
  2019.290     1.571     0.961     5.606     3.400     2.400    10.800
  2019.293     1.097     0.053     0.936     3.500     2.400    10.800
  2019.296    -0.644     1.077     3.227     3.500     2.400    10.800
  2019.298     4.578     0.849     7.226     3.500     2.400    11.100
  2019.301     3.673     0.785    -0.877     3.500     2.400    10.800
  2019.304     3.949     4.351    -8.203     3.500     2.400    10.800
  2019.307     1.035    -0.403     4.745     3.400     2.400    10.800
  2019.309    -0.436     0.901     7.229     3.500     2.400    10.800
  2019.312     1.063     0.701     2.497     3.500     2.400    10.800
  2019.315     0.062    -1.058     7.786     3.500     2.400    10.800
  2019.318    -0.206    -0.679     3.178     3.500     2.400    10.800
  2019.320     2.937    -0.820     8.069     3.500     2.400    10.800
  2019.323     1.927     0.475     5.003     3.500     2.400    10.800
  2019.326     1.201    -0.111    -1.032     3.500     2.400    10.800
  2019.329     1.098    -0.357     7.277     3.500     2.400    10.800
  2019.331     2.175    -0.528    -0.057     3.400     2.400    10.800
  2019.334     0.106     0.291     5.524     3.400     2.400    11.100
  2019.337     2.356    -1.101     0.678     3.500     2.400    11.100
  2019.340    -1.720    -1.503     3.824     3.500     2.400    10.800
  2019.342    -0.999     0.143     1.139     3.400     2.400    10.800
  2019.345     1.425    -0.384     2.040     3.500     2.400    10.800
  2019.348     1.349     0.247     6.755     3.500     2.400    11.100
  2019.350     2.926    -0.380     5.133     3.500     2.400    11.100
  2019.353     0.645    -1.598     4.481     3.500     2.400    10.800
  2019.356     3.102     0.068     5.322     3.500     2.400    10.800
  2019.359     1.127    -0.071     0.510     3.500     2.400    10.800
  2019.361    -2.132    -2.044     2.212     3.500     2.400    10.800
  2019.364    -2.243    -1.284    16.077     3.500     2.400    10.800
  2019.367     0.700     0.380     3.848     3.500     2.400    10.800
  2019.370     2.666     0.310     1.665     3.400     2.400    10.800
  2019.372     3.800     0.575     0.718     3.500     2.400    10.800
  2019.375     4.027     1.362     4.677     3.500     2.400    10.800
  2019.378     0.399     0.845     0.916     3.500     2.400    10.800
  2019.381    -1.591    -1.137    11.074     3.500     2.400    10.800
  2019.383     2.280     0.466     4.754     3.500     2.400    10.800
  2019.386     2.521     1.243     2.700     3.400     2.400    10.800
  2019.389     0.767     1.019     6.044     3.500     2.400    10.800
  2019.392     1.961     0.786     6.393     3.500     2.400    10.800
  2019.394     1.473     2.164    -2.021     3.500     2.400    10.800
  2019.397     0.670    -0.276    11.895     3.500     2.400    10.800
  2019.400     0.229     0.727     9.386     3.500     2.400    10.800
  2019.403     0.936     0.343    10.512     3.500     2.400    10.500
  2019.405    -0.488     1.865     6.826     3.500     2.400    10.800
  2019.408     1.691     0.417    10.042     3.400     2.400    10.800
  2019.411    -0.647     1.018     1.916     3.400     2.400    10.800
  2019.413     0.124     0.731    13.797     3.500     2.400    10.800
  2019.416    -0.478     2.872    10.543     3.400     2.400    10.800
  2019.419    -0.172     1.488     7.334     3.400     2.400    10.800
  2019.422    -2.837     1.401    14.647     3.500     2.400    10.800
  2019.424     0.260     1.021    10.978     3.400     2.400    10.800
  2019.427     0.812     0.320     7.424     3.400     2.400    10.800
  2019.430     0.591     1.573     0.548     3.400     2.500    11.300
  2019.433     2.377     0.306    -1.377     3.500     2.400    10.800
  2019.435     1.607    -0.390     4.387     3.500     2.400    10.800
  2019.438     1.105     0.399     2.955     3.500     2.400    10.800
  2019.441     1.974    -0.794     0.621     3.500     2.400    11.100
  2019.444    -0.538     0.019    -1.745     3.500     2.400    11.100
  2019.446     0.859     1.456     9.016     3.500     2.400    11.100
  2019.449    -1.625    -2.202    10.312     3.500     2.400    11.100
  2019.452    -0.322    -1.042     9.822     3.500     2.400    11.100
  2019.455     0.457     0.842     2.257     3.500     2.400    11.100
  2019.457     0.422     0.391     4.987     3.500     2.400    10.800
  2019.460     0.025     0.331     4.996     3.500     2.400    10.800
  2019.463    -1.881    -0.731    11.063     3.500     2.400    11.100
  2019.465    -0.608     0.696     3.824     3.500     2.500    11.400
  2019.468     2.824    -0.678     7.307     3.500     2.500    11.400
  2019.471     0.261     2.226    -0.036     3.500     2.400    11.100
  2019.474     0.686     0.428     5.252     3.500     2.400    11.100
  2019.476     1.371     0.246     8.829     3.500     2.400    11.100
  2019.479    -0.649     1.821     7.481     3.500     2.400    11.100
  2019.482     1.109     0.308     4.299     3.500     2.400    10.800
  2019.485     0.666    -0.497     2.085     3.500     2.400    11.100
  2019.487     0.802     0.338    -3.833     3.500     2.400    10.800
  2019.490     0.106     0.002     6.297     3.500     2.400    10.800
  2019.493    -0.972     0.800     8.091     3.500     2.400    10.800
  2019.496     1.071     0.558     6.471     3.500     2.400    10.800
  2019.498     0.450     1.049     4.129     3.500     2.400    10.500
  2019.501    -0.137     0.936     9.676     3.400     2.400    10.800
  2019.504    -1.429     0.646     6.903     3.500     2.400    10.800
  2019.507     1.027     2.037    10.102     3.500     2.400    10.800
  2019.509     0.279     1.937     8.758     3.500     2.400    10.800
  2019.512     0.638     0.941     0.654     3.500     2.400    10.500
  2019.515     0.641     0.931     2.237     3.500     2.400    10.800
  2019.518     1.251     0.682     6.683     3.500     2.400    10.800
  2019.520    -0.004     1.089     1.032     3.500     2.400    10.800
  2019.523     0.527    -0.762     5.174     3.400     2.400    10.800
  2019.526     0.235    -1.252     0.178     3.400     2.400    10.800
  2019.528    -0.666    -0.793     0.383     3.500     2.400    10.800
  2019.531     0.075    -0.916     0.030     3.500     2.500    11.400
  2019.534    -0.375     0.359     5.945     3.500     2.400    11.100
  2019.537     0.233    -0.329     3.066     3.400     2.400    11.100
  2019.539     0.231    -0.259     1.036     3.400     2.400    11.100
  2019.542    -0.779    -0.484     2.214     3.500     2.400    10.800
  2019.545    -2.032     0.284    10.438     3.400     2.500    11.200
  2019.548    -0.358     0.816    -0.311     3.500     2.500    11.000
  2019.550     0.299    -0.180    -0.676     3.500     2.400    10.800
  2019.553     0.485     0.529     2.119     3.500     2.400    10.800
  2019.556    -0.011    -0.317    -5.587     3.400     2.400    11.100
  2019.559     0.497    -0.980    -4.792     3.400     2.400    10.800
  2019.561     1.932    -1.010     4.961     3.400     2.500    11.500
  2019.564     2.492     1.265     2.736     3.400     2.400    10.800
  2019.567    -1.391     0.731     2.595     3.400     2.500    11.500
  2019.570    -0.647     0.240    -0.533     3.400     2.400    10.800
  2019.572    -1.532     1.536    10.033     3.400     2.400    10.800
  2019.575     0.650     0.949     1.565     3.500     2.400    10.800
  2019.578    -0.525    -0.142     1.232     3.400     2.400    10.800
  2019.580     0.633     0.313    -1.292     3.500     2.400    10.800
  2019.583     1.545     1.411     1.109     3.400     2.400    10.800
  2019.586    -0.086     1.614     6.551     3.400     2.400    11.100
  2019.589    -1.295    -2.008    -1.231     3.400     2.400    10.800
  2019.591    -0.640    -1.091    -1.174     3.400     2.400    10.800
  2019.594     0.363     0.084    -1.074     3.400     2.500    11.200
  2019.597     1.454    -1.129    14.310     3.400     2.400    10.800
  2019.600    -1.501     0.659     0.073     3.400     2.500    11.500
  2019.602    -1.776     0.330     1.699     3.500     2.500    11.200
  2019.605     1.712    -0.820     0.070     3.400     2.400    10.800
  2019.608    -0.788    -2.282     1.898     3.400     2.500    11.500
  2019.611    -1.338    -0.197     0.157     3.400     2.500    11.500
  2019.613     0.679     0.328    -4.592     3.400     2.400    10.800
  2019.616     1.187    -0.472    -2.545     3.500     2.400    10.800
  2019.619     0.851    -0.528    -3.010     3.500     2.400    10.800
  2019.622    -0.375     2.848    -0.688     3.500     2.400    10.800
  2019.624    -0.938     0.330    -1.441     3.400     2.500    11.200
  2019.627     0.067     0.969    -2.072     3.500     2.400    10.800
  2019.630     0.373    -0.088    -8.640     3.500     2.400    10.800
  2019.632    -0.576     0.560    -5.729     3.500     2.400    10.800
  2019.635    -1.985     0.449    -2.336     3.500     2.400    10.800
  2019.638    -1.164     1.428     4.286     3.400     2.400    10.800
  2019.641    -0.845     1.653     3.912     3.400     2.400    10.800
  2019.643     0.420    -0.568    -6.115     3.500     2.400    10.800
  2019.646    -0.184     0.231    -3.779     3.500     2.400    10.800
  2019.649    -0.234    -0.051     0.657     3.500     2.400    10.800
  2019.652    -0.463    -0.111    -1.911     3.400     2.400    10.800
  2019.654    -2.225    -1.697    10.878     3.400     2.400    10.800
  2019.657     1.522     0.434    -0.210     3.500     2.400    11.100
  2019.660     0.949    -0.330     1.746     3.500     2.400    10.800
  2019.663     0.764     0.507    -6.776     3.500     2.400    10.800
  2019.665     0.403    -0.723    -0.553     3.500     2.400    10.800
  2019.668    -0.610     0.593     3.863     3.500     2.400    10.800
  2019.671     0.548    -0.128    -2.935     3.500     2.400    10.800
  2019.674     0.679    -0.446    -1.190     3.500     2.400    10.800
  2019.676     0.150    -1.671    -2.099     3.500     2.400    10.800
  2019.679     0.457    -0.707    -0.681     3.500     2.400    11.100
  2019.682    -0.976    -0.113    -7.355     3.400     2.400    11.100
  2019.685    -1.312    -0.877    -2.672     3.500     2.400    10.800
  2019.687    -0.405    -0.021    -7.115     3.500     2.400    10.800
  2019.690     1.087     0.007    -2.270     3.500     2.400    10.800
  2019.693    -0.882    -0.549    -3.562     3.500     2.400    10.800
  2019.695    -0.449     1.340    -2.334     3.500     2.400    10.800
  2019.698    -1.328    -0.038    -6.573     3.400     2.400    10.800
  2019.701    -1.118    -0.249    -1.926     3.500     2.400    10.800
  2019.704    -1.150     0.103    -2.293     3.400     2.400    10.800
  2019.706    -0.168    -0.513    -0.999     3.500     2.400    10.800
  2019.709     0.581     0.522    -0.342     3.500     2.400    10.800
  2019.712    -1.159     1.083    -7.855     3.500     2.400    10.800
  2019.715    -2.726     0.389    -0.271     3.500     2.400    10.800
  2019.717    -0.847    -0.625     0.796     3.400     2.400    10.800
  2019.720    -1.669     0.132    -2.692     3.500     2.500    11.400
  2019.723    -1.480    -0.176    -3.505     3.500     2.400    11.100
  2019.726    -0.529    -0.208     0.431     3.500     2.400    10.800
  2019.728    -0.959    -0.792    -2.331     3.500     2.400    10.800
  2019.731    -0.385    -0.427    -1.706     3.400     2.400    11.100
  2019.734    -0.711    -0.155    -7.513     3.400     2.400    10.800
  2019.737    -0.322     0.499    -4.264     3.400     2.400    10.800
  2019.739    -0.595     0.654    -3.287     3.500     2.400    10.800
  2019.742     0.294    -0.015     2.622     3.500     2.500    11.200
  2019.745    -1.671    -1.336     0.956     3.500     2.500    11.200
  2019.747    -0.739    -0.055    -4.821     3.500     2.400    10.800
  2019.750    -0.404    -0.089    -6.024     3.400     2.400    11.100
  2019.753    -0.867    -0.482    -4.044     3.400     2.400    11.100
  2019.756    -0.613     0.486    -6.313     3.400     2.600    11.400
  2019.758    -0.160    -0.538    -5.451     3.500     2.400    10.800
  2019.761    -0.771     0.045     8.177     3.400     2.400    10.800
  2019.764    -1.533    -1.706     0.612     3.400     2.400    10.800
  2019.767    -1.191    -0.854    -2.690     3.400     2.400    10.800
  2019.769    -0.674    -1.427     2.674     3.400     2.400    10.800
  2019.772    -0.543    -0.481    -5.321     3.400     2.400    10.800
  2019.775    -0.183     0.643    -4.704     3.400     2.500    11.200
  2019.778     0.487    -0.690    -0.211     3.400     2.400    11.100
  2019.780    -1.092    -0.805    -3.559     3.500     2.400    10.800
  2019.783     0.251    -1.038     2.564     3.500     2.400    10.800
  2019.786    -0.282    -2.020     0.748     3.500     2.400    10.800
  2019.789     0.337    -0.832    -1.516     3.400     2.400    10.800
  2019.791     1.075     0.199    -5.480     3.400     2.400    10.800
  2019.794    -0.071    -1.125    -1.352     3.500     2.400    10.800
  2019.797    -0.814     0.450    -5.982     3.500     2.400    10.800
  2019.800     2.250    -1.029   -10.012     3.500     2.400    10.800
  2019.802     1.764    -0.726    -4.794     3.500     2.400    10.800
  2019.805     0.737    -3.265    -4.580     3.500     2.400    10.800
  2019.808     0.262    -1.614     0.516     3.500     2.400    10.800
  2019.810     1.222    -0.949     1.317     3.500     2.400    10.800
  2019.813    -2.469    -2.509     2.296     3.500     2.400    10.800
  2019.816    -2.347    -1.579    -1.111     3.400     2.400    10.800
  2019.819    -1.817    -2.207     3.675     3.400     2.400    10.800
  2019.821     0.869    -0.992    -3.405     3.400     2.400    11.100
  2019.824     0.529    -1.684    -2.907     3.500     2.400    10.800
  2019.827     1.921    -0.929     3.982     3.500     2.400    10.800
  2019.830    -0.057    -1.145     2.667     3.400     2.400    10.800
  2019.832    -0.401    -2.518    -7.417     3.500     2.400    11.100
  2019.835     0.187    -3.939    -9.176     3.400     2.500    11.500
  2019.838     1.076    -1.759    -2.684     3.500     2.400    11.100
  2019.841     0.841    -1.277    -6.485     3.500     2.400    11.100
  2019.843    -0.219    -2.676    -5.786     3.500     2.400    11.100
  2019.846     0.279    -1.794    -7.481     3.500     2.400    11.100
  2019.849     0.550    -0.556    -2.853     3.500     2.500    11.200
  2019.852     0.723    -0.971    -4.695     3.500     2.400    11.100
  2019.854     0.466    -1.066     3.720     3.500     2.400    11.100
  2019.857     3.307    -0.207    -2.091     3.500     2.400    10.800
  2019.860    -1.329    -1.735     1.330     3.500     2.400    11.100
  2019.862    -1.410    -0.352   -10.561     3.500     2.400    11.100
  2019.865    -0.325    -1.737    -5.861     3.500     2.400    11.100
  2019.868     0.730    -0.731    -6.831     3.500     2.400    11.000
  2019.871     0.169    -0.009    -4.148     3.500     2.400    10.800
  2019.873     3.109    -0.521    -0.308     3.500     2.400    11.100
  2019.876     0.918     0.311    -1.823     3.500     2.400    11.100
  2019.879    -1.590    -1.552    -4.083     3.500     2.500    11.400
  2019.882    -2.933    -2.147    -5.827     3.500     2.400    11.100
  2019.884    -3.233    -2.758   -12.978     3.500     2.400    11.100
  2019.887    -0.369    -1.014    -2.522     3.500     2.400    10.800
  2019.890     2.068     1.342    -5.435     3.500     2.500    11.200
  2019.893     0.385    -0.904    -1.582     3.500     2.400    11.100
  2019.895     0.664    -0.715    -0.421     3.500     2.400    11.100
  2019.898     0.513    -0.687    -5.916     3.500     2.400    11.100
  2019.901     1.497    -0.714    -4.870     3.500     2.400    11.100
  2019.904     0.328    -0.693    -5.594     3.500     2.400    11.100
  2019.906    -1.686    -2.853    -6.407     3.500     2.500    11.200
  2019.909    -1.927    -2.058    -4.227     3.500     2.400    10.800
  2019.912     1.781     0.582    -7.775     3.500     2.400    11.100
  2019.914     1.575    -1.137    -2.433     3.500     2.400    10.800
  2019.917    -0.201    -2.199    -3.697     3.500     2.400    11.100
  2019.920     0.335    -1.501    -2.831     3.500     2.400    11.100
  2019.923    -0.218    -2.883    -1.805     3.600     2.400    11.000
  2019.925    -0.293    -1.504    -6.669     3.500     2.400    11.100
  2019.928     0.435    -1.131    -0.883     3.500     2.400    11.100
  2019.931     0.767    -0.577    -0.634     3.500     2.400    11.100
  2019.934    -0.574    -1.790    -2.635     3.500     2.400    11.100
  2019.936    -0.756    -1.558     0.597     3.500     2.400    11.100
  2019.939     0.024    -0.827     1.930     3.200     2.400    10.800
  2019.942    -0.790    -1.820    -3.073     3.400     2.400    11.100
  2019.945    -0.454    -2.886    -6.076     3.500     2.400    11.100
  2019.947     1.238    -0.676    -3.047     3.500     2.400    11.100
  2019.950    -3.560     0.064    -0.871     3.500     2.518    11.100
  2019.953    -1.878    -1.295    -2.703     3.600     2.500    11.400
  2019.956     2.600    -0.721    -6.538     3.500     2.400    11.100
  2019.958     1.054     0.001    -3.838     3.500     2.400    10.800
  2019.961     2.024     3.520    -8.561     3.500     2.400    11.100
  2019.964     0.943    -0.478    -7.056     3.500     2.400    10.800
  2019.967     0.765    -0.941    -0.481     3.500     2.500    11.200
  2019.969     0.577    -0.529     0.788     3.500     2.400    11.000
  2019.972     1.880     1.634    -3.706     3.500     2.400    11.100
  2019.975    -1.785     0.129     1.875     3.500     2.400    11.100
  2019.977    -0.075    -1.235    -5.411     3.500     2.400    10.800
  2019.980     0.779     0.086   -12.281     3.500     2.400    10.800
  2019.983     1.591     1.459    -7.047     3.500     2.400    11.100
  2019.986     1.907     0.940    -6.066     3.500     2.400    10.800
  2019.988     0.187    -1.196     0.168     3.500     2.400    11.100
  2019.991     1.061    -0.802    -4.945     3.500     2.400    11.100
  2019.994    -0.864    -0.615    -5.134     3.500     2.400    11.000
  2019.997    -0.459     0.505    -0.632     3.500     2.400    10.800
  2019.999    -0.663    -2.611    -0.047     3.500     2.400    11.100
  2020.003    -0.687    -1.981    -2.382     3.500     2.400    11.000
  2020.006    -1.489    -1.475    -3.444     3.500     2.400    11.100
  2020.008     1.671    -0.209    -2.282     3.400     2.500    11.200
  2020.011     1.657    -1.026     0.169     3.500     2.500    11.200
  2020.014     2.312    -0.374    -3.340     3.500     2.500    11.400
  2020.016     0.888     1.486    -1.078     3.600     2.400    11.000
  2020.019     0.024     0.491    -6.026     3.500     2.400    11.100
  2020.022     0.850     2.743    -4.372     3.500     2.400    11.100
  2020.025     1.206     0.873    -2.791     3.500     2.400    11.100
  2020.027     1.189    -0.118    -6.524     3.500     2.400    11.000
  2020.030    -1.483     0.049    -0.813     3.500     2.400    10.800
  2020.033     0.141    -1.089   -13.010     3.500     2.400    10.800
  2020.036    -2.268    -1.593    -2.775     3.500     2.400    10.800
  2020.038     1.406     1.984    -3.957     3.500     2.400    11.100
  2020.041    -3.697    -1.278     5.729     3.200     2.400    10.800
  2020.044    -4.621    -2.960     1.742     3.400     2.400    11.100
  2020.047    -0.304     0.582    -0.234     3.500     2.500    11.200
  2020.049    -1.776     0.750    -4.469     3.500     2.400    10.800
  2020.052     2.221     2.221    -2.745     3.500     2.400    10.800
  2020.055     3.344     1.616    -2.690     3.500     2.400    11.100
  2020.058     2.215     2.378    -8.650     3.500     2.400    10.800
  2020.060     2.437     1.265    -6.561     3.500     2.400    10.800
  2020.063     1.805     1.832    -4.415     3.500     2.400    10.800
  2020.066    -1.112     0.786    -8.518     3.400     2.400    11.100
  2020.068    -1.007    -0.442    -4.650     3.500     2.400    10.800
  2020.071    -1.993    -1.539    -9.530     3.500     2.400    10.800
  2020.074    -0.200     0.880    -2.995     3.200     2.400    10.800
  2020.077    -1.303     0.558    -4.177     3.200     2.400    10.800
  2020.079    -0.221    -0.210    -2.589     3.200     2.400    10.800
  2020.082     1.778     2.301    -7.277     3.500     2.400    10.800
  2020.085    -0.610    -0.804    -3.083     3.200     2.400    10.700
  2020.088     0.766     0.139    -6.042     3.500     2.400    10.800
  2020.090     1.000     3.019    -6.400     3.200     2.400    10.700
  2020.093    -2.029    -1.234    -4.374     3.500     2.400    10.800
  2020.096    -0.850     1.735     1.089     3.500     2.400    10.800
  2020.099     1.471     2.729   -10.337     3.500     2.400    10.800
  2020.101    -0.587     0.207   -10.977     3.500     2.500    11.200
  2020.104     0.737     1.580    -1.047     3.500     2.400    10.800
  2020.107     0.328     2.192    -6.825     3.500     2.400    10.800
  2020.110     1.740     2.801    -4.154     3.200     2.400    10.800
  2020.112     0.461     1.775    -9.439     3.500     2.400    10.800
  2020.115    -1.197     0.407    -7.236     3.200     2.400    10.800
  2020.118    -0.089    -0.752    -1.245     3.200     2.400    10.800
  2020.121     0.649     0.625    -0.438     3.500     2.500    11.200
  2020.123    -0.639    -0.392     0.566     3.500     2.400    11.000
  2020.126    -0.755     0.705    -0.030     3.500     2.400    10.800
  2020.129     0.560     1.683    -2.060     3.500     2.400    10.800
  2020.131    -0.520    -0.797    -1.195     3.500     2.400    11.000
  2020.134     4.282     2.101    -3.370     3.500     2.400    10.800
  2020.137    -1.723    -0.636    -3.179     3.500     2.400    10.800
  2020.140    -2.652    -1.148     5.937     3.500     2.400    11.100
  2020.142    -2.205    -0.781    -1.415     3.600     2.400    11.000
  2020.145    -3.550    -2.007     6.922     3.500     2.400    11.100
  2020.148     1.103     1.412    -7.240     3.500     2.400    10.800
  2020.151    -0.941    -0.712     3.642     3.500     2.400    10.800
  2020.153    -2.182    -1.582     0.022     3.200     2.400    10.800
  2020.156     0.241     0.805    -0.820     3.500     2.400    10.800
  2020.159     1.406     0.904     1.919     3.500     2.400    10.800
  2020.162    -2.117    -1.897    -1.551     3.500     2.400    10.800
  2020.164     1.072    -0.070    -7.734     3.200     2.400    10.800
  2020.167     2.497     2.947    -3.411     3.500     2.400    10.800
  2020.170     0.546    -1.186    -0.983     3.200     2.400    10.800
  2020.173    -0.523    -0.484     5.060     3.500     2.400    11.100
  2020.175     0.611     0.151     0.593     3.500     2.400    11.100
  2020.178    -1.677    -0.403    10.060     3.500     2.400    11.100
  2020.181     0.613     1.333     3.866     3.500     2.400    10.800
  2020.183    -0.033     0.063     8.370     3.500     2.400    10.800
  2020.186     1.308    -0.388     7.570     3.500     2.400    10.800
  2020.189     0.334    -0.026     0.202     3.500     2.400    11.100
  2020.192     1.777     1.537     0.361     3.500     2.500    11.200
  2020.194     1.316     0.390    -0.504     3.500     2.400    11.100
  2020.197     1.099    -0.877     7.918     3.500     2.400    10.800
  2020.200    -2.971    -0.315    -3.003     3.500     2.400    10.800
  2020.203    -5.555    -0.814     4.511     3.500     2.400    11.100
  2020.205    -1.722     2.823    -1.618     3.500     2.400    10.800
  2020.208     2.749     1.760    -0.687     3.500     2.400    11.100
  2020.211     1.190     2.014    -2.911     3.500     2.400    10.800
  2020.214     1.104     0.046    -2.155     3.500     2.400    11.100
  2020.216     0.223     2.054     3.633     3.800     2.600    12.100
  2020.219     0.153     1.436     0.468     3.400     2.600    11.400
  2020.222    -1.738     0.286     5.525     3.500     2.600    11.400
  2020.225    -1.847     1.199    -0.730     3.500     2.400    10.800
  2020.227    -1.699     2.255     1.731     3.500     2.400    11.100
  2020.230    -1.327     0.610    -3.937     3.500     2.400    10.800
  2020.233     0.732     0.462    -4.213     3.500     2.400    11.100
  2020.236     1.141     0.318     1.927     3.500     2.400    11.000
  2020.238    -0.717     0.964     1.666     3.500     2.400    11.000
  2020.241     0.104     2.094    -6.667     3.500     2.400    11.100
  2020.244    -2.010     1.065     5.558     3.500     2.400    11.100
  2020.246     0.152     1.293     2.025     3.400     2.400    11.100
  2020.249     1.869     1.602    -3.751     3.500     2.400    11.100
  2020.252     0.259     0.063    -0.658     3.500     2.400    11.000
  2020.255     1.408     0.383     2.082     3.500     2.518    11.100
  2020.257    -0.464     1.849     3.815     3.500     2.400    11.100
  2020.260     0.281    -0.037     0.496     3.500     2.518    11.100
  2020.263     2.704     0.967     4.979     3.500     2.500    11.200
  2020.266     0.532     0.638     4.168     3.500     2.400    11.100
  2020.268     2.410     1.156     0.817     3.500     2.400    11.100
  2020.271    -1.069     1.441     3.183     3.500     2.400    11.100
  2020.274    -1.457    -0.420     1.848     3.400     2.500    11.400
  2020.277    -1.429     1.522    -0.618     3.400     2.400    11.100
  2020.279    -3.001     0.992     3.935     3.500     2.500    11.400
  2020.282     1.352     2.634     0.027     3.500     2.600    11.400
  2020.285    -0.851     0.466    -2.069     3.500     2.600    11.400
  2020.288    -4.481     1.317     6.242     3.500     2.400    11.100
  2020.290    -0.006     0.269     2.314     3.500     2.500    11.400
  2020.293     0.100     0.759    -4.934     3.500     2.400    11.100
  2020.296    -0.875    -0.128    -5.266     3.500     2.400    11.100
  2020.298     1.677     1.176    -1.258     3.500     2.500    11.200
  2020.301    -5.360    -0.209     8.369     3.500     2.400    10.800
  2020.304    -6.957    -0.697    15.434     3.500     2.400    11.100
  2020.307    -4.259     0.932    13.121     3.500     2.400    11.100
  2020.309     1.492     2.090    -2.791     3.500     2.500    11.200
  2020.312     2.679     1.343     1.127     3.500     2.500    11.200
  2020.315    -0.909     0.020     1.501     3.500     2.400    11.000
  2020.318    -1.543     0.951     0.143     3.500     2.400    11.100
  2020.320    -0.684     1.246     2.579     3.500     2.500    11.200
  2020.323    -0.676     0.277     2.856     3.500     2.500    11.200
  2020.326    -1.253     0.396     1.311     3.500     2.500    11.200
  2020.329    -2.091    -1.222     2.268     3.500     2.400    11.000
  2020.331    -0.489     1.003    -4.162     3.500     2.400    11.100
  2020.334    -0.334     1.005     1.890     3.500     2.400    11.100
  2020.337    -0.863    -0.414     8.705     3.500     2.400    11.000
  2020.340    -0.968    -0.890    -2.599     3.500     2.500    11.200
  2020.342     0.319     0.180   -11.078     3.500     2.400    11.100
  2020.345    -1.802    -0.329    -2.653     3.500     2.600    11.400
  2020.348    -2.293     0.886     4.603     3.500     2.400    11.100
  2020.350    -0.037     0.947     2.888     3.500     2.500    11.200
  2020.353    -1.628     1.829     4.704     3.500     2.600    11.700
  2020.356    -1.878    -0.156     2.834     3.500     2.500    11.700
  2020.359     1.284    -0.623     0.823     3.400     2.500    11.400
  2020.361     1.007     1.173    -0.424     3.500     2.400    11.100
  2020.364    -3.014    -0.034     2.825     3.400     2.500    11.400
  2020.367    -2.939    -1.480    -3.855     3.500     2.500    11.200
  2020.370     0.571     0.683     5.935     3.500     2.500    11.400
  2020.372    -0.493     0.663    -0.739     3.500     2.500    11.400
  2020.375    -1.841     0.328     3.234     3.400     2.500    11.400
  2020.378    -0.832    -0.807     2.567     3.500     2.400    11.100
  2020.381    -2.451    -1.279     7.081     3.500     2.500    11.400
  2020.383     5.149     1.602    -8.503     3.400     2.500    11.500
  2020.386    -0.027    -2.440    -6.847     3.500     2.500    11.400
  2020.389    -0.227    -0.054     1.984     3.400     2.500    11.500
  2020.392    -0.392     0.807     5.654     3.500     2.500    11.500
  2020.394    -1.462     0.285     3.693     3.500     2.500    11.400
  2020.397    -2.148     0.049     6.050     3.500     2.500    11.700
  2020.400    -0.931     0.804    -1.291     3.400     2.500    11.500
  2020.403    -3.013    -0.835     0.464     3.500     2.500    11.200
  2020.405    -1.849    -0.027     3.669     3.500     2.500    11.200
  2020.408    -1.228     1.030     5.354     3.500     2.500    11.400
  2020.411    -2.319    -0.177     1.563     3.500     2.500    11.400
  2020.413     0.141     0.649    -4.134     3.500     2.500    11.200
  2020.416    -1.232     2.348     2.983     3.500     2.500    11.200
  2020.419    -1.253     0.930     1.718     3.500     2.500    11.200
  2020.422    -0.350     0.717    -3.492     3.600     2.500    11.200
  2020.424     1.636     1.002     4.583     3.500     2.400    11.100
  2020.427    -0.179     0.241    -1.937     3.600     2.600    11.700
  2020.430    -1.762     0.207    -2.422     3.500     2.600    11.700
  2020.433     0.820    -0.115    -3.982     3.500     2.500    11.400
  2020.435     1.099    -0.386    -0.868     3.500     2.500    11.400
  2020.438    -1.883    -0.016    -0.959     3.400     2.500    11.400
  2020.441    -0.639     1.229    -8.216     3.500     2.500    11.400
  2020.444    -1.194     1.271    -5.668     3.500     2.500    11.200
  2020.446    -0.066     0.466    -1.407     3.400     2.500    11.400
  2020.449    -0.961     0.693     5.404     3.500     2.400    11.100
  2020.452    -1.449     0.874     3.836     3.400     2.500    11.400
  2020.455     0.979     1.381     3.739     3.500     2.500    11.400
  2020.457    -0.766     0.069     1.512     3.500     2.500    11.400
  2020.460     0.698     1.030    -4.875     3.500     2.500    11.200
  2020.463    -1.077     0.500    -1.232     3.500     2.500    11.400
  2020.465    -0.374     0.758     3.282     3.500     2.500    11.200
  2020.468    -1.500     1.136     1.088     3.500     2.500    11.400
  2020.471    -0.692     0.216    -4.715     3.500     2.500    11.200
  2020.474     1.076     1.063    -8.667     3.500     2.500    11.200
  2020.476    -0.182     0.268    -0.483     3.500     2.500    11.400
  2020.479    -0.369     1.076     0.929     3.500     2.500    11.400
  2020.482    -1.133     1.534    10.225     3.400     2.500    11.500
  2020.485     0.327     1.103     9.276     3.500     2.500    11.400
  2020.487    -0.349     0.239    -1.564     3.500     2.600    11.800
  2020.490    -0.094    -0.245    -2.185     3.400     2.600    11.700
  2020.493    -0.228     0.137     3.709     3.500     2.500    11.700
  2020.496    -0.173     1.666    -1.307     3.500     2.500    11.700
  2020.498     0.031     0.791    -0.866     3.500     2.500    11.700
  2020.501     0.097     1.417     1.577     3.400     2.500    11.400
  2020.504     0.353     0.012     2.897     3.400     2.500    11.500
  2020.507     1.290     1.514    -3.222     3.400     2.500    11.500
  2020.509    -1.080     1.396     4.416     3.400     2.500    11.400
  2020.512    -1.826     1.033    -5.445     3.500     2.600    11.400
  2020.515    -0.015    -0.070    -3.940     3.500     2.500    11.400
  2020.518    -0.231     0.488    -3.099     3.500     2.500    11.400
  2020.520     0.483    -0.048    -2.868     3.400     2.500    11.500
  2020.523     1.497    -1.046     2.422     3.500     2.600    11.700
  2020.526     2.286     0.356    -6.613     3.400     2.600    11.400
  2020.528     0.302     0.566    -6.243     3.500     2.600    11.400
  2020.531    -0.911     0.285    -5.105     3.500     2.600    11.400
  2020.534     0.298     0.346    -3.592     3.500     2.500    11.200
  2020.537     0.732     0.871    -6.398     3.500     2.600    11.200
  2020.539    -0.116    -0.047     2.779     3.400     2.600    11.700
  2020.542    -0.436     0.658    -6.703     3.500     2.600    11.400
  2020.545     0.117    -0.326    -6.019     3.400     2.500    11.400
  2020.548     0.358     0.804    -7.033     3.400     2.500    11.500
  2020.550     0.745    -0.278    -2.227     3.400     2.500    11.700
  2020.553    -0.835    -0.607     1.950     3.500     2.600    11.400
  2020.556    -1.392    -0.763    -7.920     3.400     2.500    11.400
  2020.559    -2.135    -0.162    -8.239     3.500     2.600    11.400
  2020.561     0.038     0.255    -6.328     3.400     2.600    11.400
  2020.564    -0.452    -0.584    -1.460     3.500     2.600    11.400
  2020.567     0.216    -0.945    -1.910     3.500     2.600    11.400
  2020.570    -0.972     0.855    -0.934     3.500     2.600    11.400
  2020.572     0.791     0.984     5.097     3.500     2.700    11.800
  2020.575    -1.788     0.058     5.474     3.700     2.800    12.500
  2020.578    -2.064    -0.186    -4.385     3.500     2.600    11.400
  2020.580    -1.682    -1.021     0.071     3.500     2.600    11.400
  2020.583    -1.805     0.629    -3.705     3.500     2.600    11.700
  2020.586    -0.672    -0.588    -4.381     3.500     2.600    11.400
  2020.589    -3.686    -0.059    -5.396     3.500     2.600    11.700
  2020.591    -1.949     0.474    -1.072     3.400     2.600    11.400
  2020.594    -1.387     0.567     0.123     3.500     2.600    11.700
  2020.597    -1.711     1.027     0.276     3.500     2.600    11.700
  2020.600    -2.041     1.079     3.727     3.700     2.800    12.500
  2020.602     1.894    -0.131     3.490     3.400     2.700    12.100
  2020.605    -2.791     0.318   -12.601     3.400     2.600    11.700
  2020.608    -2.430    -0.867    -6.272     3.500     2.600    11.700
  2020.611    -0.878    -0.778    -9.195     3.500     2.600    11.700
  2020.613    -0.665    -0.344    -1.661     3.500     2.600    11.400
  2020.616    -1.299    -1.233    -0.879     3.400     2.700    11.800
  2020.619    -1.215    -0.253    -6.599     3.500     2.600    11.700
  2020.622    -1.682    -0.025    -4.768     3.500     2.700    11.800
  2020.624    -0.496    -0.948    -7.969     3.500     2.600    11.700
  2020.627    -0.861    -1.014    -6.001     3.500     2.600    11.400
  2020.630    -0.853    -0.316    -9.392     3.500     2.600    11.700
  2020.632    -0.892    -0.001    -3.067     3.400     2.700    11.800
  2020.635    -1.459    -0.817    -6.431     3.500     2.600    11.400
  2020.638    -1.053    -0.715    -4.940     3.500     2.600    11.400
  2020.641    -1.229     0.246    -3.738     3.500     2.600    11.700
  2020.643    -2.572     2.980     4.652     3.500     2.600    11.400
  2020.646    -1.623    -0.500    -5.366     3.500     2.600    11.400
  2020.649    -0.537    -1.242    -6.728     3.500     2.600    11.700
  2020.652    -1.116    -0.374    -0.910     3.500     2.600    11.400
  2020.654     0.364    -0.123     1.520     3.500     2.700    11.800
  2020.657    -0.666     1.861    -0.260     3.400     2.600    11.700
  2020.660    -2.157     0.197    -0.542     3.500     2.600    11.700
  2020.663    -0.931    -0.878    -6.301     3.500     2.600    11.400
  2020.665    -1.478    -0.724    -7.359     3.500     2.600    11.400
  2020.668     0.258     0.802    -1.192     3.500     2.600    11.400
  2020.671    -1.293    -1.078    -3.499     3.500     2.600    11.400
  2020.674    -0.642     0.938     0.673     3.500     2.600    11.400
  2020.676    -0.883    -0.931    -2.438     3.400     2.600    11.700
  2020.679    -1.160     0.905     0.215     3.500     2.600    11.700
  2020.682    -0.179    -0.864    -2.570     3.500     2.600    11.400
  2020.685    -0.374    -0.065    -3.509     3.500     2.600    11.400
  2020.687    -1.505     0.760    -1.054     3.500     2.600    11.700
  2020.690    -0.009    -0.642    -2.784     3.500     2.600    11.400
  2020.693    -2.235    -0.871    -1.472     3.500     2.700    11.800
  2020.695    -1.842    -0.082    -6.134     3.800     2.700    11.800
  2020.698    -1.886    -1.057    -4.658     3.700     2.700    12.100
  2020.701    -2.930     0.049     3.561     3.500     2.700    11.800
  2020.704    -0.769    -0.338    -4.558     3.400     2.600    11.400
  2020.706    -1.808    -1.675    -5.608     3.400     2.600    11.700
  2020.709    -0.515    -0.772     0.540     3.800     2.700    12.100
  2020.712     0.187     0.046     2.379     4.100     2.700    12.100
  2020.715     0.096     0.416    -1.223     3.500     2.700    11.800
  2020.717     0.637    -0.238     1.051     3.500     2.700    11.800
  2020.720    -0.963     0.245    -1.712     3.500     2.600    11.700
  2020.723     0.435    -0.871    -2.422     3.400     2.600    11.400
  2020.726     0.108    -1.952     0.824     3.400     2.600    11.400
  2020.728     1.033    -0.079    -3.046     3.700     2.700    11.800
  2020.731     0.248    -1.435    -1.886     3.700     2.600    11.700
  2020.734     0.060    -2.319    -8.716     3.400     2.600    11.400
  2020.737     0.627    -1.639    -1.634     3.700     2.600    11.700
  2020.739     0.534    -1.261     0.559     3.700     2.700    11.900
  2020.742     0.249    -1.585    -8.132     3.700     2.600    11.500
  2020.745    -0.979    -0.927    -6.289     3.500     2.600    11.400
  2020.747     0.469    -0.932    -3.463     3.500     2.600    11.400
  2020.750    -1.216    -0.774    -3.198     3.400     2.600    11.400
  2020.753     0.210    -0.755    -1.965     3.500     2.600    11.400
  2020.756    -0.832    -0.542    -4.804     3.800     2.700    11.900
  2020.758    -1.320    -2.112    -7.331     3.500     2.600    11.400
  2020.761     0.137    -0.009    -1.299     3.500     2.600    11.400
  2020.764    -0.413    -0.911    -3.998     3.500     2.600    11.400
  2020.767    -0.609    -0.521    -0.841     3.500     2.600    11.400
  2020.769    -0.331    -1.045    -4.820     3.500     2.600    11.400
  2020.772    -0.858    -0.653    -6.618     3.500     2.600    11.400
  2020.775     0.663    -1.055    -5.554     3.500     2.600    11.400
  2020.778     0.561    -1.276    -4.467     3.500     2.600    11.200
  2020.780    -0.465    -1.338    -5.885     3.500     2.600    11.400
  2020.783     0.428    -1.878    -3.285     3.500     2.600    11.400
  2020.786    -0.694    -1.735    -5.801     3.500     2.600    11.400
  2020.789     1.398    -1.776    -2.369     3.500     2.600    11.400
  2020.791     0.623    -0.911     1.056     3.500     2.600    11.400
  2020.794     0.753    -0.651    -6.274     3.500     2.600    11.400
  2020.797    -0.804    -1.390    -4.195     3.400     2.600    11.700
  2020.800    -1.961    -2.140     3.376     3.400     2.700    11.800
  2020.802    -1.461    -2.438   -10.271     3.500     2.600    11.400
  2020.805    -0.503    -1.651    -6.453     3.800     2.600    11.700
  2020.808    -0.272    -0.208    -0.999     3.500     2.600    11.400
  2020.810    -0.601    -0.162    -2.149     3.800     2.700    11.800
  2020.813     0.489    -0.040     0.329     3.700     2.700    11.900
  2020.816     0.001    -1.282    -3.641     3.400     2.600    11.700
  2020.819    -0.550    -0.557    -3.249     3.500     2.700    11.800
  2020.821     1.034     0.409    -2.297     3.800     2.700    11.900
  2020.824     0.041     0.495    -1.334     3.700     2.600    11.500
  2020.827     0.568     0.280     2.417     3.400     2.600    11.400
  2020.830     0.042    -0.965     2.203     3.500     2.600    11.400
  2020.832    -0.084    -0.205     0.274     3.800     2.700    11.800
  2020.835    -0.608    -2.488    -2.536     3.800     2.700    11.800
  2020.838     0.395    -0.798     1.804     3.500     2.600    11.400
  2020.841     0.228     0.048    -1.756     3.500     2.600    11.400
  2020.843     5.035     0.960   -13.680     3.500     2.600    11.400
  2020.846    -0.080    -1.395    -8.110     3.800     2.600    11.700
  2020.849     1.960     0.283    -4.717     3.700     2.700    11.700
  2020.852     0.562    -0.993    -7.417     3.500     2.600    11.400
  2020.854     0.764     0.810    -0.596     3.500     2.600    11.400
  2020.857     0.396    -1.085    -3.152     3.400     2.600    11.400
  2020.860     1.544     0.136     0.016     3.800     2.700    11.800
  2020.862     0.530     0.010    -1.084     3.800     2.700    11.800
  2020.865     0.705    -0.507    -3.329     3.400     2.600    11.400
  2020.868     0.810     0.073    -3.277     3.700     2.800    12.100
  2020.871     0.209    -0.533    -0.264     3.800     2.700    11.800
  2020.873     0.942    -0.463     2.598     3.400     2.700    11.800
  2020.876     0.413    -1.048    -2.891     3.500     2.600    11.400
  2020.879     1.621    -0.540    -7.470     3.700     2.700    12.100
  2020.882     2.430     0.392    -4.042     3.700     2.700    12.100
  2020.884     2.792     0.157     4.215     3.800     2.600    11.700
  2020.887    -0.314    -0.411    -1.039     3.700     2.700    11.900
  2020.890     2.049    -0.088    -2.490     3.700     2.700    12.400
  2020.893     0.647    -0.749    -6.394     3.800     2.700    11.900
  2020.895     0.787     2.327    -9.224     3.500     2.600    11.400
  2020.898    -0.714    -0.863    -8.285     3.800     2.700    11.900
  2020.901     1.059     1.112    -4.861     3.400     2.700    11.800
  2020.904     2.719     0.458    -3.041     3.400     2.600    11.700
  2020.906     1.476     1.013     2.838     3.700     2.600    11.700
  2020.909    -1.310    -1.860    -2.489     3.400     2.600    11.400
  2020.912     1.644     0.372    -6.251     3.500     2.600    11.400
  2020.914     1.267    -0.211    -0.642     3.500     2.600    11.700
  2020.917     1.838    -0.884    -4.755     3.500     2.700    11.500
  2020.920     2.159    -2.021    -3.728     3.400     2.700    11.800
  2020.923    -4.326    -2.801     4.671     3.400     2.600    11.400
  2020.925    -0.195    -0.249   -10.207     3.500     2.600    11.200
  2020.928     0.238    -1.314    -0.384     3.400     2.600    11.400
  2020.931    -0.422     0.753    -2.316     3.400     2.600    11.400
  2020.934     0.992    -0.060    -1.037     3.400     2.600    11.400
  2020.936     0.140    -1.018     5.015     3.500     2.600    11.400
  2020.939    -0.432    -0.453    -4.145     3.500     2.600    11.200
  2020.942     0.196     0.099    -2.511     3.400     2.600    11.400
  2020.945    -3.619    -3.833     5.557     3.400     2.600    11.400
  2020.947    -1.177    -1.679     3.380     3.400     2.600    11.400
  2020.950    -3.689    -2.442    13.946     3.500     2.600    11.400
  2020.953    -0.534     0.064     0.419     3.400     2.600    11.400
  2020.956    -0.877     0.522    -3.019     3.500     2.600    11.400
  2020.958     0.771    -0.199    -1.511     3.500     2.600    11.200
  2020.961     1.020     1.110     3.822     3.500     2.600    11.200
  2020.964     3.634     0.273    -1.989     3.500     2.600    11.400
  2020.967     3.032    -0.096    -3.833     3.500     2.600    11.400
  2020.969     0.037    -0.166     1.082     3.700     2.700    11.800
  2020.972     0.214     0.046    -3.204     3.700     2.700    11.900
  2020.975     0.417     0.003    -4.179     3.500     2.600    11.400
  2020.977    -2.013    -2.772     2.951     3.500     2.700    12.100
  2020.980    -2.625    -1.700     4.655     3.700     2.700    12.100
  2020.983    -0.284    -1.241     1.995     3.800     2.900    12.500
  2020.986     1.874     0.508    -1.823     3.400     2.800    12.100
  2020.988     0.447    -1.042    -5.456     3.400     2.600    11.700
  2020.991    -0.357     0.134     1.777     3.400     2.600    11.400
  2020.994     1.843     1.452     0.292     3.500     2.600    11.400
  2020.997    -1.799    -0.988     0.388     3.500     2.600    11.400
  2020.999    -0.172     0.041    -0.160     3.400     2.700    11.800
  2021.002     0.790    -0.802    -0.824     3.400     2.600    11.700
  2021.005    -3.449    -1.538     7.373     3.500     2.518    11.304
  2021.008    -3.176    -2.501     9.435     3.500     2.518    11.304
  2021.010    -1.487    -0.734     3.799     3.500     2.518    11.304
  2021.013     1.468     0.756     1.665     3.500     2.518    11.304
  2021.016     0.752     0.552     5.047     3.500     2.518    11.304
  2021.019     1.675     0.215    -1.214     3.500     2.518    11.304
  2021.021    -1.485    -0.896     1.679     3.500     2.518    11.304
  2021.024    -2.353    -1.186     1.579     3.500     2.518    11.304
  2021.027    -3.299    -2.082     1.239     3.500     2.518    11.304
  2021.030    -1.242    -1.426    -1.394     3.500     2.518    11.304
  2021.032     0.354    -0.833    -2.102     3.500     2.518    11.304
  2021.035    -0.520    -0.462     0.548     3.500     2.518    11.304
  2021.038    -0.407    -0.077     1.223     3.500     2.518    11.304
  2021.040     0.743     0.244    -2.756     3.500     2.518    11.304
  2021.043    -0.586    -1.395    -2.320     3.500     2.518    11.304
  2021.046     0.480    -1.159    -2.572     3.500     2.518    11.304
  2021.049    -0.845    -1.416     2.531     3.500     2.518    11.304
  2021.051     1.226    -1.314    -2.237     3.500     2.518    11.304
  2021.054    -1.037    -2.020    -5.079     3.500     2.518    11.304
  2021.057    -0.189    -0.524    -1.446     3.500     2.518    11.304
  2021.060     0.675     0.294    -1.526     3.500     2.518    11.304
  2021.062     0.574    -0.671     1.240     3.500     2.518    11.304
  2021.065     0.865    -0.089    -2.364     3.500     2.518    11.304
  2021.068     0.604     1.418     0.054     3.500     2.518    11.304
  2021.071     0.477     1.479     0.148     3.500     2.518    11.304
  2021.073     0.484     1.507     2.191     3.500     2.518    11.304
  2021.076    -0.643     0.008    -1.174     3.500     2.518    11.304
  2021.079     1.639     1.023    -0.438     3.500     2.518    11.304
  2021.082     3.941     2.350    -0.199     3.500     2.518    11.304
  2021.084     4.441     2.486     2.885     3.500     2.518    11.304
  2021.087     2.571     1.785     2.129     3.500     2.518    11.304
  2021.090     0.257     0.227    -3.361     3.500     2.518    11.304
  2021.093    -2.420    -1.228    -1.658     3.500     2.518    11.304
  2021.095     0.551     0.556    -1.240     3.500     2.518    11.304
  2021.098    -0.753     0.423    -2.118     3.500     2.518    11.304
  2021.101     3.750     2.196    -7.452     3.500     2.518    11.304
  2021.103     1.374     1.482    -7.864     3.500     2.518    11.304
  2021.106     0.318    -0.358     0.800     3.500     2.518    11.304
  2021.109     0.441    -0.208     3.472     3.500     2.518    11.304
  2021.112     2.603     0.493    -4.360     3.500     2.518    11.304
  2021.114     2.384     2.436    -3.110     3.500     2.518    11.304
  2021.117    -0.681    -0.063     1.331     3.500     2.518    11.304
  2021.120    -0.268    -1.491     0.837     3.500     2.518    11.304
  2021.123    -1.153    -0.890     4.773     3.500     2.518    11.304
  2021.125     1.411     0.291    -1.917     3.500     2.518    11.304
  2021.128     0.657     1.950     3.095     3.500     2.518    11.304
  2021.131    -0.492     1.118    -0.242     3.500     2.518    11.304
  2021.134     0.840     1.142     1.487     3.500     2.518    11.304
  2021.136     0.355     1.481    -2.785     3.500     2.518    11.304
  2021.139    -0.189    -0.118     1.827     3.500     2.518    11.304
  2021.142    -0.368    -0.512     1.882     3.500     2.518    11.304
  2021.145     0.393     0.301     3.768     3.500     2.518    11.304
  2021.147     1.889     1.954    -3.119     3.500     2.518    11.304
  2021.150     3.209     0.727    -0.314     3.500     2.518    11.304
  2021.153     1.160     0.639    -1.682     3.500     2.518    11.304
  2021.156     0.617     0.383    -0.903     3.500     2.518    11.304
  2021.158     0.765     0.317    -0.402     3.500     2.518    11.304
  2021.161     2.718    -0.349    -1.235     3.500     2.518    11.304
  2021.164     0.721     0.399    -0.042     3.500     2.518    11.304
  2021.166    -4.420    -0.215     7.720     3.500     2.518    11.304
  2021.169    -2.999    -1.086     7.106     3.500     2.518    11.304
  2021.172     1.208    -0.110     1.376     3.500     2.518    11.304
  2021.175     2.616     0.724     4.583     3.500     2.518    11.304
  2021.177     0.368    -0.051    -1.456     3.500     2.518    11.304
  2021.180     0.151    -1.301    -0.435     3.500     2.518    11.304
  2021.183     0.402    -1.291     0.529     3.500     2.518    11.304
  2021.186     0.066    -1.258     0.377     3.500     2.518    11.304
  2021.188     0.397    -0.654     2.114     3.500     2.518    11.304
  2021.191     0.605    -0.386     4.290     3.500     2.518    11.304
  2021.194     0.465    -0.295     3.000     3.500     2.518    11.304
  2021.197    -0.623    -0.468     2.483     3.500     2.518    11.304
  2021.199     0.351    -0.735     3.716     3.500     2.518    11.304
  2021.202     0.884     0.058     1.321     3.500     2.518    11.304
  2021.205    -0.915    -0.223     2.324     3.500     2.518    11.304
  2021.208     2.683     1.423    -4.799     3.500     2.518    11.304
  2021.210    -0.212     0.286     1.805     3.500     2.518    11.304
  2021.213    -1.491    -1.905     8.557     3.500     2.518    11.304
  2021.216     1.882     1.597     0.887     3.500     2.518    11.304
  2021.219     2.463     1.921     1.551     3.500     2.518    11.304
  2021.221     1.741     2.586    -0.201     3.500     2.518    11.304
  2021.224     1.962     1.581    -6.701     3.500     2.518    11.304
  2021.227     0.665     0.279    -2.862     3.500     2.518    11.304
  2021.230    -3.053    -0.588    11.893     3.500     2.518    11.304
  2021.232    -1.692     0.498     6.651     3.500     2.518    11.304
  2021.235     1.861     0.654     7.596     3.500     2.518    11.304
  2021.238     1.485     1.462     7.084     3.500     2.518    11.304
  2021.240     1.603     1.142     9.883     3.500     2.518    11.304
  2021.243     1.057     1.194    11.182     3.500     2.518    11.304
  2021.246     0.491     0.867    10.096     3.500     2.518    11.304
  2021.249    -1.429    -0.178     8.916     3.500     2.518    11.304
  2021.251     2.491     2.972     4.586     3.500     2.518    11.304
  2021.254     1.333     2.784     6.050     3.500     2.518    11.304
  2021.257     0.194     1.849     7.286     3.500     2.518    11.304
  2021.260    -1.071     0.942     5.196     3.500     2.518    11.304
  2021.262    -0.356     0.382     8.639     3.500     2.518    11.304
  2021.265     2.264     1.010    10.983     3.500     2.518    11.304
  2021.268     1.327     0.480     1.822     3.500     2.518    11.304
  2021.271    -0.578    -0.529     0.502     3.500     2.518    11.304
  2021.273    -5.057    -2.300     8.071     3.500     2.518    11.304
  2021.276    -1.753    -0.371     6.704     3.500     2.518    11.304
  2021.279    -2.345    -1.553     6.907     3.500     2.518    11.304
  2021.282     0.805     0.124     6.213     3.500     2.518    11.304
  2021.284     0.974    -0.576     8.165     3.500     2.518    11.304
  2021.287     1.617     0.426    10.943     3.500     2.518    11.304
  2021.290     1.765     0.790     0.677     3.500     2.518    11.304
  2021.293    -0.008     1.108     5.302     3.500     2.518    11.304
  2021.295     1.238    -0.239     6.246     3.500     2.518    11.304
  2021.298     0.127    -2.017    11.581     3.500     2.518    11.304
  2021.301     2.743    -0.163    -0.901     3.500     2.518    11.304
  2021.303     1.356     1.463     7.540     3.500     2.518    11.304
  2021.306     0.376     0.949     5.177     3.500     2.518    11.304
  2021.309    -0.280    -0.807     5.002     3.500     2.518    11.304
  2021.312     0.082     0.172     7.749     3.500     2.518    11.304
  2021.314     0.834     0.601     5.815     3.500     2.518    11.304
  2021.317     0.846     1.058     5.685     3.500     2.518    11.304
  2021.320     1.393     1.053     4.158     3.500     2.518    11.304
  2021.323     0.120     1.575     5.995     3.500     2.518    11.304
  2021.325    -0.361     0.359     8.259     3.500     2.518    11.304
  2021.328    -0.722     0.413    10.951     3.500     2.518    11.304
  2021.331     1.690     0.776     5.590     3.500     2.518    11.304
  2021.334     3.239     2.769     6.020     3.500     2.518    11.304
  2021.336     1.288    -0.251    11.168     3.500     2.518    11.304
  2021.339     0.596    -0.404    11.493     3.500     2.518    11.304
  2021.342     0.827    -0.286     4.985     3.500     2.518    11.304
  2021.345    -0.055    -1.123     5.503     3.500     2.518    11.304
  2021.347     2.315     0.768     7.620     3.500     2.518    11.304
  2021.350    -0.184     0.305     3.934     3.500     2.518    11.304
  2021.353    -0.365     0.824     6.349     3.500     2.518    11.304
  2021.356    -0.104     0.097     7.077     3.500     2.518    11.304
  2021.358     2.699     1.837     8.007     3.500     2.518    11.304
  2021.361     1.915     1.404     4.533     3.500     2.518    11.304
  2021.364     1.491     1.168     0.330     3.500     2.518    11.304
  2021.366    -1.783     0.353    11.399     3.500     2.518    11.304
  2021.369    -1.699     1.688     7.284     3.500     2.518    11.304
  2021.372    -0.229     0.364     9.153     3.500     2.518    11.304
  2021.375     0.596    -0.853     3.858     3.500     2.518    11.304
  2021.377    -1.142    -0.018     4.149     3.500     2.518    11.304
  2021.380     1.856    -0.282    -0.660     3.500     2.518    11.304
  2021.383     1.622     0.093     4.521     3.500     2.518    11.304
