  2019.282     1.044     0.341     2.708     3.100     2.300     9.900
  2019.285    -0.403     0.669    -7.612     3.200     2.300    10.200
  2019.288     0.544     0.030    -3.320     3.200     2.400    10.300
  2019.290    -0.076     0.625     5.447     3.200     2.300    10.200
  2019.293    -1.749     0.119     0.174     3.200     2.300     9.900
  2019.296    -0.888     1.144     4.862     3.200     2.300    10.200
  2019.298    -0.265     0.616    -0.943     3.200     2.400    10.300
  2019.301     1.032    -2.846     7.250     3.100     2.400    10.000
  2019.304    -4.390    -2.579     2.722     3.100     2.400    10.000
  2019.307    -3.303    -1.232     1.666     3.200     2.300     9.900
  2019.309    -1.072    -2.327    -0.353     3.200     2.300    10.200
  2019.312    -0.272     0.173     2.711     3.200     2.400    10.300
  2019.315     0.629     1.315    -4.004     3.200     2.400    10.300
  2019.318     1.663     0.596     0.085     3.200     2.300    10.100
  2019.320    -0.192    -1.144     5.773     3.200     2.400    10.000
  2019.323     0.899    -0.649    -2.196     3.200     2.300     9.900
  2019.326     0.976     0.667    -2.935     3.200     2.300    10.200
  2019.329    -0.426     1.022     4.070     3.200     2.300     9.900
  2019.331     0.153     1.052    -0.667     3.200     2.300     9.900
  2019.334    -2.514    -0.328     2.211     3.200     2.400    10.300
  2019.337    -0.462    -1.618     2.161     3.200     2.400    10.300
  2019.340     3.663     1.080    -2.596     3.200     2.400    10.000
  2019.342     1.785     0.827    -6.084     3.200     2.300     9.900
  2019.345     2.411    -0.298    -0.986     3.200     2.300     9.900
  2019.348     0.636     0.133     0.525     3.200     2.400    10.300
  2019.350     1.016     1.208    -1.300     3.200     2.400    10.300
  2019.353     0.092    -0.310     0.244     3.340     2.300     9.900
  2019.356     0.895     1.157    -2.318     3.200     2.300     9.900
  2019.359     1.721     1.320     5.967     3.200     2.300     9.900
  2019.361    -0.736     0.248    -6.935     3.200     2.300     9.900
  2019.364     1.155    -1.091     4.627     3.200     2.300     9.900
  2019.367     1.100    -1.126     6.294     3.200     2.400    10.300
  2019.370    -0.233    -0.995     1.208     3.200     2.300    10.200
  2019.372    -1.297     0.171     6.757     3.200     2.400    10.300
  2019.375    -0.668     0.359     3.713     3.200     2.300     9.900
  2019.378     0.606     0.043    -4.351     3.200     2.400    10.300
  2019.381    -0.582     0.962     2.503     3.200     2.300     9.900
  2019.383     0.990     1.466     5.380     3.200     2.300     9.900
  2019.386    -0.967    -0.356     3.323     3.200     2.300     9.900
  2019.389     0.980     1.521     4.563     3.200     2.300     9.900
  2019.392     0.476     1.089    -2.891     3.200     2.300     9.900
  2019.394     0.690     0.368     6.291     3.200     2.300     9.900
  2019.397    -0.512    -0.071     4.204     3.200     2.300     9.900
  2019.400     0.150    -0.066     1.691     3.200     2.300     9.900
  2019.403    -1.242     0.650    -2.286     3.200     2.300     9.900
  2019.405     0.836    -1.026     1.725     3.200     2.300     9.900
  2019.408     0.216     0.227     6.438     3.200     2.300     9.900
  2019.411     0.380     1.928     4.908     3.100     2.300     9.900
  2019.413     0.253     0.443    -6.814     3.200     2.300     9.900
  2019.416     0.553     0.185     2.328     3.200     2.300     9.900
  2019.419    -0.440     0.202     6.215     3.200     2.300     9.900
  2019.422    -1.003     0.416     4.625     3.200     2.400    10.300
  2019.424     0.095     0.037     7.853     3.100     2.300     9.900
  2019.427     0.049    -0.563     2.196     3.100     2.300     9.900
  2019.430     1.930     0.491    -1.884     3.200     2.400    10.500
  2019.433     1.717    -0.376     2.088     3.200     2.300     9.900
  2019.435     0.749    -1.170    -1.051     3.200     2.400    10.300
  2019.438     1.049     0.620    -2.587     3.200     2.300    10.200
  2019.441     2.420     0.128    -0.525     3.200     2.400    10.300
  2019.444     1.310    -0.858     5.006     3.200     2.400    10.300
  2019.446     0.709    -0.320     2.864     3.200     2.400    10.300
  2019.449     0.726    -2.277     6.356     3.200     2.400    10.300
  2019.452     0.931     0.685     3.863     3.200     2.400    10.300
  2019.455     0.512    -0.031     1.195     3.200     2.400    10.300
  2019.457     0.678     0.019    -0.779     3.200     2.400    10.300
  2019.460    -0.917    -0.840     1.326     3.200     2.400    10.300
  2019.463    -0.721    -0.600     6.390     3.200     2.400    10.300
  2019.465    -0.147    -0.272     6.248     3.500     2.400    10.600
  2019.468     1.287     0.054     2.627     3.500     2.400    10.800
  2019.471     0.326     0.959     0.981     3.200     2.400    10.300
  2019.474    -0.048     0.462     0.066     3.200     2.400    10.300
  2019.476    -0.361     0.082     4.639     3.200     2.400    10.300
  2019.479     1.321     0.357    -0.212     3.200     2.400    10.300
  2019.482    -0.120     0.546     2.002     3.200     2.400    10.300
  2019.485     1.140     0.141     0.086     3.200     2.400    10.300
  2019.487    -0.423     0.078     7.364     3.200     2.400    10.300
  2019.490     0.383    -0.157     1.790     3.200     2.400    10.300
  2019.493    -0.794     0.742     2.881     3.200     2.400    10.300
  2019.496     0.851     0.801     5.958     3.200     2.300     9.900
  2019.498     0.632     0.493     2.712     3.200     2.300     9.900
  2019.501     0.646     0.881    -0.244     3.200     2.400    10.300
  2019.504     0.956     0.093     1.679     3.200     2.300     9.900
  2019.507    -1.887     0.884    10.375     3.200     2.300     9.900
  2019.509    -0.133    -0.215    -2.372     3.200     2.300     9.900
  2019.512     2.029    -0.410     1.420     3.100     2.300     9.900
  2019.515     1.533     0.282     0.700     3.200     2.300    10.200
  2019.518     0.845     0.234    -2.458     3.200     2.300     9.900
  2019.520    -0.308     0.641     3.388     3.200     2.300     9.900
  2019.523     0.224    -0.108     0.227     3.200     2.400    10.300
  2019.526    -1.266    -0.697    -2.773     3.200     2.300     9.900
  2019.528    -0.165    -0.437    -1.871     3.200     2.300     9.900
  2019.531     0.977    -0.059    -2.027     3.200     2.400    10.500
  2019.534     0.629    -0.283    -0.516     3.200     2.400    10.300
  2019.537     1.038    -0.470    -1.699     3.200     2.400    10.300
  2019.539     0.738     0.101     2.269     3.200     2.400    10.300
  2019.542     0.230    -0.124     1.243     3.200     2.400    10.300
  2019.545     0.578     1.246     1.364     3.100     2.400    10.500
  2019.548     1.654     1.679    -1.189     3.200     2.400    10.500
  2019.550    -0.087     0.184     1.943     3.200     2.300     9.900
  2019.553     0.801     0.194     0.634     3.200     2.300     9.900
  2019.556     0.207    -0.251    -0.976     3.200     2.400    10.300
  2019.559    -0.284     0.087    -3.183     3.100     2.400    10.300
  2019.561    -2.647     0.258     0.166     3.400     2.400    10.600
  2019.564    -1.985     0.934    -0.063     3.200     2.400    10.300
  2019.567     0.433     1.102   -10.407     3.200     2.400    10.500
  2019.570     0.679     1.012    -6.138     3.200     2.300    10.200
  2019.572    -0.004    -0.792     0.024     3.200     2.300    10.200
  2019.575     0.080    -0.078     0.854     3.200     2.400    10.300
  2019.578     0.106    -0.167    -0.883     3.200     2.300     9.900
  2019.580    -1.734    -0.912    -7.911     3.200     2.400    10.300
  2019.583    -0.920     0.087     0.286     3.200     2.300     9.900
  2019.586     1.550     0.292    -2.675     3.100     2.400    10.300
  2019.589    -0.357     0.671     3.740     3.200     2.400    10.300
  2019.591     0.300     0.089     3.094     3.100     2.300     9.900
  2019.594    -1.996    -2.035     2.390     3.200     2.400    10.300
  2019.597    -4.203    -0.447    -1.629     3.200     2.300     9.900
  2019.600     1.544    -0.458    -2.469     3.200     2.400    10.500
  2019.602    -0.229     0.614    -8.547     3.200     2.400    10.500
  2019.605     0.561     0.765    -5.179     3.200     2.300     9.900
  2019.608    -1.238    -0.696    -1.455     3.400     2.400    10.600
  2019.611    -1.486     1.290     0.401     3.400     2.400    10.600
  2019.613    -1.868    -1.084    -6.952     3.200     2.300     9.900
  2019.616    -0.358    -0.082    -3.508     3.200     2.400    10.300
  2019.619    -0.592     0.862    -5.777     3.200     2.300     9.900
  2019.622    -1.516     0.239    -4.858     3.200     2.300     9.900
  2019.624    -2.178     0.323    -4.114     3.200     2.400    10.500
  2019.627    -1.771    -1.237    -7.348     3.200     2.300    10.100
  2019.630     0.937     0.007    -2.920     3.200     2.300     9.900
  2019.632    -0.311     0.355    -0.512     3.100     2.300     9.900
  2019.635    -0.518     1.546    -6.323     3.100     2.400    10.300
  2019.638    -0.495     1.325    -1.904     3.200     2.400    10.300
  2019.641    -0.374     1.152     1.818     3.200     2.300     9.900
  2019.643    -0.008     0.132    -7.112     3.200     2.400    10.300
  2019.646    -0.810    -0.268    -5.279     3.200     2.300     9.900
  2019.649    -1.659     0.751     3.954     3.200     2.400    10.300
  2019.652     0.615    -0.308     2.582     3.200     2.400    10.000
  2019.654    -0.046     1.907     1.668     3.200     2.400    10.300
  2019.657     1.603     1.339    -3.024     3.200     2.400    10.300
  2019.660    -0.469    -0.324    -0.771     3.500     2.400    10.600
  2019.663     0.448     0.115    -4.797     3.200     2.400    10.300
  2019.665    -0.411    -0.215    -2.578     3.200     2.400    10.300
  2019.668    -1.023     1.102    -0.165     3.200     2.400    10.300
  2019.671    -0.563    -1.018     1.434     3.200     2.300    10.100
  2019.674    -0.630    -0.134    -2.324     3.200     2.400    10.300
  2019.676     0.543    -1.558    -6.336     3.200     2.400    10.300
  2019.679     0.751     0.206    -2.722     3.200     2.400    10.300
  2019.682     0.620    -0.598    -1.899     3.200     2.400    10.500
  2019.685     0.586    -1.462     0.481     3.200     2.400    10.300
  2019.687    -0.206    -0.304     2.834     3.200     2.400    10.300
  2019.690    -0.012     0.024     0.975     3.200     2.400    10.300
  2019.693    -0.179    -0.631    -6.720     3.200     2.400    10.300
  2019.695     0.255     1.059    -1.395     3.200     2.400    10.300
  2019.698    -0.121     1.183    -7.238     3.200     2.300     9.900
  2019.701    -0.710    -0.127    -3.694     3.200     2.400    10.300
  2019.704    -0.341     0.026    -6.465     3.200     2.400    10.300
  2019.706    -0.057     0.110    -6.474     3.200     2.400    10.300
  2019.709     0.794    -0.253    -5.220     3.200     2.400    10.300
  2019.712     1.055    -0.491    -3.637     3.200     2.400    10.300
  2019.715     0.891    -0.784    -3.656     3.200     2.400    10.300
  2019.717     0.472     0.603     2.408     3.200     2.400    10.300
  2019.720    -0.849    -1.339    -1.284     3.500     2.400    10.600
  2019.723    -0.058    -0.546    -6.300     3.500     2.400    10.600
  2019.726     0.294    -1.477     0.232     3.200     2.400    10.300
  2019.728    -0.134    -0.859    -4.133     3.200     2.400    10.300
  2019.731    -0.359    -0.493    -3.812     3.200     2.400    10.300
  2019.734     0.317    -1.421    -5.521     3.200     2.300     9.900
  2019.737    -2.492    -0.666    -5.277     3.200     2.400    10.300
  2019.739     1.037    -0.309    -5.303     3.200     2.400    10.300
  2019.742     0.028    -0.478    -4.397     3.500     2.400    10.600
  2019.745     1.364     0.603    -0.467     3.200     2.400    10.300
  2019.747     0.498    -1.015     0.153     3.200     2.400    10.300
  2019.750     1.535    -0.649    -3.653     3.200     2.400    10.500
  2019.753     0.173    -0.841     1.023     3.200     2.400    10.500
  2019.756    -0.171    -0.271    -3.149     3.500     2.500    10.800
  2019.758     1.284    -1.494    -5.291     3.200     2.400    10.500
  2019.761    -1.825    -1.110     6.534     3.200     2.400    10.300
  2019.764    -0.286    -0.960    -1.134     3.200     2.400    10.300
  2019.767     1.258    -0.907    -0.440     3.200     2.400    10.300
  2019.769     2.476    -1.079     4.821     3.200     2.400    10.300
  2019.772     0.310    -1.632    -1.377     3.200     2.400    10.300
  2019.775    -0.629    -1.307    -1.564     3.600     2.400    10.600
  2019.778    -0.357    -1.839    -1.274     3.300     2.400    10.500
  2019.780     0.766    -0.453    -5.026     3.200     2.400    10.300
  2019.783     1.410    -0.685    -5.906     3.200     2.400    10.300
  2019.786    -0.321    -1.066     4.275     3.200     2.400    10.300
  2019.789     1.199    -1.876    -5.893     3.200     2.400    10.300
  2019.791     1.639    -1.145    -6.961     3.200     2.300     9.900
  2019.794    -0.305    -0.668    -2.136     3.200     2.400    10.300
  2019.797    -0.446    -0.392    -3.169     3.200     2.400    10.300
  2019.800    -0.280    -0.169    -1.902     3.200     2.400    10.300
  2019.802     0.335    -0.966     1.312     3.200     2.400    10.300
  2019.805    -1.886    -0.203    -7.777     3.200     2.400    10.300
  2019.808    -1.863    -0.851     5.115     3.200     2.400    10.300
  2019.810     0.398    -1.485    -0.187     3.200     2.300     9.900
  2019.813    -0.091    -1.445    -4.312     3.200     2.400    10.300
  2019.816    -1.567    -0.913    -3.422     3.200     2.400    10.300
  2019.819    -0.736    -0.540    -1.139     3.200     2.400    10.300
  2019.821    -0.248    -0.424    -2.023     3.200     2.400    10.300
  2019.824    -0.186    -0.815    -4.728     3.200     2.400    10.300
  2019.827    -0.693    -0.858     0.758     3.200     2.300     9.900
  2019.830     1.031    -0.673    -1.661     3.200     2.400    10.300
  2019.832     0.189    -1.246    -7.849     3.200     2.400    10.500
  2019.835    -0.721     2.235     1.289     3.200     2.400    10.500
  2019.838     0.469    -0.484     0.978     3.100     2.300     9.900
  2019.841     1.936    -0.202    -1.827     3.200     2.400    10.300
  2019.843    -0.722    -0.100    -4.431     3.200     2.400    10.300
  2019.846    -1.323    -0.316    -4.830     3.200     2.400    10.300
  2019.849     0.350    -0.578    -5.904     3.200     2.400    10.300
  2019.852    -0.075    -1.091    -1.950     3.200     2.300    10.200
  2019.854     1.270    -0.285    -2.138     3.100     2.300    10.200
  2019.857    -0.388    -0.325    -3.152     3.200     2.400    10.300
  2019.860    -1.622    -0.953    -1.436     3.200     2.400    10.300
  2019.862     0.298     0.132   -13.129     3.200     2.400    10.300
  2019.865     0.086    -1.652    -2.333     3.200     2.400    10.300
  2019.868    -0.558    -1.145    -0.207     3.200     2.400    10.300
  2019.871    -0.417    -1.222     1.973     3.200     2.400    10.300
  2019.873     0.824     0.567    -3.191     3.200     2.400    10.300
  2019.876     0.035    -0.700    -5.309     3.200     2.400    10.300
  2019.879    -1.271    -0.362    -1.772     3.200     2.400    10.500
  2019.882    -1.713     0.344    -5.919     3.200     2.400    10.300
  2019.884    -2.410     2.234    -3.474     3.200     2.400    10.300
  2019.887     0.355    -0.921    -2.721     3.200     2.400    10.500
  2019.890     1.993    -0.864    -3.838     3.500     2.400    10.600
  2019.893     0.512     0.091    -3.988     3.200     2.400    10.300
  2019.895     1.093    -0.318    -3.730     3.200     2.400    10.300
  2019.898    -0.657    -0.989    -2.328     3.200     2.400    10.300
  2019.901     0.629     0.384    -4.286     3.200     2.400    10.300
  2019.904    -3.837    -1.594     2.287     3.200     2.400    10.300
  2019.906     0.450    -0.652    -4.330     3.200     2.300    10.300
  2019.909    -1.089    -1.556    -2.553     3.200     2.400    10.500
  2019.912    -0.380    -1.216    -1.404     3.100     2.400    10.300
  2019.914     2.116     1.166     0.534     3.500     2.700    11.600
  2019.917    -2.458    -1.294    -2.134     3.200     2.300    10.200
  2019.920    -3.820    -4.395     0.929     3.200     2.400    10.500
  2019.923    -1.372    -0.377     1.852     3.200     2.400    10.500
  2019.925     0.155    -0.796    -3.916     3.200     2.400    10.500
  2019.928    -0.115    -0.022     0.567     3.200     2.400    10.300
  2019.931     0.818    -0.067    -2.488     3.200     2.400    10.500
  2019.934    -0.221    -0.679    -2.791     3.200     2.400    10.300
  2019.936    -0.502    -0.746    -6.663     3.200     2.300    10.300
  2019.939     0.081    -0.713    -2.334     3.200     2.400    10.500
  2019.942     0.168    -0.906    -2.440     3.200     2.400    10.300
  2019.945     0.306    -1.671     1.453     3.200     2.400    10.300
  2019.947    -0.001    -0.760    -0.621     3.200     2.400    10.500
  2019.950    -1.697    -1.536    -2.349     3.200     2.400    10.500
  2019.953     0.887    -0.877    -4.784     3.600     2.500    10.900
  2019.956     0.467    -1.402    -1.322     3.200     2.400    10.300
  2019.958     0.423     0.321    -4.025     3.100     2.400    10.300
  2019.961    -1.005     1.342     3.149     3.200     2.400    10.300
  2019.964     1.314    -0.356    -2.250     3.200     2.400    10.300
  2019.967     0.338     0.083     0.222     3.200     2.400    10.300
  2019.969     2.352     0.696     3.387     3.200     2.400    10.300
  2019.972     0.157    -1.241    -0.310     3.100     2.400    10.300
  2019.975     2.293     0.856    -0.833     3.200     2.400    10.300
  2019.977    -1.695    -0.007    -3.322     3.200     2.400    10.300
  2019.980     1.761     2.115    -1.396     3.200     2.400    10.300
  2019.983    -0.226     0.489     2.035     3.200     2.400    10.300
  2019.986    -1.307     1.671     0.813     3.200     2.400    10.300
  2019.988    -0.226    -1.264     4.143     3.200     2.400    10.300
  2019.991     0.350     1.031     0.327     3.200     2.400    10.300
  2019.994    -0.174     0.619    -1.366     3.200     2.400    10.300
  2019.997     0.233     0.940    -1.467     3.200     2.400    10.300
  2019.999     0.431     0.526     3.514     3.200     2.400    10.300
  2020.003    -0.391     1.056    -1.624     3.200     2.400    10.300
  2020.006    -1.091     0.963    -4.790     3.200     2.400    10.300
  2020.008    -1.730    -0.269     0.368     3.100     2.400    10.500
  2020.011    -0.042    -0.285    -0.184     3.200     2.400    10.500
  2020.014    -0.085     0.768     2.204     3.200     2.300    10.500
  2020.016    -0.607     0.229     6.962     3.200     2.400    10.500
  2020.019    -0.770    -0.365    -2.489     3.200     2.300    10.500
  2020.022     3.158     0.988     2.562     3.200     2.400    10.500
  2020.025     0.915     0.619     2.040     3.500     2.400    10.600
  2020.027    -2.800     0.129     3.202     3.200     2.400    10.500
  2020.030    -0.670     0.897     3.411     3.200     2.400    10.300
  2020.033    -0.944     0.060     8.010     3.200     2.400    10.300
  2020.036     0.548    -0.743    -6.459     3.200     2.400    10.500
  2020.038    -2.876    -0.665    -1.143     3.200     2.400    10.500
  2020.041    -0.077     0.574     4.738     3.200     2.400    10.500
  2020.044    -2.900    -0.207     2.649     3.400     2.400    10.600
  2020.047    -0.480     0.636     3.869     3.400     2.400    10.800
  2020.049    -1.151     1.206    -1.969     3.200     2.400    10.500
  2020.052     0.948    -0.522     5.851     3.200     2.400    10.500
  2020.055    -1.128     0.273     5.202     3.200     2.400    10.500
  2020.058    -0.355    -0.264     4.639     3.200     2.400    10.500
  2020.060     0.369    -0.475     3.125     3.200     2.400    10.300
  2020.063    -0.961    -1.108     5.368     3.200     2.400    10.500
  2020.066    -0.677     0.247     0.561     3.200     2.400    10.500
  2020.068    -0.270    -0.179    -0.774     3.200     2.400    10.300
  2020.071     1.146     0.124     4.443     3.200     2.400    10.500
  2020.074     0.441     0.844    -0.226     3.200     2.400    10.300
  2020.077    -0.360    -0.076     1.388     3.200     2.400    10.300
  2020.079     0.522     0.156    -1.027     3.200     2.400    10.500
  2020.082    -1.877     0.069    -1.119     3.200     2.400    10.300
  2020.085     0.238     0.165     0.773     3.200     2.400    10.300
  2020.088     0.915     0.110     4.410     3.200     2.400    10.300
  2020.090     0.051    -1.310     2.348     3.200     2.400    10.300
  2020.093     0.023     0.238    -2.729     3.200     2.400    10.300
  2020.096    -1.796    -0.492     0.931     3.200     2.400    10.300
  2020.099     0.827     0.704     4.201     3.200     2.400    10.300
  2020.101    -1.729     0.782     1.658     3.200     2.400    10.300
  2020.104    -0.303     0.456     4.885     3.200     2.400    10.500
  2020.107     1.189     1.670    -3.597     3.200     2.400    10.300
  2020.110    -1.198     1.279     0.971     3.200     2.400    10.300
  2020.112     0.025     1.154     6.082     3.200     2.400    10.500
  2020.115    -0.831    -0.213    -2.818     3.200     2.400    10.300
  2020.118    -0.422    -0.270     2.170     3.200     2.400    10.300
  2020.121     0.719     0.807     2.073     3.100     2.400    10.500
  2020.123    -0.668     0.092     4.774     3.200     2.400    10.500
  2020.126    -1.282     1.389     2.975     3.200     2.400    10.500
  2020.129     0.035     0.968    -0.459     3.200     2.400    10.500
  2020.131    -0.343     2.089     5.203     3.200     2.400    10.500
  2020.134    -1.140    -0.811    13.224     3.200     2.400    10.500
  2020.137    -0.844     0.053     1.212     3.200     2.400    10.300
  2020.140     0.330    -1.658     3.924     3.200     2.400    10.500
  2020.142    -0.922     0.210     3.269     3.500     2.400    10.600
  2020.145    -2.765    -1.015     5.802     3.200     2.400    10.500
  2020.148    -2.211     0.005    -1.763     3.200     2.400    10.800
  2020.151    -1.453    -0.918     4.316     3.200     2.400    10.300
  2020.153     1.008     0.414    -1.908     3.100     2.400    10.500
  2020.156     0.832     1.001     5.047     3.200     2.400    10.500
  2020.159     0.400     1.901     8.182     3.100     2.400    10.500
  2020.162     0.378    -0.199    -2.491     3.200     2.400    10.500
  2020.164    -0.832    -0.170     4.423     3.200     2.400    10.500
  2020.167    -0.504    -0.553     3.943     3.200     2.400    10.500
  2020.170    -0.354    -0.184     1.667     3.200     2.400    10.500
  2020.173    -0.722     0.419    -5.293     3.200     2.400    10.500
  2020.175    -1.586    -0.345     5.836     3.200     2.400    10.500
  2020.178    -0.971     0.102     3.300     3.500     2.400    10.600
  2020.181    -4.680     0.239     2.103     3.500     2.400    10.600
  2020.183    -3.524     2.169     3.803     3.100     2.400    10.500
  2020.186    -0.582     0.620     2.800     3.200     2.400    10.500
  2020.189    -4.254    -0.717     4.428     3.200     2.400    10.500
  2020.192    -3.109     0.247     3.984     3.200     2.400    10.500
  2020.194     1.032     1.301     3.816     3.200     2.300    10.500
  2020.197     0.716    -0.064     5.434     3.200     2.400    10.500
  2020.200    -1.452     1.098     0.609     3.500     2.400    10.600
  2020.203    -1.634     0.200     5.220     3.200     2.400    10.500
  2020.205     0.077     0.938     1.888     3.200     2.400    10.500
  2020.208     0.673     1.176     2.715     3.500     2.400    10.600
  2020.211     0.115    -0.969    -0.412     3.500     2.400    10.600
  2020.214     1.532    -0.135     6.041     3.200     2.400    10.500
  2020.216    -1.748     0.073     1.826     3.500     2.600    11.600
  2020.219    -0.016     1.257    -1.543     3.500     2.500    11.200
  2020.222     0.095     0.508    -1.589     3.500     2.400    10.800
  2020.225    -0.112     0.621     6.453     3.200     2.400    10.500
  2020.227     0.437     0.878     3.110     3.100     2.400    10.500
  2020.230     0.811     1.635    -5.361     3.500     2.400    10.600
  2020.233     1.171    -0.513     6.259     3.500     2.400    10.600
  2020.236     1.082     1.245     0.095     3.500     2.400    10.600
  2020.238     0.625     1.192    -1.068     3.500     2.400    10.800
  2020.241     0.148     2.123    -0.706     3.200     2.400    10.500
  2020.244     1.637     2.195     4.916     3.200     2.400    10.800
  2020.246     0.600     1.924     1.280     3.500     2.400    10.600
  2020.249     0.519     2.534     4.501     3.500     2.400    10.800
  2020.252     0.910     2.496     4.490     3.500     2.400    10.600
  2020.255    -0.039     1.141     5.327     3.200     2.400    10.500
  2020.257    -0.209     2.784     2.257     3.200     2.400    10.500
  2020.260    -0.863     1.195     5.034     3.500     2.400    10.600
  2020.263     0.362     1.504    -0.786     3.200     2.400    10.800
  2020.266    -0.208     1.276    -0.201     3.500     2.400    10.800
  2020.268    -0.529     1.996    -1.755     3.500     2.400    10.600
  2020.271     1.194     1.581     2.007     3.500     2.400    10.600
  2020.274    -1.692     2.321    -0.231     3.400     2.400    10.600
  2020.277     0.138     1.465    -2.501     3.500     2.400    10.800
  2020.279    -0.032     2.635     2.350     3.500     2.400    10.800
  2020.282     0.122     0.078     2.037     3.500     2.500    10.900
  2020.285    -0.680    -0.889    -1.061     3.600     2.400    10.800
  2020.288     1.893    -0.136     1.646     3.500     2.400    10.600
  2020.290    -0.030     0.816     0.615     3.500     2.400    10.800
  2020.293    -0.623    -0.492     3.863     3.500     2.400    10.800
  2020.296    -0.796     0.421     0.428     3.500     2.500    11.000
  2020.298     0.258     1.627    -2.167     3.500     2.400    10.800
  2020.301    -2.278     2.043    -1.744     3.200     2.400    10.500
  2020.304    -3.707     0.156    -3.783     3.200     2.400    10.500
  2020.307     0.526     1.386    -4.398     3.200     2.400    10.500
  2020.309     0.079     0.745    -3.314     3.200     2.400    10.500
  2020.312    -0.732     1.799    -5.799     3.200     2.400    10.800
  2020.315    -0.018    -0.023     0.771     3.500     2.400    10.600
  2020.318    -0.951     1.009     3.510     3.100     2.400    10.500
  2020.320    -0.390     0.505     0.342     3.200     2.400    10.500
  2020.323    -0.880     1.037     1.416     3.200     2.400    10.500
  2020.326    -0.356     1.058     2.367     3.200     2.400    10.500
  2020.329    -0.092     0.840    -0.679     3.200     2.400    10.500
  2020.331    -0.288     1.567     2.687     3.200     2.400    10.500
  2020.334    -0.231     0.470     2.137     3.200     2.400    10.500
  2020.337     0.342    -0.549     4.047     3.200     2.400    10.500
  2020.340    -0.262    -0.423     3.041     3.200     2.400    10.500
  2020.342     0.827     1.447    -8.442     3.200     2.400    10.800
  2020.345    -1.093     1.739    -0.020     3.500     2.400    10.600
  2020.348     1.018     2.256     1.832     3.500     2.400    10.600
  2020.350    -2.425    -1.382     8.314     3.500     2.500    10.700
  2020.353    -1.213    -0.199    15.627     3.500     2.500    11.200
  2020.356    -2.762     1.817     4.054     3.500     2.500    10.900
  2020.359     1.302     0.951     3.439     3.500     2.500    10.900
  2020.361    -0.574     0.848    -2.612     3.500     2.400    10.600
  2020.364    -0.693    -0.058     1.334     3.200     2.400    10.500
  2020.367     2.184    -0.503     3.451     3.200     2.400    10.500
  2020.370     0.896     1.261    -2.563     3.200     2.400    10.500
  2020.372    -0.566     0.442     0.760     3.500     2.400    10.800
  2020.375     1.987    -0.192     3.029     3.400     2.400    10.600
  2020.378    -1.002    -0.226     9.059     3.200     2.400    10.500
  2020.381    -1.719    -0.397     9.669     3.400     2.500    11.000
  2020.383    -0.218    -1.214     4.083     3.500     2.500    11.000
  2020.386     0.708    -0.855     5.535     3.500     2.400    10.600
  2020.389    -0.290     0.932     4.862     3.500     2.400    10.600
  2020.392    -0.453     0.793     4.429     3.500     2.400    10.800
  2020.394     0.679     1.273     7.065     3.500     2.400    10.600
  2020.397    -0.806    -0.262     4.318     3.400     2.500    11.000
  2020.400    -0.188     1.693     6.774     3.500     2.400    10.800
  2020.403    -1.868     1.556    -0.775     3.500     2.400    10.600
  2020.405    -0.702     2.065     1.127     3.200     2.400    10.500
  2020.408    -1.179     0.522     4.508     3.500     2.500    11.200
  2020.411     1.931     1.517     4.214     3.200     2.400    10.500
  2020.413     0.693     1.044     5.014     3.200     2.400    10.800
  2020.416    -0.378     0.244     5.228     3.200     2.500    10.900
  2020.419    -0.797     0.627     5.359     3.500     2.400    10.600
  2020.422     0.507     1.116     0.745     3.200     2.400    10.500
  2020.424    -1.405    -0.198     5.717     3.200     2.400    10.800
  2020.427     0.081     0.541     4.694     3.500     2.500    11.200
  2020.430    -0.500     0.109     3.406     3.600     2.500    11.200
  2020.433     0.584    -0.412     0.942     3.200     2.400    10.500
  2020.435    -0.036    -0.083    12.552     3.500     2.400    10.600
  2020.438     0.485     0.489     5.258     3.200     2.400    10.800
  2020.441     1.830     0.934     4.498     3.500     2.400    10.800
  2020.444    -0.524     0.278     5.942     3.200     2.400    10.800
  2020.446     0.207     0.173     3.400     3.400     2.500    11.000
  2020.449    -0.087     0.001     6.508     3.500     2.500    10.900
  2020.452    -0.774     0.484     5.537     3.500     2.400    10.800
  2020.455    -1.243     0.492     6.735     3.200     2.400    10.800
  2020.457     0.213     1.480     1.105     3.500     2.400    10.800
  2020.460     0.179     0.143     0.515     3.200     2.400    10.500
  2020.463     0.605    -0.186     4.255     3.200     2.400    10.800
  2020.465     0.910    -0.627     6.965     3.500     2.400    10.800
  2020.468     0.286    -0.748     7.168     3.100     2.400    10.500
  2020.471     1.096    -0.267     3.662     3.100     2.400    10.500
  2020.474     1.866    -0.019    -4.194     3.200     2.400    10.500
  2020.476    -0.191     0.087    -0.414     3.200     2.400    10.800
  2020.479    -0.276     0.196     2.096     3.200     2.400    10.500
  2020.482     0.662     1.155    -2.912     3.200     2.500    10.900
  2020.485     1.423    -0.274     0.135     3.200     2.400    10.800
  2020.487    -0.251    -0.238     0.792     3.500     2.500    11.000
  2020.490     0.306    -0.621    -2.033     3.100     2.600    11.200
  2020.493    -0.027     0.363     2.258     3.500     2.500    11.200
  2020.496    -0.170     0.593     4.939     3.500     2.500    11.000
  2020.498     0.236     0.518     1.177     3.500     2.500    11.200
  2020.501     0.903    -0.055     0.316     3.200     2.400    10.800
  2020.504    -0.039    -0.058     1.932     3.200     2.400    10.800
  2020.507     2.200     0.744     6.510     3.500     2.400    10.800
  2020.509    -1.068     0.127     4.745     3.500     2.400    10.800
  2020.512     0.188    -0.434     0.681     3.100     2.400    10.800
  2020.515     2.000     0.264     0.882     3.400     2.500    11.000
  2020.518     0.886     0.223     1.320     3.400     2.400    10.800
  2020.520     0.801    -0.012    -0.253     3.500     2.400    10.800
  2020.523     0.218     1.191    -1.266     3.500     2.600    10.900
  2020.526     0.508     1.294    -4.605     3.200     2.400    10.800
  2020.528     1.525    -0.295     1.162     3.200     2.400    10.800
  2020.531     0.314     0.325    -0.203     3.500     2.500    11.000
  2020.534    -1.575    -0.013     2.606     3.200     2.400    10.800
  2020.537     1.561    -0.187    -0.403     3.200     2.400    10.800
  2020.539     0.615    -0.304     3.370     3.500     2.500    10.900
  2020.542     0.897     0.202    -1.315     3.100     2.400    10.800
  2020.545     0.851     0.819    -3.635     3.500     2.500    10.900
  2020.548    -0.107     1.050    -0.552     3.200     2.500    10.900
  2020.550     0.383    -0.831     2.451     3.100     2.500    10.800
  2020.553    -0.396     0.141    -3.076     3.400     2.400    10.800
  2020.556     0.348     0.087    -2.449     3.200     2.400    10.800
  2020.559     1.407     0.189    -2.872     3.500     2.400    10.800
  2020.561     0.882    -1.793    -4.164     3.200     2.500    10.900
  2020.564     0.494    -0.831     0.001     3.200     2.500    10.900
  2020.567     1.264     0.409    -1.652     3.500     2.500    10.900
  2020.570    -1.123     0.010    -3.180     3.200     2.500    10.900
  2020.572    -0.858    -0.461    -1.052     3.500     2.600    11.200
  2020.575    -1.136     1.915     1.822     3.400     2.700    11.600
  2020.578     2.190    -0.928    -0.441     3.500     2.600    10.900
  2020.580     0.174    -1.162    -2.688     3.500     2.600    11.200
  2020.583    -1.047    -0.011    -5.668     3.500     2.600    11.200
  2020.586    -1.013     0.473     0.453     3.500     2.500    10.900
  2020.589    -1.425     1.003     7.234     3.500     2.600    11.200
  2020.591     0.514     0.537     2.655     3.600     2.500    10.900
  2020.594    -0.422    -1.469    -2.153     3.500     2.600    10.900
  2020.597    -0.445    -1.107     0.697     3.500     2.600    10.900
  2020.600    -0.773    -0.555     0.744     3.500     2.700    11.600
  2020.602     0.864     0.336    -1.996     3.600     2.600    11.900
  2020.605    -1.319    -0.113    -2.292     3.500     2.600    11.200
  2020.608     0.644    -0.598    -2.565     3.600     2.500    11.200
  2020.611    -0.103    -0.608     1.109     3.500     2.600    10.900
  2020.613     0.811    -0.472     0.039     3.500     2.600    11.200
  2020.616     0.779    -0.260     0.417     3.500     2.500    11.200
  2020.619     0.865    -1.079     0.994     3.500     2.600    11.200
  2020.622    -0.300    -0.850    -1.479     3.600     2.600    11.200
  2020.624     0.087    -1.472    -2.082     3.600     2.600    10.900
  2020.627     0.524     0.063    -1.418     3.500     2.500    10.800
  2020.630     0.834     0.362    -5.213     3.500     2.500    10.900
  2020.632     0.197    -0.922    -4.491     3.500     2.600    10.900
  2020.635     0.432    -0.137    -2.559     3.500     2.600    11.200
  2020.638    -0.662     1.166    -6.071     3.200     2.600    10.900
  2020.641     2.265    -0.872    -1.872     3.600     2.600    11.200
  2020.643    -1.277    -1.737    -1.785     3.500     2.600    10.900
  2020.646     1.674    -0.716     1.194     3.500     2.600    10.900
  2020.649    -0.138    -0.057    -2.172     3.600     2.500    10.900
  2020.652    -0.416    -0.488    -0.758     3.500     2.500    10.900
  2020.654     0.667    -1.036    -0.131     3.600     2.600    11.200
  2020.657     0.538    -1.450    -2.614     3.600     2.600    11.200
  2020.660     2.248     1.086    -8.900     3.600     2.600    11.200
  2020.663     0.676    -0.187    -2.663     3.600     2.600    11.200
  2020.665    -1.369    -0.532     3.576     3.500     2.600    10.900
  2020.668     0.668     0.495    -4.760     3.500     2.600    10.900
  2020.671    -1.281     0.716    -9.671     3.600     2.600    10.900
  2020.674    -1.128    -0.667    -0.402     3.600     2.600    10.900
  2020.676     2.733    -2.435     1.384     3.500     2.600    10.900
  2020.679     0.458     0.502    -1.467     3.500     2.600    10.900
  2020.682    -0.959    -0.266    -0.655     3.600     2.600    10.900
  2020.685     1.047    -1.566    -3.198     3.600     2.600    10.900
  2020.687     0.018    -0.840    -2.246     3.500     2.600    10.900
  2020.690     0.916    -0.241    -6.779     3.500     2.600    10.900
  2020.693    -0.509     0.032    -3.071     3.500     2.600    10.900
  2020.695     0.486     0.721    -2.036     3.600     2.600    11.200
  2020.698     1.644    -2.453    -6.664     3.500     2.700    11.500
  2020.701    -0.499    -1.546    -4.748     3.600     2.600    11.200
  2020.704     0.764    -0.832     1.830     3.200     2.600    10.900
  2020.706     0.627    -1.167    -0.523     3.500     2.600    10.900
  2020.709     0.721     1.036    -6.379     3.900     2.600    11.200
  2020.712     0.625    -0.845    -3.443     3.600     2.600    10.900
  2020.715    -0.364    -0.473    -9.349     3.700     2.600    11.200
  2020.717     0.379    -0.426     1.422     3.600     2.600    11.200
  2020.720    -0.019     0.857    -3.445     3.600     2.600    10.900
  2020.723     0.779    -0.457    -5.558     3.500     2.500    10.500
  2020.726     2.354    -0.437    -2.415     3.500     2.600    10.700
  2020.728     1.881    -0.964    -2.889     3.600     2.600    10.900
  2020.731     0.698    -0.518    -3.532     3.600     2.600    10.900
  2020.734     0.511    -1.301    -2.665     3.500     2.600    10.700
  2020.737     0.980    -0.120    -5.287     3.500     2.600    10.900
  2020.739     1.389    -0.242    -0.398     3.600     2.600    11.200
  2020.742     2.106    -1.064    -3.092     3.500     2.600    10.900
  2020.745     0.179    -0.705    -3.652     3.600     2.600    10.900
  2020.747     0.930     0.291    -0.630     3.500     2.500    10.500
  2020.750     0.946     0.250    -6.368     3.500     2.500    10.500
  2020.753     0.274    -1.330     1.862     3.600     2.600    10.900
  2020.756     1.633     0.284    -5.981     3.600     2.600    11.200
  2020.758     1.047    -0.285    -4.211     3.600     2.600    10.900
  2020.761     0.606    -0.180    -2.983     3.600     2.600    10.900
  2020.764     2.858    -0.482    -6.585     3.600     2.600    11.200
  2020.767     1.063    -0.390     0.169     3.500     2.600    10.900
  2020.769     1.443    -0.313    -3.114     3.500     2.600    10.900
  2020.772     1.117     0.280     3.185     3.600     2.600    11.200
  2020.775     0.441    -1.222    -0.555     3.500     2.600    10.900
  2020.778     1.840    -0.442    -0.771     3.500     2.600    10.900
  2020.780     0.215    -0.803    -1.492     3.600     2.600    10.900
  2020.783     1.010    -1.041     2.304     3.500     2.600    10.900
  2020.786     2.090    -1.897    -6.115     3.600     2.600    11.200
  2020.789     0.884    -0.238    -4.286     3.600     2.600    10.900
  2020.791     0.311     0.629    -7.565     3.600     2.600    10.900
  2020.794    -0.458    -0.210    -1.199     3.600     2.600    10.900
  2020.797    -0.013     0.052    -2.822     3.500     2.600    11.200
  2020.800    -0.168    -0.497     9.344     3.500     2.600    10.900
  2020.802     1.033    -2.194     2.794     3.500     2.600    10.900
  2020.805     0.593    -1.406    -5.990     3.500     2.600    11.200
  2020.808     0.325    -0.862    -1.040     3.500     2.600    10.900
  2020.810     0.799    -0.714    -2.994     3.600     2.600    11.200
  2020.813     0.290    -0.392     0.481     3.500     2.600    10.900
  2020.816     1.404    -1.132    -0.892     3.500     2.500    10.800
  2020.819     1.554    -0.207    -6.104     3.500     2.600    10.700
  2020.821     1.340    -1.240    -0.355     3.500     2.600    10.900
  2020.824     1.449     0.647    -3.695     3.500     2.600    10.900
  2020.827    -0.722     0.034    -5.348     3.500     2.600    10.900
  2020.830     0.453    -3.310     0.435     3.500     2.600    10.900
  2020.832     0.229     0.551    -3.498     3.500     2.600    10.900
  2020.835     1.307    -0.831    -2.311     3.500     2.600    11.200
  2020.838     1.112     0.260    -4.775     3.500     2.600    10.900
  2020.841     0.446    -1.293    -4.838     3.500     2.600    10.900
  2020.843     0.755    -0.280    -8.466     3.500     2.500    10.800
  2020.846     2.942     0.066    -7.799     3.500     2.600    10.900
  2020.849     0.883     1.145    -4.909     3.500     2.600    11.200
  2020.852     2.188    -0.730    -7.913     3.500     2.600    10.900
  2020.854     1.991     0.774    -7.795     3.500     2.600    10.900
  2020.857     1.525    -1.120    -4.854     3.500     2.600    10.900
  2020.860     0.174     1.502    -1.290     3.500     2.600    11.200
  2020.862     0.362     0.577    -2.393     3.500     2.600    10.900
  2020.865     0.138     0.562    -2.641     3.500     2.600    10.900
  2020.868     1.045     0.442    -7.193     3.500     2.700    11.600
  2020.871     1.546    -0.163    -4.783     3.500     2.600    11.200
  2020.873     1.181    -0.291    -4.724     3.500     2.600    10.900
  2020.876     0.553     0.025    -3.818     3.500     2.600    10.900
  2020.879     1.163    -1.667    -0.899     3.400     2.600    11.200
  2020.882    -1.026    -1.833     8.625     3.500     2.700    11.500
  2020.884    -0.270    -1.168    -5.622     3.340     2.600    11.200
  2020.887     0.633    -0.835    -0.279     3.500     2.600    10.900
  2020.890     0.498    -2.510    -3.633     3.500     2.700    11.600
  2020.893     0.897    -1.070    -2.141     3.500     2.500    11.200
  2020.895     1.436    -0.493     3.026     3.500     2.600    10.900
  2020.898     0.741    -0.182    -1.238     3.400     2.600    11.200
  2020.901     0.715    -1.806    -4.318     3.400     2.600    11.200
  2020.904     0.077    -0.060    -1.802     3.500     2.600    10.900
  2020.906     1.235    -0.503     0.675     3.500     2.600    10.900
  2020.909     0.351    -0.875    -0.556     3.500     2.600    10.900
  2020.912     0.406    -0.442     2.178     3.500     2.600    10.900
  2020.914     0.031     0.076    -6.915     3.500     2.600    11.200
  2020.917    -0.496    -0.796     1.968     3.500     2.600    11.200
  2020.920     0.427    -1.332     2.591     3.400     2.600    10.900
  2020.923    -0.256    -2.411    -1.413     3.500     2.600    10.900
  2020.925    -0.024    -1.158    -4.294     3.500     2.600    10.900
  2020.928    -0.489    -2.922     1.826     3.500     2.500    10.800
  2020.931    -0.948    -0.454     4.990     3.500     2.500    10.800
  2020.934     0.868    -0.265    -0.435     3.500     2.600    10.900
  2020.936    -0.682    -0.223    -2.686     3.500     2.600    10.900
  2020.939     0.447    -0.456     0.251     3.400     2.500    10.800
  2020.942     0.678    -0.104    -1.819     3.400     2.600    10.900
  2020.945    -1.336    -1.535     0.645     3.500     2.600    10.900
  2020.947     0.608    -0.780    -3.135     3.500     2.600    10.900
  2020.950    -0.902     0.859    -4.972     3.500     2.600    10.900
  2020.953     3.354     1.266   -10.803     3.500     2.600    10.900
  2020.956    -0.487    -1.175    -2.543     3.500     2.500    10.800
  2020.958    -4.737    -4.295    -0.639     3.500     2.500    10.600
  2020.961     2.013     1.215    -1.809     3.500     2.500    10.800
  2020.964    -0.771     3.379    -4.523     3.500     2.600    11.200
  2020.967    -0.971     1.111    -8.572     3.500     2.600    10.900
  2020.969     0.836    -0.757    -5.660     3.500     2.600    11.200
  2020.972     0.214    -0.245     0.651     3.500     2.600    11.200
  2020.975     0.018     0.113    -1.327     3.500     2.600    11.200
  2020.977    -0.009    -0.261     0.499     3.500     2.700    11.600
  2020.980     0.481     0.512    -4.800     3.400     2.700    11.600
  2020.983    -0.777     0.072    -6.263     3.500     2.700    12.100
  2020.986     1.982    -1.377    -4.085     3.400     2.700    11.900
  2020.988    -0.142    -0.427    -3.122     3.500     2.600    11.200
  2020.991    -0.545    -1.049    -6.492     3.500     2.600    11.200
  2020.994    -0.843     0.370    -5.480     3.500     2.600    11.200
  2020.997     0.516    -0.269    -0.688     3.400     2.600    11.200
  2020.999    -0.355     0.160    -4.439     3.400     2.600    11.200
  2021.002    -0.591    -0.582    -1.707     3.400     2.600    11.200
  2021.005    -0.153    -0.351    -2.896     3.340     2.475    10.710
  2021.008     0.470    -0.554     0.180     3.340     2.475    10.710
  2021.010    -0.588    -0.251     0.048     3.340     2.475    10.710
  2021.013    -1.557     0.528    -2.233     3.340     2.475    10.710
  2021.016     0.044     1.133    -0.674     3.340     2.475    10.710
  2021.019    -2.372    -0.638     0.091     3.340     2.475    10.710
  2021.021    -0.927    -0.420    -1.193     3.340     2.475    10.710
  2021.024     1.234    -1.490     2.730     3.340     2.475    10.710
  2021.027     0.096    -1.365     1.329     3.340     2.475    10.710
  2021.030     0.985    -0.994    -0.480     3.340     2.475    10.710
  2021.032     1.223    -0.829    -2.096     3.340     2.475    10.710
  2021.035     0.173    -0.375    -0.260     3.340     2.475    10.710
  2021.038    -0.606    -0.099     1.708     3.340     2.475    10.710
  2021.040    -1.178     0.256     0.501     3.340     2.475    10.710
  2021.043     0.086    -0.272     0.560     3.340     2.475    10.710
  2021.046     0.523    -0.275    -0.563     3.340     2.475    10.710
  2021.049     0.668    -0.755    -0.271     3.340     2.475    10.710
  2021.051    -0.015    -0.126    -0.506     3.340     2.475    10.710
  2021.054     0.201    -0.988    -0.880     3.340     2.475    10.710
  2021.057     0.203    -0.048     3.236     3.340     2.475    10.710
  2021.060     1.321     0.320     1.323     3.340     2.475    10.710
  2021.062     2.207     0.593    -1.387     3.340     2.475    10.710
  2021.065    -0.408    -1.028    -5.251     3.340     2.475    10.710
  2021.068    -1.137    -0.475    -5.142     3.340     2.475    10.710
  2021.071     0.875     0.231    -1.255     3.340     2.475    10.710
  2021.073    -0.053    -0.019    -0.507     3.340     2.475    10.710
  2021.076    -2.431    -2.109     0.572     3.340     2.475    10.710
  2021.079    -1.959    -0.523    -1.753     3.340     2.475    10.710
  2021.082    -0.409    -0.673     2.241     3.340     2.475    10.710
  2021.084    -0.495     0.306     1.216     3.340     2.475    10.710
  2021.087    -2.445    -0.624     2.409     3.340     2.475    10.710
  2021.090     0.901    -0.588    -0.423     3.340     2.475    10.710
  2021.093    -0.424    -1.731     0.405     3.340     2.475    10.710
  2021.095    -1.057    -0.625     4.046     3.340     2.475    10.710
  2021.098    -0.224    -1.311     1.890     3.340     2.475    10.710
  2021.101    -0.313    -1.302     5.489     3.340     2.475    10.710
  2021.103    -0.930    -0.770     6.341     3.340     2.475    10.710
  2021.106    -0.173    -0.619     3.719     3.340     2.475    10.710
  2021.109    -0.570    -1.002     3.616     3.340     2.475    10.710
  2021.112     0.296    -0.231    -0.114     3.340     2.475    10.710
  2021.114     0.482    -0.171     3.923     3.340     2.475    10.710
  2021.117     0.180    -0.226     1.899     3.340     2.475    10.710
  2021.120    -0.669     0.021    -0.213     3.340     2.475    10.710
  2021.123    -2.537    -0.635    -2.384     3.340     2.475    10.710
  2021.125    -0.580     0.078     1.258     3.340     2.475    10.710
  2021.128    -0.570    -0.985    -1.444     3.340     2.475    10.710
  2021.131    -0.530     0.779     3.431     3.340     2.475    10.710
  2021.134    -0.299     1.140     2.718     3.340     2.475    10.710
  2021.136     0.050     1.750    -0.946     3.340     2.475    10.710
  2021.139     0.220     0.579     0.774     3.340     2.475    10.710
  2021.142     0.615    -0.533    -1.485     3.340     2.475    10.710
  2021.145     0.859    -0.405     0.891     3.340     2.475    10.710
  2021.147    -1.722    -0.585     7.451     3.340     2.475    10.710
  2021.150     1.046     0.531    -0.011     3.340     2.475    10.710
  2021.153     0.220    -0.177     3.037     3.340     2.475    10.710
  2021.156     0.149    -0.976     2.843     3.340     2.475    10.710
  2021.158    -0.341    -0.141    -2.188     3.340     2.475    10.710
  2021.161     1.518     1.147    -4.133     3.340     2.475    10.710
  2021.164     1.945     0.118    -3.005     3.340     2.475    10.710
  2021.166    -1.574    -2.487     7.160     3.340     2.475    10.710
  2021.169    -3.029    -0.984     3.658     3.340     2.475    10.710
  2021.172    -1.445     0.252     4.376     3.340     2.475    10.710
  2021.175    -2.008     0.032     6.594     3.340     2.475    10.710
  2021.177    -1.080    -0.562     4.589     3.340     2.475    10.710
  2021.180     1.117    -0.338    -0.917     3.340     2.475    10.710
  2021.183     1.240     0.492    -4.658     3.340     2.475    10.710
  2021.186     0.880     0.068    -9.634     3.340     2.475    10.710
  2021.188     0.335     0.457    -6.046     3.340     2.475    10.710
  2021.191    -0.654    -0.455     0.010     3.340     2.475    10.710
  2021.194     0.062    -0.030     3.534     3.340     2.475    10.710
  2021.197     1.191    -0.649     3.054     3.340     2.475    10.710
  2021.199    -1.685     0.495     3.443     3.340     2.475    10.710
  2021.202    -0.136     1.166     1.298     3.340     2.475    10.710
  2021.205    -1.387     0.693     2.224     3.340     2.475    10.710
  2021.208    -1.189     0.613     2.146     3.340     2.475    10.710
  2021.210    -2.397     1.305     2.967     3.340     2.475    10.710
  2021.213    -1.769    -0.726    -2.778     3.340     2.475    10.710
  2021.216    -0.428    -0.150    -0.521     3.340     2.475    10.710
  2021.219    -0.466    -0.559     4.326     3.340     2.475    10.710
  2021.221    -0.634     0.497     0.892     3.340     2.475    10.710
  2021.224     1.445     1.394     2.730     3.340     2.475    10.710
  2021.227     0.273     0.235     0.533     3.340     2.475    10.710
  2021.230    -2.836    -0.681     4.622     3.340     2.475    10.710
  2021.232    -1.398     0.158    -0.629     3.340     2.475    10.710
  2021.235    -0.910     0.589     3.489     3.340     2.475    10.710
  2021.238    -2.049    -0.497     2.131     3.340     2.475    10.710
  2021.240    -0.927     1.595     1.095     3.340     2.475    10.710
  2021.243    -1.520     1.387    -0.185     3.340     2.475    10.710
  2021.246    -0.068     0.467     7.419     3.340     2.475    10.710
  2021.249     0.803     1.697     0.291     3.340     2.475    10.710
  2021.251    -3.020     1.733     4.003     3.340     2.475    10.710
  2021.254    -1.883     0.050     3.780     3.340     2.475    10.710
  2021.257    -1.327     0.443     4.533     3.340     2.475    10.710
  2021.260     0.008     0.358     0.094     3.340     2.475    10.710
  2021.262     0.467     0.913     0.591     3.340     2.475    10.710
  2021.265     1.295     1.319    -1.657     3.340     2.475    10.710
  2021.268    -0.656     0.787     4.334     3.340     2.475    10.710
  2021.271     0.281     0.135    -0.438     3.340     2.475    10.710
  2021.273    -3.586     0.758    -4.379     3.340     2.475    10.710
  2021.276     0.663     2.481     1.357     3.340     2.475    10.710
  2021.279    -0.249     1.173     1.051     3.340     2.475    10.710
  2021.282     0.129     1.100     2.636     3.340     2.475    10.710
  2021.284    -0.571     0.902    -2.592     3.340     2.475    10.710
  2021.287     0.014     0.641    -3.192     3.340     2.475    10.710
  2021.290    -0.510     0.217     5.905     3.340     2.475    10.710
  2021.293    -0.015     0.357     5.180     3.340     2.475    10.710
  2021.295    -0.844     1.328     6.284     3.340     2.475    10.710
  2021.298    -2.046     0.696     0.240     3.340     2.475    10.710
  2021.301     0.981     1.340    -4.784     3.340     2.475    10.710
  2021.303     1.512     0.681    -0.553     3.340     2.475    10.710
  2021.306     1.312    -0.556    -0.576     3.340     2.475    10.710
  2021.309     1.361    -0.943     1.769     3.340     2.475    10.710
  2021.312     0.135    -0.960    -2.747     3.340     2.475    10.710
  2021.314     0.298     0.489     1.763     3.340     2.475    10.710
  2021.317    -1.839    -0.061     5.901     3.340     2.475    10.710
  2021.320     1.045     1.748     2.915     3.340     2.475    10.710
  2021.323     0.910     1.444     0.641     3.340     2.475    10.710
  2021.325    -0.288     0.003    -4.010     3.340     2.475    10.710
  2021.328     0.752    -0.028    -0.971     3.340     2.475    10.710
  2021.331    -0.137    -0.607     1.593     3.340     2.475    10.710
  2021.334     0.936    -0.748     2.743     3.340     2.475    10.710
  2021.336    -0.650     0.256     2.994     3.340     2.475    10.710
  2021.339     0.672     1.284     1.292     3.340     2.475    10.710
  2021.342    -0.379     1.379     4.575     3.340     2.475    10.710
  2021.345    -0.255     1.966    -0.402     3.340     2.475    10.710
  2021.347     0.555     1.047     3.142     3.340     2.475    10.710
  2021.350     0.097     0.319    -2.252     3.340     2.475    10.710
  2021.353     0.017     1.135     4.856     3.340     2.475    10.710
  2021.356     1.354     0.539     4.476     3.340     2.475    10.710
  2021.358     1.891     1.112     4.998     3.340     2.475    10.710
  2021.361     0.657     0.377     2.444     3.340     2.475    10.710
  2021.364     1.538     0.995     4.041     3.340     2.475    10.710
  2021.366    -1.196    -0.623     6.771     3.340     2.475    10.710
  2021.369    -1.660     1.582     0.702     3.340     2.475    10.710
  2021.372    -0.893     0.514     6.800     3.340     2.475    10.710
  2021.375     0.190     0.512     3.743     3.340     2.475    10.710
  2021.377    -0.622     1.460    -1.251     3.340     2.475    10.710
  2021.380    -1.913     0.928     4.233     3.340     2.475    10.710
  2021.383    -1.030     1.432     1.133     3.340     2.475    10.710
