  2019.282     0.731    -0.541     2.493     3.300     2.600    11.800
  2019.285     1.282     0.485     0.177     3.200     2.600    12.100
  2019.288     0.027    -0.456     4.474     3.200     2.600    11.800
  2019.290     3.305     0.638    -0.755     3.200     2.600    12.100
  2019.293     2.230     0.229     1.977     3.200     2.600    12.100
  2019.296    -2.711     0.153    -9.031     3.300     2.600    11.800
  2019.298     0.510     0.023    -6.431     3.300     2.600    12.100
  2019.301     1.605     1.659     3.166     3.200     2.500    11.800
  2019.304    -0.018     1.924    -6.258     3.300     2.600    11.800
  2019.307     0.967     1.169     2.291     3.200     2.600    11.800
  2019.309     0.396     0.873     2.376     3.200     2.600    12.100
  2019.312    -0.406     0.472     3.444     3.300     2.600    11.800
  2019.315     0.393    -0.388     9.034     3.400     2.600    12.300
  2019.318     0.325    -1.010    -4.073     3.500     2.600    12.100
  2019.320     1.668     0.949    -1.681     3.500     2.600    12.100
  2019.323     1.757     0.142    -2.346     3.200     2.600    12.100
  2019.326     1.932     0.456     0.719     3.500     2.500    12.100
  2019.329     0.428    -0.590     3.429     3.200     2.600    12.100
  2019.331    -1.495    -0.163     2.296     3.200     2.600    12.100
  2019.334    -1.864    -1.344     7.079     3.200     2.600    12.300
  2019.337     1.986     1.164    -7.467     3.200     2.600    12.300
  2019.340     0.009    -0.339    -9.819     3.300     2.600    11.800
  2019.342     1.230    -0.894    -4.203     3.200     2.600    12.100
  2019.345     1.554    -2.122     0.399     3.200     2.600    12.300
  2019.348     0.677     0.108     7.114     3.200     2.600    12.100
  2019.350     0.855    -0.319    10.593     3.500     2.600    12.800
  2019.353     1.573     3.461    -0.658     3.200     2.600    12.100
  2019.356     1.929     1.427    -9.316     3.200     2.600    12.100
  2019.359    -0.446     1.288    -0.327     3.200     2.500    11.800
  2019.361     1.095    -0.186     0.976     3.200     2.600    12.100
  2019.364     0.284     0.073    -3.358     3.400     2.600    12.400
  2019.367     1.427     0.436    -8.986     3.200     2.600    12.100
  2019.370     0.392    -2.135    -1.768     3.200     2.600    11.800
  2019.372     1.526    -0.470    12.586     3.200     2.600    12.300
  2019.375     1.553    -0.284     0.546     3.200     2.500    12.100
  2019.378     0.325     0.699     3.886     3.200     2.600    12.300
  2019.381     2.035     1.515    -5.356     3.200     2.600    12.100
  2019.383     1.205    -1.482    -6.075     3.500     2.600    12.400
  2019.386     0.146    -0.106     0.273     3.200     2.600    12.300
  2019.389     1.691    -1.131     8.017     3.200     2.600    12.400
  2019.392     0.986     0.435     1.868     3.200     2.600    12.100
  2019.394     1.197     0.913     5.154     3.200     2.500    12.100
  2019.397     1.594     1.272     5.571     3.500     2.600    12.100
  2019.400     0.253     0.275     1.763     3.200     2.600    12.100
  2019.403    -1.440    -0.611    -6.110     3.200     2.600    12.100
  2019.405     2.136     1.711    -4.995     3.200     2.500    12.100
  2019.408     1.614     2.063    -0.378     3.200     2.600    12.100
  2019.411     1.276     2.062    -0.103     3.200     2.600    12.100
  2019.413     0.247     0.675     7.079     3.500     2.600    12.400
  2019.416    -0.355     0.915    -0.575     3.200     2.600    12.100
  2019.419     0.250     0.930     0.517     3.200     2.600    12.100
  2019.422     0.285    -0.157    -3.869     3.500     2.600    12.100
  2019.424     1.282    -0.138     1.964     3.500     2.600    12.400
  2019.427     0.933     1.060     2.011     3.200     2.600    12.100
  2019.430     0.712     1.812    -4.765     3.300     2.700    12.600
  2019.433     0.598     0.444     1.911     3.500     2.600    12.700
  2019.435     2.128     0.348     2.977     3.500     2.600    12.400
  2019.438     1.926     1.536    -2.054     3.200     2.600    12.400
  2019.441     2.094     1.242    -0.488     3.500     2.600    12.600
  2019.444     1.282     1.854    -7.653     3.500     2.600    12.500
  2019.446     0.979     3.190    -0.291     3.500     2.600    12.500
  2019.449     1.395     0.332    -5.594     3.500     2.600    12.800
  2019.452     0.898     1.092    -0.483     3.500     2.600    12.800
  2019.455     0.077     0.275     1.053     3.500     2.600    12.800
  2019.457    -0.959     1.123    -0.216     3.500     2.700    12.800
  2019.460     1.844     0.062     5.493     3.500     2.600    12.800
  2019.463     3.638     1.600     4.462     3.500     2.600    12.800
  2019.465     1.610     1.526    -9.476     3.600     2.700    13.400
  2019.468     1.742     0.951     1.607     3.600     2.700    13.300
  2019.471     2.979     1.654     1.265     3.500     2.700    13.000
  2019.474     0.403     0.755     1.554     3.500     2.600    12.600
  2019.476     0.388     1.072    -2.168     3.500     2.600    12.600
  2019.479     0.368     1.947    -2.115     3.500     2.700    12.800
  2019.482    -0.874     0.933    -1.696     3.500     2.600    12.800
  2019.485     1.683     1.427    -5.008     3.500     2.600    12.700
  2019.487     1.519     1.561     2.974     3.500     2.600    12.600
  2019.490     0.122     0.025    -0.595     3.500     2.600    12.800
  2019.493    -1.056    -0.078    -1.100     3.200     2.600    12.400
  2019.496    -4.313    -0.920     6.581     3.200     2.600    12.300
  2019.498    -0.835     0.570    -0.460     3.200     2.600    12.400
  2019.501    -0.722     0.756    -4.212     3.200     2.600    12.300
  2019.504    -1.914     0.066     3.916     3.400     2.600    12.700
  2019.507    -1.659    -0.844    -0.084     3.500     2.600    12.400
  2019.509    -0.907     1.555     3.773     3.500     2.700    12.800
  2019.512    -0.647     1.458     5.869     3.500     2.700    12.800
  2019.515     1.055     0.948    -2.546     3.500     2.600    12.700
  2019.518     0.465     0.298    -5.500     3.400     2.600    12.400
  2019.520    -1.690    -0.696     3.251     3.500     2.600    12.700
  2019.523    -2.659    -0.248     0.694     3.500     2.600    12.700
  2019.526    -2.752    -0.938    -1.802     3.500     2.700    13.000
  2019.528    -1.753    -1.280     0.604     3.400     2.600    12.800
  2019.531    -1.313    -1.204     1.852     3.400     2.700    13.000
  2019.534    -2.562    -1.330     0.868     3.500     2.700    13.000
  2019.537    -2.055    -1.218     4.590     3.500     2.700    13.000
  2019.539    -2.458    -0.249     1.961     3.400     2.700    13.000
  2019.542    -1.268    -0.976    -1.360     3.400     2.700    13.300
  2019.545    -3.021    -1.308     1.065     3.400     2.700    13.000
  2019.548    -2.047    -1.576    -0.483     3.500     2.700    13.300
  2019.550    -1.790    -2.374     2.453     3.400     2.600    12.700
  2019.553    -2.805    -1.465     1.748     3.400     2.600    12.700
  2019.556    -2.800    -0.512    -2.857     3.400     2.700    13.100
  2019.559    -2.393    -0.676     1.440     3.400     2.700    13.300
  2019.561    -0.758    -0.106     2.294     3.600     2.800    13.800
  2019.564    -1.598    -2.132     7.769     3.400     2.600    12.700
  2019.567    -2.582    -1.166     5.029     3.400     2.700    13.300
  2019.570    -3.638    -1.958     3.802     3.400     2.600    13.100
  2019.572    -3.323    -4.364     0.569     3.500     2.700    13.300
  2019.575    -2.541    -1.951     3.102     3.400     2.700    13.300
  2019.578    -2.616    -3.342     3.070     3.400     2.700    13.100
  2019.580    -1.758    -2.388     9.447     3.400     2.700    13.000
  2019.583    -2.147    -0.391    -1.952     3.400     2.700    13.100
  2019.586    -3.379    -4.188     9.291     3.300     2.700    13.300
  2019.589    -2.787    -1.412    11.910     3.400     2.700    13.100
  2019.591    -3.133    -2.095     8.269     3.400     2.700    13.100
  2019.594    -1.230     0.279     4.269     3.400     2.700    13.100
  2019.597    -3.239    -1.234     1.254     3.400     2.600    12.800
  2019.600    -1.694    -3.547    16.019     3.400     2.800    14.000
  2019.602    -2.570    -2.377     0.645     3.400     2.800    13.700
  2019.605    -3.381    -2.328     2.117     3.400     2.700    13.300
  2019.608    -1.782    -2.091     1.046     3.400     2.800    13.700
  2019.611    -1.332    -1.806    11.806     3.400     2.700    13.300
  2019.613    -1.815    -2.382     7.158     3.500     2.600    13.000
  2019.616    -4.508    -4.383    21.606     3.400     2.700    13.600
  2019.619    -2.744    -0.540     2.542     3.400     2.700    13.100
  2019.622    -2.770    -2.665     0.965     3.400     2.600    13.100
  2019.624    -2.633    -1.883     1.413     3.400     2.800    13.700
  2019.627    -2.929    -1.164    -0.817     3.500     2.603    13.000
  2019.630    -2.722    -1.203     1.515     3.500     2.700    13.000
  2019.632    -1.472    -1.455     9.828     3.500     2.700    13.000
  2019.635    -0.381    -4.367     9.921     3.400     2.700    13.600
  2019.638    -3.760    -2.889     6.545     3.500     2.700    13.000
  2019.641    -2.342    -2.664     2.671     3.400     2.700    13.300
  2019.643    -2.077    -3.386     9.846     3.400     2.700    13.300
  2019.646    -2.181    -2.388     1.583     3.500     2.700    13.000
  2019.649    -1.632    -0.471    10.720     3.400     2.700    13.000
  2019.652    -2.560    -2.732     1.952     3.400     2.700    13.000
  2019.654    -4.623    -1.519     5.942     3.400     2.700    13.600
  2019.657    -2.276    -2.488    15.955     3.400     2.700    13.300
  2019.660    -1.049    -4.253     9.112     3.500     2.700    13.300
  2019.663    -2.735    -1.716     0.991     3.800     2.700    13.600
  2019.665    -2.495    -3.247    13.714     3.400     2.700    13.100
  2019.668    -3.110    -3.932     0.132     3.400     2.700    13.000
  2019.671    -2.951    -2.353     9.035     3.400     2.700    13.100
  2019.674    -3.621    -2.772     7.881     3.500     2.700    13.000
  2019.676    -4.450    -0.033     8.573     3.500     2.603    13.300
  2019.679    -1.243    -1.735     7.692     3.400     2.700    13.300
  2019.682    -1.476    -2.641     5.318     3.400     2.700    13.300
  2019.685    -1.412    -2.306     8.103     3.500     2.700    13.000
  2019.687    -3.306    -2.151     4.561     3.500     2.700    13.600
  2019.690    -2.114    -1.324     8.506     3.500     2.700    13.300
  2019.693    -3.684    -1.781     7.815     3.500     2.700    13.300
  2019.695    -1.651    -0.993     4.545     3.400     2.700    13.600
  2019.698    -2.830    -1.771    13.606     3.500     2.700    13.600
  2019.701    -1.520    -0.683    -0.746     3.400     2.700    13.300
  2019.704    -2.753    -1.532    -0.812     3.400     2.600    13.100
  2019.706    -2.671    -1.849     2.883     3.500     2.700    13.000
  2019.709    -1.521    -1.414    -0.659     3.400     2.600    13.100
  2019.712     0.438    -0.253    -3.971     3.500     2.500    11.600
  2019.715     2.571     0.351     5.914     3.500     2.500    11.300
  2019.717     0.950     0.036    -6.818     3.500     2.500    11.300
  2019.720    -0.972     2.193    -4.205     3.500     2.500    11.800
  2019.723     1.116     0.685    -1.817     3.500     2.500    11.600
  2019.726     1.667     0.351    -5.081     3.500     2.400    11.200
  2019.728     1.337    -0.033    -8.941     3.500     2.400    11.200
  2019.731     0.910     0.532    -8.716     3.500     2.500    11.300
  2019.734     1.584    -0.298    -5.121     3.500     2.500    11.300
  2019.737     0.773    -0.344    -2.272     3.400     2.500    11.300
  2019.739    -0.200     0.110    -2.894     3.500     2.400    11.200
  2019.742     1.589    -1.460    -1.884     3.500     2.500    11.600
  2019.745     1.423     0.219    -0.649     3.500     2.500    11.300
  2019.747     1.955    -0.401    -5.925     3.200     2.400    11.200
  2019.750     1.390     0.364    -4.327     3.500     2.500    11.300
  2019.753     2.726    -0.130    -4.746     3.500     2.500    11.300
  2019.756     1.580     0.338    -4.114     3.400     2.600    11.600
  2019.758    -0.166     1.213    -2.452     3.500     2.500    11.300
  2019.761     0.822    -0.504    -5.622     3.500     2.500    11.300
  2019.764     0.659     0.944     1.514     3.200     2.400    10.900
  2019.767     1.002     0.794    -5.688     3.200     2.400    11.200
  2019.769     1.618    -0.379    -4.622     3.500     2.400    11.200
  2019.772     2.349     0.366    -5.416     3.100     2.400    11.200
  2019.775     2.308     0.090    -3.298     3.500     2.500    11.600
  2019.778     1.479    -1.145    -3.405     3.500     2.500    11.300
  2019.780     1.500     0.340    -3.352     3.500     2.500    11.300
  2019.783     0.742     0.406     0.673     3.200     2.400    11.200
  2019.786     1.109     1.623     8.957     3.200     2.400    11.200
  2019.789     2.527    -0.789    -7.806     3.500     2.400    11.200
  2019.791     2.465     0.441    -5.670     3.200     2.400    11.200
  2019.794     2.719    -0.284    -5.741     3.200     2.400    10.900
  2019.797     1.476     0.390    -0.769     3.200     2.400    10.900
  2019.800     2.340     1.311    -4.498     3.200     2.400    10.900
  2019.802     2.053     0.113    -4.179     3.500     2.400    11.200
  2019.805     4.730     1.274     0.436     3.500     2.400    11.200
  2019.808     2.751    -0.276    -1.267     3.200     2.400    10.900
  2019.810     3.010     0.988     0.234     3.500     2.400    11.200
  2019.813     1.519     0.727    -6.586     3.200     2.400    11.100
  2019.816    -0.859    -0.044     4.608     3.200     2.400    10.900
  2019.819     1.671     0.928    -5.405     3.200     2.400    10.900
  2019.821     2.357     0.142    -5.184     3.200     2.400    11.200
  2019.824     1.416     0.049    -0.585     3.500     2.500    11.300
  2019.827     1.508     1.204    -2.495     3.500     2.400    11.200
  2019.830     1.830     1.787    -3.009     3.500     2.500    11.300
  2019.832     1.586    -0.887    -0.092     3.500     2.500    11.600
  2019.835     1.174     1.392    -7.951     3.500     2.500    11.600
  2019.838     1.862     0.171   -10.357     3.200     2.400    11.200
  2019.841     1.727     0.552    -1.958     3.500     2.500    11.300
  2019.843     2.567     2.452    -8.157     3.500     2.500    11.600
  2019.846     4.264     2.133    -3.852     3.500     2.500    11.600
  2019.849     0.735     0.570    -4.622     3.500     2.500    11.600
  2019.852     0.308     0.255   -10.163     3.500     2.500    11.300
  2019.854     1.051     1.459    -4.247     3.400     2.500    11.300
  2019.857     1.991     1.117    -8.357     3.500     2.500    11.300
  2019.860     1.255     0.588    -1.736     3.500     2.500    11.600
  2019.862     3.374     1.171    -6.126     3.500     2.500    11.600
  2019.865     1.759     0.685    -8.225     3.500     2.500    11.600
  2019.868     0.314    -0.109    -3.994     3.500     2.500    11.800
  2019.871    -0.048     0.911    -4.410     3.500     2.500    11.300
  2019.873     2.792     1.199     0.031     3.600     2.500    11.300
  2019.876     3.101     1.530    -9.883     3.500     2.500    11.800
  2019.879     1.693     0.466     0.458     3.500     2.500    11.600
  2019.882     1.149     0.771    -4.485     3.500     2.500    11.600
  2019.884     1.450     1.459    -0.336     3.500     2.500    11.300
  2019.887     1.013    -0.097     0.021     3.300     2.400    10.900
  2019.890     1.950    -0.442     0.110     3.600     2.500    11.600
  2019.893     1.167    -0.489    -1.637     3.600     2.500    11.600
  2019.895     2.445    -0.101    -5.675     3.500     2.500    11.600
  2019.898     0.994    -0.173    -9.268     3.500     2.500    11.600
  2019.901     1.278     0.699    -0.621     3.500     2.500    11.600
  2019.904    -1.891     0.219    -4.844     3.300     2.500    11.300
  2019.906     0.894    -0.141    -3.357     3.500     2.500    11.800
  2019.909    -1.347     0.452    -3.775     3.300     2.500    11.200
  2019.912    -0.839    -1.209    -2.522     3.300     2.400    10.900
  2019.914     1.055    -0.628    -3.780     3.300     2.500    11.300
  2019.917     0.378     0.909    -2.243     3.300     2.400    11.100
  2019.920    -0.185     0.407     5.424     3.300     2.400    10.900
  2019.923    -1.039    -0.777    -4.249     3.300     2.400    11.100
  2019.925     0.886     0.202    -1.712     3.300     2.500    11.300
  2019.928    -0.286     0.074    -0.225     3.300     2.400    11.100
  2019.931    -1.055    -0.872    -1.176     3.300     2.400    10.900
  2019.934     0.204    -0.586    -1.475     3.300     2.400    11.100
  2019.936    -0.379    -0.855    -0.143     3.300     2.500    11.300
  2019.939    -0.098    -1.424    -2.109     3.300     2.400    11.100
  2019.942     0.287    -1.519    -1.411     3.300     2.400    10.900
  2019.945    -0.277    -0.986    -2.213     3.300     2.400    10.900
  2019.947    -0.686    -0.776     2.417     3.200     2.400    11.200
  2019.950     0.717    -2.254     1.194     3.300     2.400    10.900
  2019.953     1.399    -0.396     0.263     3.400     2.500    11.200
  2019.956    -0.024    -1.223    -4.671     3.300     2.400    10.900
  2019.958    -0.970    -0.302     0.730     3.200     2.500    11.300
  2019.961    -1.000     1.817     2.308     3.300     2.500    11.300
  2019.964     0.518    -0.383    -1.486     3.300     2.400    10.900
  2019.967    -0.560    -0.646     0.890     3.200     2.500    11.300
  2019.969    -0.948    -0.135     2.760     3.300     2.500    11.200
  2019.972    -0.746    -0.873     1.867     3.300     2.500    11.300
  2019.975    -0.211    -0.578     0.649     3.300     2.400    10.900
  2019.977     0.599     1.157     0.663     3.200     2.400    10.900
  2019.980     1.753     0.978     5.294     3.300     2.400    10.900
  2019.983     0.964    -1.251     2.730     3.200     2.400    11.200
  2019.986    -0.919    -0.870     0.612     3.300     2.400    10.900
  2019.988    -0.840    -0.907     1.046     3.400     2.400    10.900
  2019.991    -1.265     0.086     1.434     3.300     2.400    10.900
  2019.994    -0.191     0.472    -1.254     3.200     2.400    10.900
  2019.997     0.913     0.092     0.449     3.300     2.400    10.900
  2019.999     0.609    -1.424    -5.265     3.300     2.400    10.900
  2020.003    -0.415    -0.096    -4.698     3.300     2.400    10.900
  2020.006    -1.617    -0.091     2.941     3.300     2.400    10.900
  2020.008     0.043     1.275    -0.497     3.300     2.500    11.000
  2020.011    -0.371    -0.443     1.155     3.300     2.500    11.000
  2020.014     1.283    -1.892     9.047     3.300     2.500    11.500
  2020.016    -1.141    -0.432     0.710     3.400     2.400    10.900
  2020.019     0.494     0.972     0.263     3.400     2.400    11.100
  2020.022    -0.080     1.823     3.718     3.300     2.400    10.600
  2020.025     0.776    -0.547     3.200     3.300     2.400    10.900
  2020.027    -0.441     0.360     0.167     3.300     2.500    11.300
  2020.030     1.287    -0.173     2.380     3.300     2.400    10.900
  2020.033     1.311     1.488     8.084     3.300     2.400    10.900
  2020.036     0.901     0.483    -1.281     3.300     2.400    10.900
  2020.038    -1.425    -1.041    -2.561     3.200     2.400    10.900
  2020.041     0.371     0.697    -7.275     3.300     2.400    10.900
  2020.044     0.947     1.114    -2.960     3.500     2.500    11.600
  2020.047    -0.235     0.055    -1.136     3.200     2.500    11.300
  2020.049    -0.508     0.523     1.130     3.300     2.400    10.900
  2020.052     0.389     0.893    -0.845     3.200     2.400    11.100
  2020.055     2.212     1.087     4.011     3.300     2.400    10.900
  2020.058     0.182     1.248     4.452     3.300     2.400    10.900
  2020.060     0.204    -0.065     5.742     3.300     2.400    10.900
  2020.063    -0.428     0.001     6.389     3.200     2.500    11.100
  2020.066     0.955     0.554     5.387     3.300     2.400    10.900
  2020.068     0.860     0.226    -1.244     3.300     2.400    10.900
  2020.071     1.874     0.727    -1.023     3.300     2.400    10.900
  2020.074     0.566     1.846    -2.387     3.300     2.400    10.600
  2020.077     0.463     0.923    -4.269     3.300     2.400    10.900
  2020.079     0.244    -0.146     1.520     3.300     2.400    10.900
  2020.082    -0.257     1.065     0.733     3.300     2.400    10.600
  2020.085    -1.945    -1.241     4.229     3.300     2.400    10.900
  2020.088    -0.669    -1.098    -3.230     3.300     2.400    10.900
  2020.090    -0.335     0.581     2.413     3.300     2.400    10.600
  2020.093     1.435    -0.273     3.740     3.300     2.400    10.900
  2020.096     0.214    -0.605    -0.896     3.300     2.400    10.600
  2020.099     1.135     0.489     5.879     3.300     2.400    10.900
  2020.101    -1.023    -0.234    -3.760     3.300     2.400    10.900
  2020.104    -0.299    -0.562    -1.529     3.300     2.500    11.000
  2020.107     1.092     0.850    -5.106     3.300     2.400    10.900
  2020.110     0.603     1.157     5.766     3.300     2.400    10.900
  2020.112    -0.877    -1.769     2.482     3.300     2.400    10.600
  2020.115     0.765     0.562    -0.814     3.300     2.400    10.900
  2020.118     0.273    -0.297    -1.822     3.300     2.400    10.600
  2020.121     0.611     0.678    -1.815     3.200     2.600    11.500
  2020.123     0.123     0.961     0.690     3.300     2.500    11.300
  2020.126     0.907     1.657    -3.104     3.300     2.400    10.900
  2020.129     1.021     0.634    -2.134     3.300     2.400    10.900
  2020.131    -0.458    -1.147     0.832     3.300     2.400    10.900
  2020.134     1.043    -0.749     4.958     3.300     2.400    10.900
  2020.137     0.237     0.713    -0.950     3.300     2.400    10.900
  2020.140     1.109     0.401    -1.933     3.300     2.500    11.100
  2020.142     0.755     0.267     2.216     3.300     2.400    10.900
  2020.145     0.110     0.340     2.353     3.300     2.400    10.900
  2020.148    -0.337     0.258     1.393     3.300     2.400    10.900
  2020.151     0.718    -0.567     4.876     3.300     2.400    10.900
  2020.153     2.277    -0.337    -4.044     3.300     2.400    10.900
  2020.156     0.200     0.549     4.816     3.200     2.400    10.900
  2020.159    -0.135     0.347     4.855     3.300     2.400    10.900
  2020.162     1.342     0.445    -5.213     3.300     2.400    10.900
  2020.164    -0.570    -0.828     4.805     3.200     2.400    10.900
  2020.167     0.055    -0.012     5.029     3.300     2.400    10.900
  2020.170     0.203     0.655     6.157     3.200     2.400    10.900
  2020.173     0.834     0.556     2.502     3.300     2.400    10.900
  2020.175    -1.032    -0.210     2.935     3.300     2.400    11.100
  2020.178     0.980     0.135     0.403     3.300     2.400    10.900
  2020.181    -2.630    -0.330    -0.990     3.300     2.400    10.900
  2020.183    -0.376    -0.501    -4.985     3.300     2.400    10.900
  2020.186     0.064    -1.052    -1.984     3.300     2.400    10.900
  2020.189    -1.010     0.410    -1.351     3.200     2.400    10.900
  2020.192    -1.767     0.771     2.508     3.300     2.400    10.900
  2020.194     0.772    -1.276     2.345     3.200     2.500    11.000
  2020.197    -1.646    -0.444    -1.232     3.200     2.400    10.900
  2020.200    -0.315     1.717     0.647     3.300     2.400    10.900
  2020.203     2.300     2.117     2.763     3.300     2.400    10.900
  2020.205     1.709     0.254     5.734     3.300     2.400    10.900
  2020.208     1.104    -0.310     6.866     3.200     2.400    10.900
  2020.211    -0.956    -0.657     9.143     3.300     2.400    10.900
  2020.214     0.358    -0.025    -1.999     3.200     2.400    10.900
  2020.216    -0.724     1.281    -2.211     3.600     2.700    11.900
  2020.219    -0.893     0.763    -4.275     3.500     2.600    11.500
  2020.222     1.015    -0.688     2.483     3.200     2.600    11.300
  2020.225     0.507     0.324     3.630     3.300     2.400    10.900
  2020.227     0.254     0.179    -2.109     3.300     2.400    10.900
  2020.230     0.626     1.934    -3.576     3.300     2.400    10.900
  2020.233     2.084     1.185     1.049     3.200     2.400    10.900
  2020.236     2.493     1.041    -3.010     3.200     2.400    10.900
  2020.238     0.534     0.986     4.630     3.200     2.500    11.000
  2020.241    -2.345    -0.184     3.097     3.200     2.400    10.900
  2020.244    -0.158    -0.915    -2.676     3.200     2.500    11.300
  2020.246    -0.197     2.113     2.491     3.300     2.500    10.900
  2020.249    -1.280     0.121     7.117     3.300     2.500    10.900
  2020.252    -0.291     0.981     8.210     3.200     2.400    10.900
  2020.255    -2.041    -0.575     4.951     3.200     2.500    11.100
  2020.257    -3.414     0.966    -1.814     3.300     2.500    11.100
  2020.260     0.831     2.075     0.967     3.200     2.400    10.900
  2020.263     0.053     1.882    -3.749     3.500     2.500    11.300
  2020.266     1.382     1.352     1.041     3.500     2.500    11.600
  2020.268    -0.441     1.170     0.091     3.500     2.500    11.300
  2020.271     2.480     1.954    -3.642     3.300     2.500    11.100
  2020.274     1.796    -0.908    -2.876     3.416     2.400    10.900
  2020.277     0.520    -0.066     0.059     3.200     2.500    11.300
  2020.279     1.648     1.903    -3.587     3.600     2.500    11.300
  2020.282    -1.500     0.744     1.505     3.600     2.600    11.800
  2020.285     1.097     0.575    -0.989     3.300     2.600    11.500
  2020.288     2.367     0.826     3.323     3.500     2.500    11.600
  2020.290    -0.058     0.477     0.296     3.300     2.500    11.300
  2020.293     1.647    -0.034    -2.452     3.200     2.500    11.300
  2020.296     1.172     1.078    -3.382     3.200     2.500    11.300
  2020.298     1.524    -0.318     6.527     3.300     2.500    11.300
  2020.301    -0.413     1.896    -2.246     3.300     2.500    11.300
  2020.304    -1.545     1.808    -2.680     3.200     2.500    11.300
  2020.307    -0.913     0.536    -2.891     3.200     2.500    11.300
  2020.309    -0.662     0.593     4.597     3.300     2.400    10.900
  2020.312    -0.175    -0.155    -0.884     3.300     2.600    11.500
  2020.315     0.337     0.021    -2.409     3.300     2.500    11.200
  2020.318    -0.498     0.252    -3.166     3.300     2.500    11.300
  2020.320    -0.139     0.246     1.171     3.300     2.500    11.000
  2020.323    -0.232     0.276     1.549     3.200     2.500    11.300
  2020.326    -0.109    -0.305     0.805     3.300     2.400    10.900
  2020.329     0.153     1.075    -4.638     3.300     2.500    11.000
  2020.331    -0.645     1.900    -3.767     3.300     2.500    11.000
  2020.334     0.910     1.101    -3.513     3.200     2.500    11.300
  2020.337    -0.819     0.781     4.802     3.300     2.500    11.300
  2020.340     1.376     1.405    -4.900     3.300     2.500    11.100
  2020.342    -0.938     1.273    -1.179     3.300     2.400    10.900
  2020.345     0.541     1.364   -11.352     3.300     2.500    11.200
  2020.348     1.350     2.679    -3.196     3.300     2.500    11.300
  2020.350    -3.195    -0.661     6.190     3.300     2.500    11.000
  2020.353     3.814     0.720     5.108     3.300     2.600    11.500
  2020.356     0.364     0.634    -1.061     3.300     2.600    11.200
  2020.359    -0.175     0.067    -6.472     3.300     2.600    11.200
  2020.361    -1.052    -0.539     2.182     3.300     2.400    10.900
  2020.364     1.827     0.854    -1.568     3.300     2.500    11.300
  2020.367     1.102     0.707     2.153     3.300     2.500    11.000
  2020.370     1.512     1.070    -0.956     3.300     2.500    11.300
  2020.372    -0.752     1.449    -4.030     3.300     2.500    11.200
  2020.375     0.599     1.013     4.644     3.200     2.500    11.300
  2020.378    -0.192    -0.023     5.278     3.300     2.500    11.100
  2020.381     1.589     0.705     6.393     3.300     2.600    11.500
  2020.383     2.088    -0.515     4.411     3.500     2.500    11.600
  2020.386     3.312     0.543    -0.133     3.300     2.600    11.200
  2020.389     0.812     2.528     1.699     3.300     2.500    11.300
  2020.392    -0.953     2.087     0.270     3.300     2.500    11.200
  2020.394     0.477     0.665    -3.089     3.300     2.500    11.100
  2020.397     0.491     0.828     5.968     3.300     2.500    11.300
  2020.400     0.107     2.182     3.329     3.200     2.500    11.500
  2020.403    -0.076     0.743    -5.216     3.300     2.600    11.200
  2020.405    -1.012     0.450     0.490     3.300     2.500    11.300
  2020.408    -0.690     0.506     2.775     3.300     2.500    11.500
  2020.411    -0.282     1.398     2.486     3.300     2.500    10.900
  2020.413    -0.422     1.124     0.190     3.300     2.600    11.500
  2020.416     0.005     0.922     0.708     3.200     2.500    11.300
  2020.419    -0.016     1.603    -3.157     3.300     2.600    11.200
  2020.422     1.386     0.690    -8.066     3.300     2.500    11.300
  2020.424     0.772    -0.126    -4.290     3.300     2.500    11.300
  2020.427     0.056     1.412     0.291     3.400     2.700    11.900
  2020.430    -0.727     1.078    -1.592     3.600     2.600    11.900
  2020.433    -0.944     0.355     1.348     3.300     2.500    11.500
  2020.435     0.734     2.083    -7.037     3.300     2.500    11.500
  2020.438     0.352     0.352    -0.927     3.300     2.500    11.300
  2020.441    -1.205     0.696    -0.083     3.300     2.500    11.300
  2020.444     1.340     0.538     3.466     3.200     2.500    11.500
  2020.446     0.468     1.832    -2.272     3.300     2.500    11.300
  2020.449     0.373     0.258    -3.360     3.200     2.500    11.500
  2020.452     0.284     0.938     1.673     3.200     2.600    11.500
  2020.455    -1.088     0.344     4.076     3.500     2.500    11.600
  2020.457    -0.333    -0.368    -1.650     3.200     2.600    11.500
  2020.460     0.230     0.692     2.165     3.200     2.600    11.500
  2020.463     0.255     0.661    -1.391     3.200     2.500    11.500
  2020.465    -0.442     0.019    -0.576     3.200     2.600    11.500
  2020.468     0.532     0.196    -0.770     3.200     2.600    11.300
  2020.471    -0.060     0.875    -0.971     3.200     2.600    11.500
  2020.474    -0.592     0.721     3.977     3.200     2.500    11.300
  2020.476    -0.951     0.725    -1.938     3.200     2.600    11.500
  2020.479    -0.637    -0.267    -3.924     3.500     2.500    11.600
  2020.482    -3.202     0.390     2.872     3.300     2.600    11.500
  2020.485    -1.642     0.259     2.924     3.300     2.600    11.500
  2020.487     0.482     0.794     1.485     3.500     2.600    11.900
  2020.490    -0.564     0.309    -0.435     3.200     2.600    11.800
  2020.493    -1.298     0.590    -3.940     3.300     2.600    11.500
  2020.496    -1.543     0.819    -6.855     3.500     2.600    11.800
  2020.498    -1.740     0.642    -1.213     3.300     2.600    11.800
  2020.501    -1.274     1.168    -5.270     3.300     2.500    11.200
  2020.504    -0.918     0.162     3.751     3.200     2.600    11.500
  2020.507    -0.681     2.063   -10.766     3.200     2.600    11.500
  2020.509    -1.751     0.745    -4.728     3.200     2.600    11.500
  2020.512    -1.397     1.281    -5.587     3.500     2.600    11.800
  2020.515    -0.187     0.777    -2.382     3.200     2.600    11.800
  2020.518    -0.403     1.235    -0.539     3.200     2.600    11.800
  2020.520    -1.389    -0.302    -0.108     3.300     2.600    11.500
  2020.523    -0.675     1.399    -5.717     3.300     2.600    11.800
  2020.526    -0.187     0.100    -6.551     3.200     2.600    11.500
  2020.528    -0.371     0.510    -3.780     3.200     2.600    11.800
  2020.531    -1.184     0.128     1.059     3.500     2.600    11.800
  2020.534     1.224    -0.212    -5.227     3.200     2.600    11.500
  2020.537    -1.141     0.512     0.468     3.200     2.600    11.500
  2020.539    -0.890     0.394    -5.354     3.300     2.600    11.200
  2020.542    -2.110    -0.102     2.265     3.200     2.600    11.500
  2020.545    -0.657     0.113    -3.651     3.500     2.600    11.800
  2020.548    -1.017     0.543     2.637     3.300     2.600    11.500
  2020.550    -2.430     0.060    -7.856     3.300     2.600    11.500
  2020.553    -0.310    -0.170    -0.979     3.500     2.600    11.600
  2020.556    -1.568     0.273     0.552     3.300     2.600    11.500
  2020.559    -1.111     0.274    -2.166     3.300     2.600    11.500
  2020.561    -0.938     1.790    -2.754     3.500     2.600    11.800
  2020.564    -1.128     0.751    -5.285     3.300     2.600    11.500
  2020.567    -0.660     0.289    -9.133     3.300     2.600    11.500
  2020.570    -1.549     0.888    -6.057     3.600     2.600    11.800
  2020.572    -2.386     0.816    -2.425     3.300     2.600    11.500
  2020.575    -1.465     0.090     4.353     3.500     2.700    12.500
  2020.578    -0.541     0.845    -2.105     3.300     2.700    11.800
  2020.580    -1.260    -0.492    -5.448     3.600     2.600    11.800
  2020.583    -0.383    -0.142   -13.923     3.300     2.600    11.500
  2020.586    -0.550     1.340    -2.698     3.600     2.700    11.900
  2020.589    -0.764    -1.232    -1.513     3.600     2.700    12.200
  2020.591    -1.228     0.301    -5.687     3.600     2.700    12.100
  2020.594    -0.165     0.893     2.009     3.300     2.800    11.900
  2020.597    -2.590    -1.647    -5.537     3.300     2.600    11.500
  2020.600    -0.620    -1.697    -1.786     3.500     2.800    12.600
  2020.602    -2.585    -0.207    -0.422     3.500     2.800    12.900
  2020.605    -2.571     0.941    -2.312     3.600     2.700    12.200
  2020.608    -0.609     0.555    -4.281     3.600     2.700    12.100
  2020.611    -1.458    -0.457    -1.004     3.300     2.700    11.800
  2020.613    -1.145     0.277    -5.969     3.600     2.600    11.800
  2020.616     0.020     0.487     3.614     3.600     2.700    11.900
  2020.619    -1.595     0.866    -0.205     3.700     2.700    12.200
  2020.622    -1.063     1.494    -3.573     3.600     2.700    11.800
  2020.624     0.022     0.670    -3.273     3.400     2.700    12.000
  2020.627    -0.643     0.203    -6.404     3.300     2.600    11.500
  2020.630    -1.034    -0.299    -2.895     3.300     2.700    11.900
  2020.632    -2.674    -0.285    -4.068     3.500     2.700    12.500
  2020.635    -1.741    -0.402    -1.032     3.400     2.600    11.800
  2020.638    -1.836     0.999    -5.539     3.400     2.600    11.800
  2020.641    -0.211    -1.041    -0.937     3.400     2.700    12.400
  2020.643     0.145    -0.907    -4.246     3.300     2.600    11.500
  2020.646     0.494    -0.588    -5.262     3.300     2.600    11.500
  2020.649    -0.920    -0.231     1.876     3.600     2.700    12.200
  2020.652     0.000    -0.364    -2.005     3.300     2.600    11.800
  2020.654    -0.719    -0.213    -0.474     3.300     2.600    11.500
  2020.657     0.350    -0.129     1.947     3.300     2.600    11.500
  2020.660     0.658    -0.295    -1.134     3.300     2.700    11.800
  2020.663    -0.816     1.330    -1.092     3.300     2.600    11.500
  2020.665    -1.963     1.383    -2.549     3.600     2.700    12.200
  2020.668    -0.127     0.009    -4.781     3.400     2.700    12.400
  2020.671    -0.178     0.528    -4.088     3.700     2.700    12.200
  2020.674     0.172    -1.057     1.786     3.700     2.700    12.200
  2020.676     1.032    -1.227    -8.824     3.600     2.700    11.900
  2020.679    -0.346     1.209    -0.171     3.400     2.600    11.800
  2020.682    -0.265     0.438    -5.054     3.400     2.600    11.500
  2020.685    -0.061    -0.763     0.707     3.300     2.700    11.800
  2020.687     0.709     0.061    -6.237     3.400     2.700    11.500
  2020.690    -1.996    -1.742     0.534     3.300     2.600    11.500
  2020.693     0.378     0.629    -5.453     3.300     2.700    11.800
  2020.695     0.371     1.417    -6.314     3.400     2.800    12.400
  2020.698    -0.374     0.841     3.063     3.600     2.900    12.400
  2020.701     0.582     0.746    -3.217     3.600     2.700    11.900
  2020.704    -0.757     0.059    -7.335     3.300     2.600    11.500
  2020.706    -0.196     0.221     2.316     3.300     2.600    11.500
  2020.709     0.896     0.723    -6.035     3.600     2.800    11.900
  2020.712    -0.301     0.240    -8.495     3.800     2.800    12.100
  2020.715    -0.793     0.510    -1.396     3.700     2.800    12.200
  2020.717    -0.652    -0.045    -5.521     3.700     2.700    12.200
  2020.720    -0.252     0.837    -7.283     3.400     2.700    11.700
  2020.723     0.545    -0.079    -3.592     3.300     2.700    11.500
  2020.726     1.618    -0.561    -5.845     3.600     2.600    11.800
  2020.728     0.342     0.711    -4.415     3.700     2.800    11.900
  2020.731    -0.242     0.654     0.146     3.700     2.800    11.900
  2020.734     1.069    -0.230    -4.682     3.300     2.600    11.500
  2020.737     1.236    -0.251    -4.900     3.300     2.600    11.500
  2020.739     1.443    -0.474    -6.306     3.300     2.700    11.800
  2020.742     0.458     0.401    -2.296     3.600     2.600    11.800
  2020.745     0.829     0.959    -6.452     3.300     2.600    11.500
  2020.747    -0.022    -0.847     3.675     3.600     2.600    11.500
  2020.750     0.792     1.910    -8.659     3.600     2.600    11.500
  2020.753     0.118     0.829    -8.225     3.400     2.700    11.800
  2020.756     0.475     0.541     0.736     3.600     2.600    11.500
  2020.758     1.787     0.470    -1.789     3.600     2.600    11.800
  2020.761     1.844     0.273    -5.757     3.400     2.700    11.800
  2020.764     0.594     0.969    -3.254     3.400     2.600    11.500
  2020.767     0.897    -0.341    -3.997     3.400     2.600    11.800
  2020.769    -0.925    -0.666    -1.075     3.300     2.600    11.800
  2020.772     0.848     1.426    -4.772     3.600     2.700    11.900
  2020.775     0.669    -0.178    -4.307     3.700     2.700    11.900
  2020.778    -0.733     0.800   -10.819     3.700     2.600    11.800
  2020.780     0.240     0.038    -7.136     3.300     2.700    11.800
  2020.783     0.133    -0.103    -2.135     3.700     2.700    11.800
  2020.786     0.211    -0.561    -2.350     3.600     2.700    11.900
  2020.789     1.703     1.097    -6.517     3.300     2.700    11.800
  2020.791    -0.372    -1.038     0.009     3.700     2.600    11.800
  2020.794     0.857    -0.478    -6.220     3.400     2.700    11.800
  2020.797    -0.400     0.882    -5.540     3.300     2.600    11.500
  2020.800     0.543    -0.969    -3.069     3.400     2.700    11.900
  2020.802     0.442     0.332     0.585     3.300     2.600    11.500
  2020.805     1.000     0.419    -8.795     3.600     2.700    11.800
  2020.808     0.431    -0.239    -7.740     3.300     2.600    11.500
  2020.810     0.602    -0.994    -5.490     3.700     2.700    11.900
  2020.813    -0.409    -0.373    -3.710     3.700     2.700    11.900
  2020.816     0.103    -1.215    -5.480     3.300     2.700    11.800
  2020.819     0.852     1.008    -3.987     3.600     2.700    11.900
  2020.821     0.936    -0.926    -3.534     3.700     2.700    11.900
  2020.824     1.643     1.459    -8.870     3.500     2.600    11.600
  2020.827     0.170    -0.256    -3.518     3.400     2.600    11.500
  2020.830    -1.057     0.498    -3.231     3.700     2.600    11.500
  2020.832     0.517     1.057    -4.559     3.600     2.600    11.500
  2020.835     1.193    -0.327    -4.068     3.600     2.800    12.200
  2020.838     2.096     0.563    -1.628     3.600     2.700    11.800
  2020.841     1.828     0.508    -1.386     3.600     2.700    12.200
  2020.843     1.035    -0.380     0.791     3.300     2.600    11.500
  2020.846     0.620    -0.236    -3.338     3.700     2.700    11.800
  2020.849     0.560     0.841    -7.244     3.600     2.700    11.500
  2020.852     0.662    -0.036    -5.644     3.300     2.700    11.500
  2020.854     2.363     0.466    -0.621     3.300     2.700    11.500
  2020.857     0.295    -0.130    -4.777     3.300     2.600    11.500
  2020.860     1.342     0.591    -7.008     3.600     2.600    11.800
  2020.862     1.929     0.164    -5.607     3.600     2.700    11.800
  2020.865     1.903     0.047    -3.650     3.600     2.700    11.900
  2020.868     1.208     0.525    -4.498     3.500     2.800    12.200
  2020.871     0.906     0.219    -6.284     3.300     2.700    11.800
  2020.873     0.139     0.088    -0.321     3.500     2.600    11.800
  2020.876     1.510    -0.197    -3.809     3.600     2.600    11.500
  2020.879     1.118     1.009     2.813     3.600     2.800    12.200
  2020.882     0.227     0.341    -0.258     3.500     2.700    12.200
  2020.884     2.689     1.305    -0.201     3.500     2.700    12.200
  2020.887    -0.118    -0.164    -1.854     3.300     2.600    11.800
  2020.890     0.145    -0.841    -1.303     3.500     2.700    12.500
  2020.893     0.343    -0.403   -10.407     3.600     2.700    11.900
  2020.895     0.479     1.572    -0.236     3.500     2.600    11.500
  2020.898     1.482    -0.419     3.105     3.500     2.800    12.200
  2020.901    -0.646    -0.144    -5.371     3.600     2.700    11.900
  2020.904     0.014    -0.500    -1.950     3.600     2.700    11.800
  2020.906     1.570     1.855    -1.069     3.500     2.600    11.800
  2020.909     1.185     0.481     1.004     3.300     2.700    11.800
  2020.912     1.538     0.312     3.843     3.300     2.700    11.800
  2020.914     0.860     0.029    -5.647     3.700     2.800    12.400
  2020.917     1.532     0.555    -3.159     3.600     2.700    11.800
  2020.920     1.053    -0.383    -3.131     3.600     2.700    11.900
  2020.923     1.567     0.837     5.969     3.500     2.700    11.800
  2020.925    -1.102    -0.912    -0.908     3.600     2.600    11.500
  2020.928     1.031    -0.978    -2.084     3.500     2.600    11.800
  2020.931     0.770    -0.412    -1.815     3.300     2.600    11.500
  2020.934     1.784     0.775    -2.836     3.300     2.600    11.500
  2020.936     0.632    -0.384     0.417     3.600     2.600    11.500
  2020.939     0.760    -0.420     1.159     3.500     2.600    11.500
  2020.942     0.988    -0.068    -0.407     3.500     2.600    11.800
  2020.945     0.672     0.699    -2.138     3.600     2.700    11.800
  2020.947     0.014     0.752     1.886     3.600     2.600    11.800
  2020.950    -0.798     1.589    -6.147     3.500     2.600    11.500
  2020.953    -0.544    -1.506    -1.873     3.600     2.700    11.800
  2020.956     1.214    -0.349     4.590     3.600     2.700    11.800
  2020.958    -0.339    -0.071     3.599     3.300     2.700    11.800
  2020.961    -0.291     0.337    -1.167     3.300     2.700    11.800
  2020.964    -1.376     0.100     2.823     3.600     2.700    11.800
  2020.967    -1.079    -0.170     4.179     3.300     2.700    11.800
  2020.969    -0.673     0.260    -0.404     3.500     2.800    11.900
  2020.972    -0.497     0.670    -3.389     3.600     2.700    11.800
  2020.975     0.005     0.227    -3.263     3.600     2.600    11.800
  2020.977     1.276     0.751    -2.533     3.600     2.800    12.500
  2020.980     0.164     0.122    -0.127     3.600     2.800    12.200
  2020.983     0.304    -0.119     6.514     3.500     2.900    13.100
  2020.986     0.261    -0.071     5.497     3.600     2.800    12.200
  2020.988    -0.065     0.078     1.064     3.600     2.700    11.800
  2020.991    -0.270     0.754    -3.102     3.600     2.700    11.800
  2020.994     0.730    -1.029     2.815     3.600     2.700    12.200
  2020.997     0.187    -0.470     0.911     3.500     2.700    11.800
  2020.999     0.814    -0.142     6.964     3.600     2.700    11.800
  2021.002     0.476     0.414    -0.199     3.600     2.800    12.200
  2021.005     0.237    -0.427    -1.899     3.416     2.603    11.824
  2021.008     0.510     0.116    -1.871     3.416     2.603    11.824
  2021.010     0.004    -0.093    -1.213     3.416     2.603    11.824
  2021.013    -1.560     0.264    -2.274     3.416     2.603    11.824
  2021.016    -4.862    -1.589    -3.887     3.416     2.603    11.824
  2021.019    -2.125     0.453     0.659     3.416     2.603    11.824
  2021.021     2.327     0.062    -3.542     3.416     2.603    11.824
  2021.024     1.947    -0.511     1.504     3.416     2.603    11.824
  2021.027     0.718     0.377     5.938     3.416     2.603    11.824
  2021.030     0.301     0.029     4.428     3.416     2.603    11.824
  2021.032     0.374    -0.969     0.094     3.416     2.603    11.824
  2021.035    -0.044    -0.340    -3.800     3.416     2.603    11.824
  2021.038    -0.194    -0.867     1.296     3.416     2.603    11.824
  2021.040    -1.023    -0.542     2.525     3.416     2.603    11.824
  2021.043    -0.342     0.006     3.398     3.416     2.603    11.824
  2021.046     0.039    -0.183     0.358     3.416     2.603    11.824
  2021.049    -0.186    -0.557    -0.589     3.416     2.603    11.824
  2021.051    -1.609    -1.507     4.150     3.416     2.603    11.824
  2021.054    -0.414    -0.594    -2.101     3.416     2.603    11.824
  2021.057    -1.388    -0.306     0.916     3.416     2.603    11.824
  2021.060    -0.099    -0.005     0.270     3.416     2.603    11.824
  2021.062    -0.155     0.349    -2.650     3.416     2.603    11.824
  2021.065    -0.658     0.058    -3.355     3.416     2.603    11.824
  2021.068    -0.557    -0.219    -1.055     3.416     2.603    11.824
  2021.071    -0.464     0.495     1.830     3.416     2.603    11.824
  2021.073    -0.830     0.330     2.134     3.416     2.603    11.824
  2021.076     0.731    -0.365     7.465     3.416     2.603    11.824
  2021.079     1.002     0.371     3.638     3.416     2.603    11.824
  2021.082    -0.269     0.349     2.092     3.416     2.603    11.824
  2021.084    -0.046     1.605     3.063     3.416     2.603    11.824
  2021.087    -0.948    -0.705     5.388     3.416     2.603    11.824
  2021.090     0.515    -0.487     3.267     3.416     2.603    11.824
  2021.093     0.496    -0.547     4.492     3.416     2.603    11.824
  2021.095    -0.452    -0.464     3.183     3.416     2.603    11.824
  2021.098    -0.841    -1.165     2.644     3.416     2.603    11.824
  2021.101    -1.058    -0.361     4.134     3.416     2.603    11.824
  2021.103    -0.509    -0.043     2.602     3.416     2.603    11.824
  2021.106     0.205    -0.859     1.722     3.416     2.603    11.824
  2021.109    -0.040    -1.157     4.421     3.416     2.603    11.824
  2021.112    -0.287    -1.323     4.238     3.416     2.603    11.824
  2021.114    -1.376    -0.602     4.299     3.416     2.603    11.824
  2021.117    -0.971    -0.807     2.193     3.416     2.603    11.824
  2021.120    -0.244     0.128    -0.645     3.416     2.603    11.824
  2021.123    -0.641    -0.397     4.153     3.416     2.603    11.824
  2021.125    -2.289    -1.733     4.232     3.416     2.603    11.824
  2021.128    -2.238    -0.647     4.956     3.416     2.603    11.824
  2021.131    -0.429     0.507     3.819     3.416     2.603    11.824
  2021.134    -0.613     0.156     4.960     3.416     2.603    11.824
  2021.136    -0.239    -1.409     5.613     3.416     2.603    11.824
  2021.139    -0.577    -1.172     2.044     3.416     2.603    11.824
  2021.142     0.478    -1.510     4.386     3.416     2.603    11.824
  2021.145     0.203    -1.463     2.710     3.416     2.603    11.824
  2021.147    -0.761    -0.703     3.559     3.416     2.603    11.824
  2021.150     0.564    -0.252     0.663     3.416     2.603    11.824
  2021.153     0.495    -0.451     2.412     3.416     2.603    11.824
  2021.156    -0.007    -0.921     5.407     3.416     2.603    11.824
  2021.158    -0.684    -0.848     4.813     3.416     2.603    11.824
  2021.161     1.091    -2.292    -0.111     3.416     2.603    11.824
  2021.164    -3.230    -1.568     0.639     3.416     2.603    11.824
  2021.166    -0.618    -2.386     8.663     3.416     2.603    11.824
  2021.169     0.879    -1.092     7.923     3.416     2.603    11.824
  2021.172    -0.451    -1.498     6.604     3.416     2.603    11.824
  2021.175    -1.584    -1.840    10.214     3.416     2.603    11.824
  2021.177    -1.278    -1.340     5.230     3.416     2.603    11.824
  2021.180     1.647    -0.616     4.853     3.416     2.603    11.824
  2021.183     1.568    -0.553    -0.920     3.416     2.603    11.824
  2021.186     0.229    -0.994     2.169     3.416     2.603    11.824
  2021.188     1.101    -1.058     1.823     3.416     2.603    11.824
  2021.191     1.558    -2.082    -0.206     3.416     2.603    11.824
  2021.194     0.946    -0.926     5.855     3.416     2.603    11.824
  2021.197     0.816    -0.558     7.915     3.416     2.603    11.824
  2021.199    -1.047    -1.821     6.483     3.416     2.603    11.824
  2021.202    -0.840    -1.769     4.637     3.416     2.603    11.824
  2021.205    -3.044     0.660    -2.709     3.416     2.603    11.824
  2021.208    -1.665     1.175     4.189     3.416     2.603    11.824
  2021.210    -2.249     0.304     1.744     3.416     2.603    11.824
  2021.213    -1.551    -1.100    -0.216     3.416     2.603    11.824
  2021.216    -2.818    -1.597     4.284     3.416     2.603    11.824
  2021.219    -0.301    -0.646     7.801     3.416     2.603    11.824
  2021.221    -2.100     0.831     9.823     3.416     2.603    11.824
  2021.224    -0.710    -0.555     3.378     3.416     2.603    11.824
  2021.227     1.593    -0.376     7.374     3.416     2.603    11.824
  2021.230     1.304     0.872     6.854     3.416     2.603    11.824
  2021.232     0.799    -1.707     6.291     3.416     2.603    11.824
  2021.235    -1.194     0.128     5.323     3.416     2.603    11.824
  2021.238    -1.700     0.530     6.534     3.416     2.603    11.824
  2021.240    -1.248    -1.092     5.377     3.416     2.603    11.824
  2021.243     0.683    -0.270     3.658     3.416     2.603    11.824
  2021.246     2.478     0.363     3.015     3.416     2.603    11.824
  2021.249     0.683    -0.022     9.610     3.416     2.603    11.824
  2021.251    -2.637    -1.905     3.472     3.416     2.603    11.824
  2021.254    -2.379     0.341     2.340     3.416     2.603    11.824
  2021.257    -0.975     0.343     5.001     3.416     2.603    11.824
  2021.260     0.759     0.482     2.813     3.416     2.603    11.824
  2021.262     2.008     0.633    -1.595     3.416     2.603    11.824
  2021.265     2.149     0.943    -0.619     3.416     2.603    11.824
  2021.268    -2.147    -0.509     1.171     3.416     2.603    11.824
  2021.271    -0.793     0.099    -1.378     3.416     2.603    11.824
  2021.273    -0.345    -0.190     4.173     3.416     2.603    11.824
  2021.276    -1.325    -0.974     3.786     3.416     2.603    11.824
  2021.279    -0.735     0.344     2.244     3.416     2.603    11.824
  2021.282    -1.720    -2.256     6.055     3.416     2.603    11.824
  2021.284    -1.530    -1.135     1.007     3.416     2.603    11.824
  2021.287     0.612    -0.550     2.865     3.416     2.603    11.824
  2021.290    -0.319    -0.707     2.878     3.416     2.603    11.824
  2021.293    -0.448    -0.619     4.474     3.416     2.603    11.824
  2021.295     0.366     0.083     3.621     3.416     2.603    11.824
  2021.298     1.802     0.077     3.887     3.416     2.603    11.824
  2021.301    -0.006    -0.906     1.345     3.416     2.603    11.824
  2021.303     2.913     0.014     0.955     3.416     2.603    11.824
  2021.306     0.199     1.194    -1.869     3.416     2.603    11.824
  2021.309    -1.004    -0.022     4.357     3.416     2.603    11.824
  2021.312     0.274     0.327     5.483     3.416     2.603    11.824
  2021.314     1.609    -1.445     3.130     3.416     2.603    11.824
  2021.317    -3.084    -0.402     8.227     3.416     2.603    11.824
  2021.320    -0.114    -1.669     3.161     3.416     2.603    11.824
  2021.323    -1.240    -0.892     3.978     3.416     2.603    11.824
  2021.325    -1.125    -1.758     8.143     3.416     2.603    11.824
  2021.328     0.188    -0.279     4.205     3.416     2.603    11.824
  2021.331     0.312    -0.288     5.844     3.416     2.603    11.824
  2021.334     1.568     0.058     5.537     3.416     2.603    11.824
  2021.336     1.154    -1.129     1.843     3.416     2.603    11.824
  2021.339     0.923    -0.371     0.279     3.416     2.603    11.824
  2021.342     0.581    -0.334    -1.277     3.416     2.603    11.824
  2021.345     1.545    -0.860     1.143     3.416     2.603    11.824
  2021.347     1.283    -0.104    -8.918     3.416     2.603    11.824
  2021.350     0.010    -0.164     6.298     3.416     2.603    11.824
  2021.353     1.113    -0.661    -1.649     3.416     2.603    11.824
  2021.356     2.413     0.829    -3.019     3.416     2.603    11.824
  2021.358     1.892     0.002    -1.371     3.416     2.603    11.824
  2021.361     0.982     0.133     1.084     3.416     2.603    11.824
  2021.364     0.994     0.521    -2.816     3.416     2.603    11.824
  2021.366     1.348    -1.506     7.383     3.416     2.603    11.824
  2021.369     0.272     1.155     7.007     3.416     2.603    11.824
  2021.372     1.156     0.519     3.290     3.416     2.603    11.824
  2021.375     2.036    -0.036     1.658     3.416     2.603    11.824
  2021.377    -1.423     1.505    -4.845     3.416     2.603    11.824
  2021.380    -0.562    -0.029    -2.468     3.416     2.603    11.824
  2021.383     1.541    -1.183   -10.357     3.416     2.603    11.824
